printing dependencies for unit id: (0, 0)
 OUTGOING DEPENDENCIES:
  dep: (0, 0) -> (1, 0);  time 22 -> 0
 INCOMING DEPENDENCIES:
printing dependencies for unit id: (0, 1)
 OUTGOING DEPENDENCIES:
  dep: (0, 1) -> (18, 0);  time 20 -> 0
 INCOMING DEPENDENCIES:
  dep: (1, 1) -> (0, 1);  time 0 -> 0
13:8:13:[0,8)
printing dependencies for unit id: (0, 2)
 OUTGOING DEPENDENCIES:
 INCOMING DEPENDENCIES:
  dep: (18, 1) -> (0, 2);  time 0 -> 0
13:8:13:[0,8)
printing dependencies for unit id: (1, 0)
 OUTGOING DEPENDENCIES:
  dep: (1, 0) -> (2, 0);  time 97 -> 0
19:8:41:[0,8)
21:4:43:[0,4)
29:4:51:[0,4)
30:4:52:[0,4)
  dep: (1, 0) -> (3, 0);  time 107 -> 0
19:8:41:[0,8)
21:4:43:[0,4)
29:4:51:[0,4)
30:4:52:[0,4)
  dep: (1, 0) -> (4, 0);  time 117 -> 0
19:8:41:[0,8)
21:4:43:[0,4)
29:4:51:[0,4)
30:4:52:[0,4)
  dep: (1, 0) -> (5, 0);  time 127 -> 0
19:8:41:[0,8)
21:4:43:[0,4)
29:4:51:[0,4)
30:4:52:[0,4)
  dep: (1, 0) -> (6, 0);  time 161 -> 0
19:8:41:[0,8)
21:4:43:[0,4)
29:4:51:[0,4)
30:4:52:[0,4)
  dep: (1, 0) -> (7, 0);  time 171 -> 0
19:8:41:[0,8)
21:4:43:[0,4)
29:4:51:[0,4)
30:4:52:[0,4)
  dep: (1, 0) -> (8, 0);  time 181 -> 0
19:8:41:[0,8)
21:4:43:[0,4)
29:4:51:[0,4)
30:4:52:[0,4)
  dep: (1, 0) -> (9, 0);  time 191 -> 0
19:8:41:[0,8)
21:4:43:[0,4)
29:4:51:[0,4)
30:4:52:[0,4)
  dep: (1, 0) -> (10, 0);  time 225 -> 0
19:8:41:[0,8)
21:4:43:[0,4)
29:4:51:[0,4)
30:4:52:[0,4)
  dep: (1, 0) -> (11, 0);  time 235 -> 0
19:8:41:[0,8)
21:4:43:[0,4)
29:4:51:[0,4)
30:4:52:[0,4)
  dep: (1, 0) -> (12, 0);  time 245 -> 0
19:8:41:[0,8)
21:4:43:[0,4)
29:4:51:[0,4)
30:4:52:[0,4)
  dep: (1, 0) -> (13, 0);  time 255 -> 0
19:8:41:[0,8)
21:4:43:[0,4)
29:4:51:[0,4)
30:4:52:[0,4)
  dep: (1, 0) -> (14, 0);  time 289 -> 0
19:8:41:[0,8)
21:4:43:[0,4)
29:4:51:[0,4)
30:4:52:[0,4)
  dep: (1, 0) -> (15, 0);  time 299 -> 0
19:8:41:[0,8)
21:4:43:[0,4)
29:4:51:[0,4)
30:4:52:[0,4)
  dep: (1, 0) -> (16, 0);  time 309 -> 0
19:8:41:[0,8)
21:4:43:[0,4)
29:4:51:[0,4)
30:4:52:[0,4)
  dep: (1, 0) -> (17, 0);  time 319 -> 0
19:8:41:[0,8)
21:4:43:[0,4)
29:4:51:[0,4)
30:4:52:[0,4)
 INCOMING DEPENDENCIES:
  dep: (0, 0) -> (1, 0);  time 22 -> 0
printing dependencies for unit id: (1, 1)
 OUTGOING DEPENDENCIES:
  dep: (1, 1) -> (0, 1);  time 0 -> 0
13:8:13:[0,8)
  dep: (1, 1) -> (18, 0);  time 0 -> 0
15:288:35:[56,88)[104,136)[152,184)[200,232)
 INCOMING DEPENDENCIES:
  dep: (2, 0) -> (1, 1);  time 75 -> 0
15:288:35:[56,64)
  dep: (3, 0) -> (1, 1);  time 75 -> 0
15:288:35:[64,72)
  dep: (4, 0) -> (1, 1);  time 75 -> 0
15:288:35:[72,80)
  dep: (5, 0) -> (1, 1);  time 75 -> 0
15:288:35:[80,88)
  dep: (6, 0) -> (1, 1);  time 75 -> 0
15:288:35:[104,112)
  dep: (7, 0) -> (1, 1);  time 75 -> 0
15:288:35:[112,120)
  dep: (8, 0) -> (1, 1);  time 75 -> 0
15:288:35:[120,128)
  dep: (9, 0) -> (1, 1);  time 75 -> 0
15:288:35:[128,136)
  dep: (10, 0) -> (1, 1);  time 75 -> 0
15:288:35:[152,160)
  dep: (11, 0) -> (1, 1);  time 75 -> 0
15:288:35:[160,168)
  dep: (12, 0) -> (1, 1);  time 75 -> 0
15:288:35:[168,176)
  dep: (13, 0) -> (1, 1);  time 75 -> 0
15:288:35:[176,184)
  dep: (14, 0) -> (1, 1);  time 75 -> 0
15:288:35:[200,208)
  dep: (15, 0) -> (1, 1);  time 75 -> 0
15:288:35:[208,216)
  dep: (16, 0) -> (1, 1);  time 75 -> 0
15:288:35:[216,224)
  dep: (17, 0) -> (1, 1);  time 75 -> 0
15:288:35:[224,232)
printing dependencies for unit id: (2, 0)
 OUTGOING DEPENDENCIES:
  dep: (2, 0) -> (1, 1);  time 75 -> 0
15:288:35:[56,64)
  dep: (2, 0) -> (3, 0);  time 75 -> 0
15:288:35:[56,64)
  dep: (2, 0) -> (6, 0);  time 75 -> 0
15:288:35:[56,64)
 INCOMING DEPENDENCIES:
  dep: (1, 0) -> (2, 0);  time 97 -> 0
19:8:41:[0,8)
21:4:43:[0,4)
29:4:51:[0,4)
30:4:52:[0,4)
printing dependencies for unit id: (3, 0)
 OUTGOING DEPENDENCIES:
  dep: (3, 0) -> (1, 1);  time 75 -> 0
15:288:35:[64,72)
  dep: (3, 0) -> (4, 0);  time 75 -> 0
15:288:35:[64,72)
  dep: (3, 0) -> (7, 0);  time 75 -> 0
15:288:35:[64,72)
 INCOMING DEPENDENCIES:
  dep: (1, 0) -> (3, 0);  time 107 -> 0
19:8:41:[0,8)
21:4:43:[0,4)
29:4:51:[0,4)
30:4:52:[0,4)
  dep: (2, 0) -> (3, 0);  time 75 -> 0
15:288:35:[56,64)
printing dependencies for unit id: (4, 0)
 OUTGOING DEPENDENCIES:
  dep: (4, 0) -> (1, 1);  time 75 -> 0
15:288:35:[72,80)
  dep: (4, 0) -> (5, 0);  time 75 -> 0
15:288:35:[72,80)
  dep: (4, 0) -> (8, 0);  time 75 -> 0
15:288:35:[72,80)
 INCOMING DEPENDENCIES:
  dep: (1, 0) -> (4, 0);  time 117 -> 0
19:8:41:[0,8)
21:4:43:[0,4)
29:4:51:[0,4)
30:4:52:[0,4)
  dep: (3, 0) -> (4, 0);  time 75 -> 0
15:288:35:[64,72)
printing dependencies for unit id: (5, 0)
 OUTGOING DEPENDENCIES:
  dep: (5, 0) -> (1, 1);  time 75 -> 0
15:288:35:[80,88)
  dep: (5, 0) -> (9, 0);  time 75 -> 0
15:288:35:[80,88)
 INCOMING DEPENDENCIES:
  dep: (1, 0) -> (5, 0);  time 127 -> 0
19:8:41:[0,8)
21:4:43:[0,4)
29:4:51:[0,4)
30:4:52:[0,4)
  dep: (4, 0) -> (5, 0);  time 75 -> 0
15:288:35:[72,80)
printing dependencies for unit id: (6, 0)
 OUTGOING DEPENDENCIES:
  dep: (6, 0) -> (1, 1);  time 75 -> 0
15:288:35:[104,112)
  dep: (6, 0) -> (7, 0);  time 75 -> 0
15:288:35:[104,112)
  dep: (6, 0) -> (10, 0);  time 75 -> 0
15:288:35:[104,112)
 INCOMING DEPENDENCIES:
  dep: (1, 0) -> (6, 0);  time 161 -> 0
19:8:41:[0,8)
21:4:43:[0,4)
29:4:51:[0,4)
30:4:52:[0,4)
  dep: (2, 0) -> (6, 0);  time 75 -> 0
15:288:35:[56,64)
printing dependencies for unit id: (7, 0)
 OUTGOING DEPENDENCIES:
  dep: (7, 0) -> (1, 1);  time 75 -> 0
15:288:35:[112,120)
  dep: (7, 0) -> (8, 0);  time 75 -> 0
15:288:35:[112,120)
  dep: (7, 0) -> (11, 0);  time 75 -> 0
15:288:35:[112,120)
 INCOMING DEPENDENCIES:
  dep: (1, 0) -> (7, 0);  time 171 -> 0
19:8:41:[0,8)
21:4:43:[0,4)
29:4:51:[0,4)
30:4:52:[0,4)
  dep: (3, 0) -> (7, 0);  time 75 -> 0
15:288:35:[64,72)
  dep: (6, 0) -> (7, 0);  time 75 -> 0
15:288:35:[104,112)
printing dependencies for unit id: (8, 0)
 OUTGOING DEPENDENCIES:
  dep: (8, 0) -> (1, 1);  time 75 -> 0
15:288:35:[120,128)
  dep: (8, 0) -> (9, 0);  time 75 -> 0
15:288:35:[120,128)
  dep: (8, 0) -> (12, 0);  time 75 -> 0
15:288:35:[120,128)
 INCOMING DEPENDENCIES:
  dep: (1, 0) -> (8, 0);  time 181 -> 0
19:8:41:[0,8)
21:4:43:[0,4)
29:4:51:[0,4)
30:4:52:[0,4)
  dep: (4, 0) -> (8, 0);  time 75 -> 0
15:288:35:[72,80)
  dep: (7, 0) -> (8, 0);  time 75 -> 0
15:288:35:[112,120)
printing dependencies for unit id: (9, 0)
 OUTGOING DEPENDENCIES:
  dep: (9, 0) -> (1, 1);  time 75 -> 0
15:288:35:[128,136)
  dep: (9, 0) -> (13, 0);  time 75 -> 0
15:288:35:[128,136)
 INCOMING DEPENDENCIES:
  dep: (1, 0) -> (9, 0);  time 191 -> 0
19:8:41:[0,8)
21:4:43:[0,4)
29:4:51:[0,4)
30:4:52:[0,4)
  dep: (5, 0) -> (9, 0);  time 75 -> 0
15:288:35:[80,88)
  dep: (8, 0) -> (9, 0);  time 75 -> 0
15:288:35:[120,128)
printing dependencies for unit id: (10, 0)
 OUTGOING DEPENDENCIES:
  dep: (10, 0) -> (1, 1);  time 75 -> 0
15:288:35:[152,160)
  dep: (10, 0) -> (11, 0);  time 75 -> 0
15:288:35:[152,160)
  dep: (10, 0) -> (14, 0);  time 75 -> 0
15:288:35:[152,160)
 INCOMING DEPENDENCIES:
  dep: (1, 0) -> (10, 0);  time 225 -> 0
19:8:41:[0,8)
21:4:43:[0,4)
29:4:51:[0,4)
30:4:52:[0,4)
  dep: (6, 0) -> (10, 0);  time 75 -> 0
15:288:35:[104,112)
printing dependencies for unit id: (11, 0)
 OUTGOING DEPENDENCIES:
  dep: (11, 0) -> (1, 1);  time 75 -> 0
15:288:35:[160,168)
  dep: (11, 0) -> (12, 0);  time 75 -> 0
15:288:35:[160,168)
  dep: (11, 0) -> (15, 0);  time 75 -> 0
15:288:35:[160,168)
 INCOMING DEPENDENCIES:
  dep: (1, 0) -> (11, 0);  time 235 -> 0
19:8:41:[0,8)
21:4:43:[0,4)
29:4:51:[0,4)
30:4:52:[0,4)
  dep: (7, 0) -> (11, 0);  time 75 -> 0
15:288:35:[112,120)
  dep: (10, 0) -> (11, 0);  time 75 -> 0
15:288:35:[152,160)
printing dependencies for unit id: (12, 0)
 OUTGOING DEPENDENCIES:
  dep: (12, 0) -> (1, 1);  time 75 -> 0
15:288:35:[168,176)
  dep: (12, 0) -> (13, 0);  time 75 -> 0
15:288:35:[168,176)
  dep: (12, 0) -> (16, 0);  time 75 -> 0
15:288:35:[168,176)
 INCOMING DEPENDENCIES:
  dep: (1, 0) -> (12, 0);  time 245 -> 0
19:8:41:[0,8)
21:4:43:[0,4)
29:4:51:[0,4)
30:4:52:[0,4)
  dep: (8, 0) -> (12, 0);  time 75 -> 0
15:288:35:[120,128)
  dep: (11, 0) -> (12, 0);  time 75 -> 0
15:288:35:[160,168)
printing dependencies for unit id: (13, 0)
 OUTGOING DEPENDENCIES:
  dep: (13, 0) -> (1, 1);  time 75 -> 0
15:288:35:[176,184)
  dep: (13, 0) -> (17, 0);  time 75 -> 0
15:288:35:[176,184)
 INCOMING DEPENDENCIES:
  dep: (1, 0) -> (13, 0);  time 255 -> 0
19:8:41:[0,8)
21:4:43:[0,4)
29:4:51:[0,4)
30:4:52:[0,4)
  dep: (9, 0) -> (13, 0);  time 75 -> 0
15:288:35:[128,136)
  dep: (12, 0) -> (13, 0);  time 75 -> 0
15:288:35:[168,176)
printing dependencies for unit id: (14, 0)
 OUTGOING DEPENDENCIES:
  dep: (14, 0) -> (1, 1);  time 75 -> 0
15:288:35:[200,208)
  dep: (14, 0) -> (15, 0);  time 75 -> 0
15:288:35:[200,208)
 INCOMING DEPENDENCIES:
  dep: (1, 0) -> (14, 0);  time 289 -> 0
19:8:41:[0,8)
21:4:43:[0,4)
29:4:51:[0,4)
30:4:52:[0,4)
  dep: (10, 0) -> (14, 0);  time 75 -> 0
15:288:35:[152,160)
printing dependencies for unit id: (15, 0)
 OUTGOING DEPENDENCIES:
  dep: (15, 0) -> (1, 1);  time 75 -> 0
15:288:35:[208,216)
  dep: (15, 0) -> (16, 0);  time 75 -> 0
15:288:35:[208,216)
 INCOMING DEPENDENCIES:
  dep: (1, 0) -> (15, 0);  time 299 -> 0
19:8:41:[0,8)
21:4:43:[0,4)
29:4:51:[0,4)
30:4:52:[0,4)
  dep: (11, 0) -> (15, 0);  time 75 -> 0
15:288:35:[160,168)
  dep: (14, 0) -> (15, 0);  time 75 -> 0
15:288:35:[200,208)
printing dependencies for unit id: (16, 0)
 OUTGOING DEPENDENCIES:
  dep: (16, 0) -> (1, 1);  time 75 -> 0
15:288:35:[216,224)
  dep: (16, 0) -> (17, 0);  time 75 -> 0
15:288:35:[216,224)
 INCOMING DEPENDENCIES:
  dep: (1, 0) -> (16, 0);  time 309 -> 0
19:8:41:[0,8)
21:4:43:[0,4)
29:4:51:[0,4)
30:4:52:[0,4)
  dep: (12, 0) -> (16, 0);  time 75 -> 0
15:288:35:[168,176)
  dep: (15, 0) -> (16, 0);  time 75 -> 0
15:288:35:[208,216)
printing dependencies for unit id: (17, 0)
 OUTGOING DEPENDENCIES:
  dep: (17, 0) -> (1, 1);  time 75 -> 0
15:288:35:[224,232)
 INCOMING DEPENDENCIES:
  dep: (1, 0) -> (17, 0);  time 319 -> 0
19:8:41:[0,8)
21:4:43:[0,4)
29:4:51:[0,4)
30:4:52:[0,4)
  dep: (13, 0) -> (17, 0);  time 75 -> 0
15:288:35:[176,184)
  dep: (16, 0) -> (17, 0);  time 75 -> 0
15:288:35:[216,224)
printing dependencies for unit id: (18, 0)
 OUTGOING DEPENDENCIES:
  dep: (18, 0) -> (19, 0);  time 97 -> 0
15:288:35:[56,72)[104,112)
19:8:54:[0,8)
21:4:56:[0,4)
29:4:64:[0,4)
30:4:65:[0,4)
  dep: (18, 0) -> (20, 0);  time 107 -> 0
15:288:35:[64,80)[112,120)
19:8:54:[0,8)
21:4:56:[0,4)
29:4:64:[0,4)
30:4:65:[0,4)
  dep: (18, 0) -> (21, 0);  time 117 -> 0
15:288:35:[72,88)[120,128)
19:8:54:[0,8)
21:4:56:[0,4)
29:4:64:[0,4)
30:4:65:[0,4)
  dep: (18, 0) -> (22, 0);  time 127 -> 0
15:288:35:[80,88)[128,136)
19:8:54:[0,8)
21:4:56:[0,4)
29:4:64:[0,4)
30:4:65:[0,4)
  dep: (18, 0) -> (23, 0);  time 161 -> 0
15:288:35:[104,120)[152,160)
19:8:54:[0,8)
21:4:56:[0,4)
29:4:64:[0,4)
30:4:65:[0,4)
  dep: (18, 0) -> (24, 0);  time 171 -> 0
15:288:35:[112,128)[160,168)
19:8:54:[0,8)
21:4:56:[0,4)
29:4:64:[0,4)
30:4:65:[0,4)
  dep: (18, 0) -> (25, 0);  time 181 -> 0
15:288:35:[120,136)[168,176)
19:8:54:[0,8)
21:4:56:[0,4)
29:4:64:[0,4)
30:4:65:[0,4)
  dep: (18, 0) -> (26, 0);  time 191 -> 0
15:288:35:[128,136)[176,184)
19:8:54:[0,8)
21:4:56:[0,4)
29:4:64:[0,4)
30:4:65:[0,4)
  dep: (18, 0) -> (27, 0);  time 225 -> 0
15:288:35:[152,168)[200,208)
19:8:54:[0,8)
21:4:56:[0,4)
29:4:64:[0,4)
30:4:65:[0,4)
  dep: (18, 0) -> (28, 0);  time 235 -> 0
15:288:35:[160,176)[208,216)
19:8:54:[0,8)
21:4:56:[0,4)
29:4:64:[0,4)
30:4:65:[0,4)
  dep: (18, 0) -> (29, 0);  time 245 -> 0
15:288:35:[168,184)[216,224)
19:8:54:[0,8)
21:4:56:[0,4)
29:4:64:[0,4)
30:4:65:[0,4)
  dep: (18, 0) -> (30, 0);  time 255 -> 0
15:288:35:[176,184)[224,232)
19:8:54:[0,8)
21:4:56:[0,4)
29:4:64:[0,4)
30:4:65:[0,4)
  dep: (18, 0) -> (31, 0);  time 289 -> 0
15:288:35:[200,216)
19:8:54:[0,8)
21:4:56:[0,4)
29:4:64:[0,4)
30:4:65:[0,4)
  dep: (18, 0) -> (32, 0);  time 299 -> 0
15:288:35:[208,224)
19:8:54:[0,8)
21:4:56:[0,4)
29:4:64:[0,4)
30:4:65:[0,4)
  dep: (18, 0) -> (33, 0);  time 309 -> 0
15:288:35:[216,232)
19:8:54:[0,8)
21:4:56:[0,4)
29:4:64:[0,4)
30:4:65:[0,4)
  dep: (18, 0) -> (34, 0);  time 319 -> 0
15:288:35:[224,232)
19:8:54:[0,8)
21:4:56:[0,4)
29:4:64:[0,4)
30:4:65:[0,4)
 INCOMING DEPENDENCIES:
  dep: (0, 1) -> (18, 0);  time 20 -> 0
  dep: (1, 1) -> (18, 0);  time 0 -> 0
15:288:35:[56,88)[104,136)[152,184)[200,232)
printing dependencies for unit id: (18, 1)
 OUTGOING DEPENDENCIES:
  dep: (18, 1) -> (0, 2);  time 0 -> 0
13:8:13:[0,8)
 INCOMING DEPENDENCIES:
  dep: (34, 0) -> (18, 1);  time 75 -> 0
printing dependencies for unit id: (19, 0)
 OUTGOING DEPENDENCIES:
  dep: (19, 0) -> (20, 0);  time 75 -> 0
15:288:35:[56,64)
  dep: (19, 0) -> (23, 0);  time 75 -> 0
15:288:35:[56,64)
 INCOMING DEPENDENCIES:
  dep: (18, 0) -> (19, 0);  time 97 -> 0
15:288:35:[56,72)[104,112)
19:8:54:[0,8)
21:4:56:[0,4)
29:4:64:[0,4)
30:4:65:[0,4)
printing dependencies for unit id: (20, 0)
 OUTGOING DEPENDENCIES:
  dep: (20, 0) -> (21, 0);  time 75 -> 0
15:288:35:[64,72)
  dep: (20, 0) -> (24, 0);  time 75 -> 0
15:288:35:[64,72)
 INCOMING DEPENDENCIES:
  dep: (18, 0) -> (20, 0);  time 107 -> 0
15:288:35:[64,80)[112,120)
19:8:54:[0,8)
21:4:56:[0,4)
29:4:64:[0,4)
30:4:65:[0,4)
  dep: (19, 0) -> (20, 0);  time 75 -> 0
15:288:35:[56,64)
printing dependencies for unit id: (21, 0)
 OUTGOING DEPENDENCIES:
  dep: (21, 0) -> (22, 0);  time 75 -> 0
15:288:35:[72,80)
  dep: (21, 0) -> (25, 0);  time 75 -> 0
15:288:35:[72,80)
 INCOMING DEPENDENCIES:
  dep: (18, 0) -> (21, 0);  time 117 -> 0
15:288:35:[72,88)[120,128)
19:8:54:[0,8)
21:4:56:[0,4)
29:4:64:[0,4)
30:4:65:[0,4)
  dep: (20, 0) -> (21, 0);  time 75 -> 0
15:288:35:[64,72)
printing dependencies for unit id: (22, 0)
 OUTGOING DEPENDENCIES:
  dep: (22, 0) -> (26, 0);  time 75 -> 0
15:288:35:[80,88)
 INCOMING DEPENDENCIES:
  dep: (18, 0) -> (22, 0);  time 127 -> 0
15:288:35:[80,88)[128,136)
19:8:54:[0,8)
21:4:56:[0,4)
29:4:64:[0,4)
30:4:65:[0,4)
  dep: (21, 0) -> (22, 0);  time 75 -> 0
15:288:35:[72,80)
printing dependencies for unit id: (23, 0)
 OUTGOING DEPENDENCIES:
  dep: (23, 0) -> (24, 0);  time 75 -> 0
15:288:35:[104,112)
  dep: (23, 0) -> (27, 0);  time 75 -> 0
15:288:35:[104,112)
 INCOMING DEPENDENCIES:
  dep: (18, 0) -> (23, 0);  time 161 -> 0
15:288:35:[104,120)[152,160)
19:8:54:[0,8)
21:4:56:[0,4)
29:4:64:[0,4)
30:4:65:[0,4)
  dep: (19, 0) -> (23, 0);  time 75 -> 0
15:288:35:[56,64)
printing dependencies for unit id: (24, 0)
 OUTGOING DEPENDENCIES:
  dep: (24, 0) -> (25, 0);  time 75 -> 0
15:288:35:[112,120)
  dep: (24, 0) -> (28, 0);  time 75 -> 0
15:288:35:[112,120)
 INCOMING DEPENDENCIES:
  dep: (18, 0) -> (24, 0);  time 171 -> 0
15:288:35:[112,128)[160,168)
19:8:54:[0,8)
21:4:56:[0,4)
29:4:64:[0,4)
30:4:65:[0,4)
  dep: (20, 0) -> (24, 0);  time 75 -> 0
15:288:35:[64,72)
  dep: (23, 0) -> (24, 0);  time 75 -> 0
15:288:35:[104,112)
printing dependencies for unit id: (25, 0)
 OUTGOING DEPENDENCIES:
  dep: (25, 0) -> (26, 0);  time 75 -> 0
15:288:35:[120,128)
  dep: (25, 0) -> (29, 0);  time 75 -> 0
15:288:35:[120,128)
 INCOMING DEPENDENCIES:
  dep: (18, 0) -> (25, 0);  time 181 -> 0
15:288:35:[120,136)[168,176)
19:8:54:[0,8)
21:4:56:[0,4)
29:4:64:[0,4)
30:4:65:[0,4)
  dep: (21, 0) -> (25, 0);  time 75 -> 0
15:288:35:[72,80)
  dep: (24, 0) -> (25, 0);  time 75 -> 0
15:288:35:[112,120)
printing dependencies for unit id: (26, 0)
 OUTGOING DEPENDENCIES:
  dep: (26, 0) -> (30, 0);  time 75 -> 0
15:288:35:[128,136)
 INCOMING DEPENDENCIES:
  dep: (18, 0) -> (26, 0);  time 191 -> 0
15:288:35:[128,136)[176,184)
19:8:54:[0,8)
21:4:56:[0,4)
29:4:64:[0,4)
30:4:65:[0,4)
  dep: (22, 0) -> (26, 0);  time 75 -> 0
15:288:35:[80,88)
  dep: (25, 0) -> (26, 0);  time 75 -> 0
15:288:35:[120,128)
printing dependencies for unit id: (27, 0)
 OUTGOING DEPENDENCIES:
  dep: (27, 0) -> (28, 0);  time 75 -> 0
15:288:35:[152,160)
  dep: (27, 0) -> (31, 0);  time 75 -> 0
15:288:35:[152,160)
 INCOMING DEPENDENCIES:
  dep: (18, 0) -> (27, 0);  time 225 -> 0
15:288:35:[152,168)[200,208)
19:8:54:[0,8)
21:4:56:[0,4)
29:4:64:[0,4)
30:4:65:[0,4)
  dep: (23, 0) -> (27, 0);  time 75 -> 0
15:288:35:[104,112)
printing dependencies for unit id: (28, 0)
 OUTGOING DEPENDENCIES:
  dep: (28, 0) -> (29, 0);  time 75 -> 0
15:288:35:[160,168)
  dep: (28, 0) -> (32, 0);  time 75 -> 0
15:288:35:[160,168)
 INCOMING DEPENDENCIES:
  dep: (18, 0) -> (28, 0);  time 235 -> 0
15:288:35:[160,176)[208,216)
19:8:54:[0,8)
21:4:56:[0,4)
29:4:64:[0,4)
30:4:65:[0,4)
  dep: (24, 0) -> (28, 0);  time 75 -> 0
15:288:35:[112,120)
  dep: (27, 0) -> (28, 0);  time 75 -> 0
15:288:35:[152,160)
printing dependencies for unit id: (29, 0)
 OUTGOING DEPENDENCIES:
  dep: (29, 0) -> (30, 0);  time 75 -> 0
15:288:35:[168,176)
  dep: (29, 0) -> (33, 0);  time 75 -> 0
15:288:35:[168,176)
 INCOMING DEPENDENCIES:
  dep: (18, 0) -> (29, 0);  time 245 -> 0
15:288:35:[168,184)[216,224)
19:8:54:[0,8)
21:4:56:[0,4)
29:4:64:[0,4)
30:4:65:[0,4)
  dep: (25, 0) -> (29, 0);  time 75 -> 0
15:288:35:[120,128)
  dep: (28, 0) -> (29, 0);  time 75 -> 0
15:288:35:[160,168)
printing dependencies for unit id: (30, 0)
 OUTGOING DEPENDENCIES:
  dep: (30, 0) -> (34, 0);  time 75 -> 0
15:288:35:[176,184)
 INCOMING DEPENDENCIES:
  dep: (18, 0) -> (30, 0);  time 255 -> 0
15:288:35:[176,184)[224,232)
19:8:54:[0,8)
21:4:56:[0,4)
29:4:64:[0,4)
30:4:65:[0,4)
  dep: (26, 0) -> (30, 0);  time 75 -> 0
15:288:35:[128,136)
  dep: (29, 0) -> (30, 0);  time 75 -> 0
15:288:35:[168,176)
printing dependencies for unit id: (31, 0)
 OUTGOING DEPENDENCIES:
  dep: (31, 0) -> (32, 0);  time 75 -> 0
15:288:35:[200,208)
 INCOMING DEPENDENCIES:
  dep: (18, 0) -> (31, 0);  time 289 -> 0
15:288:35:[200,216)
19:8:54:[0,8)
21:4:56:[0,4)
29:4:64:[0,4)
30:4:65:[0,4)
  dep: (27, 0) -> (31, 0);  time 75 -> 0
15:288:35:[152,160)
printing dependencies for unit id: (32, 0)
 OUTGOING DEPENDENCIES:
  dep: (32, 0) -> (33, 0);  time 75 -> 0
15:288:35:[208,216)
 INCOMING DEPENDENCIES:
  dep: (18, 0) -> (32, 0);  time 299 -> 0
15:288:35:[208,224)
19:8:54:[0,8)
21:4:56:[0,4)
29:4:64:[0,4)
30:4:65:[0,4)
  dep: (28, 0) -> (32, 0);  time 75 -> 0
15:288:35:[160,168)
  dep: (31, 0) -> (32, 0);  time 75 -> 0
15:288:35:[200,208)
printing dependencies for unit id: (33, 0)
 OUTGOING DEPENDENCIES:
  dep: (33, 0) -> (34, 0);  time 75 -> 0
15:288:35:[216,224)
 INCOMING DEPENDENCIES:
  dep: (18, 0) -> (33, 0);  time 309 -> 0
15:288:35:[216,232)
19:8:54:[0,8)
21:4:56:[0,4)
29:4:64:[0,4)
30:4:65:[0,4)
  dep: (29, 0) -> (33, 0);  time 75 -> 0
15:288:35:[168,176)
  dep: (32, 0) -> (33, 0);  time 75 -> 0
15:288:35:[208,216)
printing dependencies for unit id: (34, 0)
 OUTGOING DEPENDENCIES:
  dep: (34, 0) -> (18, 1);  time 75 -> 0
 INCOMING DEPENDENCIES:
  dep: (18, 0) -> (34, 0);  time 319 -> 0
15:288:35:[224,232)
19:8:54:[0,8)
21:4:56:[0,4)
29:4:64:[0,4)
30:4:65:[0,4)
  dep: (30, 0) -> (34, 0);  time 75 -> 0
15:288:35:[176,184)
  dep: (33, 0) -> (34, 0);  time 75 -> 0
15:288:35:[216,224)
