[{'dep_offset': 0,
  'name': 'MAIN_TAREADOR',
  'parent_ending_section': None,
  'parent_starting_section': None,
  'potential_children_tasks': [2, 36],
  'starting_section': 1,
  'task_id': 0,
  'task_sections_cnt': 3,
  'usage_offset': 0},
 {'dep_offset': 454,
  'name': 'relax_gauss',
  'parent_ending_section': 69,
  'parent_starting_section': 1,
  'potential_children_tasks': [3,
                               5,
                               7,
                               9,
                               11,
                               13,
                               15,
                               17,
                               19,
                               21,
                               23,
                               25,
                               27,
                               29,
                               31,
                               33],
  'starting_section': 2,
  'task_id': 1,
  'task_sections_cnt': 2,
  'usage_offset': 215},
 {'dep_offset': 3296,
  'name': 'inner_loop_gauss',
  'parent_ending_section': 34,
  'parent_starting_section': 2,
  'potential_children_tasks': [],
  'starting_section': 3,
  'task_id': 2,
  'task_sections_cnt': 1,
  'usage_offset': 617},
 {'dep_offset': 3652,
  'name': 'inner_loop_gauss',
  'parent_ending_section': 34,
  'parent_starting_section': 2,
  'potential_children_tasks': [],
  'starting_section': 5,
  'task_id': 3,
  'task_sections_cnt': 1,
  'usage_offset': 1054},
 {'dep_offset': 4066,
  'name': 'inner_loop_gauss',
  'parent_ending_section': 34,
  'parent_starting_section': 2,
  'potential_children_tasks': [],
  'starting_section': 7,
  'task_id': 4,
  'task_sections_cnt': 1,
  'usage_offset': 1493},
 {'dep_offset': 4480,
  'name': 'inner_loop_gauss',
  'parent_ending_section': 34,
  'parent_starting_section': 2,
  'potential_children_tasks': [],
  'starting_section': 9,
  'task_id': 5,
  'task_sections_cnt': 1,
  'usage_offset': 1932},
 {'dep_offset': 4837,
  'name': 'inner_loop_gauss',
  'parent_ending_section': 34,
  'parent_starting_section': 2,
  'potential_children_tasks': [],
  'starting_section': 11,
  'task_id': 6,
  'task_sections_cnt': 1,
  'usage_offset': 2371},
 {'dep_offset': 5258,
  'name': 'inner_loop_gauss',
  'parent_ending_section': 34,
  'parent_starting_section': 2,
  'potential_children_tasks': [],
  'starting_section': 13,
  'task_id': 7,
  'task_sections_cnt': 1,
  'usage_offset': 2820},
 {'dep_offset': 5738,
  'name': 'inner_loop_gauss',
  'parent_ending_section': 34,
  'parent_starting_section': 2,
  'potential_children_tasks': [],
  'starting_section': 15,
  'task_id': 8,
  'task_sections_cnt': 1,
  'usage_offset': 3271},
 {'dep_offset': 6218,
  'name': 'inner_loop_gauss',
  'parent_ending_section': 34,
  'parent_starting_section': 2,
  'potential_children_tasks': [],
  'starting_section': 17,
  'task_id': 9,
  'task_sections_cnt': 1,
  'usage_offset': 3722},
 {'dep_offset': 6639,
  'name': 'inner_loop_gauss',
  'parent_ending_section': 34,
  'parent_starting_section': 2,
  'potential_children_tasks': [],
  'starting_section': 19,
  'task_id': 10,
  'task_sections_cnt': 1,
  'usage_offset': 4173},
 {'dep_offset': 7069,
  'name': 'inner_loop_gauss',
  'parent_ending_section': 34,
  'parent_starting_section': 2,
  'potential_children_tasks': [],
  'starting_section': 21,
  'task_id': 11,
  'task_sections_cnt': 1,
  'usage_offset': 4630},
 {'dep_offset': 7560,
  'name': 'inner_loop_gauss',
  'parent_ending_section': 34,
  'parent_starting_section': 2,
  'potential_children_tasks': [],
  'starting_section': 23,
  'task_id': 12,
  'task_sections_cnt': 1,
  'usage_offset': 5089},
 {'dep_offset': 8051,
  'name': 'inner_loop_gauss',
  'parent_ending_section': 34,
  'parent_starting_section': 2,
  'potential_children_tasks': [],
  'starting_section': 25,
  'task_id': 13,
  'task_sections_cnt': 1,
  'usage_offset': 5550},
 {'dep_offset': 8481,
  'name': 'inner_loop_gauss',
  'parent_ending_section': 34,
  'parent_starting_section': 2,
  'potential_children_tasks': [],
  'starting_section': 27,
  'task_id': 14,
  'task_sections_cnt': 1,
  'usage_offset': 6011},
 {'dep_offset': 8851,
  'name': 'inner_loop_gauss',
  'parent_ending_section': 34,
  'parent_starting_section': 2,
  'potential_children_tasks': [],
  'starting_section': 29,
  'task_id': 15,
  'task_sections_cnt': 1,
  'usage_offset': 6472},
 {'dep_offset': 9282,
  'name': 'inner_loop_gauss',
  'parent_ending_section': 34,
  'parent_starting_section': 2,
  'potential_children_tasks': [],
  'starting_section': 31,
  'task_id': 16,
  'task_sections_cnt': 1,
  'usage_offset': 6933},
 {'dep_offset': 9713,
  'name': 'inner_loop_gauss',
  'parent_ending_section': 34,
  'parent_starting_section': 2,
  'potential_children_tasks': [],
  'starting_section': 33,
  'task_id': 17,
  'task_sections_cnt': 1,
  'usage_offset': 7394},
 {'dep_offset': 10083,
  'name': 'relax_gauss',
  'parent_ending_section': 69,
  'parent_starting_section': 1,
  'potential_children_tasks': [37,
                               39,
                               41,
                               43,
                               45,
                               47,
                               49,
                               51,
                               53,
                               55,
                               57,
                               59,
                               61,
                               63,
                               65,
                               67],
  'starting_section': 36,
  'task_id': 18,
  'task_sections_cnt': 2,
  'usage_offset': 7855},
 {'dep_offset': 12470,
  'name': 'inner_loop_gauss',
  'parent_ending_section': 68,
  'parent_starting_section': 36,
  'potential_children_tasks': [],
  'starting_section': 37,
  'task_id': 19,
  'task_sections_cnt': 1,
  'usage_offset': 8266},
 {'dep_offset': 12803,
  'name': 'inner_loop_gauss',
  'parent_ending_section': 68,
  'parent_starting_section': 36,
  'potential_children_tasks': [],
  'starting_section': 39,
  'task_id': 20,
  'task_sections_cnt': 1,
  'usage_offset': 8713},
 {'dep_offset': 13196,
  'name': 'inner_loop_gauss',
  'parent_ending_section': 68,
  'parent_starting_section': 36,
  'potential_children_tasks': [],
  'starting_section': 41,
  'task_id': 21,
  'task_sections_cnt': 1,
  'usage_offset': 9162},
 {'dep_offset': 13589,
  'name': 'inner_loop_gauss',
  'parent_ending_section': 68,
  'parent_starting_section': 36,
  'potential_children_tasks': [],
  'starting_section': 43,
  'task_id': 22,
  'task_sections_cnt': 1,
  'usage_offset': 9611},
 {'dep_offset': 13923,
  'name': 'inner_loop_gauss',
  'parent_ending_section': 68,
  'parent_starting_section': 36,
  'potential_children_tasks': [],
  'starting_section': 45,
  'task_id': 23,
  'task_sections_cnt': 1,
  'usage_offset': 10060},
 {'dep_offset': 14322,
  'name': 'inner_loop_gauss',
  'parent_ending_section': 68,
  'parent_starting_section': 36,
  'potential_children_tasks': [],
  'starting_section': 47,
  'task_id': 24,
  'task_sections_cnt': 1,
  'usage_offset': 10515},
 {'dep_offset': 14782,
  'name': 'inner_loop_gauss',
  'parent_ending_section': 68,
  'parent_starting_section': 36,
  'potential_children_tasks': [],
  'starting_section': 49,
  'task_id': 25,
  'task_sections_cnt': 1,
  'usage_offset': 10972},
 {'dep_offset': 15242,
  'name': 'inner_loop_gauss',
  'parent_ending_section': 68,
  'parent_starting_section': 36,
  'potential_children_tasks': [],
  'starting_section': 51,
  'task_id': 26,
  'task_sections_cnt': 1,
  'usage_offset': 11429},
 {'dep_offset': 15641,
  'name': 'inner_loop_gauss',
  'parent_ending_section': 68,
  'parent_starting_section': 36,
  'potential_children_tasks': [],
  'starting_section': 53,
  'task_id': 27,
  'task_sections_cnt': 1,
  'usage_offset': 11886},
 {'dep_offset': 16042,
  'name': 'inner_loop_gauss',
  'parent_ending_section': 68,
  'parent_starting_section': 36,
  'potential_children_tasks': [],
  'starting_section': 55,
  'task_id': 28,
  'task_sections_cnt': 1,
  'usage_offset': 12347},
 {'dep_offset': 16504,
  'name': 'inner_loop_gauss',
  'parent_ending_section': 68,
  'parent_starting_section': 36,
  'potential_children_tasks': [],
  'starting_section': 57,
  'task_id': 29,
  'task_sections_cnt': 1,
  'usage_offset': 12808},
 {'dep_offset': 16966,
  'name': 'inner_loop_gauss',
  'parent_ending_section': 68,
  'parent_starting_section': 36,
  'potential_children_tasks': [],
  'starting_section': 59,
  'task_id': 30,
  'task_sections_cnt': 1,
  'usage_offset': 13269},
 {'dep_offset': 17367,
  'name': 'inner_loop_gauss',
  'parent_ending_section': 68,
  'parent_starting_section': 36,
  'potential_children_tasks': [],
  'starting_section': 61,
  'task_id': 31,
  'task_sections_cnt': 1,
  'usage_offset': 13730},
 {'dep_offset': 17698,
  'name': 'inner_loop_gauss',
  'parent_ending_section': 68,
  'parent_starting_section': 36,
  'potential_children_tasks': [],
  'starting_section': 63,
  'task_id': 32,
  'task_sections_cnt': 1,
  'usage_offset': 14191},
 {'dep_offset': 18090,
  'name': 'inner_loop_gauss',
  'parent_ending_section': 68,
  'parent_starting_section': 36,
  'potential_children_tasks': [],
  'starting_section': 65,
  'task_id': 33,
  'task_sections_cnt': 1,
  'usage_offset': 14652},
 {'dep_offset': 18482,
  'name': 'inner_loop_gauss',
  'parent_ending_section': 68,
  'parent_starting_section': 36,
  'potential_children_tasks': [],
  'starting_section': 67,
  'task_id': 34,
  'task_sections_cnt': 1,
  'usage_offset': 15113}]
