TASK:0:MAIN_TAREADOR:1:69:0:3212
 13:8:13:loads:[0,8):stores:
 section:0:0:1:None:0:None
 section:0:1:None:None:1585:None
   13:8:13:loads:[0,8):stores:
 section:0:2:None:69:3168:3212
   13:8:13:loads:[0,8):stores:
 TASK:1:relax_gauss:2:34:22:1585
  13:8:13:loads::stores:[0,8)
  19:8:41:loads::stores:[0,8)
  21:4:43:loads::stores:[0,4)
  29:4:51:loads::stores:[0,4)
  30:4:52:loads::stores:[0,4)
  section:1:0:2:34:22:1585
    13:8:13:loads::stores:[0,8)
    19:8:41:loads::stores:[0,8)
    21:4:43:loads::stores:[0,4)
    29:4:51:loads::stores:[0,4)
    30:4:52:loads::stores:[0,4)
  section:1:1:None:34:1585:1585
  TASK:2:inner_loop_gauss:3:3:119:194
   15:288:35:loads:[8,16)[48,72)[104,112):stores:[56,64)
   19:8:41:loads:[0,8):stores:
   21:4:43:loads:[0,4):stores:
   29:4:51:loads:[0,4):stores:
   30:4:52:loads:[0,4):stores:
   section:2:0:3:3:119:194
     15:288:35:loads:[8,16)[48,72)[104,112):stores:[56,64)
     19:8:41:loads:[0,8):stores:
     21:4:43:loads:[0,4):stores:
     29:4:51:loads:[0,4):stores:
     30:4:52:loads:[0,4):stores:
  TASK:3:inner_loop_gauss:5:5:204:279
   15:288:35:loads:[16,24)[56,80)[112,120):stores:[64,72)
   19:8:41:loads:[0,8):stores:
   21:4:43:loads:[0,4):stores:
   29:4:51:loads:[0,4):stores:
   30:4:52:loads:[0,4):stores:
   section:3:0:5:5:204:279
     15:288:35:loads:[16,24)[56,80)[112,120):stores:[64,72)
     19:8:41:loads:[0,8):stores:
     21:4:43:loads:[0,4):stores:
     29:4:51:loads:[0,4):stores:
     30:4:52:loads:[0,4):stores:
  TASK:4:inner_loop_gauss:7:7:289:364
   15:288:35:loads:[24,32)[64,88)[120,128):stores:[72,80)
   19:8:41:loads:[0,8):stores:
   21:4:43:loads:[0,4):stores:
   29:4:51:loads:[0,4):stores:
   30:4:52:loads:[0,4):stores:
   section:4:0:7:7:289:364
     15:288:35:loads:[24,32)[64,88)[120,128):stores:[72,80)
     19:8:41:loads:[0,8):stores:
     21:4:43:loads:[0,4):stores:
     29:4:51:loads:[0,4):stores:
     30:4:52:loads:[0,4):stores:
  TASK:5:inner_loop_gauss:9:9:374:449
   15:288:35:loads:[32,40)[72,96)[128,136):stores:[80,88)
   19:8:41:loads:[0,8):stores:
   21:4:43:loads:[0,4):stores:
   29:4:51:loads:[0,4):stores:
   30:4:52:loads:[0,4):stores:
   section:5:0:9:9:374:449
     15:288:35:loads:[32,40)[72,96)[128,136):stores:[80,88)
     19:8:41:loads:[0,8):stores:
     21:4:43:loads:[0,4):stores:
     29:4:51:loads:[0,4):stores:
     30:4:52:loads:[0,4):stores:
  TASK:6:inner_loop_gauss:11:11:483:558
   15:288:35:loads:[56,64)[96,120)[152,160):stores:[104,112)
   19:8:41:loads:[0,8):stores:
   21:4:43:loads:[0,4):stores:
   29:4:51:loads:[0,4):stores:
   30:4:52:loads:[0,4):stores:
   section:6:0:11:11:483:558
     15:288:35:loads:[56,64)[96,120)[152,160):stores:[104,112)
     19:8:41:loads:[0,8):stores:
     21:4:43:loads:[0,4):stores:
     29:4:51:loads:[0,4):stores:
     30:4:52:loads:[0,4):stores:
  TASK:7:inner_loop_gauss:13:13:568:643
   15:288:35:loads:[64,72)[104,128)[160,168):stores:[112,120)
   19:8:41:loads:[0,8):stores:
   21:4:43:loads:[0,4):stores:
   29:4:51:loads:[0,4):stores:
   30:4:52:loads:[0,4):stores:
   section:7:0:13:13:568:643
     15:288:35:loads:[64,72)[104,128)[160,168):stores:[112,120)
     19:8:41:loads:[0,8):stores:
     21:4:43:loads:[0,4):stores:
     29:4:51:loads:[0,4):stores:
     30:4:52:loads:[0,4):stores:
  TASK:8:inner_loop_gauss:15:15:653:728
   15:288:35:loads:[72,80)[112,136)[168,176):stores:[120,128)
   19:8:41:loads:[0,8):stores:
   21:4:43:loads:[0,4):stores:
   29:4:51:loads:[0,4):stores:
   30:4:52:loads:[0,4):stores:
   section:8:0:15:15:653:728
     15:288:35:loads:[72,80)[112,136)[168,176):stores:[120,128)
     19:8:41:loads:[0,8):stores:
     21:4:43:loads:[0,4):stores:
     29:4:51:loads:[0,4):stores:
     30:4:52:loads:[0,4):stores:
  TASK:9:inner_loop_gauss:17:17:738:813
   15:288:35:loads:[80,88)[120,144)[176,184):stores:[128,136)
   19:8:41:loads:[0,8):stores:
   21:4:43:loads:[0,4):stores:
   29:4:51:loads:[0,4):stores:
   30:4:52:loads:[0,4):stores:
   section:9:0:17:17:738:813
     15:288:35:loads:[80,88)[120,144)[176,184):stores:[128,136)
     19:8:41:loads:[0,8):stores:
     21:4:43:loads:[0,4):stores:
     29:4:51:loads:[0,4):stores:
     30:4:52:loads:[0,4):stores:
  TASK:10:inner_loop_gauss:19:19:847:922
   15:288:35:loads:[104,112)[144,168)[200,208):stores:[152,160)
   19:8:41:loads:[0,8):stores:
   21:4:43:loads:[0,4):stores:
   29:4:51:loads:[0,4):stores:
   30:4:52:loads:[0,4):stores:
   section:10:0:19:19:847:922
     15:288:35:loads:[104,112)[144,168)[200,208):stores:[152,160)
     19:8:41:loads:[0,8):stores:
     21:4:43:loads:[0,4):stores:
     29:4:51:loads:[0,4):stores:
     30:4:52:loads:[0,4):stores:
  TASK:11:inner_loop_gauss:21:21:932:1007
   15:288:35:loads:[112,120)[152,176)[208,216):stores:[160,168)
   19:8:41:loads:[0,8):stores:
   21:4:43:loads:[0,4):stores:
   29:4:51:loads:[0,4):stores:
   30:4:52:loads:[0,4):stores:
   section:11:0:21:21:932:1007
     15:288:35:loads:[112,120)[152,176)[208,216):stores:[160,168)
     19:8:41:loads:[0,8):stores:
     21:4:43:loads:[0,4):stores:
     29:4:51:loads:[0,4):stores:
     30:4:52:loads:[0,4):stores:
  TASK:12:inner_loop_gauss:23:23:1017:1092
   15:288:35:loads:[120,128)[160,184)[216,224):stores:[168,176)
   19:8:41:loads:[0,8):stores:
   21:4:43:loads:[0,4):stores:
   29:4:51:loads:[0,4):stores:
   30:4:52:loads:[0,4):stores:
   section:12:0:23:23:1017:1092
     15:288:35:loads:[120,128)[160,184)[216,224):stores:[168,176)
     19:8:41:loads:[0,8):stores:
     21:4:43:loads:[0,4):stores:
     29:4:51:loads:[0,4):stores:
     30:4:52:loads:[0,4):stores:
  TASK:13:inner_loop_gauss:25:25:1102:1177
   15:288:35:loads:[128,136)[168,192)[224,232):stores:[176,184)
   19:8:41:loads:[0,8):stores:
   21:4:43:loads:[0,4):stores:
   29:4:51:loads:[0,4):stores:
   30:4:52:loads:[0,4):stores:
   section:13:0:25:25:1102:1177
     15:288:35:loads:[128,136)[168,192)[224,232):stores:[176,184)
     19:8:41:loads:[0,8):stores:
     21:4:43:loads:[0,4):stores:
     29:4:51:loads:[0,4):stores:
     30:4:52:loads:[0,4):stores:
  TASK:14:inner_loop_gauss:27:27:1211:1286
   15:288:35:loads:[152,160)[192,216)[248,256):stores:[200,208)
   19:8:41:loads:[0,8):stores:
   21:4:43:loads:[0,4):stores:
   29:4:51:loads:[0,4):stores:
   30:4:52:loads:[0,4):stores:
   section:14:0:27:27:1211:1286
     15:288:35:loads:[152,160)[192,216)[248,256):stores:[200,208)
     19:8:41:loads:[0,8):stores:
     21:4:43:loads:[0,4):stores:
     29:4:51:loads:[0,4):stores:
     30:4:52:loads:[0,4):stores:
  TASK:15:inner_loop_gauss:29:29:1296:1371
   15:288:35:loads:[160,168)[200,224)[256,264):stores:[208,216)
   19:8:41:loads:[0,8):stores:
   21:4:43:loads:[0,4):stores:
   29:4:51:loads:[0,4):stores:
   30:4:52:loads:[0,4):stores:
   section:15:0:29:29:1296:1371
     15:288:35:loads:[160,168)[200,224)[256,264):stores:[208,216)
     19:8:41:loads:[0,8):stores:
     21:4:43:loads:[0,4):stores:
     29:4:51:loads:[0,4):stores:
     30:4:52:loads:[0,4):stores:
  TASK:16:inner_loop_gauss:31:31:1381:1456
   15:288:35:loads:[168,176)[208,232)[264,272):stores:[216,224)
   19:8:41:loads:[0,8):stores:
   21:4:43:loads:[0,4):stores:
   29:4:51:loads:[0,4):stores:
   30:4:52:loads:[0,4):stores:
   section:16:0:31:31:1381:1456
     15:288:35:loads:[168,176)[208,232)[264,272):stores:[216,224)
     19:8:41:loads:[0,8):stores:
     21:4:43:loads:[0,4):stores:
     29:4:51:loads:[0,4):stores:
     30:4:52:loads:[0,4):stores:
  TASK:17:inner_loop_gauss:33:33:1466:1541
   15:288:35:loads:[176,184)[216,240)[272,280):stores:[224,232)
   19:8:41:loads:[0,8):stores:
   21:4:43:loads:[0,4):stores:
   29:4:51:loads:[0,4):stores:
   30:4:52:loads:[0,4):stores:
   section:17:0:33:33:1466:1541
     15:288:35:loads:[176,184)[216,240)[272,280):stores:[224,232)
     19:8:41:loads:[0,8):stores:
     21:4:43:loads:[0,4):stores:
     29:4:51:loads:[0,4):stores:
     30:4:52:loads:[0,4):stores:
 TASK:18:relax_gauss:36:68:1605:3168
  13:8:13:loads::stores:[0,8)
  19:8:54:loads::stores:[0,8)
  21:4:56:loads::stores:[0,4)
  29:4:64:loads::stores:[0,4)
  30:4:65:loads::stores:[0,4)
  section:18:0:36:68:1605:3168
    13:8:13:loads::stores:[0,8)
    19:8:54:loads::stores:[0,8)
    21:4:56:loads::stores:[0,4)
    29:4:64:loads::stores:[0,4)
    30:4:65:loads::stores:[0,4)
  section:18:1:None:68:3168:3168
  TASK:19:inner_loop_gauss:37:37:1702:1777
   15:288:35:loads:[8,16)[48,72)[104,112):stores:[56,64)
   19:8:54:loads:[0,8):stores:
   21:4:56:loads:[0,4):stores:
   29:4:64:loads:[0,4):stores:
   30:4:65:loads:[0,4):stores:
   section:19:0:37:37:1702:1777
     15:288:35:loads:[8,16)[48,72)[104,112):stores:[56,64)
     19:8:54:loads:[0,8):stores:
     21:4:56:loads:[0,4):stores:
     29:4:64:loads:[0,4):stores:
     30:4:65:loads:[0,4):stores:
  TASK:20:inner_loop_gauss:39:39:1787:1862
   15:288:35:loads:[16,24)[56,80)[112,120):stores:[64,72)
   19:8:54:loads:[0,8):stores:
   21:4:56:loads:[0,4):stores:
   29:4:64:loads:[0,4):stores:
   30:4:65:loads:[0,4):stores:
   section:20:0:39:39:1787:1862
     15:288:35:loads:[16,24)[56,80)[112,120):stores:[64,72)
     19:8:54:loads:[0,8):stores:
     21:4:56:loads:[0,4):stores:
     29:4:64:loads:[0,4):stores:
     30:4:65:loads:[0,4):stores:
  TASK:21:inner_loop_gauss:41:41:1872:1947
   15:288:35:loads:[24,32)[64,88)[120,128):stores:[72,80)
   19:8:54:loads:[0,8):stores:
   21:4:56:loads:[0,4):stores:
   29:4:64:loads:[0,4):stores:
   30:4:65:loads:[0,4):stores:
   section:21:0:41:41:1872:1947
     15:288:35:loads:[24,32)[64,88)[120,128):stores:[72,80)
     19:8:54:loads:[0,8):stores:
     21:4:56:loads:[0,4):stores:
     29:4:64:loads:[0,4):stores:
     30:4:65:loads:[0,4):stores:
  TASK:22:inner_loop_gauss:43:43:1957:2032
   15:288:35:loads:[32,40)[72,96)[128,136):stores:[80,88)
   19:8:54:loads:[0,8):stores:
   21:4:56:loads:[0,4):stores:
   29:4:64:loads:[0,4):stores:
   30:4:65:loads:[0,4):stores:
   section:22:0:43:43:1957:2032
     15:288:35:loads:[32,40)[72,96)[128,136):stores:[80,88)
     19:8:54:loads:[0,8):stores:
     21:4:56:loads:[0,4):stores:
     29:4:64:loads:[0,4):stores:
     30:4:65:loads:[0,4):stores:
  TASK:23:inner_loop_gauss:45:45:2066:2141
   15:288:35:loads:[56,64)[96,120)[152,160):stores:[104,112)
   19:8:54:loads:[0,8):stores:
   21:4:56:loads:[0,4):stores:
   29:4:64:loads:[0,4):stores:
   30:4:65:loads:[0,4):stores:
   section:23:0:45:45:2066:2141
     15:288:35:loads:[56,64)[96,120)[152,160):stores:[104,112)
     19:8:54:loads:[0,8):stores:
     21:4:56:loads:[0,4):stores:
     29:4:64:loads:[0,4):stores:
     30:4:65:loads:[0,4):stores:
  TASK:24:inner_loop_gauss:47:47:2151:2226
   15:288:35:loads:[64,72)[104,128)[160,168):stores:[112,120)
   19:8:54:loads:[0,8):stores:
   21:4:56:loads:[0,4):stores:
   29:4:64:loads:[0,4):stores:
   30:4:65:loads:[0,4):stores:
   section:24:0:47:47:2151:2226
     15:288:35:loads:[64,72)[104,128)[160,168):stores:[112,120)
     19:8:54:loads:[0,8):stores:
     21:4:56:loads:[0,4):stores:
     29:4:64:loads:[0,4):stores:
     30:4:65:loads:[0,4):stores:
  TASK:25:inner_loop_gauss:49:49:2236:2311
   15:288:35:loads:[72,80)[112,136)[168,176):stores:[120,128)
   19:8:54:loads:[0,8):stores:
   21:4:56:loads:[0,4):stores:
   29:4:64:loads:[0,4):stores:
   30:4:65:loads:[0,4):stores:
   section:25:0:49:49:2236:2311
     15:288:35:loads:[72,80)[112,136)[168,176):stores:[120,128)
     19:8:54:loads:[0,8):stores:
     21:4:56:loads:[0,4):stores:
     29:4:64:loads:[0,4):stores:
     30:4:65:loads:[0,4):stores:
  TASK:26:inner_loop_gauss:51:51:2321:2396
   15:288:35:loads:[80,88)[120,144)[176,184):stores:[128,136)
   19:8:54:loads:[0,8):stores:
   21:4:56:loads:[0,4):stores:
   29:4:64:loads:[0,4):stores:
   30:4:65:loads:[0,4):stores:
   section:26:0:51:51:2321:2396
     15:288:35:loads:[80,88)[120,144)[176,184):stores:[128,136)
     19:8:54:loads:[0,8):stores:
     21:4:56:loads:[0,4):stores:
     29:4:64:loads:[0,4):stores:
     30:4:65:loads:[0,4):stores:
  TASK:27:inner_loop_gauss:53:53:2430:2505
   15:288:35:loads:[104,112)[144,168)[200,208):stores:[152,160)
   19:8:54:loads:[0,8):stores:
   21:4:56:loads:[0,4):stores:
   29:4:64:loads:[0,4):stores:
   30:4:65:loads:[0,4):stores:
   section:27:0:53:53:2430:2505
     15:288:35:loads:[104,112)[144,168)[200,208):stores:[152,160)
     19:8:54:loads:[0,8):stores:
     21:4:56:loads:[0,4):stores:
     29:4:64:loads:[0,4):stores:
     30:4:65:loads:[0,4):stores:
  TASK:28:inner_loop_gauss:55:55:2515:2590
   15:288:35:loads:[112,120)[152,176)[208,216):stores:[160,168)
   19:8:54:loads:[0,8):stores:
   21:4:56:loads:[0,4):stores:
   29:4:64:loads:[0,4):stores:
   30:4:65:loads:[0,4):stores:
   section:28:0:55:55:2515:2590
     15:288:35:loads:[112,120)[152,176)[208,216):stores:[160,168)
     19:8:54:loads:[0,8):stores:
     21:4:56:loads:[0,4):stores:
     29:4:64:loads:[0,4):stores:
     30:4:65:loads:[0,4):stores:
  TASK:29:inner_loop_gauss:57:57:2600:2675
   15:288:35:loads:[120,128)[160,184)[216,224):stores:[168,176)
   19:8:54:loads:[0,8):stores:
   21:4:56:loads:[0,4):stores:
   29:4:64:loads:[0,4):stores:
   30:4:65:loads:[0,4):stores:
   section:29:0:57:57:2600:2675
     15:288:35:loads:[120,128)[160,184)[216,224):stores:[168,176)
     19:8:54:loads:[0,8):stores:
     21:4:56:loads:[0,4):stores:
     29:4:64:loads:[0,4):stores:
     30:4:65:loads:[0,4):stores:
  TASK:30:inner_loop_gauss:59:59:2685:2760
   15:288:35:loads:[128,136)[168,192)[224,232):stores:[176,184)
   19:8:54:loads:[0,8):stores:
   21:4:56:loads:[0,4):stores:
   29:4:64:loads:[0,4):stores:
   30:4:65:loads:[0,4):stores:
   section:30:0:59:59:2685:2760
     15:288:35:loads:[128,136)[168,192)[224,232):stores:[176,184)
     19:8:54:loads:[0,8):stores:
     21:4:56:loads:[0,4):stores:
     29:4:64:loads:[0,4):stores:
     30:4:65:loads:[0,4):stores:
  TASK:31:inner_loop_gauss:61:61:2794:2869
   15:288:35:loads:[152,160)[192,216)[248,256):stores:[200,208)
   19:8:54:loads:[0,8):stores:
   21:4:56:loads:[0,4):stores:
   29:4:64:loads:[0,4):stores:
   30:4:65:loads:[0,4):stores:
   section:31:0:61:61:2794:2869
     15:288:35:loads:[152,160)[192,216)[248,256):stores:[200,208)
     19:8:54:loads:[0,8):stores:
     21:4:56:loads:[0,4):stores:
     29:4:64:loads:[0,4):stores:
     30:4:65:loads:[0,4):stores:
  TASK:32:inner_loop_gauss:63:63:2879:2954
   15:288:35:loads:[160,168)[200,224)[256,264):stores:[208,216)
   19:8:54:loads:[0,8):stores:
   21:4:56:loads:[0,4):stores:
   29:4:64:loads:[0,4):stores:
   30:4:65:loads:[0,4):stores:
   section:32:0:63:63:2879:2954
     15:288:35:loads:[160,168)[200,224)[256,264):stores:[208,216)
     19:8:54:loads:[0,8):stores:
     21:4:56:loads:[0,4):stores:
     29:4:64:loads:[0,4):stores:
     30:4:65:loads:[0,4):stores:
  TASK:33:inner_loop_gauss:65:65:2964:3039
   15:288:35:loads:[168,176)[208,232)[264,272):stores:[216,224)
   19:8:54:loads:[0,8):stores:
   21:4:56:loads:[0,4):stores:
   29:4:64:loads:[0,4):stores:
   30:4:65:loads:[0,4):stores:
   section:33:0:65:65:2964:3039
     15:288:35:loads:[168,176)[208,232)[264,272):stores:[216,224)
     19:8:54:loads:[0,8):stores:
     21:4:56:loads:[0,4):stores:
     29:4:64:loads:[0,4):stores:
     30:4:65:loads:[0,4):stores:
  TASK:34:inner_loop_gauss:67:67:3049:3124
   15:288:35:loads:[176,184)[216,240)[272,280):stores:[224,232)
   19:8:54:loads:[0,8):stores:
   21:4:56:loads:[0,4):stores:
   29:4:64:loads:[0,4):stores:
   30:4:65:loads:[0,4):stores:
   section:34:0:67:67:3049:3124
     15:288:35:loads:[176,184)[216,240)[272,280):stores:[224,232)
     19:8:54:loads:[0,8):stores:
     21:4:56:loads:[0,4):stores:
     29:4:64:loads:[0,4):stores:
     30:4:65:loads:[0,4):stores:
