printing dependencies for unit id: (0, 0)
 OUTGOING DEPENDENCIES:
  dep: (0, 0) -> (1, 0);  time 15 -> 0
  dep: (0, 0) -> (2, 0);  time 15 -> 0
  dep: (0, 0) -> (3, 0);  time 16 -> 0
 INCOMING DEPENDENCIES:
printing dependencies for unit id: (0, 1)
 OUTGOING DEPENDENCIES:
 INCOMING DEPENDENCIES:
  dep: (3, 1) -> (0, 1);  time 0 -> 0
printing dependencies for unit id: (1, 0)
 OUTGOING DEPENDENCIES:
  dep: (1, 0) -> (3, 0);  time 229 -> 0
0:128:0:[0,128)
 INCOMING DEPENDENCIES:
  dep: (0, 0) -> (1, 0);  time 15 -> 0
printing dependencies for unit id: (2, 0)
 OUTGOING DEPENDENCIES:
  dep: (2, 0) -> (3, 0);  time 261 -> 0
12:128:12:[0,128)
 INCOMING DEPENDENCIES:
  dep: (0, 0) -> (2, 0);  time 15 -> 0
printing dependencies for unit id: (3, 0)
 OUTGOING DEPENDENCIES:
  dep: (3, 0) -> (4, 0);  time 21 -> 0
0:128:0:[0,8)
12:128:12:[0,8)
14:8:14:[0,8)
10:8:15:[0,8)
15:8:16:[0,8)
11:4:18:[0,4)
  dep: (3, 0) -> (5, 0);  time 31 -> 0
0:128:0:[8,16)
12:128:12:[8,16)
14:8:14:[0,8)
10:8:15:[0,8)
15:8:16:[0,8)
11:4:18:[0,4)
  dep: (3, 0) -> (6, 0);  time 41 -> 0
0:128:0:[16,24)
12:128:12:[16,24)
14:8:14:[0,8)
10:8:15:[0,8)
15:8:16:[0,8)
11:4:18:[0,4)
  dep: (3, 0) -> (7, 0);  time 51 -> 0
0:128:0:[24,32)
12:128:12:[24,32)
14:8:14:[0,8)
10:8:15:[0,8)
15:8:16:[0,8)
11:4:18:[0,4)
  dep: (3, 0) -> (8, 0);  time 61 -> 0
0:128:0:[32,40)
12:128:12:[32,40)
14:8:14:[0,8)
10:8:15:[0,8)
15:8:16:[0,8)
11:4:18:[0,4)
  dep: (3, 0) -> (9, 0);  time 71 -> 0
0:128:0:[40,48)
12:128:12:[40,48)
14:8:14:[0,8)
10:8:15:[0,8)
15:8:16:[0,8)
11:4:18:[0,4)
  dep: (3, 0) -> (10, 0);  time 81 -> 0
0:128:0:[48,56)
12:128:12:[48,56)
14:8:14:[0,8)
10:8:15:[0,8)
15:8:16:[0,8)
11:4:18:[0,4)
  dep: (3, 0) -> (11, 0);  time 91 -> 0
0:128:0:[56,64)
12:128:12:[56,64)
14:8:14:[0,8)
10:8:15:[0,8)
15:8:16:[0,8)
11:4:18:[0,4)
  dep: (3, 0) -> (12, 0);  time 101 -> 0
0:128:0:[64,72)
12:128:12:[64,72)
14:8:14:[0,8)
10:8:15:[0,8)
15:8:16:[0,8)
11:4:18:[0,4)
  dep: (3, 0) -> (13, 0);  time 111 -> 0
0:128:0:[72,80)
12:128:12:[72,80)
14:8:14:[0,8)
10:8:15:[0,8)
15:8:16:[0,8)
11:4:18:[0,4)
  dep: (3, 0) -> (14, 0);  time 121 -> 0
0:128:0:[80,88)
12:128:12:[80,88)
14:8:14:[0,8)
10:8:15:[0,8)
15:8:16:[0,8)
11:4:18:[0,4)
  dep: (3, 0) -> (15, 0);  time 131 -> 0
0:128:0:[88,96)
12:128:12:[88,96)
14:8:14:[0,8)
10:8:15:[0,8)
15:8:16:[0,8)
11:4:18:[0,4)
  dep: (3, 0) -> (16, 0);  time 141 -> 0
0:128:0:[96,104)
12:128:12:[96,104)
14:8:14:[0,8)
10:8:15:[0,8)
15:8:16:[0,8)
11:4:18:[0,4)
  dep: (3, 0) -> (17, 0);  time 151 -> 0
0:128:0:[104,112)
12:128:12:[104,112)
14:8:14:[0,8)
10:8:15:[0,8)
15:8:16:[0,8)
11:4:18:[0,4)
  dep: (3, 0) -> (18, 0);  time 161 -> 0
0:128:0:[112,120)
12:128:12:[112,120)
14:8:14:[0,8)
10:8:15:[0,8)
15:8:16:[0,8)
11:4:18:[0,4)
  dep: (3, 0) -> (19, 0);  time 171 -> 0
0:128:0:[120,128)
12:128:12:[120,128)
14:8:14:[0,8)
10:8:15:[0,8)
15:8:16:[0,8)
11:4:18:[0,4)
 INCOMING DEPENDENCIES:
  dep: (0, 0) -> (3, 0);  time 16 -> 0
  dep: (1, 0) -> (3, 0);  time 229 -> 0
0:128:0:[0,128)
  dep: (2, 0) -> (3, 0);  time 261 -> 0
12:128:12:[0,128)
printing dependencies for unit id: (3, 1)
 OUTGOING DEPENDENCIES:
  dep: (3, 1) -> (0, 1);  time 0 -> 0
 INCOMING DEPENDENCIES:
  dep: (4, 0) -> (3, 1);  time 6538 -> 0
  dep: (5, 0) -> (3, 1);  time 6538 -> 0
  dep: (6, 0) -> (3, 1);  time 6538 -> 0
  dep: (7, 0) -> (3, 1);  time 6538 -> 0
  dep: (8, 0) -> (3, 1);  time 6538 -> 0
  dep: (9, 0) -> (3, 1);  time 6538 -> 0
  dep: (10, 0) -> (3, 1);  time 6538 -> 0
  dep: (11, 0) -> (3, 1);  time 6538 -> 0
  dep: (12, 0) -> (3, 1);  time 6538 -> 0
  dep: (13, 0) -> (3, 1);  time 6538 -> 0
  dep: (14, 0) -> (3, 1);  time 6538 -> 0
  dep: (15, 0) -> (3, 1);  time 6538 -> 0
  dep: (16, 0) -> (3, 1);  time 6538 -> 0
  dep: (17, 0) -> (3, 1);  time 6538 -> 0
  dep: (18, 0) -> (3, 1);  time 6538 -> 0
  dep: (19, 0) -> (3, 1);  time 6538 -> 0
printing dependencies for unit id: (4, 0)
 OUTGOING DEPENDENCIES:
  dep: (4, 0) -> (3, 1);  time 6538 -> 0
 INCOMING DEPENDENCIES:
  dep: (3, 0) -> (4, 0);  time 21 -> 0
0:128:0:[0,8)
12:128:12:[0,8)
14:8:14:[0,8)
10:8:15:[0,8)
15:8:16:[0,8)
11:4:18:[0,4)
printing dependencies for unit id: (5, 0)
 OUTGOING DEPENDENCIES:
  dep: (5, 0) -> (3, 1);  time 6538 -> 0
 INCOMING DEPENDENCIES:
  dep: (3, 0) -> (5, 0);  time 31 -> 0
0:128:0:[8,16)
12:128:12:[8,16)
14:8:14:[0,8)
10:8:15:[0,8)
15:8:16:[0,8)
11:4:18:[0,4)
printing dependencies for unit id: (6, 0)
 OUTGOING DEPENDENCIES:
  dep: (6, 0) -> (3, 1);  time 6538 -> 0
 INCOMING DEPENDENCIES:
  dep: (3, 0) -> (6, 0);  time 41 -> 0
0:128:0:[16,24)
12:128:12:[16,24)
14:8:14:[0,8)
10:8:15:[0,8)
15:8:16:[0,8)
11:4:18:[0,4)
printing dependencies for unit id: (7, 0)
 OUTGOING DEPENDENCIES:
  dep: (7, 0) -> (3, 1);  time 6538 -> 0
 INCOMING DEPENDENCIES:
  dep: (3, 0) -> (7, 0);  time 51 -> 0
0:128:0:[24,32)
12:128:12:[24,32)
14:8:14:[0,8)
10:8:15:[0,8)
15:8:16:[0,8)
11:4:18:[0,4)
printing dependencies for unit id: (8, 0)
 OUTGOING DEPENDENCIES:
  dep: (8, 0) -> (3, 1);  time 6538 -> 0
 INCOMING DEPENDENCIES:
  dep: (3, 0) -> (8, 0);  time 61 -> 0
0:128:0:[32,40)
12:128:12:[32,40)
14:8:14:[0,8)
10:8:15:[0,8)
15:8:16:[0,8)
11:4:18:[0,4)
printing dependencies for unit id: (9, 0)
 OUTGOING DEPENDENCIES:
  dep: (9, 0) -> (3, 1);  time 6538 -> 0
 INCOMING DEPENDENCIES:
  dep: (3, 0) -> (9, 0);  time 71 -> 0
0:128:0:[40,48)
12:128:12:[40,48)
14:8:14:[0,8)
10:8:15:[0,8)
15:8:16:[0,8)
11:4:18:[0,4)
printing dependencies for unit id: (10, 0)
 OUTGOING DEPENDENCIES:
  dep: (10, 0) -> (3, 1);  time 6538 -> 0
 INCOMING DEPENDENCIES:
  dep: (3, 0) -> (10, 0);  time 81 -> 0
0:128:0:[48,56)
12:128:12:[48,56)
14:8:14:[0,8)
10:8:15:[0,8)
15:8:16:[0,8)
11:4:18:[0,4)
printing dependencies for unit id: (11, 0)
 OUTGOING DEPENDENCIES:
  dep: (11, 0) -> (3, 1);  time 6538 -> 0
 INCOMING DEPENDENCIES:
  dep: (3, 0) -> (11, 0);  time 91 -> 0
0:128:0:[56,64)
12:128:12:[56,64)
14:8:14:[0,8)
10:8:15:[0,8)
15:8:16:[0,8)
11:4:18:[0,4)
printing dependencies for unit id: (12, 0)
 OUTGOING DEPENDENCIES:
  dep: (12, 0) -> (3, 1);  time 6538 -> 0
 INCOMING DEPENDENCIES:
  dep: (3, 0) -> (12, 0);  time 101 -> 0
0:128:0:[64,72)
12:128:12:[64,72)
14:8:14:[0,8)
10:8:15:[0,8)
15:8:16:[0,8)
11:4:18:[0,4)
printing dependencies for unit id: (13, 0)
 OUTGOING DEPENDENCIES:
  dep: (13, 0) -> (3, 1);  time 6538 -> 0
 INCOMING DEPENDENCIES:
  dep: (3, 0) -> (13, 0);  time 111 -> 0
0:128:0:[72,80)
12:128:12:[72,80)
14:8:14:[0,8)
10:8:15:[0,8)
15:8:16:[0,8)
11:4:18:[0,4)
printing dependencies for unit id: (14, 0)
 OUTGOING DEPENDENCIES:
  dep: (14, 0) -> (3, 1);  time 6538 -> 0
 INCOMING DEPENDENCIES:
  dep: (3, 0) -> (14, 0);  time 121 -> 0
0:128:0:[80,88)
12:128:12:[80,88)
14:8:14:[0,8)
10:8:15:[0,8)
15:8:16:[0,8)
11:4:18:[0,4)
printing dependencies for unit id: (15, 0)
 OUTGOING DEPENDENCIES:
  dep: (15, 0) -> (3, 1);  time 6538 -> 0
 INCOMING DEPENDENCIES:
  dep: (3, 0) -> (15, 0);  time 131 -> 0
0:128:0:[88,96)
12:128:12:[88,96)
14:8:14:[0,8)
10:8:15:[0,8)
15:8:16:[0,8)
11:4:18:[0,4)
printing dependencies for unit id: (16, 0)
 OUTGOING DEPENDENCIES:
  dep: (16, 0) -> (3, 1);  time 6538 -> 0
 INCOMING DEPENDENCIES:
  dep: (3, 0) -> (16, 0);  time 141 -> 0
0:128:0:[96,104)
12:128:12:[96,104)
14:8:14:[0,8)
10:8:15:[0,8)
15:8:16:[0,8)
11:4:18:[0,4)
printing dependencies for unit id: (17, 0)
 OUTGOING DEPENDENCIES:
  dep: (17, 0) -> (3, 1);  time 6538 -> 0
 INCOMING DEPENDENCIES:
  dep: (3, 0) -> (17, 0);  time 151 -> 0
0:128:0:[104,112)
12:128:12:[104,112)
14:8:14:[0,8)
10:8:15:[0,8)
15:8:16:[0,8)
11:4:18:[0,4)
printing dependencies for unit id: (18, 0)
 OUTGOING DEPENDENCIES:
  dep: (18, 0) -> (3, 1);  time 6538 -> 0
 INCOMING DEPENDENCIES:
  dep: (3, 0) -> (18, 0);  time 161 -> 0
0:128:0:[112,120)
12:128:12:[112,120)
14:8:14:[0,8)
10:8:15:[0,8)
15:8:16:[0,8)
11:4:18:[0,4)
printing dependencies for unit id: (19, 0)
 OUTGOING DEPENDENCIES:
  dep: (19, 0) -> (3, 1);  time 6538 -> 0
 INCOMING DEPENDENCIES:
  dep: (3, 0) -> (19, 0);  time 171 -> 0
0:128:0:[120,128)
12:128:12:[120,128)
14:8:14:[0,8)
10:8:15:[0,8)
15:8:16:[0,8)
11:4:18:[0,4)
