[{'dep_offset': 0,
  'name': 'MAIN_TAREADOR',
  'parent_ending_section': None,
  'parent_starting_section': None,
  'potential_children_tasks': [2, 4, 6],
  'starting_section': 1,
  'task_id': 0,
  'task_sections_cnt': 2,
  'usage_offset': 0},
 {'dep_offset': 335,
  'name': 'init_A',
  'parent_ending_section': 39,
  'parent_starting_section': 1,
  'potential_children_tasks': [],
  'starting_section': 2,
  'task_id': 1,
  'task_sections_cnt': 1,
  'usage_offset': 97},
 {'dep_offset': 520,
  'name': 'init_B',
  'parent_ending_section': 39,
  'parent_starting_section': 1,
  'potential_children_tasks': [],
  'starting_section': 4,
  'task_id': 2,
  'task_sections_cnt': 1,
  'usage_offset': 214},
 {'dep_offset': 707,
  'name': 'dot_product',
  'parent_ending_section': 39,
  'parent_starting_section': 1,
  'potential_children_tasks': [7,
                               9,
                               11,
                               13,
                               15,
                               17,
                               19,
                               21,
                               23,
                               25,
                               27,
                               29,
                               31,
                               33,
                               35,
                               37],
  'starting_section': 6,
  'task_id': 3,
  'task_sections_cnt': 2,
  'usage_offset': 337},
 {'dep_offset': 3834,
  'name': 'dot_product_it',
  'parent_ending_section': 38,
  'parent_starting_section': 6,
  'potential_children_tasks': [],
  'starting_section': 7,
  'task_id': 4,
  'task_sections_cnt': 1,
  'usage_offset': 687},
 {'dep_offset': 4090,
  'name': 'dot_product_it',
  'parent_ending_section': 38,
  'parent_starting_section': 6,
  'potential_children_tasks': [],
  'starting_section': 9,
  'task_id': 5,
  'task_sections_cnt': 1,
  'usage_offset': 1140},
 {'dep_offset': 4348,
  'name': 'dot_product_it',
  'parent_ending_section': 38,
  'parent_starting_section': 6,
  'potential_children_tasks': [],
  'starting_section': 11,
  'task_id': 6,
  'task_sections_cnt': 1,
  'usage_offset': 1601},
 {'dep_offset': 4608,
  'name': 'dot_product_it',
  'parent_ending_section': 38,
  'parent_starting_section': 6,
  'potential_children_tasks': [],
  'starting_section': 13,
  'task_id': 7,
  'task_sections_cnt': 1,
  'usage_offset': 2072},
 {'dep_offset': 4868,
  'name': 'dot_product_it',
  'parent_ending_section': 38,
  'parent_starting_section': 6,
  'potential_children_tasks': [],
  'starting_section': 15,
  'task_id': 8,
  'task_sections_cnt': 1,
  'usage_offset': 2543},
 {'dep_offset': 5128,
  'name': 'dot_product_it',
  'parent_ending_section': 38,
  'parent_starting_section': 6,
  'potential_children_tasks': [],
  'starting_section': 17,
  'task_id': 9,
  'task_sections_cnt': 1,
  'usage_offset': 3014},
 {'dep_offset': 5388,
  'name': 'dot_product_it',
  'parent_ending_section': 38,
  'parent_starting_section': 6,
  'potential_children_tasks': [],
  'starting_section': 19,
  'task_id': 10,
  'task_sections_cnt': 1,
  'usage_offset': 3485},
 {'dep_offset': 5651,
  'name': 'dot_product_it',
  'parent_ending_section': 38,
  'parent_starting_section': 6,
  'potential_children_tasks': [],
  'starting_section': 21,
  'task_id': 11,
  'task_sections_cnt': 1,
  'usage_offset': 3958},
 {'dep_offset': 5914,
  'name': 'dot_product_it',
  'parent_ending_section': 38,
  'parent_starting_section': 6,
  'potential_children_tasks': [],
  'starting_section': 23,
  'task_id': 12,
  'task_sections_cnt': 1,
  'usage_offset': 4431},
 {'dep_offset': 6178,
  'name': 'dot_product_it',
  'parent_ending_section': 38,
  'parent_starting_section': 6,
  'potential_children_tasks': [],
  'starting_section': 25,
  'task_id': 13,
  'task_sections_cnt': 1,
  'usage_offset': 4904},
 {'dep_offset': 6442,
  'name': 'dot_product_it',
  'parent_ending_section': 38,
  'parent_starting_section': 6,
  'potential_children_tasks': [],
  'starting_section': 27,
  'task_id': 14,
  'task_sections_cnt': 1,
  'usage_offset': 5377},
 {'dep_offset': 6706,
  'name': 'dot_product_it',
  'parent_ending_section': 38,
  'parent_starting_section': 6,
  'potential_children_tasks': [],
  'starting_section': 29,
  'task_id': 15,
  'task_sections_cnt': 1,
  'usage_offset': 5850},
 {'dep_offset': 6970,
  'name': 'dot_product_it',
  'parent_ending_section': 38,
  'parent_starting_section': 6,
  'potential_children_tasks': [],
  'starting_section': 31,
  'task_id': 16,
  'task_sections_cnt': 1,
  'usage_offset': 6323},
 {'dep_offset': 7236,
  'name': 'dot_product_it',
  'parent_ending_section': 38,
  'parent_starting_section': 6,
  'potential_children_tasks': [],
  'starting_section': 33,
  'task_id': 17,
  'task_sections_cnt': 1,
  'usage_offset': 6800},
 {'dep_offset': 7504,
  'name': 'dot_product_it',
  'parent_ending_section': 38,
  'parent_starting_section': 6,
  'potential_children_tasks': [],
  'starting_section': 35,
  'task_id': 18,
  'task_sections_cnt': 1,
  'usage_offset': 7281},
 {'dep_offset': 7772,
  'name': 'dot_product_it',
  'parent_ending_section': 38,
  'parent_starting_section': 6,
  'potential_children_tasks': [],
  'starting_section': 37,
  'task_id': 19,
  'task_sections_cnt': 1,
  'usage_offset': 7762}]
