TASK:0:MAIN_TAREADOR:1:39:0:105298
 section:0:0:1:39:0:105298
 section:0:1:None:39:105298:105298
 TASK:1:init_A:2:2:15:244
  0:128:0:loads::stores:[0,128)
  section:1:0:2:2:15:244
    0:128:0:loads::stores:[0,128)
 TASK:2:init_B:4:4:244:505
  12:128:12:loads::stores:[0,128)
  section:2:0:4:4:244:505
    12:128:12:loads::stores:[0,128)
 TASK:3:dot_product:6:38:506:105298
  14:8:14:loads::stores:[0,8)
  10:8:15:loads::stores:[0,8)
  15:8:16:loads::stores:[0,8)
  11:4:18:loads::stores:[0,4)
  section:3:0:6:38:506:105298
    14:8:14:loads::stores:[0,8)
    10:8:15:loads::stores:[0,8)
    15:8:16:loads::stores:[0,8)
    11:4:18:loads::stores:[0,4)
  section:3:1:None:38:105298:105298
  TASK:4:dot_product_it:7:7:527:7065
   0:128:0:loads:[0,8):stores:
   12:128:12:loads:[0,8):stores:
   14:8:14:loads:[0,8):stores:
   10:8:15:loads:[0,8):stores:
   15:8:16:loads:[0,8):stores:
   11:4:18:loads:[0,4):stores:
   section:4:0:7:7:527:7065
     0:128:0:loads:[0,8):stores:
     12:128:12:loads:[0,8):stores:
     14:8:14:loads:[0,8):stores:
     10:8:15:loads:[0,8):stores:
     15:8:16:loads:[0,8):stores:
     11:4:18:loads:[0,4):stores:
  TASK:5:dot_product_it:9:9:7075:13613
   0:128:0:loads:[8,16):stores:
   12:128:12:loads:[8,16):stores:
   14:8:14:loads:[0,8):stores:
   10:8:15:loads:[0,8):stores:
   15:8:16:loads:[0,8):stores:
   11:4:18:loads:[0,4):stores:
   section:5:0:9:9:7075:13613
     0:128:0:loads:[8,16):stores:
     12:128:12:loads:[8,16):stores:
     14:8:14:loads:[0,8):stores:
     10:8:15:loads:[0,8):stores:
     15:8:16:loads:[0,8):stores:
     11:4:18:loads:[0,4):stores:
  TASK:6:dot_product_it:11:11:13623:20161
   0:128:0:loads:[16,24):stores:
   12:128:12:loads:[16,24):stores:
   14:8:14:loads:[0,8):stores:
   10:8:15:loads:[0,8):stores:
   15:8:16:loads:[0,8):stores:
   11:4:18:loads:[0,4):stores:
   section:6:0:11:11:13623:20161
     0:128:0:loads:[16,24):stores:
     12:128:12:loads:[16,24):stores:
     14:8:14:loads:[0,8):stores:
     10:8:15:loads:[0,8):stores:
     15:8:16:loads:[0,8):stores:
     11:4:18:loads:[0,4):stores:
  TASK:7:dot_product_it:13:13:20171:26709
   0:128:0:loads:[24,32):stores:
   12:128:12:loads:[24,32):stores:
   14:8:14:loads:[0,8):stores:
   10:8:15:loads:[0,8):stores:
   15:8:16:loads:[0,8):stores:
   11:4:18:loads:[0,4):stores:
   section:7:0:13:13:20171:26709
     0:128:0:loads:[24,32):stores:
     12:128:12:loads:[24,32):stores:
     14:8:14:loads:[0,8):stores:
     10:8:15:loads:[0,8):stores:
     15:8:16:loads:[0,8):stores:
     11:4:18:loads:[0,4):stores:
  TASK:8:dot_product_it:15:15:26719:33257
   0:128:0:loads:[32,40):stores:
   12:128:12:loads:[32,40):stores:
   14:8:14:loads:[0,8):stores:
   10:8:15:loads:[0,8):stores:
   15:8:16:loads:[0,8):stores:
   11:4:18:loads:[0,4):stores:
   section:8:0:15:15:26719:33257
     0:128:0:loads:[32,40):stores:
     12:128:12:loads:[32,40):stores:
     14:8:14:loads:[0,8):stores:
     10:8:15:loads:[0,8):stores:
     15:8:16:loads:[0,8):stores:
     11:4:18:loads:[0,4):stores:
  TASK:9:dot_product_it:17:17:33267:39805
   0:128:0:loads:[40,48):stores:
   12:128:12:loads:[40,48):stores:
   14:8:14:loads:[0,8):stores:
   10:8:15:loads:[0,8):stores:
   15:8:16:loads:[0,8):stores:
   11:4:18:loads:[0,4):stores:
   section:9:0:17:17:33267:39805
     0:128:0:loads:[40,48):stores:
     12:128:12:loads:[40,48):stores:
     14:8:14:loads:[0,8):stores:
     10:8:15:loads:[0,8):stores:
     15:8:16:loads:[0,8):stores:
     11:4:18:loads:[0,4):stores:
  TASK:10:dot_product_it:19:19:39815:46353
   0:128:0:loads:[48,56):stores:
   12:128:12:loads:[48,56):stores:
   14:8:14:loads:[0,8):stores:
   10:8:15:loads:[0,8):stores:
   15:8:16:loads:[0,8):stores:
   11:4:18:loads:[0,4):stores:
   section:10:0:19:19:39815:46353
     0:128:0:loads:[48,56):stores:
     12:128:12:loads:[48,56):stores:
     14:8:14:loads:[0,8):stores:
     10:8:15:loads:[0,8):stores:
     15:8:16:loads:[0,8):stores:
     11:4:18:loads:[0,4):stores:
  TASK:11:dot_product_it:21:21:46363:52901
   0:128:0:loads:[56,64):stores:
   12:128:12:loads:[56,64):stores:
   14:8:14:loads:[0,8):stores:
   10:8:15:loads:[0,8):stores:
   15:8:16:loads:[0,8):stores:
   11:4:18:loads:[0,4):stores:
   section:11:0:21:21:46363:52901
     0:128:0:loads:[56,64):stores:
     12:128:12:loads:[56,64):stores:
     14:8:14:loads:[0,8):stores:
     10:8:15:loads:[0,8):stores:
     15:8:16:loads:[0,8):stores:
     11:4:18:loads:[0,4):stores:
  TASK:12:dot_product_it:23:23:52911:59449
   0:128:0:loads:[64,72):stores:
   12:128:12:loads:[64,72):stores:
   14:8:14:loads:[0,8):stores:
   10:8:15:loads:[0,8):stores:
   15:8:16:loads:[0,8):stores:
   11:4:18:loads:[0,4):stores:
   section:12:0:23:23:52911:59449
     0:128:0:loads:[64,72):stores:
     12:128:12:loads:[64,72):stores:
     14:8:14:loads:[0,8):stores:
     10:8:15:loads:[0,8):stores:
     15:8:16:loads:[0,8):stores:
     11:4:18:loads:[0,4):stores:
  TASK:13:dot_product_it:25:25:59459:65997
   0:128:0:loads:[72,80):stores:
   12:128:12:loads:[72,80):stores:
   14:8:14:loads:[0,8):stores:
   10:8:15:loads:[0,8):stores:
   15:8:16:loads:[0,8):stores:
   11:4:18:loads:[0,4):stores:
   section:13:0:25:25:59459:65997
     0:128:0:loads:[72,80):stores:
     12:128:12:loads:[72,80):stores:
     14:8:14:loads:[0,8):stores:
     10:8:15:loads:[0,8):stores:
     15:8:16:loads:[0,8):stores:
     11:4:18:loads:[0,4):stores:
  TASK:14:dot_product_it:27:27:66007:72545
   0:128:0:loads:[80,88):stores:
   12:128:12:loads:[80,88):stores:
   14:8:14:loads:[0,8):stores:
   10:8:15:loads:[0,8):stores:
   15:8:16:loads:[0,8):stores:
   11:4:18:loads:[0,4):stores:
   section:14:0:27:27:66007:72545
     0:128:0:loads:[80,88):stores:
     12:128:12:loads:[80,88):stores:
     14:8:14:loads:[0,8):stores:
     10:8:15:loads:[0,8):stores:
     15:8:16:loads:[0,8):stores:
     11:4:18:loads:[0,4):stores:
  TASK:15:dot_product_it:29:29:72555:79093
   0:128:0:loads:[88,96):stores:
   12:128:12:loads:[88,96):stores:
   14:8:14:loads:[0,8):stores:
   10:8:15:loads:[0,8):stores:
   15:8:16:loads:[0,8):stores:
   11:4:18:loads:[0,4):stores:
   section:15:0:29:29:72555:79093
     0:128:0:loads:[88,96):stores:
     12:128:12:loads:[88,96):stores:
     14:8:14:loads:[0,8):stores:
     10:8:15:loads:[0,8):stores:
     15:8:16:loads:[0,8):stores:
     11:4:18:loads:[0,4):stores:
  TASK:16:dot_product_it:31:31:79103:85641
   0:128:0:loads:[96,104):stores:
   12:128:12:loads:[96,104):stores:
   14:8:14:loads:[0,8):stores:
   10:8:15:loads:[0,8):stores:
   15:8:16:loads:[0,8):stores:
   11:4:18:loads:[0,4):stores:
   section:16:0:31:31:79103:85641
     0:128:0:loads:[96,104):stores:
     12:128:12:loads:[96,104):stores:
     14:8:14:loads:[0,8):stores:
     10:8:15:loads:[0,8):stores:
     15:8:16:loads:[0,8):stores:
     11:4:18:loads:[0,4):stores:
  TASK:17:dot_product_it:33:33:85651:92189
   0:128:0:loads:[104,112):stores:
   12:128:12:loads:[104,112):stores:
   14:8:14:loads:[0,8):stores:
   10:8:15:loads:[0,8):stores:
   15:8:16:loads:[0,8):stores:
   11:4:18:loads:[0,4):stores:
   section:17:0:33:33:85651:92189
     0:128:0:loads:[104,112):stores:
     12:128:12:loads:[104,112):stores:
     14:8:14:loads:[0,8):stores:
     10:8:15:loads:[0,8):stores:
     15:8:16:loads:[0,8):stores:
     11:4:18:loads:[0,4):stores:
  TASK:18:dot_product_it:35:35:92199:98737
   0:128:0:loads:[112,120):stores:
   12:128:12:loads:[112,120):stores:
   14:8:14:loads:[0,8):stores:
   10:8:15:loads:[0,8):stores:
   15:8:16:loads:[0,8):stores:
   11:4:18:loads:[0,4):stores:
   section:18:0:35:35:92199:98737
     0:128:0:loads:[112,120):stores:
     12:128:12:loads:[112,120):stores:
     14:8:14:loads:[0,8):stores:
     10:8:15:loads:[0,8):stores:
     15:8:16:loads:[0,8):stores:
     11:4:18:loads:[0,4):stores:
  TASK:19:dot_product_it:37:37:98747:105285
   0:128:0:loads:[120,128):stores:
   12:128:12:loads:[120,128):stores:
   14:8:14:loads:[0,8):stores:
   10:8:15:loads:[0,8):stores:
   15:8:16:loads:[0,8):stores:
   11:4:18:loads:[0,4):stores:
   section:19:0:37:37:98747:105285
     0:128:0:loads:[120,128):stores:
     12:128:12:loads:[120,128):stores:
     14:8:14:loads:[0,8):stores:
     10:8:15:loads:[0,8):stores:
     15:8:16:loads:[0,8):stores:
     11:4:18:loads:[0,4):stores:
