printing dependencies for unit id: (0, 0)
 OUTGOING DEPENDENCIES:
  dep: (0, 0) -> (1, 0);  time 21 -> 0
  dep: (0, 0) -> (2, 0);  time 55 -> 0
  dep: (0, 0) -> (13, 0);  time 88 -> 0
  dep: (0, 0) -> (24, 0);  time 88 -> 0
  dep: (0, 0) -> (35, 0);  time 88 -> 0
  dep: (0, 0) -> (46, 0);  time 88 -> 0
  dep: (0, 0) -> (57, 0);  time 88 -> 0
  dep: (0, 0) -> (68, 0);  time 88 -> 0
  dep: (0, 0) -> (79, 0);  time 88 -> 0
 INCOMING DEPENDENCIES:
printing dependencies for unit id: (0, 1)
 OUTGOING DEPENDENCIES:
 INCOMING DEPENDENCIES:
  dep: (79, 1) -> (0, 1);  time 0 -> 0
printing dependencies for unit id: (1, 0)
 OUTGOING DEPENDENCIES:
  dep: (1, 0) -> (13, 0);  time 14 -> 0
1:8:1:[0,8)
  dep: (1, 0) -> (35, 0);  time 14 -> 0
1:8:1:[0,8)
  dep: (1, 0) -> (57, 0);  time 14 -> 0
1:8:1:[0,8)
 INCOMING DEPENDENCIES:
  dep: (0, 0) -> (1, 0);  time 21 -> 0
printing dependencies for unit id: (2, 0)
 OUTGOING DEPENDENCIES:
  dep: (2, 0) -> (3, 0);  time 10 -> 0
10:8:18:[0,8)
11:4:19:[0,4)
  dep: (2, 0) -> (4, 0);  time 18 -> 0
10:8:18:[0,8)
11:4:19:[0,4)
  dep: (2, 0) -> (5, 0);  time 26 -> 0
10:8:18:[0,8)
11:4:19:[0,4)
  dep: (2, 0) -> (6, 0);  time 34 -> 0
10:8:18:[0,8)
11:4:19:[0,4)
  dep: (2, 0) -> (7, 0);  time 42 -> 0
10:8:18:[0,8)
11:4:19:[0,4)
  dep: (2, 0) -> (8, 0);  time 50 -> 0
10:8:18:[0,8)
11:4:19:[0,4)
  dep: (2, 0) -> (9, 0);  time 58 -> 0
10:8:18:[0,8)
11:4:19:[0,4)
  dep: (2, 0) -> (10, 0);  time 66 -> 0
10:8:18:[0,8)
11:4:19:[0,4)
  dep: (2, 0) -> (11, 0);  time 74 -> 0
10:8:18:[0,8)
11:4:19:[0,4)
  dep: (2, 0) -> (12, 0);  time 82 -> 0
10:8:18:[0,8)
11:4:19:[0,4)
 INCOMING DEPENDENCIES:
  dep: (0, 0) -> (2, 0);  time 55 -> 0
printing dependencies for unit id: (2, 1)
 OUTGOING DEPENDENCIES:
  dep: (2, 1) -> (13, 0);  time 0 -> 0
0:8000:0:[0,8000)
 INCOMING DEPENDENCIES:
  dep: (3, 0) -> (2, 1);  time 5435 -> 0
0:8000:0:[0,800)
  dep: (4, 0) -> (2, 1);  time 5435 -> 0
0:8000:0:[800,1600)
  dep: (5, 0) -> (2, 1);  time 5435 -> 0
0:8000:0:[1600,2400)
  dep: (6, 0) -> (2, 1);  time 5435 -> 0
0:8000:0:[2400,3200)
  dep: (7, 0) -> (2, 1);  time 5435 -> 0
0:8000:0:[3200,4000)
  dep: (8, 0) -> (2, 1);  time 5435 -> 0
0:8000:0:[4000,4800)
  dep: (9, 0) -> (2, 1);  time 5435 -> 0
0:8000:0:[4800,5600)
  dep: (10, 0) -> (2, 1);  time 5435 -> 0
0:8000:0:[5600,6400)
  dep: (11, 0) -> (2, 1);  time 5435 -> 0
0:8000:0:[6400,7200)
  dep: (12, 0) -> (2, 1);  time 5435 -> 0
0:8000:0:[7200,8000)
printing dependencies for unit id: (3, 0)
 OUTGOING DEPENDENCIES:
  dep: (3, 0) -> (2, 1);  time 5435 -> 0
0:8000:0:[0,800)
 INCOMING DEPENDENCIES:
  dep: (2, 0) -> (3, 0);  time 10 -> 0
10:8:18:[0,8)
11:4:19:[0,4)
printing dependencies for unit id: (4, 0)
 OUTGOING DEPENDENCIES:
  dep: (4, 0) -> (2, 1);  time 5435 -> 0
0:8000:0:[800,1600)
 INCOMING DEPENDENCIES:
  dep: (2, 0) -> (4, 0);  time 18 -> 0
10:8:18:[0,8)
11:4:19:[0,4)
printing dependencies for unit id: (5, 0)
 OUTGOING DEPENDENCIES:
  dep: (5, 0) -> (2, 1);  time 5435 -> 0
0:8000:0:[1600,2400)
 INCOMING DEPENDENCIES:
  dep: (2, 0) -> (5, 0);  time 26 -> 0
10:8:18:[0,8)
11:4:19:[0,4)
printing dependencies for unit id: (6, 0)
 OUTGOING DEPENDENCIES:
  dep: (6, 0) -> (2, 1);  time 5435 -> 0
0:8000:0:[2400,3200)
 INCOMING DEPENDENCIES:
  dep: (2, 0) -> (6, 0);  time 34 -> 0
10:8:18:[0,8)
11:4:19:[0,4)
printing dependencies for unit id: (7, 0)
 OUTGOING DEPENDENCIES:
  dep: (7, 0) -> (2, 1);  time 5435 -> 0
0:8000:0:[3200,4000)
 INCOMING DEPENDENCIES:
  dep: (2, 0) -> (7, 0);  time 42 -> 0
10:8:18:[0,8)
11:4:19:[0,4)
printing dependencies for unit id: (8, 0)
 OUTGOING DEPENDENCIES:
  dep: (8, 0) -> (2, 1);  time 5435 -> 0
0:8000:0:[4000,4800)
 INCOMING DEPENDENCIES:
  dep: (2, 0) -> (8, 0);  time 50 -> 0
10:8:18:[0,8)
11:4:19:[0,4)
printing dependencies for unit id: (9, 0)
 OUTGOING DEPENDENCIES:
  dep: (9, 0) -> (2, 1);  time 5435 -> 0
0:8000:0:[4800,5600)
 INCOMING DEPENDENCIES:
  dep: (2, 0) -> (9, 0);  time 58 -> 0
10:8:18:[0,8)
11:4:19:[0,4)
printing dependencies for unit id: (10, 0)
 OUTGOING DEPENDENCIES:
  dep: (10, 0) -> (2, 1);  time 5435 -> 0
0:8000:0:[5600,6400)
 INCOMING DEPENDENCIES:
  dep: (2, 0) -> (10, 0);  time 66 -> 0
10:8:18:[0,8)
11:4:19:[0,4)
printing dependencies for unit id: (11, 0)
 OUTGOING DEPENDENCIES:
  dep: (11, 0) -> (2, 1);  time 5435 -> 0
0:8000:0:[6400,7200)
 INCOMING DEPENDENCIES:
  dep: (2, 0) -> (11, 0);  time 74 -> 0
10:8:18:[0,8)
11:4:19:[0,4)
printing dependencies for unit id: (12, 0)
 OUTGOING DEPENDENCIES:
  dep: (12, 0) -> (2, 1);  time 5435 -> 0
0:8000:0:[7200,8000)
 INCOMING DEPENDENCIES:
  dep: (2, 0) -> (12, 0);  time 82 -> 0
10:8:18:[0,8)
11:4:19:[0,4)
printing dependencies for unit id: (13, 0)
 OUTGOING DEPENDENCIES:
  dep: (13, 0) -> (14, 0);  time 11 -> 0
0:8000:0:[0,800)
14:8:26:[0,8)
10:8:27:[0,8)
11:4:28:[0,4)
  dep: (13, 0) -> (15, 0);  time 19 -> 0
0:8000:0:[800,1600)
14:8:26:[0,8)
10:8:27:[0,8)
11:4:28:[0,4)
  dep: (13, 0) -> (16, 0);  time 27 -> 0
0:8000:0:[1600,2400)
14:8:26:[0,8)
10:8:27:[0,8)
11:4:28:[0,4)
  dep: (13, 0) -> (17, 0);  time 35 -> 0
0:8000:0:[2400,3200)
14:8:26:[0,8)
10:8:27:[0,8)
11:4:28:[0,4)
  dep: (13, 0) -> (18, 0);  time 43 -> 0
0:8000:0:[3200,4000)
14:8:26:[0,8)
10:8:27:[0,8)
11:4:28:[0,4)
  dep: (13, 0) -> (19, 0);  time 51 -> 0
0:8000:0:[4000,4800)
14:8:26:[0,8)
10:8:27:[0,8)
11:4:28:[0,4)
  dep: (13, 0) -> (20, 0);  time 59 -> 0
0:8000:0:[4800,5600)
14:8:26:[0,8)
10:8:27:[0,8)
11:4:28:[0,4)
  dep: (13, 0) -> (21, 0);  time 67 -> 0
0:8000:0:[5600,6400)
14:8:26:[0,8)
10:8:27:[0,8)
11:4:28:[0,4)
  dep: (13, 0) -> (22, 0);  time 75 -> 0
0:8000:0:[6400,7200)
14:8:26:[0,8)
10:8:27:[0,8)
11:4:28:[0,4)
  dep: (13, 0) -> (23, 0);  time 83 -> 0
0:8000:0:[7200,8000)
14:8:26:[0,8)
10:8:27:[0,8)
11:4:28:[0,4)
 INCOMING DEPENDENCIES:
  dep: (0, 0) -> (13, 0);  time 88 -> 0
  dep: (1, 0) -> (13, 0);  time 14 -> 0
1:8:1:[0,8)
  dep: (2, 1) -> (13, 0);  time 0 -> 0
0:8000:0:[0,8000)
printing dependencies for unit id: (13, 1)
 OUTGOING DEPENDENCIES:
  dep: (13, 1) -> (24, 0);  time 0 -> 0
0:8000:0:[0,8000)
 INCOMING DEPENDENCIES:
  dep: (14, 0) -> (13, 1);  time 10305 -> 0
0:8000:0:[0,800)
  dep: (15, 0) -> (13, 1);  time 10305 -> 0
0:8000:0:[800,1600)
  dep: (16, 0) -> (13, 1);  time 10305 -> 0
0:8000:0:[1600,2400)
  dep: (17, 0) -> (13, 1);  time 10305 -> 0
0:8000:0:[2400,3200)
  dep: (18, 0) -> (13, 1);  time 10305 -> 0
0:8000:0:[3200,4000)
  dep: (19, 0) -> (13, 1);  time 10305 -> 0
0:8000:0:[4000,4800)
  dep: (20, 0) -> (13, 1);  time 10305 -> 0
0:8000:0:[4800,5600)
  dep: (21, 0) -> (13, 1);  time 10305 -> 0
0:8000:0:[5600,6400)
  dep: (22, 0) -> (13, 1);  time 10305 -> 0
0:8000:0:[6400,7200)
  dep: (23, 0) -> (13, 1);  time 10305 -> 0
0:8000:0:[7200,8000)
printing dependencies for unit id: (14, 0)
 OUTGOING DEPENDENCIES:
  dep: (14, 0) -> (13, 1);  time 10305 -> 0
0:8000:0:[0,800)
 INCOMING DEPENDENCIES:
  dep: (13, 0) -> (14, 0);  time 11 -> 0
0:8000:0:[0,800)
14:8:26:[0,8)
10:8:27:[0,8)
11:4:28:[0,4)
printing dependencies for unit id: (15, 0)
 OUTGOING DEPENDENCIES:
  dep: (15, 0) -> (13, 1);  time 10305 -> 0
0:8000:0:[800,1600)
 INCOMING DEPENDENCIES:
  dep: (13, 0) -> (15, 0);  time 19 -> 0
0:8000:0:[800,1600)
14:8:26:[0,8)
10:8:27:[0,8)
11:4:28:[0,4)
printing dependencies for unit id: (16, 0)
 OUTGOING DEPENDENCIES:
  dep: (16, 0) -> (13, 1);  time 10305 -> 0
0:8000:0:[1600,2400)
 INCOMING DEPENDENCIES:
  dep: (13, 0) -> (16, 0);  time 27 -> 0
0:8000:0:[1600,2400)
14:8:26:[0,8)
10:8:27:[0,8)
11:4:28:[0,4)
printing dependencies for unit id: (17, 0)
 OUTGOING DEPENDENCIES:
  dep: (17, 0) -> (13, 1);  time 10305 -> 0
0:8000:0:[2400,3200)
 INCOMING DEPENDENCIES:
  dep: (13, 0) -> (17, 0);  time 35 -> 0
0:8000:0:[2400,3200)
14:8:26:[0,8)
10:8:27:[0,8)
11:4:28:[0,4)
printing dependencies for unit id: (18, 0)
 OUTGOING DEPENDENCIES:
  dep: (18, 0) -> (13, 1);  time 10305 -> 0
0:8000:0:[3200,4000)
 INCOMING DEPENDENCIES:
  dep: (13, 0) -> (18, 0);  time 43 -> 0
0:8000:0:[3200,4000)
14:8:26:[0,8)
10:8:27:[0,8)
11:4:28:[0,4)
printing dependencies for unit id: (19, 0)
 OUTGOING DEPENDENCIES:
  dep: (19, 0) -> (13, 1);  time 10305 -> 0
0:8000:0:[4000,4800)
 INCOMING DEPENDENCIES:
  dep: (13, 0) -> (19, 0);  time 51 -> 0
0:8000:0:[4000,4800)
14:8:26:[0,8)
10:8:27:[0,8)
11:4:28:[0,4)
printing dependencies for unit id: (20, 0)
 OUTGOING DEPENDENCIES:
  dep: (20, 0) -> (13, 1);  time 10305 -> 0
0:8000:0:[4800,5600)
 INCOMING DEPENDENCIES:
  dep: (13, 0) -> (20, 0);  time 59 -> 0
0:8000:0:[4800,5600)
14:8:26:[0,8)
10:8:27:[0,8)
11:4:28:[0,4)
printing dependencies for unit id: (21, 0)
 OUTGOING DEPENDENCIES:
  dep: (21, 0) -> (13, 1);  time 10305 -> 0
0:8000:0:[5600,6400)
 INCOMING DEPENDENCIES:
  dep: (13, 0) -> (21, 0);  time 67 -> 0
0:8000:0:[5600,6400)
14:8:26:[0,8)
10:8:27:[0,8)
11:4:28:[0,4)
printing dependencies for unit id: (22, 0)
 OUTGOING DEPENDENCIES:
  dep: (22, 0) -> (13, 1);  time 10305 -> 0
0:8000:0:[6400,7200)
 INCOMING DEPENDENCIES:
  dep: (13, 0) -> (22, 0);  time 75 -> 0
0:8000:0:[6400,7200)
14:8:26:[0,8)
10:8:27:[0,8)
11:4:28:[0,4)
printing dependencies for unit id: (23, 0)
 OUTGOING DEPENDENCIES:
  dep: (23, 0) -> (13, 1);  time 10305 -> 0
0:8000:0:[7200,8000)
 INCOMING DEPENDENCIES:
  dep: (13, 0) -> (23, 0);  time 83 -> 0
0:8000:0:[7200,8000)
14:8:26:[0,8)
10:8:27:[0,8)
11:4:28:[0,4)
printing dependencies for unit id: (24, 0)
 OUTGOING DEPENDENCIES:
  dep: (24, 0) -> (25, 0);  time 12 -> 0
0:8000:0:[0,800)
15:8:30:[0,8)
10:8:31:[0,8)
11:4:32:[0,4)
  dep: (24, 0) -> (26, 0);  time 20 -> 0
0:8000:0:[800,1600)
15:8:30:[0,8)
10:8:31:[0,8)
11:4:32:[0,4)
  dep: (24, 0) -> (27, 0);  time 28 -> 0
0:8000:0:[1600,2400)
15:8:30:[0,8)
10:8:31:[0,8)
11:4:32:[0,4)
  dep: (24, 0) -> (28, 0);  time 36 -> 0
0:8000:0:[2400,3200)
15:8:30:[0,8)
10:8:31:[0,8)
11:4:32:[0,4)
  dep: (24, 0) -> (29, 0);  time 44 -> 0
0:8000:0:[3200,4000)
15:8:30:[0,8)
10:8:31:[0,8)
11:4:32:[0,4)
  dep: (24, 0) -> (30, 0);  time 52 -> 0
0:8000:0:[4000,4800)
15:8:30:[0,8)
10:8:31:[0,8)
11:4:32:[0,4)
  dep: (24, 0) -> (31, 0);  time 60 -> 0
0:8000:0:[4800,5600)
15:8:30:[0,8)
10:8:31:[0,8)
11:4:32:[0,4)
  dep: (24, 0) -> (32, 0);  time 68 -> 0
0:8000:0:[5600,6400)
15:8:30:[0,8)
10:8:31:[0,8)
11:4:32:[0,4)
  dep: (24, 0) -> (33, 0);  time 76 -> 0
0:8000:0:[6400,7200)
15:8:30:[0,8)
10:8:31:[0,8)
11:4:32:[0,4)
  dep: (24, 0) -> (34, 0);  time 84 -> 0
0:8000:0:[7200,8000)
15:8:30:[0,8)
10:8:31:[0,8)
11:4:32:[0,4)
 INCOMING DEPENDENCIES:
  dep: (0, 0) -> (24, 0);  time 88 -> 0
  dep: (13, 1) -> (24, 0);  time 0 -> 0
0:8000:0:[0,8000)
printing dependencies for unit id: (24, 1)
 OUTGOING DEPENDENCIES:
  dep: (24, 1) -> (35, 0);  time 0 -> 0
4:8000:4:[0,8000)
 INCOMING DEPENDENCIES:
  dep: (25, 0) -> (24, 1);  time 5735 -> 0
4:8000:4:[0,800)
  dep: (26, 0) -> (24, 1);  time 5735 -> 0
4:8000:4:[800,1600)
  dep: (27, 0) -> (24, 1);  time 5735 -> 0
4:8000:4:[1600,2400)
  dep: (28, 0) -> (24, 1);  time 5735 -> 0
4:8000:4:[2400,3200)
  dep: (29, 0) -> (24, 1);  time 5735 -> 0
4:8000:4:[3200,4000)
  dep: (30, 0) -> (24, 1);  time 5735 -> 0
4:8000:4:[4000,4800)
  dep: (31, 0) -> (24, 1);  time 5735 -> 0
4:8000:4:[4800,5600)
  dep: (32, 0) -> (24, 1);  time 5735 -> 0
4:8000:4:[5600,6400)
  dep: (33, 0) -> (24, 1);  time 5735 -> 0
4:8000:4:[6400,7200)
  dep: (34, 0) -> (24, 1);  time 5735 -> 0
4:8000:4:[7200,8000)
printing dependencies for unit id: (25, 0)
 OUTGOING DEPENDENCIES:
  dep: (25, 0) -> (24, 1);  time 5735 -> 0
4:8000:4:[0,800)
 INCOMING DEPENDENCIES:
  dep: (24, 0) -> (25, 0);  time 12 -> 0
0:8000:0:[0,800)
15:8:30:[0,8)
10:8:31:[0,8)
11:4:32:[0,4)
printing dependencies for unit id: (26, 0)
 OUTGOING DEPENDENCIES:
  dep: (26, 0) -> (24, 1);  time 5735 -> 0
4:8000:4:[800,1600)
 INCOMING DEPENDENCIES:
  dep: (24, 0) -> (26, 0);  time 20 -> 0
0:8000:0:[800,1600)
15:8:30:[0,8)
10:8:31:[0,8)
11:4:32:[0,4)
printing dependencies for unit id: (27, 0)
 OUTGOING DEPENDENCIES:
  dep: (27, 0) -> (24, 1);  time 5735 -> 0
4:8000:4:[1600,2400)
 INCOMING DEPENDENCIES:
  dep: (24, 0) -> (27, 0);  time 28 -> 0
0:8000:0:[1600,2400)
15:8:30:[0,8)
10:8:31:[0,8)
11:4:32:[0,4)
printing dependencies for unit id: (28, 0)
 OUTGOING DEPENDENCIES:
  dep: (28, 0) -> (24, 1);  time 5735 -> 0
4:8000:4:[2400,3200)
 INCOMING DEPENDENCIES:
  dep: (24, 0) -> (28, 0);  time 36 -> 0
0:8000:0:[2400,3200)
15:8:30:[0,8)
10:8:31:[0,8)
11:4:32:[0,4)
printing dependencies for unit id: (29, 0)
 OUTGOING DEPENDENCIES:
  dep: (29, 0) -> (24, 1);  time 5735 -> 0
4:8000:4:[3200,4000)
 INCOMING DEPENDENCIES:
  dep: (24, 0) -> (29, 0);  time 44 -> 0
0:8000:0:[3200,4000)
15:8:30:[0,8)
10:8:31:[0,8)
11:4:32:[0,4)
printing dependencies for unit id: (30, 0)
 OUTGOING DEPENDENCIES:
  dep: (30, 0) -> (24, 1);  time 5735 -> 0
4:8000:4:[4000,4800)
 INCOMING DEPENDENCIES:
  dep: (24, 0) -> (30, 0);  time 52 -> 0
0:8000:0:[4000,4800)
15:8:30:[0,8)
10:8:31:[0,8)
11:4:32:[0,4)
printing dependencies for unit id: (31, 0)
 OUTGOING DEPENDENCIES:
  dep: (31, 0) -> (24, 1);  time 5735 -> 0
4:8000:4:[4800,5600)
 INCOMING DEPENDENCIES:
  dep: (24, 0) -> (31, 0);  time 60 -> 0
0:8000:0:[4800,5600)
15:8:30:[0,8)
10:8:31:[0,8)
11:4:32:[0,4)
printing dependencies for unit id: (32, 0)
 OUTGOING DEPENDENCIES:
  dep: (32, 0) -> (24, 1);  time 5735 -> 0
4:8000:4:[5600,6400)
 INCOMING DEPENDENCIES:
  dep: (24, 0) -> (32, 0);  time 68 -> 0
0:8000:0:[5600,6400)
15:8:30:[0,8)
10:8:31:[0,8)
11:4:32:[0,4)
printing dependencies for unit id: (33, 0)
 OUTGOING DEPENDENCIES:
  dep: (33, 0) -> (24, 1);  time 5735 -> 0
4:8000:4:[6400,7200)
 INCOMING DEPENDENCIES:
  dep: (24, 0) -> (33, 0);  time 76 -> 0
0:8000:0:[6400,7200)
15:8:30:[0,8)
10:8:31:[0,8)
11:4:32:[0,4)
printing dependencies for unit id: (34, 0)
 OUTGOING DEPENDENCIES:
  dep: (34, 0) -> (24, 1);  time 5735 -> 0
4:8000:4:[7200,8000)
 INCOMING DEPENDENCIES:
  dep: (24, 0) -> (34, 0);  time 84 -> 0
0:8000:0:[7200,8000)
15:8:30:[0,8)
10:8:31:[0,8)
11:4:32:[0,4)
printing dependencies for unit id: (35, 0)
 OUTGOING DEPENDENCIES:
  dep: (35, 0) -> (36, 0);  time 11 -> 0
4:8000:4:[0,800)
14:8:35:[0,8)
10:8:36:[0,8)
11:4:37:[0,4)
  dep: (35, 0) -> (37, 0);  time 19 -> 0
4:8000:4:[800,1600)
14:8:35:[0,8)
10:8:36:[0,8)
11:4:37:[0,4)
  dep: (35, 0) -> (38, 0);  time 27 -> 0
4:8000:4:[1600,2400)
14:8:35:[0,8)
10:8:36:[0,8)
11:4:37:[0,4)
  dep: (35, 0) -> (39, 0);  time 35 -> 0
4:8000:4:[2400,3200)
14:8:35:[0,8)
10:8:36:[0,8)
11:4:37:[0,4)
  dep: (35, 0) -> (40, 0);  time 43 -> 0
4:8000:4:[3200,4000)
14:8:35:[0,8)
10:8:36:[0,8)
11:4:37:[0,4)
  dep: (35, 0) -> (41, 0);  time 51 -> 0
4:8000:4:[4000,4800)
14:8:35:[0,8)
10:8:36:[0,8)
11:4:37:[0,4)
  dep: (35, 0) -> (42, 0);  time 59 -> 0
4:8000:4:[4800,5600)
14:8:35:[0,8)
10:8:36:[0,8)
11:4:37:[0,4)
  dep: (35, 0) -> (43, 0);  time 67 -> 0
4:8000:4:[5600,6400)
14:8:35:[0,8)
10:8:36:[0,8)
11:4:37:[0,4)
  dep: (35, 0) -> (44, 0);  time 75 -> 0
4:8000:4:[6400,7200)
14:8:35:[0,8)
10:8:36:[0,8)
11:4:37:[0,4)
  dep: (35, 0) -> (45, 0);  time 83 -> 0
4:8000:4:[7200,8000)
14:8:35:[0,8)
10:8:36:[0,8)
11:4:37:[0,4)
 INCOMING DEPENDENCIES:
  dep: (0, 0) -> (35, 0);  time 88 -> 0
  dep: (1, 0) -> (35, 0);  time 14 -> 0
1:8:1:[0,8)
  dep: (24, 1) -> (35, 0);  time 0 -> 0
4:8000:4:[0,8000)
printing dependencies for unit id: (35, 1)
 OUTGOING DEPENDENCIES:
  dep: (35, 1) -> (46, 0);  time 0 -> 0
4:8000:4:[0,8000)
 INCOMING DEPENDENCIES:
  dep: (36, 0) -> (35, 1);  time 10305 -> 0
4:8000:4:[0,800)
  dep: (37, 0) -> (35, 1);  time 10305 -> 0
4:8000:4:[800,1600)
  dep: (38, 0) -> (35, 1);  time 10305 -> 0
4:8000:4:[1600,2400)
  dep: (39, 0) -> (35, 1);  time 10305 -> 0
4:8000:4:[2400,3200)
  dep: (40, 0) -> (35, 1);  time 10305 -> 0
4:8000:4:[3200,4000)
  dep: (41, 0) -> (35, 1);  time 10305 -> 0
4:8000:4:[4000,4800)
  dep: (42, 0) -> (35, 1);  time 10305 -> 0
4:8000:4:[4800,5600)
  dep: (43, 0) -> (35, 1);  time 10305 -> 0
4:8000:4:[5600,6400)
  dep: (44, 0) -> (35, 1);  time 10305 -> 0
4:8000:4:[6400,7200)
  dep: (45, 0) -> (35, 1);  time 10305 -> 0
4:8000:4:[7200,8000)
printing dependencies for unit id: (36, 0)
 OUTGOING DEPENDENCIES:
  dep: (36, 0) -> (35, 1);  time 10305 -> 0
4:8000:4:[0,800)
 INCOMING DEPENDENCIES:
  dep: (35, 0) -> (36, 0);  time 11 -> 0
4:8000:4:[0,800)
14:8:35:[0,8)
10:8:36:[0,8)
11:4:37:[0,4)
printing dependencies for unit id: (37, 0)
 OUTGOING DEPENDENCIES:
  dep: (37, 0) -> (35, 1);  time 10305 -> 0
4:8000:4:[800,1600)
 INCOMING DEPENDENCIES:
  dep: (35, 0) -> (37, 0);  time 19 -> 0
4:8000:4:[800,1600)
14:8:35:[0,8)
10:8:36:[0,8)
11:4:37:[0,4)
printing dependencies for unit id: (38, 0)
 OUTGOING DEPENDENCIES:
  dep: (38, 0) -> (35, 1);  time 10305 -> 0
4:8000:4:[1600,2400)
 INCOMING DEPENDENCIES:
  dep: (35, 0) -> (38, 0);  time 27 -> 0
4:8000:4:[1600,2400)
14:8:35:[0,8)
10:8:36:[0,8)
11:4:37:[0,4)
printing dependencies for unit id: (39, 0)
 OUTGOING DEPENDENCIES:
  dep: (39, 0) -> (35, 1);  time 10305 -> 0
4:8000:4:[2400,3200)
 INCOMING DEPENDENCIES:
  dep: (35, 0) -> (39, 0);  time 35 -> 0
4:8000:4:[2400,3200)
14:8:35:[0,8)
10:8:36:[0,8)
11:4:37:[0,4)
printing dependencies for unit id: (40, 0)
 OUTGOING DEPENDENCIES:
  dep: (40, 0) -> (35, 1);  time 10305 -> 0
4:8000:4:[3200,4000)
 INCOMING DEPENDENCIES:
  dep: (35, 0) -> (40, 0);  time 43 -> 0
4:8000:4:[3200,4000)
14:8:35:[0,8)
10:8:36:[0,8)
11:4:37:[0,4)
printing dependencies for unit id: (41, 0)
 OUTGOING DEPENDENCIES:
  dep: (41, 0) -> (35, 1);  time 10305 -> 0
4:8000:4:[4000,4800)
 INCOMING DEPENDENCIES:
  dep: (35, 0) -> (41, 0);  time 51 -> 0
4:8000:4:[4000,4800)
14:8:35:[0,8)
10:8:36:[0,8)
11:4:37:[0,4)
printing dependencies for unit id: (42, 0)
 OUTGOING DEPENDENCIES:
  dep: (42, 0) -> (35, 1);  time 10305 -> 0
4:8000:4:[4800,5600)
 INCOMING DEPENDENCIES:
  dep: (35, 0) -> (42, 0);  time 59 -> 0
4:8000:4:[4800,5600)
14:8:35:[0,8)
10:8:36:[0,8)
11:4:37:[0,4)
printing dependencies for unit id: (43, 0)
 OUTGOING DEPENDENCIES:
  dep: (43, 0) -> (35, 1);  time 10305 -> 0
4:8000:4:[5600,6400)
 INCOMING DEPENDENCIES:
  dep: (35, 0) -> (43, 0);  time 67 -> 0
4:8000:4:[5600,6400)
14:8:35:[0,8)
10:8:36:[0,8)
11:4:37:[0,4)
printing dependencies for unit id: (44, 0)
 OUTGOING DEPENDENCIES:
  dep: (44, 0) -> (35, 1);  time 10305 -> 0
4:8000:4:[6400,7200)
 INCOMING DEPENDENCIES:
  dep: (35, 0) -> (44, 0);  time 75 -> 0
4:8000:4:[6400,7200)
14:8:35:[0,8)
10:8:36:[0,8)
11:4:37:[0,4)
printing dependencies for unit id: (45, 0)
 OUTGOING DEPENDENCIES:
  dep: (45, 0) -> (35, 1);  time 10305 -> 0
4:8000:4:[7200,8000)
 INCOMING DEPENDENCIES:
  dep: (35, 0) -> (45, 0);  time 83 -> 0
4:8000:4:[7200,8000)
14:8:35:[0,8)
10:8:36:[0,8)
11:4:37:[0,4)
printing dependencies for unit id: (46, 0)
 OUTGOING DEPENDENCIES:
  dep: (46, 0) -> (47, 0);  time 12 -> 0
4:8000:4:[0,800)
10:8:39:[0,8)
15:8:40:[0,8)
11:4:41:[0,4)
  dep: (46, 0) -> (48, 0);  time 20 -> 0
4:8000:4:[800,1600)
10:8:39:[0,8)
15:8:40:[0,8)
11:4:41:[0,4)
  dep: (46, 0) -> (49, 0);  time 28 -> 0
4:8000:4:[1600,2400)
10:8:39:[0,8)
15:8:40:[0,8)
11:4:41:[0,4)
  dep: (46, 0) -> (50, 0);  time 36 -> 0
4:8000:4:[2400,3200)
10:8:39:[0,8)
15:8:40:[0,8)
11:4:41:[0,4)
  dep: (46, 0) -> (51, 0);  time 44 -> 0
4:8000:4:[3200,4000)
10:8:39:[0,8)
15:8:40:[0,8)
11:4:41:[0,4)
  dep: (46, 0) -> (52, 0);  time 52 -> 0
4:8000:4:[4000,4800)
10:8:39:[0,8)
15:8:40:[0,8)
11:4:41:[0,4)
  dep: (46, 0) -> (53, 0);  time 60 -> 0
4:8000:4:[4800,5600)
10:8:39:[0,8)
15:8:40:[0,8)
11:4:41:[0,4)
  dep: (46, 0) -> (54, 0);  time 68 -> 0
4:8000:4:[5600,6400)
10:8:39:[0,8)
15:8:40:[0,8)
11:4:41:[0,4)
  dep: (46, 0) -> (55, 0);  time 76 -> 0
4:8000:4:[6400,7200)
10:8:39:[0,8)
15:8:40:[0,8)
11:4:41:[0,4)
  dep: (46, 0) -> (56, 0);  time 84 -> 0
4:8000:4:[7200,8000)
10:8:39:[0,8)
15:8:40:[0,8)
11:4:41:[0,4)
 INCOMING DEPENDENCIES:
  dep: (0, 0) -> (46, 0);  time 88 -> 0
  dep: (35, 1) -> (46, 0);  time 0 -> 0
4:8000:4:[0,8000)
printing dependencies for unit id: (46, 1)
 OUTGOING DEPENDENCIES:
  dep: (46, 1) -> (57, 0);  time 0 -> 0
0:8000:0:[0,8000)
 INCOMING DEPENDENCIES:
  dep: (47, 0) -> (46, 1);  time 5735 -> 0
0:8000:0:[0,8)[80,88)[160,168)[240,248)[320,328)[400,408)[480,488)[560,568)[640,648)[720,728)[800,808)[880,888)[960,968)[1040,1048)[1120,1128)[1200,1208)[1280,1288)[1360,1368)[1440,1448)[1520,1528)[1600,1608)[1680,1688)[1760,1768)[1840,1848)[1920,1928)[2000,2008)[2080,2088)[2160,2168)[2240,2248)[2320,2328)[2400,2408)[2480,2488)[2560,2568)[2640,2648)[2720,2728)[2800,2808)[2880,2888)[2960,2968)[3040,3048)[3120,3128)[3200,3208)[3280,3288)[3360,3368)[3440,3448)[3520,3528)[3600,3608)[3680,3688)[3760,3768)[3840,3848)[3920,3928)[4000,4008)[4080,4088)[4160,4168)[4240,4248)[4320,4328)[4400,4408)[4480,4488)[4560,4568)[4640,4648)[4720,4728)[4800,4808)[4880,4888)[4960,4968)[5040,5048)[5120,5128)[5200,5208)[5280,5288)[5360,5368)[5440,5448)[5520,5528)[5600,5608)[5680,5688)[5760,5768)[5840,5848)[5920,5928)[6000,6008)[6080,6088)[6160,6168)[6240,6248)[6320,6328)[6400,6408)[6480,6488)[6560,6568)[6640,6648)[6720,6728)[6800,6808)[6880,6888)[6960,6968)[7040,7048)[7120,7128)[7200,7208)[7280,7288)[7360,7368)[7440,7448)[7520,7528)[7600,7608)[7680,7688)[7760,7768)[7840,7848)[7920,7928)
  dep: (48, 0) -> (46, 1);  time 5735 -> 0
0:8000:0:[8,16)[88,96)[168,176)[248,256)[328,336)[408,416)[488,496)[568,576)[648,656)[728,736)[808,816)[888,896)[968,976)[1048,1056)[1128,1136)[1208,1216)[1288,1296)[1368,1376)[1448,1456)[1528,1536)[1608,1616)[1688,1696)[1768,1776)[1848,1856)[1928,1936)[2008,2016)[2088,2096)[2168,2176)[2248,2256)[2328,2336)[2408,2416)[2488,2496)[2568,2576)[2648,2656)[2728,2736)[2808,2816)[2888,2896)[2968,2976)[3048,3056)[3128,3136)[3208,3216)[3288,3296)[3368,3376)[3448,3456)[3528,3536)[3608,3616)[3688,3696)[3768,3776)[3848,3856)[3928,3936)[4008,4016)[4088,4096)[4168,4176)[4248,4256)[4328,4336)[4408,4416)[4488,4496)[4568,4576)[4648,4656)[4728,4736)[4808,4816)[4888,4896)[4968,4976)[5048,5056)[5128,5136)[5208,5216)[5288,5296)[5368,5376)[5448,5456)[5528,5536)[5608,5616)[5688,5696)[5768,5776)[5848,5856)[5928,5936)[6008,6016)[6088,6096)[6168,6176)[6248,6256)[6328,6336)[6408,6416)[6488,6496)[6568,6576)[6648,6656)[6728,6736)[6808,6816)[6888,6896)[6968,6976)[7048,7056)[7128,7136)[7208,7216)[7288,7296)[7368,7376)[7448,7456)[7528,7536)[7608,7616)[7688,7696)[7768,7776)[7848,7856)[7928,7936)
  dep: (49, 0) -> (46, 1);  time 5735 -> 0
0:8000:0:[16,24)[96,104)[176,184)[256,264)[336,344)[416,424)[496,504)[576,584)[656,664)[736,744)[816,824)[896,904)[976,984)[1056,1064)[1136,1144)[1216,1224)[1296,1304)[1376,1384)[1456,1464)[1536,1544)[1616,1624)[1696,1704)[1776,1784)[1856,1864)[1936,1944)[2016,2024)[2096,2104)[2176,2184)[2256,2264)[2336,2344)[2416,2424)[2496,2504)[2576,2584)[2656,2664)[2736,2744)[2816,2824)[2896,2904)[2976,2984)[3056,3064)[3136,3144)[3216,3224)[3296,3304)[3376,3384)[3456,3464)[3536,3544)[3616,3624)[3696,3704)[3776,3784)[3856,3864)[3936,3944)[4016,4024)[4096,4104)[4176,4184)[4256,4264)[4336,4344)[4416,4424)[4496,4504)[4576,4584)[4656,4664)[4736,4744)[4816,4824)[4896,4904)[4976,4984)[5056,5064)[5136,5144)[5216,5224)[5296,5304)[5376,5384)[5456,5464)[5536,5544)[5616,5624)[5696,5704)[5776,5784)[5856,5864)[5936,5944)[6016,6024)[6096,6104)[6176,6184)[6256,6264)[6336,6344)[6416,6424)[6496,6504)[6576,6584)[6656,6664)[6736,6744)[6816,6824)[6896,6904)[6976,6984)[7056,7064)[7136,7144)[7216,7224)[7296,7304)[7376,7384)[7456,7464)[7536,7544)[7616,7624)[7696,7704)[7776,7784)[7856,7864)[7936,7944)
  dep: (50, 0) -> (46, 1);  time 5735 -> 0
0:8000:0:[24,32)[104,112)[184,192)[264,272)[344,352)[424,432)[504,512)[584,592)[664,672)[744,752)[824,832)[904,912)[984,992)[1064,1072)[1144,1152)[1224,1232)[1304,1312)[1384,1392)[1464,1472)[1544,1552)[1624,1632)[1704,1712)[1784,1792)[1864,1872)[1944,1952)[2024,2032)[2104,2112)[2184,2192)[2264,2272)[2344,2352)[2424,2432)[2504,2512)[2584,2592)[2664,2672)[2744,2752)[2824,2832)[2904,2912)[2984,2992)[3064,3072)[3144,3152)[3224,3232)[3304,3312)[3384,3392)[3464,3472)[3544,3552)[3624,3632)[3704,3712)[3784,3792)[3864,3872)[3944,3952)[4024,4032)[4104,4112)[4184,4192)[4264,4272)[4344,4352)[4424,4432)[4504,4512)[4584,4592)[4664,4672)[4744,4752)[4824,4832)[4904,4912)[4984,4992)[5064,5072)[5144,5152)[5224,5232)[5304,5312)[5384,5392)[5464,5472)[5544,5552)[5624,5632)[5704,5712)[5784,5792)[5864,5872)[5944,5952)[6024,6032)[6104,6112)[6184,6192)[6264,6272)[6344,6352)[6424,6432)[6504,6512)[6584,6592)[6664,6672)[6744,6752)[6824,6832)[6904,6912)[6984,6992)[7064,7072)[7144,7152)[7224,7232)[7304,7312)[7384,7392)[7464,7472)[7544,7552)[7624,7632)[7704,7712)[7784,7792)[7864,7872)[7944,7952)
  dep: (51, 0) -> (46, 1);  time 5735 -> 0
0:8000:0:[32,40)[112,120)[192,200)[272,280)[352,360)[432,440)[512,520)[592,600)[672,680)[752,760)[832,840)[912,920)[992,1000)[1072,1080)[1152,1160)[1232,1240)[1312,1320)[1392,1400)[1472,1480)[1552,1560)[1632,1640)[1712,1720)[1792,1800)[1872,1880)[1952,1960)[2032,2040)[2112,2120)[2192,2200)[2272,2280)[2352,2360)[2432,2440)[2512,2520)[2592,2600)[2672,2680)[2752,2760)[2832,2840)[2912,2920)[2992,3000)[3072,3080)[3152,3160)[3232,3240)[3312,3320)[3392,3400)[3472,3480)[3552,3560)[3632,3640)[3712,3720)[3792,3800)[3872,3880)[3952,3960)[4032,4040)[4112,4120)[4192,4200)[4272,4280)[4352,4360)[4432,4440)[4512,4520)[4592,4600)[4672,4680)[4752,4760)[4832,4840)[4912,4920)[4992,5000)[5072,5080)[5152,5160)[5232,5240)[5312,5320)[5392,5400)[5472,5480)[5552,5560)[5632,5640)[5712,5720)[5792,5800)[5872,5880)[5952,5960)[6032,6040)[6112,6120)[6192,6200)[6272,6280)[6352,6360)[6432,6440)[6512,6520)[6592,6600)[6672,6680)[6752,6760)[6832,6840)[6912,6920)[6992,7000)[7072,7080)[7152,7160)[7232,7240)[7312,7320)[7392,7400)[7472,7480)[7552,7560)[7632,7640)[7712,7720)[7792,7800)[7872,7880)[7952,7960)
  dep: (52, 0) -> (46, 1);  time 5735 -> 0
0:8000:0:[40,48)[120,128)[200,208)[280,288)[360,368)[440,448)[520,528)[600,608)[680,688)[760,768)[840,848)[920,928)[1000,1008)[1080,1088)[1160,1168)[1240,1248)[1320,1328)[1400,1408)[1480,1488)[1560,1568)[1640,1648)[1720,1728)[1800,1808)[1880,1888)[1960,1968)[2040,2048)[2120,2128)[2200,2208)[2280,2288)[2360,2368)[2440,2448)[2520,2528)[2600,2608)[2680,2688)[2760,2768)[2840,2848)[2920,2928)[3000,3008)[3080,3088)[3160,3168)[3240,3248)[3320,3328)[3400,3408)[3480,3488)[3560,3568)[3640,3648)[3720,3728)[3800,3808)[3880,3888)[3960,3968)[4040,4048)[4120,4128)[4200,4208)[4280,4288)[4360,4368)[4440,4448)[4520,4528)[4600,4608)[4680,4688)[4760,4768)[4840,4848)[4920,4928)[5000,5008)[5080,5088)[5160,5168)[5240,5248)[5320,5328)[5400,5408)[5480,5488)[5560,5568)[5640,5648)[5720,5728)[5800,5808)[5880,5888)[5960,5968)[6040,6048)[6120,6128)[6200,6208)[6280,6288)[6360,6368)[6440,6448)[6520,6528)[6600,6608)[6680,6688)[6760,6768)[6840,6848)[6920,6928)[7000,7008)[7080,7088)[7160,7168)[7240,7248)[7320,7328)[7400,7408)[7480,7488)[7560,7568)[7640,7648)[7720,7728)[7800,7808)[7880,7888)[7960,7968)
  dep: (53, 0) -> (46, 1);  time 5735 -> 0
0:8000:0:[48,56)[128,136)[208,216)[288,296)[368,376)[448,456)[528,536)[608,616)[688,696)[768,776)[848,856)[928,936)[1008,1016)[1088,1096)[1168,1176)[1248,1256)[1328,1336)[1408,1416)[1488,1496)[1568,1576)[1648,1656)[1728,1736)[1808,1816)[1888,1896)[1968,1976)[2048,2056)[2128,2136)[2208,2216)[2288,2296)[2368,2376)[2448,2456)[2528,2536)[2608,2616)[2688,2696)[2768,2776)[2848,2856)[2928,2936)[3008,3016)[3088,3096)[3168,3176)[3248,3256)[3328,3336)[3408,3416)[3488,3496)[3568,3576)[3648,3656)[3728,3736)[3808,3816)[3888,3896)[3968,3976)[4048,4056)[4128,4136)[4208,4216)[4288,4296)[4368,4376)[4448,4456)[4528,4536)[4608,4616)[4688,4696)[4768,4776)[4848,4856)[4928,4936)[5008,5016)[5088,5096)[5168,5176)[5248,5256)[5328,5336)[5408,5416)[5488,5496)[5568,5576)[5648,5656)[5728,5736)[5808,5816)[5888,5896)[5968,5976)[6048,6056)[6128,6136)[6208,6216)[6288,6296)[6368,6376)[6448,6456)[6528,6536)[6608,6616)[6688,6696)[6768,6776)[6848,6856)[6928,6936)[7008,7016)[7088,7096)[7168,7176)[7248,7256)[7328,7336)[7408,7416)[7488,7496)[7568,7576)[7648,7656)[7728,7736)[7808,7816)[7888,7896)[7968,7976)
  dep: (54, 0) -> (46, 1);  time 5735 -> 0
0:8000:0:[56,64)[136,144)[216,224)[296,304)[376,384)[456,464)[536,544)[616,624)[696,704)[776,784)[856,864)[936,944)[1016,1024)[1096,1104)[1176,1184)[1256,1264)[1336,1344)[1416,1424)[1496,1504)[1576,1584)[1656,1664)[1736,1744)[1816,1824)[1896,1904)[1976,1984)[2056,2064)[2136,2144)[2216,2224)[2296,2304)[2376,2384)[2456,2464)[2536,2544)[2616,2624)[2696,2704)[2776,2784)[2856,2864)[2936,2944)[3016,3024)[3096,3104)[3176,3184)[3256,3264)[3336,3344)[3416,3424)[3496,3504)[3576,3584)[3656,3664)[3736,3744)[3816,3824)[3896,3904)[3976,3984)[4056,4064)[4136,4144)[4216,4224)[4296,4304)[4376,4384)[4456,4464)[4536,4544)[4616,4624)[4696,4704)[4776,4784)[4856,4864)[4936,4944)[5016,5024)[5096,5104)[5176,5184)[5256,5264)[5336,5344)[5416,5424)[5496,5504)[5576,5584)[5656,5664)[5736,5744)[5816,5824)[5896,5904)[5976,5984)[6056,6064)[6136,6144)[6216,6224)[6296,6304)[6376,6384)[6456,6464)[6536,6544)[6616,6624)[6696,6704)[6776,6784)[6856,6864)[6936,6944)[7016,7024)[7096,7104)[7176,7184)[7256,7264)[7336,7344)[7416,7424)[7496,7504)[7576,7584)[7656,7664)[7736,7744)[7816,7824)[7896,7904)[7976,7984)
  dep: (55, 0) -> (46, 1);  time 5735 -> 0
0:8000:0:[64,72)[144,152)[224,232)[304,312)[384,392)[464,472)[544,552)[624,632)[704,712)[784,792)[864,872)[944,952)[1024,1032)[1104,1112)[1184,1192)[1264,1272)[1344,1352)[1424,1432)[1504,1512)[1584,1592)[1664,1672)[1744,1752)[1824,1832)[1904,1912)[1984,1992)[2064,2072)[2144,2152)[2224,2232)[2304,2312)[2384,2392)[2464,2472)[2544,2552)[2624,2632)[2704,2712)[2784,2792)[2864,2872)[2944,2952)[3024,3032)[3104,3112)[3184,3192)[3264,3272)[3344,3352)[3424,3432)[3504,3512)[3584,3592)[3664,3672)[3744,3752)[3824,3832)[3904,3912)[3984,3992)[4064,4072)[4144,4152)[4224,4232)[4304,4312)[4384,4392)[4464,4472)[4544,4552)[4624,4632)[4704,4712)[4784,4792)[4864,4872)[4944,4952)[5024,5032)[5104,5112)[5184,5192)[5264,5272)[5344,5352)[5424,5432)[5504,5512)[5584,5592)[5664,5672)[5744,5752)[5824,5832)[5904,5912)[5984,5992)[6064,6072)[6144,6152)[6224,6232)[6304,6312)[6384,6392)[6464,6472)[6544,6552)[6624,6632)[6704,6712)[6784,6792)[6864,6872)[6944,6952)[7024,7032)[7104,7112)[7184,7192)[7264,7272)[7344,7352)[7424,7432)[7504,7512)[7584,7592)[7664,7672)[7744,7752)[7824,7832)[7904,7912)[7984,7992)
  dep: (56, 0) -> (46, 1);  time 5735 -> 0
0:8000:0:[72,80)[152,160)[232,240)[312,320)[392,400)[472,480)[552,560)[632,640)[712,720)[792,800)[872,880)[952,960)[1032,1040)[1112,1120)[1192,1200)[1272,1280)[1352,1360)[1432,1440)[1512,1520)[1592,1600)[1672,1680)[1752,1760)[1832,1840)[1912,1920)[1992,2000)[2072,2080)[2152,2160)[2232,2240)[2312,2320)[2392,2400)[2472,2480)[2552,2560)[2632,2640)[2712,2720)[2792,2800)[2872,2880)[2952,2960)[3032,3040)[3112,3120)[3192,3200)[3272,3280)[3352,3360)[3432,3440)[3512,3520)[3592,3600)[3672,3680)[3752,3760)[3832,3840)[3912,3920)[3992,4000)[4072,4080)[4152,4160)[4232,4240)[4312,4320)[4392,4400)[4472,4480)[4552,4560)[4632,4640)[4712,4720)[4792,4800)[4872,4880)[4952,4960)[5032,5040)[5112,5120)[5192,5200)[5272,5280)[5352,5360)[5432,5440)[5512,5520)[5592,5600)[5672,5680)[5752,5760)[5832,5840)[5912,5920)[5992,6000)[6072,6080)[6152,6160)[6232,6240)[6312,6320)[6392,6400)[6472,6480)[6552,6560)[6632,6640)[6712,6720)[6792,6800)[6872,6880)[6952,6960)[7032,7040)[7112,7120)[7192,7200)[7272,7280)[7352,7360)[7432,7440)[7512,7520)[7592,7600)[7672,7680)[7752,7760)[7832,7840)[7912,7920)[7992,8000)
printing dependencies for unit id: (47, 0)
 OUTGOING DEPENDENCIES:
  dep: (47, 0) -> (46, 1);  time 5735 -> 0
0:8000:0:[0,8)[80,88)[160,168)[240,248)[320,328)[400,408)[480,488)[560,568)[640,648)[720,728)[800,808)[880,888)[960,968)[1040,1048)[1120,1128)[1200,1208)[1280,1288)[1360,1368)[1440,1448)[1520,1528)[1600,1608)[1680,1688)[1760,1768)[1840,1848)[1920,1928)[2000,2008)[2080,2088)[2160,2168)[2240,2248)[2320,2328)[2400,2408)[2480,2488)[2560,2568)[2640,2648)[2720,2728)[2800,2808)[2880,2888)[2960,2968)[3040,3048)[3120,3128)[3200,3208)[3280,3288)[3360,3368)[3440,3448)[3520,3528)[3600,3608)[3680,3688)[3760,3768)[3840,3848)[3920,3928)[4000,4008)[4080,4088)[4160,4168)[4240,4248)[4320,4328)[4400,4408)[4480,4488)[4560,4568)[4640,4648)[4720,4728)[4800,4808)[4880,4888)[4960,4968)[5040,5048)[5120,5128)[5200,5208)[5280,5288)[5360,5368)[5440,5448)[5520,5528)[5600,5608)[5680,5688)[5760,5768)[5840,5848)[5920,5928)[6000,6008)[6080,6088)[6160,6168)[6240,6248)[6320,6328)[6400,6408)[6480,6488)[6560,6568)[6640,6648)[6720,6728)[6800,6808)[6880,6888)[6960,6968)[7040,7048)[7120,7128)[7200,7208)[7280,7288)[7360,7368)[7440,7448)[7520,7528)[7600,7608)[7680,7688)[7760,7768)[7840,7848)[7920,7928)
 INCOMING DEPENDENCIES:
  dep: (46, 0) -> (47, 0);  time 12 -> 0
4:8000:4:[0,800)
10:8:39:[0,8)
15:8:40:[0,8)
11:4:41:[0,4)
printing dependencies for unit id: (48, 0)
 OUTGOING DEPENDENCIES:
  dep: (48, 0) -> (46, 1);  time 5735 -> 0
0:8000:0:[8,16)[88,96)[168,176)[248,256)[328,336)[408,416)[488,496)[568,576)[648,656)[728,736)[808,816)[888,896)[968,976)[1048,1056)[1128,1136)[1208,1216)[1288,1296)[1368,1376)[1448,1456)[1528,1536)[1608,1616)[1688,1696)[1768,1776)[1848,1856)[1928,1936)[2008,2016)[2088,2096)[2168,2176)[2248,2256)[2328,2336)[2408,2416)[2488,2496)[2568,2576)[2648,2656)[2728,2736)[2808,2816)[2888,2896)[2968,2976)[3048,3056)[3128,3136)[3208,3216)[3288,3296)[3368,3376)[3448,3456)[3528,3536)[3608,3616)[3688,3696)[3768,3776)[3848,3856)[3928,3936)[4008,4016)[4088,4096)[4168,4176)[4248,4256)[4328,4336)[4408,4416)[4488,4496)[4568,4576)[4648,4656)[4728,4736)[4808,4816)[4888,4896)[4968,4976)[5048,5056)[5128,5136)[5208,5216)[5288,5296)[5368,5376)[5448,5456)[5528,5536)[5608,5616)[5688,5696)[5768,5776)[5848,5856)[5928,5936)[6008,6016)[6088,6096)[6168,6176)[6248,6256)[6328,6336)[6408,6416)[6488,6496)[6568,6576)[6648,6656)[6728,6736)[6808,6816)[6888,6896)[6968,6976)[7048,7056)[7128,7136)[7208,7216)[7288,7296)[7368,7376)[7448,7456)[7528,7536)[7608,7616)[7688,7696)[7768,7776)[7848,7856)[7928,7936)
 INCOMING DEPENDENCIES:
  dep: (46, 0) -> (48, 0);  time 20 -> 0
4:8000:4:[800,1600)
10:8:39:[0,8)
15:8:40:[0,8)
11:4:41:[0,4)
printing dependencies for unit id: (49, 0)
 OUTGOING DEPENDENCIES:
  dep: (49, 0) -> (46, 1);  time 5735 -> 0
0:8000:0:[16,24)[96,104)[176,184)[256,264)[336,344)[416,424)[496,504)[576,584)[656,664)[736,744)[816,824)[896,904)[976,984)[1056,1064)[1136,1144)[1216,1224)[1296,1304)[1376,1384)[1456,1464)[1536,1544)[1616,1624)[1696,1704)[1776,1784)[1856,1864)[1936,1944)[2016,2024)[2096,2104)[2176,2184)[2256,2264)[2336,2344)[2416,2424)[2496,2504)[2576,2584)[2656,2664)[2736,2744)[2816,2824)[2896,2904)[2976,2984)[3056,3064)[3136,3144)[3216,3224)[3296,3304)[3376,3384)[3456,3464)[3536,3544)[3616,3624)[3696,3704)[3776,3784)[3856,3864)[3936,3944)[4016,4024)[4096,4104)[4176,4184)[4256,4264)[4336,4344)[4416,4424)[4496,4504)[4576,4584)[4656,4664)[4736,4744)[4816,4824)[4896,4904)[4976,4984)[5056,5064)[5136,5144)[5216,5224)[5296,5304)[5376,5384)[5456,5464)[5536,5544)[5616,5624)[5696,5704)[5776,5784)[5856,5864)[5936,5944)[6016,6024)[6096,6104)[6176,6184)[6256,6264)[6336,6344)[6416,6424)[6496,6504)[6576,6584)[6656,6664)[6736,6744)[6816,6824)[6896,6904)[6976,6984)[7056,7064)[7136,7144)[7216,7224)[7296,7304)[7376,7384)[7456,7464)[7536,7544)[7616,7624)[7696,7704)[7776,7784)[7856,7864)[7936,7944)
 INCOMING DEPENDENCIES:
  dep: (46, 0) -> (49, 0);  time 28 -> 0
4:8000:4:[1600,2400)
10:8:39:[0,8)
15:8:40:[0,8)
11:4:41:[0,4)
printing dependencies for unit id: (50, 0)
 OUTGOING DEPENDENCIES:
  dep: (50, 0) -> (46, 1);  time 5735 -> 0
0:8000:0:[24,32)[104,112)[184,192)[264,272)[344,352)[424,432)[504,512)[584,592)[664,672)[744,752)[824,832)[904,912)[984,992)[1064,1072)[1144,1152)[1224,1232)[1304,1312)[1384,1392)[1464,1472)[1544,1552)[1624,1632)[1704,1712)[1784,1792)[1864,1872)[1944,1952)[2024,2032)[2104,2112)[2184,2192)[2264,2272)[2344,2352)[2424,2432)[2504,2512)[2584,2592)[2664,2672)[2744,2752)[2824,2832)[2904,2912)[2984,2992)[3064,3072)[3144,3152)[3224,3232)[3304,3312)[3384,3392)[3464,3472)[3544,3552)[3624,3632)[3704,3712)[3784,3792)[3864,3872)[3944,3952)[4024,4032)[4104,4112)[4184,4192)[4264,4272)[4344,4352)[4424,4432)[4504,4512)[4584,4592)[4664,4672)[4744,4752)[4824,4832)[4904,4912)[4984,4992)[5064,5072)[5144,5152)[5224,5232)[5304,5312)[5384,5392)[5464,5472)[5544,5552)[5624,5632)[5704,5712)[5784,5792)[5864,5872)[5944,5952)[6024,6032)[6104,6112)[6184,6192)[6264,6272)[6344,6352)[6424,6432)[6504,6512)[6584,6592)[6664,6672)[6744,6752)[6824,6832)[6904,6912)[6984,6992)[7064,7072)[7144,7152)[7224,7232)[7304,7312)[7384,7392)[7464,7472)[7544,7552)[7624,7632)[7704,7712)[7784,7792)[7864,7872)[7944,7952)
 INCOMING DEPENDENCIES:
  dep: (46, 0) -> (50, 0);  time 36 -> 0
4:8000:4:[2400,3200)
10:8:39:[0,8)
15:8:40:[0,8)
11:4:41:[0,4)
printing dependencies for unit id: (51, 0)
 OUTGOING DEPENDENCIES:
  dep: (51, 0) -> (46, 1);  time 5735 -> 0
0:8000:0:[32,40)[112,120)[192,200)[272,280)[352,360)[432,440)[512,520)[592,600)[672,680)[752,760)[832,840)[912,920)[992,1000)[1072,1080)[1152,1160)[1232,1240)[1312,1320)[1392,1400)[1472,1480)[1552,1560)[1632,1640)[1712,1720)[1792,1800)[1872,1880)[1952,1960)[2032,2040)[2112,2120)[2192,2200)[2272,2280)[2352,2360)[2432,2440)[2512,2520)[2592,2600)[2672,2680)[2752,2760)[2832,2840)[2912,2920)[2992,3000)[3072,3080)[3152,3160)[3232,3240)[3312,3320)[3392,3400)[3472,3480)[3552,3560)[3632,3640)[3712,3720)[3792,3800)[3872,3880)[3952,3960)[4032,4040)[4112,4120)[4192,4200)[4272,4280)[4352,4360)[4432,4440)[4512,4520)[4592,4600)[4672,4680)[4752,4760)[4832,4840)[4912,4920)[4992,5000)[5072,5080)[5152,5160)[5232,5240)[5312,5320)[5392,5400)[5472,5480)[5552,5560)[5632,5640)[5712,5720)[5792,5800)[5872,5880)[5952,5960)[6032,6040)[6112,6120)[6192,6200)[6272,6280)[6352,6360)[6432,6440)[6512,6520)[6592,6600)[6672,6680)[6752,6760)[6832,6840)[6912,6920)[6992,7000)[7072,7080)[7152,7160)[7232,7240)[7312,7320)[7392,7400)[7472,7480)[7552,7560)[7632,7640)[7712,7720)[7792,7800)[7872,7880)[7952,7960)
 INCOMING DEPENDENCIES:
  dep: (46, 0) -> (51, 0);  time 44 -> 0
4:8000:4:[3200,4000)
10:8:39:[0,8)
15:8:40:[0,8)
11:4:41:[0,4)
printing dependencies for unit id: (52, 0)
 OUTGOING DEPENDENCIES:
  dep: (52, 0) -> (46, 1);  time 5735 -> 0
0:8000:0:[40,48)[120,128)[200,208)[280,288)[360,368)[440,448)[520,528)[600,608)[680,688)[760,768)[840,848)[920,928)[1000,1008)[1080,1088)[1160,1168)[1240,1248)[1320,1328)[1400,1408)[1480,1488)[1560,1568)[1640,1648)[1720,1728)[1800,1808)[1880,1888)[1960,1968)[2040,2048)[2120,2128)[2200,2208)[2280,2288)[2360,2368)[2440,2448)[2520,2528)[2600,2608)[2680,2688)[2760,2768)[2840,2848)[2920,2928)[3000,3008)[3080,3088)[3160,3168)[3240,3248)[3320,3328)[3400,3408)[3480,3488)[3560,3568)[3640,3648)[3720,3728)[3800,3808)[3880,3888)[3960,3968)[4040,4048)[4120,4128)[4200,4208)[4280,4288)[4360,4368)[4440,4448)[4520,4528)[4600,4608)[4680,4688)[4760,4768)[4840,4848)[4920,4928)[5000,5008)[5080,5088)[5160,5168)[5240,5248)[5320,5328)[5400,5408)[5480,5488)[5560,5568)[5640,5648)[5720,5728)[5800,5808)[5880,5888)[5960,5968)[6040,6048)[6120,6128)[6200,6208)[6280,6288)[6360,6368)[6440,6448)[6520,6528)[6600,6608)[6680,6688)[6760,6768)[6840,6848)[6920,6928)[7000,7008)[7080,7088)[7160,7168)[7240,7248)[7320,7328)[7400,7408)[7480,7488)[7560,7568)[7640,7648)[7720,7728)[7800,7808)[7880,7888)[7960,7968)
 INCOMING DEPENDENCIES:
  dep: (46, 0) -> (52, 0);  time 52 -> 0
4:8000:4:[4000,4800)
10:8:39:[0,8)
15:8:40:[0,8)
11:4:41:[0,4)
printing dependencies for unit id: (53, 0)
 OUTGOING DEPENDENCIES:
  dep: (53, 0) -> (46, 1);  time 5735 -> 0
0:8000:0:[48,56)[128,136)[208,216)[288,296)[368,376)[448,456)[528,536)[608,616)[688,696)[768,776)[848,856)[928,936)[1008,1016)[1088,1096)[1168,1176)[1248,1256)[1328,1336)[1408,1416)[1488,1496)[1568,1576)[1648,1656)[1728,1736)[1808,1816)[1888,1896)[1968,1976)[2048,2056)[2128,2136)[2208,2216)[2288,2296)[2368,2376)[2448,2456)[2528,2536)[2608,2616)[2688,2696)[2768,2776)[2848,2856)[2928,2936)[3008,3016)[3088,3096)[3168,3176)[3248,3256)[3328,3336)[3408,3416)[3488,3496)[3568,3576)[3648,3656)[3728,3736)[3808,3816)[3888,3896)[3968,3976)[4048,4056)[4128,4136)[4208,4216)[4288,4296)[4368,4376)[4448,4456)[4528,4536)[4608,4616)[4688,4696)[4768,4776)[4848,4856)[4928,4936)[5008,5016)[5088,5096)[5168,5176)[5248,5256)[5328,5336)[5408,5416)[5488,5496)[5568,5576)[5648,5656)[5728,5736)[5808,5816)[5888,5896)[5968,5976)[6048,6056)[6128,6136)[6208,6216)[6288,6296)[6368,6376)[6448,6456)[6528,6536)[6608,6616)[6688,6696)[6768,6776)[6848,6856)[6928,6936)[7008,7016)[7088,7096)[7168,7176)[7248,7256)[7328,7336)[7408,7416)[7488,7496)[7568,7576)[7648,7656)[7728,7736)[7808,7816)[7888,7896)[7968,7976)
 INCOMING DEPENDENCIES:
  dep: (46, 0) -> (53, 0);  time 60 -> 0
4:8000:4:[4800,5600)
10:8:39:[0,8)
15:8:40:[0,8)
11:4:41:[0,4)
printing dependencies for unit id: (54, 0)
 OUTGOING DEPENDENCIES:
  dep: (54, 0) -> (46, 1);  time 5735 -> 0
0:8000:0:[56,64)[136,144)[216,224)[296,304)[376,384)[456,464)[536,544)[616,624)[696,704)[776,784)[856,864)[936,944)[1016,1024)[1096,1104)[1176,1184)[1256,1264)[1336,1344)[1416,1424)[1496,1504)[1576,1584)[1656,1664)[1736,1744)[1816,1824)[1896,1904)[1976,1984)[2056,2064)[2136,2144)[2216,2224)[2296,2304)[2376,2384)[2456,2464)[2536,2544)[2616,2624)[2696,2704)[2776,2784)[2856,2864)[2936,2944)[3016,3024)[3096,3104)[3176,3184)[3256,3264)[3336,3344)[3416,3424)[3496,3504)[3576,3584)[3656,3664)[3736,3744)[3816,3824)[3896,3904)[3976,3984)[4056,4064)[4136,4144)[4216,4224)[4296,4304)[4376,4384)[4456,4464)[4536,4544)[4616,4624)[4696,4704)[4776,4784)[4856,4864)[4936,4944)[5016,5024)[5096,5104)[5176,5184)[5256,5264)[5336,5344)[5416,5424)[5496,5504)[5576,5584)[5656,5664)[5736,5744)[5816,5824)[5896,5904)[5976,5984)[6056,6064)[6136,6144)[6216,6224)[6296,6304)[6376,6384)[6456,6464)[6536,6544)[6616,6624)[6696,6704)[6776,6784)[6856,6864)[6936,6944)[7016,7024)[7096,7104)[7176,7184)[7256,7264)[7336,7344)[7416,7424)[7496,7504)[7576,7584)[7656,7664)[7736,7744)[7816,7824)[7896,7904)[7976,7984)
 INCOMING DEPENDENCIES:
  dep: (46, 0) -> (54, 0);  time 68 -> 0
4:8000:4:[5600,6400)
10:8:39:[0,8)
15:8:40:[0,8)
11:4:41:[0,4)
printing dependencies for unit id: (55, 0)
 OUTGOING DEPENDENCIES:
  dep: (55, 0) -> (46, 1);  time 5735 -> 0
0:8000:0:[64,72)[144,152)[224,232)[304,312)[384,392)[464,472)[544,552)[624,632)[704,712)[784,792)[864,872)[944,952)[1024,1032)[1104,1112)[1184,1192)[1264,1272)[1344,1352)[1424,1432)[1504,1512)[1584,1592)[1664,1672)[1744,1752)[1824,1832)[1904,1912)[1984,1992)[2064,2072)[2144,2152)[2224,2232)[2304,2312)[2384,2392)[2464,2472)[2544,2552)[2624,2632)[2704,2712)[2784,2792)[2864,2872)[2944,2952)[3024,3032)[3104,3112)[3184,3192)[3264,3272)[3344,3352)[3424,3432)[3504,3512)[3584,3592)[3664,3672)[3744,3752)[3824,3832)[3904,3912)[3984,3992)[4064,4072)[4144,4152)[4224,4232)[4304,4312)[4384,4392)[4464,4472)[4544,4552)[4624,4632)[4704,4712)[4784,4792)[4864,4872)[4944,4952)[5024,5032)[5104,5112)[5184,5192)[5264,5272)[5344,5352)[5424,5432)[5504,5512)[5584,5592)[5664,5672)[5744,5752)[5824,5832)[5904,5912)[5984,5992)[6064,6072)[6144,6152)[6224,6232)[6304,6312)[6384,6392)[6464,6472)[6544,6552)[6624,6632)[6704,6712)[6784,6792)[6864,6872)[6944,6952)[7024,7032)[7104,7112)[7184,7192)[7264,7272)[7344,7352)[7424,7432)[7504,7512)[7584,7592)[7664,7672)[7744,7752)[7824,7832)[7904,7912)[7984,7992)
 INCOMING DEPENDENCIES:
  dep: (46, 0) -> (55, 0);  time 76 -> 0
4:8000:4:[6400,7200)
10:8:39:[0,8)
15:8:40:[0,8)
11:4:41:[0,4)
printing dependencies for unit id: (56, 0)
 OUTGOING DEPENDENCIES:
  dep: (56, 0) -> (46, 1);  time 5735 -> 0
0:8000:0:[72,80)[152,160)[232,240)[312,320)[392,400)[472,480)[552,560)[632,640)[712,720)[792,800)[872,880)[952,960)[1032,1040)[1112,1120)[1192,1200)[1272,1280)[1352,1360)[1432,1440)[1512,1520)[1592,1600)[1672,1680)[1752,1760)[1832,1840)[1912,1920)[1992,2000)[2072,2080)[2152,2160)[2232,2240)[2312,2320)[2392,2400)[2472,2480)[2552,2560)[2632,2640)[2712,2720)[2792,2800)[2872,2880)[2952,2960)[3032,3040)[3112,3120)[3192,3200)[3272,3280)[3352,3360)[3432,3440)[3512,3520)[3592,3600)[3672,3680)[3752,3760)[3832,3840)[3912,3920)[3992,4000)[4072,4080)[4152,4160)[4232,4240)[4312,4320)[4392,4400)[4472,4480)[4552,4560)[4632,4640)[4712,4720)[4792,4800)[4872,4880)[4952,4960)[5032,5040)[5112,5120)[5192,5200)[5272,5280)[5352,5360)[5432,5440)[5512,5520)[5592,5600)[5672,5680)[5752,5760)[5832,5840)[5912,5920)[5992,6000)[6072,6080)[6152,6160)[6232,6240)[6312,6320)[6392,6400)[6472,6480)[6552,6560)[6632,6640)[6712,6720)[6792,6800)[6872,6880)[6952,6960)[7032,7040)[7112,7120)[7192,7200)[7272,7280)[7352,7360)[7432,7440)[7512,7520)[7592,7600)[7672,7680)[7752,7760)[7832,7840)[7912,7920)[7992,8000)
 INCOMING DEPENDENCIES:
  dep: (46, 0) -> (56, 0);  time 84 -> 0
4:8000:4:[7200,8000)
10:8:39:[0,8)
15:8:40:[0,8)
11:4:41:[0,4)
printing dependencies for unit id: (57, 0)
 OUTGOING DEPENDENCIES:
  dep: (57, 0) -> (58, 0);  time 11 -> 0
0:8000:0:[0,800)
14:8:44:[0,8)
10:8:45:[0,8)
11:4:46:[0,4)
  dep: (57, 0) -> (59, 0);  time 19 -> 0
0:8000:0:[800,1600)
14:8:44:[0,8)
10:8:45:[0,8)
11:4:46:[0,4)
  dep: (57, 0) -> (60, 0);  time 27 -> 0
0:8000:0:[1600,2400)
14:8:44:[0,8)
10:8:45:[0,8)
11:4:46:[0,4)
  dep: (57, 0) -> (61, 0);  time 35 -> 0
0:8000:0:[2400,3200)
14:8:44:[0,8)
10:8:45:[0,8)
11:4:46:[0,4)
  dep: (57, 0) -> (62, 0);  time 43 -> 0
0:8000:0:[3200,4000)
14:8:44:[0,8)
10:8:45:[0,8)
11:4:46:[0,4)
  dep: (57, 0) -> (63, 0);  time 51 -> 0
0:8000:0:[4000,4800)
14:8:44:[0,8)
10:8:45:[0,8)
11:4:46:[0,4)
  dep: (57, 0) -> (64, 0);  time 59 -> 0
0:8000:0:[4800,5600)
14:8:44:[0,8)
10:8:45:[0,8)
11:4:46:[0,4)
  dep: (57, 0) -> (65, 0);  time 67 -> 0
0:8000:0:[5600,6400)
14:8:44:[0,8)
10:8:45:[0,8)
11:4:46:[0,4)
  dep: (57, 0) -> (66, 0);  time 75 -> 0
0:8000:0:[6400,7200)
14:8:44:[0,8)
10:8:45:[0,8)
11:4:46:[0,4)
  dep: (57, 0) -> (67, 0);  time 83 -> 0
0:8000:0:[7200,8000)
14:8:44:[0,8)
10:8:45:[0,8)
11:4:46:[0,4)
 INCOMING DEPENDENCIES:
  dep: (0, 0) -> (57, 0);  time 88 -> 0
  dep: (1, 0) -> (57, 0);  time 14 -> 0
1:8:1:[0,8)
  dep: (46, 1) -> (57, 0);  time 0 -> 0
0:8000:0:[0,8000)
printing dependencies for unit id: (57, 1)
 OUTGOING DEPENDENCIES:
  dep: (57, 1) -> (68, 0);  time 0 -> 0
0:8000:0:[0,8000)
 INCOMING DEPENDENCIES:
  dep: (58, 0) -> (57, 1);  time 10305 -> 0
0:8000:0:[0,800)
  dep: (59, 0) -> (57, 1);  time 10305 -> 0
0:8000:0:[800,1600)
  dep: (60, 0) -> (57, 1);  time 10305 -> 0
0:8000:0:[1600,2400)
  dep: (61, 0) -> (57, 1);  time 10305 -> 0
0:8000:0:[2400,3200)
  dep: (62, 0) -> (57, 1);  time 10305 -> 0
0:8000:0:[3200,4000)
  dep: (63, 0) -> (57, 1);  time 10305 -> 0
0:8000:0:[4000,4800)
  dep: (64, 0) -> (57, 1);  time 10305 -> 0
0:8000:0:[4800,5600)
  dep: (65, 0) -> (57, 1);  time 10305 -> 0
0:8000:0:[5600,6400)
  dep: (66, 0) -> (57, 1);  time 10305 -> 0
0:8000:0:[6400,7200)
  dep: (67, 0) -> (57, 1);  time 10305 -> 0
0:8000:0:[7200,8000)
printing dependencies for unit id: (58, 0)
 OUTGOING DEPENDENCIES:
  dep: (58, 0) -> (57, 1);  time 10305 -> 0
0:8000:0:[0,800)
 INCOMING DEPENDENCIES:
  dep: (57, 0) -> (58, 0);  time 11 -> 0
0:8000:0:[0,800)
14:8:44:[0,8)
10:8:45:[0,8)
11:4:46:[0,4)
printing dependencies for unit id: (59, 0)
 OUTGOING DEPENDENCIES:
  dep: (59, 0) -> (57, 1);  time 10305 -> 0
0:8000:0:[800,1600)
 INCOMING DEPENDENCIES:
  dep: (57, 0) -> (59, 0);  time 19 -> 0
0:8000:0:[800,1600)
14:8:44:[0,8)
10:8:45:[0,8)
11:4:46:[0,4)
printing dependencies for unit id: (60, 0)
 OUTGOING DEPENDENCIES:
  dep: (60, 0) -> (57, 1);  time 10305 -> 0
0:8000:0:[1600,2400)
 INCOMING DEPENDENCIES:
  dep: (57, 0) -> (60, 0);  time 27 -> 0
0:8000:0:[1600,2400)
14:8:44:[0,8)
10:8:45:[0,8)
11:4:46:[0,4)
printing dependencies for unit id: (61, 0)
 OUTGOING DEPENDENCIES:
  dep: (61, 0) -> (57, 1);  time 10305 -> 0
0:8000:0:[2400,3200)
 INCOMING DEPENDENCIES:
  dep: (57, 0) -> (61, 0);  time 35 -> 0
0:8000:0:[2400,3200)
14:8:44:[0,8)
10:8:45:[0,8)
11:4:46:[0,4)
printing dependencies for unit id: (62, 0)
 OUTGOING DEPENDENCIES:
  dep: (62, 0) -> (57, 1);  time 10305 -> 0
0:8000:0:[3200,4000)
 INCOMING DEPENDENCIES:
  dep: (57, 0) -> (62, 0);  time 43 -> 0
0:8000:0:[3200,4000)
14:8:44:[0,8)
10:8:45:[0,8)
11:4:46:[0,4)
printing dependencies for unit id: (63, 0)
 OUTGOING DEPENDENCIES:
  dep: (63, 0) -> (57, 1);  time 10305 -> 0
0:8000:0:[4000,4800)
 INCOMING DEPENDENCIES:
  dep: (57, 0) -> (63, 0);  time 51 -> 0
0:8000:0:[4000,4800)
14:8:44:[0,8)
10:8:45:[0,8)
11:4:46:[0,4)
printing dependencies for unit id: (64, 0)
 OUTGOING DEPENDENCIES:
  dep: (64, 0) -> (57, 1);  time 10305 -> 0
0:8000:0:[4800,5600)
 INCOMING DEPENDENCIES:
  dep: (57, 0) -> (64, 0);  time 59 -> 0
0:8000:0:[4800,5600)
14:8:44:[0,8)
10:8:45:[0,8)
11:4:46:[0,4)
printing dependencies for unit id: (65, 0)
 OUTGOING DEPENDENCIES:
  dep: (65, 0) -> (57, 1);  time 10305 -> 0
0:8000:0:[5600,6400)
 INCOMING DEPENDENCIES:
  dep: (57, 0) -> (65, 0);  time 67 -> 0
0:8000:0:[5600,6400)
14:8:44:[0,8)
10:8:45:[0,8)
11:4:46:[0,4)
printing dependencies for unit id: (66, 0)
 OUTGOING DEPENDENCIES:
  dep: (66, 0) -> (57, 1);  time 10305 -> 0
0:8000:0:[6400,7200)
 INCOMING DEPENDENCIES:
  dep: (57, 0) -> (66, 0);  time 75 -> 0
0:8000:0:[6400,7200)
14:8:44:[0,8)
10:8:45:[0,8)
11:4:46:[0,4)
printing dependencies for unit id: (67, 0)
 OUTGOING DEPENDENCIES:
  dep: (67, 0) -> (57, 1);  time 10305 -> 0
0:8000:0:[7200,8000)
 INCOMING DEPENDENCIES:
  dep: (57, 0) -> (67, 0);  time 83 -> 0
0:8000:0:[7200,8000)
14:8:44:[0,8)
10:8:45:[0,8)
11:4:46:[0,4)
printing dependencies for unit id: (68, 0)
 OUTGOING DEPENDENCIES:
  dep: (68, 0) -> (69, 0);  time 12 -> 0
0:8000:0:[0,800)
10:8:48:[0,8)
15:8:49:[0,8)
11:4:50:[0,4)
  dep: (68, 0) -> (70, 0);  time 20 -> 0
0:8000:0:[800,1600)
10:8:48:[0,8)
15:8:49:[0,8)
11:4:50:[0,4)
  dep: (68, 0) -> (71, 0);  time 28 -> 0
0:8000:0:[1600,2400)
10:8:48:[0,8)
15:8:49:[0,8)
11:4:50:[0,4)
  dep: (68, 0) -> (72, 0);  time 36 -> 0
0:8000:0:[2400,3200)
10:8:48:[0,8)
15:8:49:[0,8)
11:4:50:[0,4)
  dep: (68, 0) -> (73, 0);  time 44 -> 0
0:8000:0:[3200,4000)
10:8:48:[0,8)
15:8:49:[0,8)
11:4:50:[0,4)
  dep: (68, 0) -> (74, 0);  time 52 -> 0
0:8000:0:[4000,4800)
10:8:48:[0,8)
15:8:49:[0,8)
11:4:50:[0,4)
  dep: (68, 0) -> (75, 0);  time 60 -> 0
0:8000:0:[4800,5600)
10:8:48:[0,8)
15:8:49:[0,8)
11:4:50:[0,4)
  dep: (68, 0) -> (76, 0);  time 68 -> 0
0:8000:0:[5600,6400)
10:8:48:[0,8)
15:8:49:[0,8)
11:4:50:[0,4)
  dep: (68, 0) -> (77, 0);  time 76 -> 0
0:8000:0:[6400,7200)
10:8:48:[0,8)
15:8:49:[0,8)
11:4:50:[0,4)
  dep: (68, 0) -> (78, 0);  time 84 -> 0
0:8000:0:[7200,8000)
10:8:48:[0,8)
15:8:49:[0,8)
11:4:50:[0,4)
 INCOMING DEPENDENCIES:
  dep: (0, 0) -> (68, 0);  time 88 -> 0
  dep: (57, 1) -> (68, 0);  time 0 -> 0
0:8000:0:[0,8000)
printing dependencies for unit id: (68, 1)
 OUTGOING DEPENDENCIES:
  dep: (68, 1) -> (79, 0);  time 0 -> 0
4:8000:4:[0,8000)
 INCOMING DEPENDENCIES:
  dep: (69, 0) -> (68, 1);  time 5735 -> 0
4:8000:4:[0,8)[80,88)[160,168)[240,248)[320,328)[400,408)[480,488)[560,568)[640,648)[720,728)[800,808)[880,888)[960,968)[1040,1048)[1120,1128)[1200,1208)[1280,1288)[1360,1368)[1440,1448)[1520,1528)[1600,1608)[1680,1688)[1760,1768)[1840,1848)[1920,1928)[2000,2008)[2080,2088)[2160,2168)[2240,2248)[2320,2328)[2400,2408)[2480,2488)[2560,2568)[2640,2648)[2720,2728)[2800,2808)[2880,2888)[2960,2968)[3040,3048)[3120,3128)[3200,3208)[3280,3288)[3360,3368)[3440,3448)[3520,3528)[3600,3608)[3680,3688)[3760,3768)[3840,3848)[3920,3928)[4000,4008)[4080,4088)[4160,4168)[4240,4248)[4320,4328)[4400,4408)[4480,4488)[4560,4568)[4640,4648)[4720,4728)[4800,4808)[4880,4888)[4960,4968)[5040,5048)[5120,5128)[5200,5208)[5280,5288)[5360,5368)[5440,5448)[5520,5528)[5600,5608)[5680,5688)[5760,5768)[5840,5848)[5920,5928)[6000,6008)[6080,6088)[6160,6168)[6240,6248)[6320,6328)[6400,6408)[6480,6488)[6560,6568)[6640,6648)[6720,6728)[6800,6808)[6880,6888)[6960,6968)[7040,7048)[7120,7128)[7200,7208)[7280,7288)[7360,7368)[7440,7448)[7520,7528)[7600,7608)[7680,7688)[7760,7768)[7840,7848)[7920,7928)
  dep: (70, 0) -> (68, 1);  time 5735 -> 0
4:8000:4:[8,16)[88,96)[168,176)[248,256)[328,336)[408,416)[488,496)[568,576)[648,656)[728,736)[808,816)[888,896)[968,976)[1048,1056)[1128,1136)[1208,1216)[1288,1296)[1368,1376)[1448,1456)[1528,1536)[1608,1616)[1688,1696)[1768,1776)[1848,1856)[1928,1936)[2008,2016)[2088,2096)[2168,2176)[2248,2256)[2328,2336)[2408,2416)[2488,2496)[2568,2576)[2648,2656)[2728,2736)[2808,2816)[2888,2896)[2968,2976)[3048,3056)[3128,3136)[3208,3216)[3288,3296)[3368,3376)[3448,3456)[3528,3536)[3608,3616)[3688,3696)[3768,3776)[3848,3856)[3928,3936)[4008,4016)[4088,4096)[4168,4176)[4248,4256)[4328,4336)[4408,4416)[4488,4496)[4568,4576)[4648,4656)[4728,4736)[4808,4816)[4888,4896)[4968,4976)[5048,5056)[5128,5136)[5208,5216)[5288,5296)[5368,5376)[5448,5456)[5528,5536)[5608,5616)[5688,5696)[5768,5776)[5848,5856)[5928,5936)[6008,6016)[6088,6096)[6168,6176)[6248,6256)[6328,6336)[6408,6416)[6488,6496)[6568,6576)[6648,6656)[6728,6736)[6808,6816)[6888,6896)[6968,6976)[7048,7056)[7128,7136)[7208,7216)[7288,7296)[7368,7376)[7448,7456)[7528,7536)[7608,7616)[7688,7696)[7768,7776)[7848,7856)[7928,7936)
  dep: (71, 0) -> (68, 1);  time 5735 -> 0
4:8000:4:[16,24)[96,104)[176,184)[256,264)[336,344)[416,424)[496,504)[576,584)[656,664)[736,744)[816,824)[896,904)[976,984)[1056,1064)[1136,1144)[1216,1224)[1296,1304)[1376,1384)[1456,1464)[1536,1544)[1616,1624)[1696,1704)[1776,1784)[1856,1864)[1936,1944)[2016,2024)[2096,2104)[2176,2184)[2256,2264)[2336,2344)[2416,2424)[2496,2504)[2576,2584)[2656,2664)[2736,2744)[2816,2824)[2896,2904)[2976,2984)[3056,3064)[3136,3144)[3216,3224)[3296,3304)[3376,3384)[3456,3464)[3536,3544)[3616,3624)[3696,3704)[3776,3784)[3856,3864)[3936,3944)[4016,4024)[4096,4104)[4176,4184)[4256,4264)[4336,4344)[4416,4424)[4496,4504)[4576,4584)[4656,4664)[4736,4744)[4816,4824)[4896,4904)[4976,4984)[5056,5064)[5136,5144)[5216,5224)[5296,5304)[5376,5384)[5456,5464)[5536,5544)[5616,5624)[5696,5704)[5776,5784)[5856,5864)[5936,5944)[6016,6024)[6096,6104)[6176,6184)[6256,6264)[6336,6344)[6416,6424)[6496,6504)[6576,6584)[6656,6664)[6736,6744)[6816,6824)[6896,6904)[6976,6984)[7056,7064)[7136,7144)[7216,7224)[7296,7304)[7376,7384)[7456,7464)[7536,7544)[7616,7624)[7696,7704)[7776,7784)[7856,7864)[7936,7944)
  dep: (72, 0) -> (68, 1);  time 5735 -> 0
4:8000:4:[24,32)[104,112)[184,192)[264,272)[344,352)[424,432)[504,512)[584,592)[664,672)[744,752)[824,832)[904,912)[984,992)[1064,1072)[1144,1152)[1224,1232)[1304,1312)[1384,1392)[1464,1472)[1544,1552)[1624,1632)[1704,1712)[1784,1792)[1864,1872)[1944,1952)[2024,2032)[2104,2112)[2184,2192)[2264,2272)[2344,2352)[2424,2432)[2504,2512)[2584,2592)[2664,2672)[2744,2752)[2824,2832)[2904,2912)[2984,2992)[3064,3072)[3144,3152)[3224,3232)[3304,3312)[3384,3392)[3464,3472)[3544,3552)[3624,3632)[3704,3712)[3784,3792)[3864,3872)[3944,3952)[4024,4032)[4104,4112)[4184,4192)[4264,4272)[4344,4352)[4424,4432)[4504,4512)[4584,4592)[4664,4672)[4744,4752)[4824,4832)[4904,4912)[4984,4992)[5064,5072)[5144,5152)[5224,5232)[5304,5312)[5384,5392)[5464,5472)[5544,5552)[5624,5632)[5704,5712)[5784,5792)[5864,5872)[5944,5952)[6024,6032)[6104,6112)[6184,6192)[6264,6272)[6344,6352)[6424,6432)[6504,6512)[6584,6592)[6664,6672)[6744,6752)[6824,6832)[6904,6912)[6984,6992)[7064,7072)[7144,7152)[7224,7232)[7304,7312)[7384,7392)[7464,7472)[7544,7552)[7624,7632)[7704,7712)[7784,7792)[7864,7872)[7944,7952)
  dep: (73, 0) -> (68, 1);  time 5735 -> 0
4:8000:4:[32,40)[112,120)[192,200)[272,280)[352,360)[432,440)[512,520)[592,600)[672,680)[752,760)[832,840)[912,920)[992,1000)[1072,1080)[1152,1160)[1232,1240)[1312,1320)[1392,1400)[1472,1480)[1552,1560)[1632,1640)[1712,1720)[1792,1800)[1872,1880)[1952,1960)[2032,2040)[2112,2120)[2192,2200)[2272,2280)[2352,2360)[2432,2440)[2512,2520)[2592,2600)[2672,2680)[2752,2760)[2832,2840)[2912,2920)[2992,3000)[3072,3080)[3152,3160)[3232,3240)[3312,3320)[3392,3400)[3472,3480)[3552,3560)[3632,3640)[3712,3720)[3792,3800)[3872,3880)[3952,3960)[4032,4040)[4112,4120)[4192,4200)[4272,4280)[4352,4360)[4432,4440)[4512,4520)[4592,4600)[4672,4680)[4752,4760)[4832,4840)[4912,4920)[4992,5000)[5072,5080)[5152,5160)[5232,5240)[5312,5320)[5392,5400)[5472,5480)[5552,5560)[5632,5640)[5712,5720)[5792,5800)[5872,5880)[5952,5960)[6032,6040)[6112,6120)[6192,6200)[6272,6280)[6352,6360)[6432,6440)[6512,6520)[6592,6600)[6672,6680)[6752,6760)[6832,6840)[6912,6920)[6992,7000)[7072,7080)[7152,7160)[7232,7240)[7312,7320)[7392,7400)[7472,7480)[7552,7560)[7632,7640)[7712,7720)[7792,7800)[7872,7880)[7952,7960)
  dep: (74, 0) -> (68, 1);  time 5735 -> 0
4:8000:4:[40,48)[120,128)[200,208)[280,288)[360,368)[440,448)[520,528)[600,608)[680,688)[760,768)[840,848)[920,928)[1000,1008)[1080,1088)[1160,1168)[1240,1248)[1320,1328)[1400,1408)[1480,1488)[1560,1568)[1640,1648)[1720,1728)[1800,1808)[1880,1888)[1960,1968)[2040,2048)[2120,2128)[2200,2208)[2280,2288)[2360,2368)[2440,2448)[2520,2528)[2600,2608)[2680,2688)[2760,2768)[2840,2848)[2920,2928)[3000,3008)[3080,3088)[3160,3168)[3240,3248)[3320,3328)[3400,3408)[3480,3488)[3560,3568)[3640,3648)[3720,3728)[3800,3808)[3880,3888)[3960,3968)[4040,4048)[4120,4128)[4200,4208)[4280,4288)[4360,4368)[4440,4448)[4520,4528)[4600,4608)[4680,4688)[4760,4768)[4840,4848)[4920,4928)[5000,5008)[5080,5088)[5160,5168)[5240,5248)[5320,5328)[5400,5408)[5480,5488)[5560,5568)[5640,5648)[5720,5728)[5800,5808)[5880,5888)[5960,5968)[6040,6048)[6120,6128)[6200,6208)[6280,6288)[6360,6368)[6440,6448)[6520,6528)[6600,6608)[6680,6688)[6760,6768)[6840,6848)[6920,6928)[7000,7008)[7080,7088)[7160,7168)[7240,7248)[7320,7328)[7400,7408)[7480,7488)[7560,7568)[7640,7648)[7720,7728)[7800,7808)[7880,7888)[7960,7968)
  dep: (75, 0) -> (68, 1);  time 5735 -> 0
4:8000:4:[48,56)[128,136)[208,216)[288,296)[368,376)[448,456)[528,536)[608,616)[688,696)[768,776)[848,856)[928,936)[1008,1016)[1088,1096)[1168,1176)[1248,1256)[1328,1336)[1408,1416)[1488,1496)[1568,1576)[1648,1656)[1728,1736)[1808,1816)[1888,1896)[1968,1976)[2048,2056)[2128,2136)[2208,2216)[2288,2296)[2368,2376)[2448,2456)[2528,2536)[2608,2616)[2688,2696)[2768,2776)[2848,2856)[2928,2936)[3008,3016)[3088,3096)[3168,3176)[3248,3256)[3328,3336)[3408,3416)[3488,3496)[3568,3576)[3648,3656)[3728,3736)[3808,3816)[3888,3896)[3968,3976)[4048,4056)[4128,4136)[4208,4216)[4288,4296)[4368,4376)[4448,4456)[4528,4536)[4608,4616)[4688,4696)[4768,4776)[4848,4856)[4928,4936)[5008,5016)[5088,5096)[5168,5176)[5248,5256)[5328,5336)[5408,5416)[5488,5496)[5568,5576)[5648,5656)[5728,5736)[5808,5816)[5888,5896)[5968,5976)[6048,6056)[6128,6136)[6208,6216)[6288,6296)[6368,6376)[6448,6456)[6528,6536)[6608,6616)[6688,6696)[6768,6776)[6848,6856)[6928,6936)[7008,7016)[7088,7096)[7168,7176)[7248,7256)[7328,7336)[7408,7416)[7488,7496)[7568,7576)[7648,7656)[7728,7736)[7808,7816)[7888,7896)[7968,7976)
  dep: (76, 0) -> (68, 1);  time 5735 -> 0
4:8000:4:[56,64)[136,144)[216,224)[296,304)[376,384)[456,464)[536,544)[616,624)[696,704)[776,784)[856,864)[936,944)[1016,1024)[1096,1104)[1176,1184)[1256,1264)[1336,1344)[1416,1424)[1496,1504)[1576,1584)[1656,1664)[1736,1744)[1816,1824)[1896,1904)[1976,1984)[2056,2064)[2136,2144)[2216,2224)[2296,2304)[2376,2384)[2456,2464)[2536,2544)[2616,2624)[2696,2704)[2776,2784)[2856,2864)[2936,2944)[3016,3024)[3096,3104)[3176,3184)[3256,3264)[3336,3344)[3416,3424)[3496,3504)[3576,3584)[3656,3664)[3736,3744)[3816,3824)[3896,3904)[3976,3984)[4056,4064)[4136,4144)[4216,4224)[4296,4304)[4376,4384)[4456,4464)[4536,4544)[4616,4624)[4696,4704)[4776,4784)[4856,4864)[4936,4944)[5016,5024)[5096,5104)[5176,5184)[5256,5264)[5336,5344)[5416,5424)[5496,5504)[5576,5584)[5656,5664)[5736,5744)[5816,5824)[5896,5904)[5976,5984)[6056,6064)[6136,6144)[6216,6224)[6296,6304)[6376,6384)[6456,6464)[6536,6544)[6616,6624)[6696,6704)[6776,6784)[6856,6864)[6936,6944)[7016,7024)[7096,7104)[7176,7184)[7256,7264)[7336,7344)[7416,7424)[7496,7504)[7576,7584)[7656,7664)[7736,7744)[7816,7824)[7896,7904)[7976,7984)
  dep: (77, 0) -> (68, 1);  time 5735 -> 0
4:8000:4:[64,72)[144,152)[224,232)[304,312)[384,392)[464,472)[544,552)[624,632)[704,712)[784,792)[864,872)[944,952)[1024,1032)[1104,1112)[1184,1192)[1264,1272)[1344,1352)[1424,1432)[1504,1512)[1584,1592)[1664,1672)[1744,1752)[1824,1832)[1904,1912)[1984,1992)[2064,2072)[2144,2152)[2224,2232)[2304,2312)[2384,2392)[2464,2472)[2544,2552)[2624,2632)[2704,2712)[2784,2792)[2864,2872)[2944,2952)[3024,3032)[3104,3112)[3184,3192)[3264,3272)[3344,3352)[3424,3432)[3504,3512)[3584,3592)[3664,3672)[3744,3752)[3824,3832)[3904,3912)[3984,3992)[4064,4072)[4144,4152)[4224,4232)[4304,4312)[4384,4392)[4464,4472)[4544,4552)[4624,4632)[4704,4712)[4784,4792)[4864,4872)[4944,4952)[5024,5032)[5104,5112)[5184,5192)[5264,5272)[5344,5352)[5424,5432)[5504,5512)[5584,5592)[5664,5672)[5744,5752)[5824,5832)[5904,5912)[5984,5992)[6064,6072)[6144,6152)[6224,6232)[6304,6312)[6384,6392)[6464,6472)[6544,6552)[6624,6632)[6704,6712)[6784,6792)[6864,6872)[6944,6952)[7024,7032)[7104,7112)[7184,7192)[7264,7272)[7344,7352)[7424,7432)[7504,7512)[7584,7592)[7664,7672)[7744,7752)[7824,7832)[7904,7912)[7984,7992)
  dep: (78, 0) -> (68, 1);  time 5735 -> 0
4:8000:4:[72,80)[152,160)[232,240)[312,320)[392,400)[472,480)[552,560)[632,640)[712,720)[792,800)[872,880)[952,960)[1032,1040)[1112,1120)[1192,1200)[1272,1280)[1352,1360)[1432,1440)[1512,1520)[1592,1600)[1672,1680)[1752,1760)[1832,1840)[1912,1920)[1992,2000)[2072,2080)[2152,2160)[2232,2240)[2312,2320)[2392,2400)[2472,2480)[2552,2560)[2632,2640)[2712,2720)[2792,2800)[2872,2880)[2952,2960)[3032,3040)[3112,3120)[3192,3200)[3272,3280)[3352,3360)[3432,3440)[3512,3520)[3592,3600)[3672,3680)[3752,3760)[3832,3840)[3912,3920)[3992,4000)[4072,4080)[4152,4160)[4232,4240)[4312,4320)[4392,4400)[4472,4480)[4552,4560)[4632,4640)[4712,4720)[4792,4800)[4872,4880)[4952,4960)[5032,5040)[5112,5120)[5192,5200)[5272,5280)[5352,5360)[5432,5440)[5512,5520)[5592,5600)[5672,5680)[5752,5760)[5832,5840)[5912,5920)[5992,6000)[6072,6080)[6152,6160)[6232,6240)[6312,6320)[6392,6400)[6472,6480)[6552,6560)[6632,6640)[6712,6720)[6792,6800)[6872,6880)[6952,6960)[7032,7040)[7112,7120)[7192,7200)[7272,7280)[7352,7360)[7432,7440)[7512,7520)[7592,7600)[7672,7680)[7752,7760)[7832,7840)[7912,7920)[7992,8000)
printing dependencies for unit id: (69, 0)
 OUTGOING DEPENDENCIES:
  dep: (69, 0) -> (68, 1);  time 5735 -> 0
4:8000:4:[0,8)[80,88)[160,168)[240,248)[320,328)[400,408)[480,488)[560,568)[640,648)[720,728)[800,808)[880,888)[960,968)[1040,1048)[1120,1128)[1200,1208)[1280,1288)[1360,1368)[1440,1448)[1520,1528)[1600,1608)[1680,1688)[1760,1768)[1840,1848)[1920,1928)[2000,2008)[2080,2088)[2160,2168)[2240,2248)[2320,2328)[2400,2408)[2480,2488)[2560,2568)[2640,2648)[2720,2728)[2800,2808)[2880,2888)[2960,2968)[3040,3048)[3120,3128)[3200,3208)[3280,3288)[3360,3368)[3440,3448)[3520,3528)[3600,3608)[3680,3688)[3760,3768)[3840,3848)[3920,3928)[4000,4008)[4080,4088)[4160,4168)[4240,4248)[4320,4328)[4400,4408)[4480,4488)[4560,4568)[4640,4648)[4720,4728)[4800,4808)[4880,4888)[4960,4968)[5040,5048)[5120,5128)[5200,5208)[5280,5288)[5360,5368)[5440,5448)[5520,5528)[5600,5608)[5680,5688)[5760,5768)[5840,5848)[5920,5928)[6000,6008)[6080,6088)[6160,6168)[6240,6248)[6320,6328)[6400,6408)[6480,6488)[6560,6568)[6640,6648)[6720,6728)[6800,6808)[6880,6888)[6960,6968)[7040,7048)[7120,7128)[7200,7208)[7280,7288)[7360,7368)[7440,7448)[7520,7528)[7600,7608)[7680,7688)[7760,7768)[7840,7848)[7920,7928)
 INCOMING DEPENDENCIES:
  dep: (68, 0) -> (69, 0);  time 12 -> 0
0:8000:0:[0,800)
10:8:48:[0,8)
15:8:49:[0,8)
11:4:50:[0,4)
printing dependencies for unit id: (70, 0)
 OUTGOING DEPENDENCIES:
  dep: (70, 0) -> (68, 1);  time 5735 -> 0
4:8000:4:[8,16)[88,96)[168,176)[248,256)[328,336)[408,416)[488,496)[568,576)[648,656)[728,736)[808,816)[888,896)[968,976)[1048,1056)[1128,1136)[1208,1216)[1288,1296)[1368,1376)[1448,1456)[1528,1536)[1608,1616)[1688,1696)[1768,1776)[1848,1856)[1928,1936)[2008,2016)[2088,2096)[2168,2176)[2248,2256)[2328,2336)[2408,2416)[2488,2496)[2568,2576)[2648,2656)[2728,2736)[2808,2816)[2888,2896)[2968,2976)[3048,3056)[3128,3136)[3208,3216)[3288,3296)[3368,3376)[3448,3456)[3528,3536)[3608,3616)[3688,3696)[3768,3776)[3848,3856)[3928,3936)[4008,4016)[4088,4096)[4168,4176)[4248,4256)[4328,4336)[4408,4416)[4488,4496)[4568,4576)[4648,4656)[4728,4736)[4808,4816)[4888,4896)[4968,4976)[5048,5056)[5128,5136)[5208,5216)[5288,5296)[5368,5376)[5448,5456)[5528,5536)[5608,5616)[5688,5696)[5768,5776)[5848,5856)[5928,5936)[6008,6016)[6088,6096)[6168,6176)[6248,6256)[6328,6336)[6408,6416)[6488,6496)[6568,6576)[6648,6656)[6728,6736)[6808,6816)[6888,6896)[6968,6976)[7048,7056)[7128,7136)[7208,7216)[7288,7296)[7368,7376)[7448,7456)[7528,7536)[7608,7616)[7688,7696)[7768,7776)[7848,7856)[7928,7936)
 INCOMING DEPENDENCIES:
  dep: (68, 0) -> (70, 0);  time 20 -> 0
0:8000:0:[800,1600)
10:8:48:[0,8)
15:8:49:[0,8)
11:4:50:[0,4)
printing dependencies for unit id: (71, 0)
 OUTGOING DEPENDENCIES:
  dep: (71, 0) -> (68, 1);  time 5735 -> 0
4:8000:4:[16,24)[96,104)[176,184)[256,264)[336,344)[416,424)[496,504)[576,584)[656,664)[736,744)[816,824)[896,904)[976,984)[1056,1064)[1136,1144)[1216,1224)[1296,1304)[1376,1384)[1456,1464)[1536,1544)[1616,1624)[1696,1704)[1776,1784)[1856,1864)[1936,1944)[2016,2024)[2096,2104)[2176,2184)[2256,2264)[2336,2344)[2416,2424)[2496,2504)[2576,2584)[2656,2664)[2736,2744)[2816,2824)[2896,2904)[2976,2984)[3056,3064)[3136,3144)[3216,3224)[3296,3304)[3376,3384)[3456,3464)[3536,3544)[3616,3624)[3696,3704)[3776,3784)[3856,3864)[3936,3944)[4016,4024)[4096,4104)[4176,4184)[4256,4264)[4336,4344)[4416,4424)[4496,4504)[4576,4584)[4656,4664)[4736,4744)[4816,4824)[4896,4904)[4976,4984)[5056,5064)[5136,5144)[5216,5224)[5296,5304)[5376,5384)[5456,5464)[5536,5544)[5616,5624)[5696,5704)[5776,5784)[5856,5864)[5936,5944)[6016,6024)[6096,6104)[6176,6184)[6256,6264)[6336,6344)[6416,6424)[6496,6504)[6576,6584)[6656,6664)[6736,6744)[6816,6824)[6896,6904)[6976,6984)[7056,7064)[7136,7144)[7216,7224)[7296,7304)[7376,7384)[7456,7464)[7536,7544)[7616,7624)[7696,7704)[7776,7784)[7856,7864)[7936,7944)
 INCOMING DEPENDENCIES:
  dep: (68, 0) -> (71, 0);  time 28 -> 0
0:8000:0:[1600,2400)
10:8:48:[0,8)
15:8:49:[0,8)
11:4:50:[0,4)
printing dependencies for unit id: (72, 0)
 OUTGOING DEPENDENCIES:
  dep: (72, 0) -> (68, 1);  time 5735 -> 0
4:8000:4:[24,32)[104,112)[184,192)[264,272)[344,352)[424,432)[504,512)[584,592)[664,672)[744,752)[824,832)[904,912)[984,992)[1064,1072)[1144,1152)[1224,1232)[1304,1312)[1384,1392)[1464,1472)[1544,1552)[1624,1632)[1704,1712)[1784,1792)[1864,1872)[1944,1952)[2024,2032)[2104,2112)[2184,2192)[2264,2272)[2344,2352)[2424,2432)[2504,2512)[2584,2592)[2664,2672)[2744,2752)[2824,2832)[2904,2912)[2984,2992)[3064,3072)[3144,3152)[3224,3232)[3304,3312)[3384,3392)[3464,3472)[3544,3552)[3624,3632)[3704,3712)[3784,3792)[3864,3872)[3944,3952)[4024,4032)[4104,4112)[4184,4192)[4264,4272)[4344,4352)[4424,4432)[4504,4512)[4584,4592)[4664,4672)[4744,4752)[4824,4832)[4904,4912)[4984,4992)[5064,5072)[5144,5152)[5224,5232)[5304,5312)[5384,5392)[5464,5472)[5544,5552)[5624,5632)[5704,5712)[5784,5792)[5864,5872)[5944,5952)[6024,6032)[6104,6112)[6184,6192)[6264,6272)[6344,6352)[6424,6432)[6504,6512)[6584,6592)[6664,6672)[6744,6752)[6824,6832)[6904,6912)[6984,6992)[7064,7072)[7144,7152)[7224,7232)[7304,7312)[7384,7392)[7464,7472)[7544,7552)[7624,7632)[7704,7712)[7784,7792)[7864,7872)[7944,7952)
 INCOMING DEPENDENCIES:
  dep: (68, 0) -> (72, 0);  time 36 -> 0
0:8000:0:[2400,3200)
10:8:48:[0,8)
15:8:49:[0,8)
11:4:50:[0,4)
printing dependencies for unit id: (73, 0)
 OUTGOING DEPENDENCIES:
  dep: (73, 0) -> (68, 1);  time 5735 -> 0
4:8000:4:[32,40)[112,120)[192,200)[272,280)[352,360)[432,440)[512,520)[592,600)[672,680)[752,760)[832,840)[912,920)[992,1000)[1072,1080)[1152,1160)[1232,1240)[1312,1320)[1392,1400)[1472,1480)[1552,1560)[1632,1640)[1712,1720)[1792,1800)[1872,1880)[1952,1960)[2032,2040)[2112,2120)[2192,2200)[2272,2280)[2352,2360)[2432,2440)[2512,2520)[2592,2600)[2672,2680)[2752,2760)[2832,2840)[2912,2920)[2992,3000)[3072,3080)[3152,3160)[3232,3240)[3312,3320)[3392,3400)[3472,3480)[3552,3560)[3632,3640)[3712,3720)[3792,3800)[3872,3880)[3952,3960)[4032,4040)[4112,4120)[4192,4200)[4272,4280)[4352,4360)[4432,4440)[4512,4520)[4592,4600)[4672,4680)[4752,4760)[4832,4840)[4912,4920)[4992,5000)[5072,5080)[5152,5160)[5232,5240)[5312,5320)[5392,5400)[5472,5480)[5552,5560)[5632,5640)[5712,5720)[5792,5800)[5872,5880)[5952,5960)[6032,6040)[6112,6120)[6192,6200)[6272,6280)[6352,6360)[6432,6440)[6512,6520)[6592,6600)[6672,6680)[6752,6760)[6832,6840)[6912,6920)[6992,7000)[7072,7080)[7152,7160)[7232,7240)[7312,7320)[7392,7400)[7472,7480)[7552,7560)[7632,7640)[7712,7720)[7792,7800)[7872,7880)[7952,7960)
 INCOMING DEPENDENCIES:
  dep: (68, 0) -> (73, 0);  time 44 -> 0
0:8000:0:[3200,4000)
10:8:48:[0,8)
15:8:49:[0,8)
11:4:50:[0,4)
printing dependencies for unit id: (74, 0)
 OUTGOING DEPENDENCIES:
  dep: (74, 0) -> (68, 1);  time 5735 -> 0
4:8000:4:[40,48)[120,128)[200,208)[280,288)[360,368)[440,448)[520,528)[600,608)[680,688)[760,768)[840,848)[920,928)[1000,1008)[1080,1088)[1160,1168)[1240,1248)[1320,1328)[1400,1408)[1480,1488)[1560,1568)[1640,1648)[1720,1728)[1800,1808)[1880,1888)[1960,1968)[2040,2048)[2120,2128)[2200,2208)[2280,2288)[2360,2368)[2440,2448)[2520,2528)[2600,2608)[2680,2688)[2760,2768)[2840,2848)[2920,2928)[3000,3008)[3080,3088)[3160,3168)[3240,3248)[3320,3328)[3400,3408)[3480,3488)[3560,3568)[3640,3648)[3720,3728)[3800,3808)[3880,3888)[3960,3968)[4040,4048)[4120,4128)[4200,4208)[4280,4288)[4360,4368)[4440,4448)[4520,4528)[4600,4608)[4680,4688)[4760,4768)[4840,4848)[4920,4928)[5000,5008)[5080,5088)[5160,5168)[5240,5248)[5320,5328)[5400,5408)[5480,5488)[5560,5568)[5640,5648)[5720,5728)[5800,5808)[5880,5888)[5960,5968)[6040,6048)[6120,6128)[6200,6208)[6280,6288)[6360,6368)[6440,6448)[6520,6528)[6600,6608)[6680,6688)[6760,6768)[6840,6848)[6920,6928)[7000,7008)[7080,7088)[7160,7168)[7240,7248)[7320,7328)[7400,7408)[7480,7488)[7560,7568)[7640,7648)[7720,7728)[7800,7808)[7880,7888)[7960,7968)
 INCOMING DEPENDENCIES:
  dep: (68, 0) -> (74, 0);  time 52 -> 0
0:8000:0:[4000,4800)
10:8:48:[0,8)
15:8:49:[0,8)
11:4:50:[0,4)
printing dependencies for unit id: (75, 0)
 OUTGOING DEPENDENCIES:
  dep: (75, 0) -> (68, 1);  time 5735 -> 0
4:8000:4:[48,56)[128,136)[208,216)[288,296)[368,376)[448,456)[528,536)[608,616)[688,696)[768,776)[848,856)[928,936)[1008,1016)[1088,1096)[1168,1176)[1248,1256)[1328,1336)[1408,1416)[1488,1496)[1568,1576)[1648,1656)[1728,1736)[1808,1816)[1888,1896)[1968,1976)[2048,2056)[2128,2136)[2208,2216)[2288,2296)[2368,2376)[2448,2456)[2528,2536)[2608,2616)[2688,2696)[2768,2776)[2848,2856)[2928,2936)[3008,3016)[3088,3096)[3168,3176)[3248,3256)[3328,3336)[3408,3416)[3488,3496)[3568,3576)[3648,3656)[3728,3736)[3808,3816)[3888,3896)[3968,3976)[4048,4056)[4128,4136)[4208,4216)[4288,4296)[4368,4376)[4448,4456)[4528,4536)[4608,4616)[4688,4696)[4768,4776)[4848,4856)[4928,4936)[5008,5016)[5088,5096)[5168,5176)[5248,5256)[5328,5336)[5408,5416)[5488,5496)[5568,5576)[5648,5656)[5728,5736)[5808,5816)[5888,5896)[5968,5976)[6048,6056)[6128,6136)[6208,6216)[6288,6296)[6368,6376)[6448,6456)[6528,6536)[6608,6616)[6688,6696)[6768,6776)[6848,6856)[6928,6936)[7008,7016)[7088,7096)[7168,7176)[7248,7256)[7328,7336)[7408,7416)[7488,7496)[7568,7576)[7648,7656)[7728,7736)[7808,7816)[7888,7896)[7968,7976)
 INCOMING DEPENDENCIES:
  dep: (68, 0) -> (75, 0);  time 60 -> 0
0:8000:0:[4800,5600)
10:8:48:[0,8)
15:8:49:[0,8)
11:4:50:[0,4)
printing dependencies for unit id: (76, 0)
 OUTGOING DEPENDENCIES:
  dep: (76, 0) -> (68, 1);  time 5735 -> 0
4:8000:4:[56,64)[136,144)[216,224)[296,304)[376,384)[456,464)[536,544)[616,624)[696,704)[776,784)[856,864)[936,944)[1016,1024)[1096,1104)[1176,1184)[1256,1264)[1336,1344)[1416,1424)[1496,1504)[1576,1584)[1656,1664)[1736,1744)[1816,1824)[1896,1904)[1976,1984)[2056,2064)[2136,2144)[2216,2224)[2296,2304)[2376,2384)[2456,2464)[2536,2544)[2616,2624)[2696,2704)[2776,2784)[2856,2864)[2936,2944)[3016,3024)[3096,3104)[3176,3184)[3256,3264)[3336,3344)[3416,3424)[3496,3504)[3576,3584)[3656,3664)[3736,3744)[3816,3824)[3896,3904)[3976,3984)[4056,4064)[4136,4144)[4216,4224)[4296,4304)[4376,4384)[4456,4464)[4536,4544)[4616,4624)[4696,4704)[4776,4784)[4856,4864)[4936,4944)[5016,5024)[5096,5104)[5176,5184)[5256,5264)[5336,5344)[5416,5424)[5496,5504)[5576,5584)[5656,5664)[5736,5744)[5816,5824)[5896,5904)[5976,5984)[6056,6064)[6136,6144)[6216,6224)[6296,6304)[6376,6384)[6456,6464)[6536,6544)[6616,6624)[6696,6704)[6776,6784)[6856,6864)[6936,6944)[7016,7024)[7096,7104)[7176,7184)[7256,7264)[7336,7344)[7416,7424)[7496,7504)[7576,7584)[7656,7664)[7736,7744)[7816,7824)[7896,7904)[7976,7984)
 INCOMING DEPENDENCIES:
  dep: (68, 0) -> (76, 0);  time 68 -> 0
0:8000:0:[5600,6400)
10:8:48:[0,8)
15:8:49:[0,8)
11:4:50:[0,4)
printing dependencies for unit id: (77, 0)
 OUTGOING DEPENDENCIES:
  dep: (77, 0) -> (68, 1);  time 5735 -> 0
4:8000:4:[64,72)[144,152)[224,232)[304,312)[384,392)[464,472)[544,552)[624,632)[704,712)[784,792)[864,872)[944,952)[1024,1032)[1104,1112)[1184,1192)[1264,1272)[1344,1352)[1424,1432)[1504,1512)[1584,1592)[1664,1672)[1744,1752)[1824,1832)[1904,1912)[1984,1992)[2064,2072)[2144,2152)[2224,2232)[2304,2312)[2384,2392)[2464,2472)[2544,2552)[2624,2632)[2704,2712)[2784,2792)[2864,2872)[2944,2952)[3024,3032)[3104,3112)[3184,3192)[3264,3272)[3344,3352)[3424,3432)[3504,3512)[3584,3592)[3664,3672)[3744,3752)[3824,3832)[3904,3912)[3984,3992)[4064,4072)[4144,4152)[4224,4232)[4304,4312)[4384,4392)[4464,4472)[4544,4552)[4624,4632)[4704,4712)[4784,4792)[4864,4872)[4944,4952)[5024,5032)[5104,5112)[5184,5192)[5264,5272)[5344,5352)[5424,5432)[5504,5512)[5584,5592)[5664,5672)[5744,5752)[5824,5832)[5904,5912)[5984,5992)[6064,6072)[6144,6152)[6224,6232)[6304,6312)[6384,6392)[6464,6472)[6544,6552)[6624,6632)[6704,6712)[6784,6792)[6864,6872)[6944,6952)[7024,7032)[7104,7112)[7184,7192)[7264,7272)[7344,7352)[7424,7432)[7504,7512)[7584,7592)[7664,7672)[7744,7752)[7824,7832)[7904,7912)[7984,7992)
 INCOMING DEPENDENCIES:
  dep: (68, 0) -> (77, 0);  time 76 -> 0
0:8000:0:[6400,7200)
10:8:48:[0,8)
15:8:49:[0,8)
11:4:50:[0,4)
printing dependencies for unit id: (78, 0)
 OUTGOING DEPENDENCIES:
  dep: (78, 0) -> (68, 1);  time 5735 -> 0
4:8000:4:[72,80)[152,160)[232,240)[312,320)[392,400)[472,480)[552,560)[632,640)[712,720)[792,800)[872,880)[952,960)[1032,1040)[1112,1120)[1192,1200)[1272,1280)[1352,1360)[1432,1440)[1512,1520)[1592,1600)[1672,1680)[1752,1760)[1832,1840)[1912,1920)[1992,2000)[2072,2080)[2152,2160)[2232,2240)[2312,2320)[2392,2400)[2472,2480)[2552,2560)[2632,2640)[2712,2720)[2792,2800)[2872,2880)[2952,2960)[3032,3040)[3112,3120)[3192,3200)[3272,3280)[3352,3360)[3432,3440)[3512,3520)[3592,3600)[3672,3680)[3752,3760)[3832,3840)[3912,3920)[3992,4000)[4072,4080)[4152,4160)[4232,4240)[4312,4320)[4392,4400)[4472,4480)[4552,4560)[4632,4640)[4712,4720)[4792,4800)[4872,4880)[4952,4960)[5032,5040)[5112,5120)[5192,5200)[5272,5280)[5352,5360)[5432,5440)[5512,5520)[5592,5600)[5672,5680)[5752,5760)[5832,5840)[5912,5920)[5992,6000)[6072,6080)[6152,6160)[6232,6240)[6312,6320)[6392,6400)[6472,6480)[6552,6560)[6632,6640)[6712,6720)[6792,6800)[6872,6880)[6952,6960)[7032,7040)[7112,7120)[7192,7200)[7272,7280)[7352,7360)[7432,7440)[7512,7520)[7592,7600)[7672,7680)[7752,7760)[7832,7840)[7912,7920)[7992,8000)
 INCOMING DEPENDENCIES:
  dep: (68, 0) -> (78, 0);  time 84 -> 0
0:8000:0:[7200,8000)
10:8:48:[0,8)
15:8:49:[0,8)
11:4:50:[0,4)
printing dependencies for unit id: (79, 0)
 OUTGOING DEPENDENCIES:
  dep: (79, 0) -> (80, 0);  time 12 -> 0
4:8000:4:[0,800)
15:8:53:[0,8)
10:8:54:[0,8)
11:4:55:[0,4)
  dep: (79, 0) -> (81, 0);  time 20 -> 0
4:8000:4:[800,1600)
15:8:53:[0,8)
10:8:54:[0,8)
11:4:55:[0,4)
  dep: (79, 0) -> (82, 0);  time 28 -> 0
4:8000:4:[1600,2400)
15:8:53:[0,8)
10:8:54:[0,8)
11:4:55:[0,4)
  dep: (79, 0) -> (83, 0);  time 36 -> 0
4:8000:4:[2400,3200)
15:8:53:[0,8)
10:8:54:[0,8)
11:4:55:[0,4)
  dep: (79, 0) -> (84, 0);  time 44 -> 0
4:8000:4:[3200,4000)
15:8:53:[0,8)
10:8:54:[0,8)
11:4:55:[0,4)
  dep: (79, 0) -> (85, 0);  time 52 -> 0
4:8000:4:[4000,4800)
15:8:53:[0,8)
10:8:54:[0,8)
11:4:55:[0,4)
  dep: (79, 0) -> (86, 0);  time 60 -> 0
4:8000:4:[4800,5600)
15:8:53:[0,8)
10:8:54:[0,8)
11:4:55:[0,4)
  dep: (79, 0) -> (87, 0);  time 68 -> 0
4:8000:4:[5600,6400)
15:8:53:[0,8)
10:8:54:[0,8)
11:4:55:[0,4)
  dep: (79, 0) -> (88, 0);  time 76 -> 0
4:8000:4:[6400,7200)
15:8:53:[0,8)
10:8:54:[0,8)
11:4:55:[0,4)
  dep: (79, 0) -> (89, 0);  time 84 -> 0
4:8000:4:[7200,8000)
15:8:53:[0,8)
10:8:54:[0,8)
11:4:55:[0,4)
 INCOMING DEPENDENCIES:
  dep: (0, 0) -> (79, 0);  time 88 -> 0
  dep: (68, 1) -> (79, 0);  time 0 -> 0
4:8000:4:[0,8000)
printing dependencies for unit id: (79, 1)
 OUTGOING DEPENDENCIES:
  dep: (79, 1) -> (0, 1);  time 0 -> 0
 INCOMING DEPENDENCIES:
  dep: (80, 0) -> (79, 1);  time 5735 -> 0
  dep: (81, 0) -> (79, 1);  time 5735 -> 0
  dep: (82, 0) -> (79, 1);  time 5735 -> 0
  dep: (83, 0) -> (79, 1);  time 5735 -> 0
  dep: (84, 0) -> (79, 1);  time 5735 -> 0
  dep: (85, 0) -> (79, 1);  time 5735 -> 0
  dep: (86, 0) -> (79, 1);  time 5735 -> 0
  dep: (87, 0) -> (79, 1);  time 5735 -> 0
  dep: (88, 0) -> (79, 1);  time 5735 -> 0
  dep: (89, 0) -> (79, 1);  time 5735 -> 0
printing dependencies for unit id: (80, 0)
 OUTGOING DEPENDENCIES:
  dep: (80, 0) -> (79, 1);  time 5735 -> 0
 INCOMING DEPENDENCIES:
  dep: (79, 0) -> (80, 0);  time 12 -> 0
4:8000:4:[0,800)
15:8:53:[0,8)
10:8:54:[0,8)
11:4:55:[0,4)
printing dependencies for unit id: (81, 0)
 OUTGOING DEPENDENCIES:
  dep: (81, 0) -> (79, 1);  time 5735 -> 0
 INCOMING DEPENDENCIES:
  dep: (79, 0) -> (81, 0);  time 20 -> 0
4:8000:4:[800,1600)
15:8:53:[0,8)
10:8:54:[0,8)
11:4:55:[0,4)
printing dependencies for unit id: (82, 0)
 OUTGOING DEPENDENCIES:
  dep: (82, 0) -> (79, 1);  time 5735 -> 0
 INCOMING DEPENDENCIES:
  dep: (79, 0) -> (82, 0);  time 28 -> 0
4:8000:4:[1600,2400)
15:8:53:[0,8)
10:8:54:[0,8)
11:4:55:[0,4)
printing dependencies for unit id: (83, 0)
 OUTGOING DEPENDENCIES:
  dep: (83, 0) -> (79, 1);  time 5735 -> 0
 INCOMING DEPENDENCIES:
  dep: (79, 0) -> (83, 0);  time 36 -> 0
4:8000:4:[2400,3200)
15:8:53:[0,8)
10:8:54:[0,8)
11:4:55:[0,4)
printing dependencies for unit id: (84, 0)
 OUTGOING DEPENDENCIES:
  dep: (84, 0) -> (79, 1);  time 5735 -> 0
 INCOMING DEPENDENCIES:
  dep: (79, 0) -> (84, 0);  time 44 -> 0
4:8000:4:[3200,4000)
15:8:53:[0,8)
10:8:54:[0,8)
11:4:55:[0,4)
printing dependencies for unit id: (85, 0)
 OUTGOING DEPENDENCIES:
  dep: (85, 0) -> (79, 1);  time 5735 -> 0
 INCOMING DEPENDENCIES:
  dep: (79, 0) -> (85, 0);  time 52 -> 0
4:8000:4:[4000,4800)
15:8:53:[0,8)
10:8:54:[0,8)
11:4:55:[0,4)
printing dependencies for unit id: (86, 0)
 OUTGOING DEPENDENCIES:
  dep: (86, 0) -> (79, 1);  time 5735 -> 0
 INCOMING DEPENDENCIES:
  dep: (79, 0) -> (86, 0);  time 60 -> 0
4:8000:4:[4800,5600)
15:8:53:[0,8)
10:8:54:[0,8)
11:4:55:[0,4)
printing dependencies for unit id: (87, 0)
 OUTGOING DEPENDENCIES:
  dep: (87, 0) -> (79, 1);  time 5735 -> 0
 INCOMING DEPENDENCIES:
  dep: (79, 0) -> (87, 0);  time 68 -> 0
4:8000:4:[5600,6400)
15:8:53:[0,8)
10:8:54:[0,8)
11:4:55:[0,4)
printing dependencies for unit id: (88, 0)
 OUTGOING DEPENDENCIES:
  dep: (88, 0) -> (79, 1);  time 5735 -> 0
 INCOMING DEPENDENCIES:
  dep: (79, 0) -> (88, 0);  time 76 -> 0
4:8000:4:[6400,7200)
15:8:53:[0,8)
10:8:54:[0,8)
11:4:55:[0,4)
printing dependencies for unit id: (89, 0)
 OUTGOING DEPENDENCIES:
  dep: (89, 0) -> (79, 1);  time 5735 -> 0
 INCOMING DEPENDENCIES:
  dep: (79, 0) -> (89, 0);  time 84 -> 0
4:8000:4:[7200,8000)
15:8:53:[0,8)
10:8:54:[0,8)
11:4:55:[0,4)
