[{'dep_offset': 0,
  'name': 'MAIN_TAREADOR',
  'parent_ending_section': None,
  'parent_starting_section': None,
  'potential_children_tasks': [2, 4, 26, 48, 70, 92, 114, 136, 158],
  'starting_section': 1,
  'task_id': 0,
  'task_sections_cnt': 2,
  'usage_offset': 0},
 {'dep_offset': 577,
  'name': 'start_plan_forward',
  'parent_ending_section': 179,
  'parent_starting_section': 1,
  'potential_children_tasks': [],
  'starting_section': 2,
  'task_id': 1,
  'task_sections_cnt': 1,
  'usage_offset': 100},
 {'dep_offset': 862,
  'name': 'init_complex_grid',
  'parent_ending_section': 179,
  'parent_starting_section': 1,
  'potential_children_tasks': [5, 7, 9, 11, 13, 15, 17, 19, 21, 23],
  'starting_section': 4,
  'task_id': 2,
  'task_sections_cnt': 2,
  'usage_offset': 219},
 {'dep_offset': 2429,
  'name': 'init_complex_grid_loop_k',
  'parent_ending_section': 24,
  'parent_starting_section': 4,
  'potential_children_tasks': [],
  'starting_section': 5,
  'task_id': 3,
  'task_sections_cnt': 1,
  'usage_offset': 445},
 {'dep_offset': 2644,
  'name': 'init_complex_grid_loop_k',
  'parent_ending_section': 24,
  'parent_starting_section': 4,
  'potential_children_tasks': [],
  'starting_section': 7,
  'task_id': 4,
  'task_sections_cnt': 1,
  'usage_offset': 716},
 {'dep_offset': 2862,
  'name': 'init_complex_grid_loop_k',
  'parent_ending_section': 24,
  'parent_starting_section': 4,
  'potential_children_tasks': [],
  'starting_section': 9,
  'task_id': 5,
  'task_sections_cnt': 1,
  'usage_offset': 999},
 {'dep_offset': 3081,
  'name': 'init_complex_grid_loop_k',
  'parent_ending_section': 24,
  'parent_starting_section': 4,
  'potential_children_tasks': [],
  'starting_section': 11,
  'task_id': 6,
  'task_sections_cnt': 1,
  'usage_offset': 1286},
 {'dep_offset': 3300,
  'name': 'init_complex_grid_loop_k',
  'parent_ending_section': 24,
  'parent_starting_section': 4,
  'potential_children_tasks': [],
  'starting_section': 13,
  'task_id': 7,
  'task_sections_cnt': 1,
  'usage_offset': 1577},
 {'dep_offset': 3519,
  'name': 'init_complex_grid_loop_k',
  'parent_ending_section': 24,
  'parent_starting_section': 4,
  'potential_children_tasks': [],
  'starting_section': 15,
  'task_id': 8,
  'task_sections_cnt': 1,
  'usage_offset': 1868},
 {'dep_offset': 3738,
  'name': 'init_complex_grid_loop_k',
  'parent_ending_section': 24,
  'parent_starting_section': 4,
  'potential_children_tasks': [],
  'starting_section': 17,
  'task_id': 9,
  'task_sections_cnt': 1,
  'usage_offset': 2159},
 {'dep_offset': 3957,
  'name': 'init_complex_grid_loop_k',
  'parent_ending_section': 24,
  'parent_starting_section': 4,
  'potential_children_tasks': [],
  'starting_section': 19,
  'task_id': 10,
  'task_sections_cnt': 1,
  'usage_offset': 2450},
 {'dep_offset': 4179,
  'name': 'init_complex_grid_loop_k',
  'parent_ending_section': 24,
  'parent_starting_section': 4,
  'potential_children_tasks': [],
  'starting_section': 21,
  'task_id': 11,
  'task_sections_cnt': 1,
  'usage_offset': 2743},
 {'dep_offset': 4401,
  'name': 'init_complex_grid_loop_k',
  'parent_ending_section': 24,
  'parent_starting_section': 4,
  'potential_children_tasks': [],
  'starting_section': 23,
  'task_id': 12,
  'task_sections_cnt': 1,
  'usage_offset': 3036},
 {'dep_offset': 4623,
  'name': 'ffts1_planes',
  'parent_ending_section': 179,
  'parent_starting_section': 1,
  'potential_children_tasks': [27, 29, 31, 33, 35, 37, 39, 41, 43, 45],
  'starting_section': 26,
  'task_id': 13,
  'task_sections_cnt': 2,
  'usage_offset': 3329},
 {'dep_offset': 6692,
  'name': 'ffts1_planes_loop_k',
  'parent_ending_section': 46,
  'parent_starting_section': 26,
  'potential_children_tasks': [],
  'starting_section': 27,
  'task_id': 14,
  'task_sections_cnt': 1,
  'usage_offset': 3685},
 {'dep_offset': 6944,
  'name': 'ffts1_planes_loop_k',
  'parent_ending_section': 46,
  'parent_starting_section': 26,
  'potential_children_tasks': [],
  'starting_section': 29,
  'task_id': 15,
  'task_sections_cnt': 1,
  'usage_offset': 4043},
 {'dep_offset': 7202,
  'name': 'ffts1_planes_loop_k',
  'parent_ending_section': 46,
  'parent_starting_section': 26,
  'potential_children_tasks': [],
  'starting_section': 31,
  'task_id': 16,
  'task_sections_cnt': 1,
  'usage_offset': 4413},
 {'dep_offset': 7462,
  'name': 'ffts1_planes_loop_k',
  'parent_ending_section': 46,
  'parent_starting_section': 26,
  'potential_children_tasks': [],
  'starting_section': 33,
  'task_id': 17,
  'task_sections_cnt': 1,
  'usage_offset': 4787},
 {'dep_offset': 7722,
  'name': 'ffts1_planes_loop_k',
  'parent_ending_section': 46,
  'parent_starting_section': 26,
  'potential_children_tasks': [],
  'starting_section': 35,
  'task_id': 18,
  'task_sections_cnt': 1,
  'usage_offset': 5161},
 {'dep_offset': 7982,
  'name': 'ffts1_planes_loop_k',
  'parent_ending_section': 46,
  'parent_starting_section': 26,
  'potential_children_tasks': [],
  'starting_section': 37,
  'task_id': 19,
  'task_sections_cnt': 1,
  'usage_offset': 5537},
 {'dep_offset': 8242,
  'name': 'ffts1_planes_loop_k',
  'parent_ending_section': 46,
  'parent_starting_section': 26,
  'potential_children_tasks': [],
  'starting_section': 39,
  'task_id': 20,
  'task_sections_cnt': 1,
  'usage_offset': 5915},
 {'dep_offset': 8502,
  'name': 'ffts1_planes_loop_k',
  'parent_ending_section': 46,
  'parent_starting_section': 26,
  'potential_children_tasks': [],
  'starting_section': 41,
  'task_id': 21,
  'task_sections_cnt': 1,
  'usage_offset': 6293},
 {'dep_offset': 8762,
  'name': 'ffts1_planes_loop_k',
  'parent_ending_section': 46,
  'parent_starting_section': 26,
  'potential_children_tasks': [],
  'starting_section': 43,
  'task_id': 22,
  'task_sections_cnt': 1,
  'usage_offset': 6671},
 {'dep_offset': 9022,
  'name': 'ffts1_planes_loop_k',
  'parent_ending_section': 46,
  'parent_starting_section': 26,
  'potential_children_tasks': [],
  'starting_section': 45,
  'task_id': 23,
  'task_sections_cnt': 1,
  'usage_offset': 7049},
 {'dep_offset': 9282,
  'name': 'transpose_xy_planes',
  'parent_ending_section': 179,
  'parent_starting_section': 1,
  'potential_children_tasks': [49, 51, 53, 55, 57, 59, 61, 63, 65, 67],
  'starting_section': 48,
  'task_id': 24,
  'task_sections_cnt': 2,
  'usage_offset': 7427},
 {'dep_offset': 11290,
  'name': 'transpose_xy_planes_loop_k',
  'parent_ending_section': 68,
  'parent_starting_section': 48,
  'potential_children_tasks': [],
  'starting_section': 49,
  'task_id': 25,
  'task_sections_cnt': 1,
  'usage_offset': 7734},
 {'dep_offset': 11541,
  'name': 'transpose_xy_planes_loop_k',
  'parent_ending_section': 68,
  'parent_starting_section': 48,
  'potential_children_tasks': [],
  'starting_section': 51,
  'task_id': 26,
  'task_sections_cnt': 1,
  'usage_offset': 8159},
 {'dep_offset': 11798,
  'name': 'transpose_xy_planes_loop_k',
  'parent_ending_section': 68,
  'parent_starting_section': 48,
  'potential_children_tasks': [],
  'starting_section': 53,
  'task_id': 27,
  'task_sections_cnt': 1,
  'usage_offset': 8596},
 {'dep_offset': 12057,
  'name': 'transpose_xy_planes_loop_k',
  'parent_ending_section': 68,
  'parent_starting_section': 48,
  'potential_children_tasks': [],
  'starting_section': 55,
  'task_id': 28,
  'task_sections_cnt': 1,
  'usage_offset': 9037},
 {'dep_offset': 12316,
  'name': 'transpose_xy_planes_loop_k',
  'parent_ending_section': 68,
  'parent_starting_section': 48,
  'potential_children_tasks': [],
  'starting_section': 57,
  'task_id': 29,
  'task_sections_cnt': 1,
  'usage_offset': 9478},
 {'dep_offset': 12575,
  'name': 'transpose_xy_planes_loop_k',
  'parent_ending_section': 68,
  'parent_starting_section': 48,
  'potential_children_tasks': [],
  'starting_section': 59,
  'task_id': 30,
  'task_sections_cnt': 1,
  'usage_offset': 9919},
 {'dep_offset': 12834,
  'name': 'transpose_xy_planes_loop_k',
  'parent_ending_section': 68,
  'parent_starting_section': 48,
  'potential_children_tasks': [],
  'starting_section': 61,
  'task_id': 31,
  'task_sections_cnt': 1,
  'usage_offset': 10360},
 {'dep_offset': 13093,
  'name': 'transpose_xy_planes_loop_k',
  'parent_ending_section': 68,
  'parent_starting_section': 48,
  'potential_children_tasks': [],
  'starting_section': 63,
  'task_id': 32,
  'task_sections_cnt': 1,
  'usage_offset': 10801},
 {'dep_offset': 13352,
  'name': 'transpose_xy_planes_loop_k',
  'parent_ending_section': 68,
  'parent_starting_section': 48,
  'potential_children_tasks': [],
  'starting_section': 65,
  'task_id': 33,
  'task_sections_cnt': 1,
  'usage_offset': 11242},
 {'dep_offset': 13611,
  'name': 'transpose_xy_planes_loop_k',
  'parent_ending_section': 68,
  'parent_starting_section': 48,
  'potential_children_tasks': [],
  'starting_section': 67,
  'task_id': 34,
  'task_sections_cnt': 1,
  'usage_offset': 11683},
 {'dep_offset': 13870,
  'name': 'ffts1_planes_2',
  'parent_ending_section': 179,
  'parent_starting_section': 1,
  'potential_children_tasks': [71, 73, 75, 77, 79, 81, 83, 85, 87, 89],
  'starting_section': 70,
  'task_id': 35,
  'task_sections_cnt': 2,
  'usage_offset': 12124},
 {'dep_offset': 15940,
  'name': 'ffts1_planes_loop_k',
  'parent_ending_section': 90,
  'parent_starting_section': 70,
  'potential_children_tasks': [],
  'starting_section': 71,
  'task_id': 36,
  'task_sections_cnt': 1,
  'usage_offset': 12484},
 {'dep_offset': 16192,
  'name': 'ffts1_planes_loop_k',
  'parent_ending_section': 90,
  'parent_starting_section': 70,
  'potential_children_tasks': [],
  'starting_section': 73,
  'task_id': 37,
  'task_sections_cnt': 1,
  'usage_offset': 12846},
 {'dep_offset': 16450,
  'name': 'ffts1_planes_loop_k',
  'parent_ending_section': 90,
  'parent_starting_section': 70,
  'potential_children_tasks': [],
  'starting_section': 75,
  'task_id': 38,
  'task_sections_cnt': 1,
  'usage_offset': 13220},
 {'dep_offset': 16710,
  'name': 'ffts1_planes_loop_k',
  'parent_ending_section': 90,
  'parent_starting_section': 70,
  'potential_children_tasks': [],
  'starting_section': 77,
  'task_id': 39,
  'task_sections_cnt': 1,
  'usage_offset': 13598},
 {'dep_offset': 16970,
  'name': 'ffts1_planes_loop_k',
  'parent_ending_section': 90,
  'parent_starting_section': 70,
  'potential_children_tasks': [],
  'starting_section': 79,
  'task_id': 40,
  'task_sections_cnt': 1,
  'usage_offset': 13976},
 {'dep_offset': 17230,
  'name': 'ffts1_planes_loop_k',
  'parent_ending_section': 90,
  'parent_starting_section': 70,
  'potential_children_tasks': [],
  'starting_section': 81,
  'task_id': 41,
  'task_sections_cnt': 1,
  'usage_offset': 14354},
 {'dep_offset': 17490,
  'name': 'ffts1_planes_loop_k',
  'parent_ending_section': 90,
  'parent_starting_section': 70,
  'potential_children_tasks': [],
  'starting_section': 83,
  'task_id': 42,
  'task_sections_cnt': 1,
  'usage_offset': 14732},
 {'dep_offset': 17750,
  'name': 'ffts1_planes_loop_k',
  'parent_ending_section': 90,
  'parent_starting_section': 70,
  'potential_children_tasks': [],
  'starting_section': 85,
  'task_id': 43,
  'task_sections_cnt': 1,
  'usage_offset': 15110},
 {'dep_offset': 18010,
  'name': 'ffts1_planes_loop_k',
  'parent_ending_section': 90,
  'parent_starting_section': 70,
  'potential_children_tasks': [],
  'starting_section': 87,
  'task_id': 44,
  'task_sections_cnt': 1,
  'usage_offset': 15488},
 {'dep_offset': 18270,
  'name': 'ffts1_planes_loop_k',
  'parent_ending_section': 90,
  'parent_starting_section': 70,
  'potential_children_tasks': [],
  'starting_section': 89,
  'task_id': 45,
  'task_sections_cnt': 1,
  'usage_offset': 15866},
 {'dep_offset': 18530,
  'name': 'transpose_zx_planes',
  'parent_ending_section': 179,
  'parent_starting_section': 1,
  'potential_children_tasks': [93, 95, 97, 99, 101, 103, 105, 107, 109, 111],
  'starting_section': 92,
  'task_id': 46,
  'task_sections_cnt': 2,
  'usage_offset': 16244},
 {'dep_offset': 31156,
  'name': 'transpose_zx_planes_loop_k',
  'parent_ending_section': 112,
  'parent_starting_section': 92,
  'potential_children_tasks': [],
  'starting_section': 93,
  'task_id': 47,
  'task_sections_cnt': 1,
  'usage_offset': 16554},
 {'dep_offset': 32468,
  'name': 'transpose_zx_planes_loop_k',
  'parent_ending_section': 112,
  'parent_starting_section': 92,
  'potential_children_tasks': [],
  'starting_section': 95,
  'task_id': 48,
  'task_sections_cnt': 1,
  'usage_offset': 19101},
 {'dep_offset': 33784,
  'name': 'transpose_zx_planes_loop_k',
  'parent_ending_section': 112,
  'parent_starting_section': 92,
  'potential_children_tasks': [],
  'starting_section': 97,
  'task_id': 49,
  'task_sections_cnt': 1,
  'usage_offset': 21656},
 {'dep_offset': 35103,
  'name': 'transpose_zx_planes_loop_k',
  'parent_ending_section': 112,
  'parent_starting_section': 92,
  'potential_children_tasks': [],
  'starting_section': 99,
  'task_id': 50,
  'task_sections_cnt': 1,
  'usage_offset': 24217},
 {'dep_offset': 36423,
  'name': 'transpose_zx_planes_loop_k',
  'parent_ending_section': 112,
  'parent_starting_section': 92,
  'potential_children_tasks': [],
  'starting_section': 101,
  'task_id': 51,
  'task_sections_cnt': 1,
  'usage_offset': 26780},
 {'dep_offset': 37744,
  'name': 'transpose_zx_planes_loop_k',
  'parent_ending_section': 112,
  'parent_starting_section': 92,
  'potential_children_tasks': [],
  'starting_section': 103,
  'task_id': 52,
  'task_sections_cnt': 1,
  'usage_offset': 29349},
 {'dep_offset': 39066,
  'name': 'transpose_zx_planes_loop_k',
  'parent_ending_section': 112,
  'parent_starting_section': 92,
  'potential_children_tasks': [],
  'starting_section': 105,
  'task_id': 53,
  'task_sections_cnt': 1,
  'usage_offset': 31920},
 {'dep_offset': 40388,
  'name': 'transpose_zx_planes_loop_k',
  'parent_ending_section': 112,
  'parent_starting_section': 92,
  'potential_children_tasks': [],
  'starting_section': 107,
  'task_id': 54,
  'task_sections_cnt': 1,
  'usage_offset': 34491},
 {'dep_offset': 41710,
  'name': 'transpose_zx_planes_loop_k',
  'parent_ending_section': 112,
  'parent_starting_section': 92,
  'potential_children_tasks': [],
  'starting_section': 109,
  'task_id': 55,
  'task_sections_cnt': 1,
  'usage_offset': 37062},
 {'dep_offset': 43032,
  'name': 'transpose_zx_planes_loop_k',
  'parent_ending_section': 112,
  'parent_starting_section': 92,
  'potential_children_tasks': [],
  'starting_section': 111,
  'task_id': 56,
  'task_sections_cnt': 1,
  'usage_offset': 39633},
 {'dep_offset': 44354,
  'name': 'ffts1_planes_3',
  'parent_ending_section': 179,
  'parent_starting_section': 1,
  'potential_children_tasks': [115,
                               117,
                               119,
                               121,
                               123,
                               125,
                               127,
                               129,
                               131,
                               133],
  'starting_section': 114,
  'task_id': 57,
  'task_sections_cnt': 2,
  'usage_offset': 42204},
 {'dep_offset': 46424,
  'name': 'ffts1_planes_loop_k',
  'parent_ending_section': 134,
  'parent_starting_section': 114,
  'potential_children_tasks': [],
  'starting_section': 115,
  'task_id': 58,
  'task_sections_cnt': 1,
  'usage_offset': 42569},
 {'dep_offset': 46676,
  'name': 'ffts1_planes_loop_k',
  'parent_ending_section': 134,
  'parent_starting_section': 114,
  'potential_children_tasks': [],
  'starting_section': 117,
  'task_id': 59,
  'task_sections_cnt': 1,
  'usage_offset': 42935},
 {'dep_offset': 46934,
  'name': 'ffts1_planes_loop_k',
  'parent_ending_section': 134,
  'parent_starting_section': 114,
  'potential_children_tasks': [],
  'starting_section': 119,
  'task_id': 60,
  'task_sections_cnt': 1,
  'usage_offset': 43313},
 {'dep_offset': 47194,
  'name': 'ffts1_planes_loop_k',
  'parent_ending_section': 134,
  'parent_starting_section': 114,
  'potential_children_tasks': [],
  'starting_section': 121,
  'task_id': 61,
  'task_sections_cnt': 1,
  'usage_offset': 43695},
 {'dep_offset': 47454,
  'name': 'ffts1_planes_loop_k',
  'parent_ending_section': 134,
  'parent_starting_section': 114,
  'potential_children_tasks': [],
  'starting_section': 123,
  'task_id': 62,
  'task_sections_cnt': 1,
  'usage_offset': 44077},
 {'dep_offset': 47714,
  'name': 'ffts1_planes_loop_k',
  'parent_ending_section': 134,
  'parent_starting_section': 114,
  'potential_children_tasks': [],
  'starting_section': 125,
  'task_id': 63,
  'task_sections_cnt': 1,
  'usage_offset': 44459},
 {'dep_offset': 47974,
  'name': 'ffts1_planes_loop_k',
  'parent_ending_section': 134,
  'parent_starting_section': 114,
  'potential_children_tasks': [],
  'starting_section': 127,
  'task_id': 64,
  'task_sections_cnt': 1,
  'usage_offset': 44841},
 {'dep_offset': 48234,
  'name': 'ffts1_planes_loop_k',
  'parent_ending_section': 134,
  'parent_starting_section': 114,
  'potential_children_tasks': [],
  'starting_section': 129,
  'task_id': 65,
  'task_sections_cnt': 1,
  'usage_offset': 45223},
 {'dep_offset': 48494,
  'name': 'ffts1_planes_loop_k',
  'parent_ending_section': 134,
  'parent_starting_section': 114,
  'potential_children_tasks': [],
  'starting_section': 131,
  'task_id': 66,
  'task_sections_cnt': 1,
  'usage_offset': 45605},
 {'dep_offset': 48754,
  'name': 'ffts1_planes_loop_k',
  'parent_ending_section': 134,
  'parent_starting_section': 114,
  'potential_children_tasks': [],
  'starting_section': 133,
  'task_id': 67,
  'task_sections_cnt': 1,
  'usage_offset': 45987},
 {'dep_offset': 49014,
  'name': 'transpose_zx_planes_2',
  'parent_ending_section': 179,
  'parent_starting_section': 1,
  'potential_children_tasks': [137,
                               139,
                               141,
                               143,
                               145,
                               147,
                               149,
                               151,
                               153,
                               155],
  'starting_section': 136,
  'task_id': 68,
  'task_sections_cnt': 2,
  'usage_offset': 46369},
 {'dep_offset': 61640,
  'name': 'transpose_zx_planes_loop_k',
  'parent_ending_section': 156,
  'parent_starting_section': 136,
  'potential_children_tasks': [],
  'starting_section': 137,
  'task_id': 69,
  'task_sections_cnt': 1,
  'usage_offset': 46683},
 {'dep_offset': 62952,
  'name': 'transpose_zx_planes_loop_k',
  'parent_ending_section': 156,
  'parent_starting_section': 136,
  'potential_children_tasks': [],
  'starting_section': 139,
  'task_id': 70,
  'task_sections_cnt': 1,
  'usage_offset': 49234},
 {'dep_offset': 64268,
  'name': 'transpose_zx_planes_loop_k',
  'parent_ending_section': 156,
  'parent_starting_section': 136,
  'potential_children_tasks': [],
  'starting_section': 141,
  'task_id': 71,
  'task_sections_cnt': 1,
  'usage_offset': 51793},
 {'dep_offset': 65587,
  'name': 'transpose_zx_planes_loop_k',
  'parent_ending_section': 156,
  'parent_starting_section': 136,
  'potential_children_tasks': [],
  'starting_section': 143,
  'task_id': 72,
  'task_sections_cnt': 1,
  'usage_offset': 54358},
 {'dep_offset': 66907,
  'name': 'transpose_zx_planes_loop_k',
  'parent_ending_section': 156,
  'parent_starting_section': 136,
  'potential_children_tasks': [],
  'starting_section': 145,
  'task_id': 73,
  'task_sections_cnt': 1,
  'usage_offset': 56925},
 {'dep_offset': 68228,
  'name': 'transpose_zx_planes_loop_k',
  'parent_ending_section': 156,
  'parent_starting_section': 136,
  'potential_children_tasks': [],
  'starting_section': 147,
  'task_id': 74,
  'task_sections_cnt': 1,
  'usage_offset': 59494},
 {'dep_offset': 69550,
  'name': 'transpose_zx_planes_loop_k',
  'parent_ending_section': 156,
  'parent_starting_section': 136,
  'potential_children_tasks': [],
  'starting_section': 149,
  'task_id': 75,
  'task_sections_cnt': 1,
  'usage_offset': 62065},
 {'dep_offset': 70872,
  'name': 'transpose_zx_planes_loop_k',
  'parent_ending_section': 156,
  'parent_starting_section': 136,
  'potential_children_tasks': [],
  'starting_section': 151,
  'task_id': 76,
  'task_sections_cnt': 1,
  'usage_offset': 64636},
 {'dep_offset': 72194,
  'name': 'transpose_zx_planes_loop_k',
  'parent_ending_section': 156,
  'parent_starting_section': 136,
  'potential_children_tasks': [],
  'starting_section': 153,
  'task_id': 77,
  'task_sections_cnt': 1,
  'usage_offset': 67207},
 {'dep_offset': 73516,
  'name': 'transpose_zx_planes_loop_k',
  'parent_ending_section': 156,
  'parent_starting_section': 136,
  'potential_children_tasks': [],
  'starting_section': 155,
  'task_id': 78,
  'task_sections_cnt': 1,
  'usage_offset': 69778},
 {'dep_offset': 74838,
  'name': 'transpose_xy_planes_2',
  'parent_ending_section': 179,
  'parent_starting_section': 1,
  'potential_children_tasks': [159,
                               161,
                               163,
                               165,
                               167,
                               169,
                               171,
                               173,
                               175,
                               177],
  'starting_section': 158,
  'task_id': 79,
  'task_sections_cnt': 2,
  'usage_offset': 72349},
 {'dep_offset': 76622,
  'name': 'transpose_xy_planes_loop_k',
  'parent_ending_section': 178,
  'parent_starting_section': 158,
  'potential_children_tasks': [],
  'starting_section': 159,
  'task_id': 80,
  'task_sections_cnt': 1,
  'usage_offset': 72663},
 {'dep_offset': 76856,
  'name': 'transpose_xy_planes_loop_k',
  'parent_ending_section': 178,
  'parent_starting_section': 158,
  'potential_children_tasks': [],
  'starting_section': 161,
  'task_id': 81,
  'task_sections_cnt': 1,
  'usage_offset': 73092},
 {'dep_offset': 77093,
  'name': 'transpose_xy_planes_loop_k',
  'parent_ending_section': 178,
  'parent_starting_section': 158,
  'potential_children_tasks': [],
  'starting_section': 163,
  'task_id': 82,
  'task_sections_cnt': 1,
  'usage_offset': 73533},
 {'dep_offset': 77331,
  'name': 'transpose_xy_planes_loop_k',
  'parent_ending_section': 178,
  'parent_starting_section': 158,
  'potential_children_tasks': [],
  'starting_section': 165,
  'task_id': 83,
  'task_sections_cnt': 1,
  'usage_offset': 73978},
 {'dep_offset': 77569,
  'name': 'transpose_xy_planes_loop_k',
  'parent_ending_section': 178,
  'parent_starting_section': 158,
  'potential_children_tasks': [],
  'starting_section': 167,
  'task_id': 84,
  'task_sections_cnt': 1,
  'usage_offset': 74423},
 {'dep_offset': 77807,
  'name': 'transpose_xy_planes_loop_k',
  'parent_ending_section': 178,
  'parent_starting_section': 158,
  'potential_children_tasks': [],
  'starting_section': 169,
  'task_id': 85,
  'task_sections_cnt': 1,
  'usage_offset': 74868},
 {'dep_offset': 78045,
  'name': 'transpose_xy_planes_loop_k',
  'parent_ending_section': 178,
  'parent_starting_section': 158,
  'potential_children_tasks': [],
  'starting_section': 171,
  'task_id': 86,
  'task_sections_cnt': 1,
  'usage_offset': 75313},
 {'dep_offset': 78283,
  'name': 'transpose_xy_planes_loop_k',
  'parent_ending_section': 178,
  'parent_starting_section': 158,
  'potential_children_tasks': [],
  'starting_section': 173,
  'task_id': 87,
  'task_sections_cnt': 1,
  'usage_offset': 75758},
 {'dep_offset': 78521,
  'name': 'transpose_xy_planes_loop_k',
  'parent_ending_section': 178,
  'parent_starting_section': 158,
  'potential_children_tasks': [],
  'starting_section': 175,
  'task_id': 88,
  'task_sections_cnt': 1,
  'usage_offset': 76203},
 {'dep_offset': 78759,
  'name': 'transpose_xy_planes_loop_k',
  'parent_ending_section': 178,
  'parent_starting_section': 158,
  'potential_children_tasks': [],
  'starting_section': 177,
  'task_id': 89,
  'task_sections_cnt': 1,
  'usage_offset': 76648}]
