->;section;tareador_instrumented_section;;;;0
nw;0;[0x64a490,+128);global;A;dot_product.c;9;-|
nw;1;[0x64a510,+8);global;B;dot_product.c;10;-|
nw;2;[0x7ffd9ba178c0,+14);stack;argv[0];-|
nw;3;[0x7ffd9ba169bc,+4);stack;unknown_name;-|
nw;4;[0x7ffd9ba169b8,+4);stack;argc;-|
nw;5;[0x7ffd9ba169b0,+8);stack;argv;-|
nw;6;[0x7ffd9ba169a0,+16);stack;start;-|
nw;7;[0x7ffd9ba16990,+16);stack;stop;-|
nw;8;[0x7ffd9ba16988,+8);stack;elapsed;-|
nw;9;[0x7ffd9ba16980,+8);stack;result;-|
nw;10;[0x7ffd9ba16978,+8);stack;B;-|
nw;11;[0x7ffd9ba16974,+4);stack;i;-|
nw;12;[0x1d7a110,+128);heap;uncast(*(B));;main;/scratch/nas/1/par2312/labs/lab1/dot_product/dot_product.c;44;-|
  ->;section;Tareador_Main;;;;0
    ->;section;init_A;;;;15
    us;0;loads;;stores;[0,128)
    us;11;loads;;stores;[0,4)
    <-;section;init_A;;;;244
    ->;section;init_B;;;;244
    us;10;loads;[0,8);stores;
    us;11;loads;;stores;[0,4)
    us;12;loads;;stores;[0,128)
    <-;section;init_B;;;;505
    ->;section;dot_product;;;;506
    nw;13;[0x7ffd9ba168e8,+8);stack;N;-|
    nw;14;[0x7ffd9ba168e0,+8);stack;A;-|
    nw;15;[0x7ffd9ba168d8,+8);stack;B;-|
    nw;16;[0x7ffd9ba168d0,+8);stack;acc;-|
    nw;17;[0x7ffd9ba168c8,+8);stack;prod;-|
    nw;18;[0x7ffd9ba168c4,+4);stack;i;-|
    us;9;loads;;stores;[0,8)
    us;10;loads;[0,8);stores;
    us;13;loads;;stores;[0,8)
    us;14;loads;;stores;[0,8)
    us;15;loads;;stores;[0,8)
    us;16;loads;;stores;[0,8)
    us;18;loads;;stores;[0,4)
      ->;section;dot_product_it;;;;527
      us;0;loads;[0,8);stores;
      us;12;loads;[0,8);stores;
      us;14;loads;[0,8);stores;
      us;15;loads;[0,8);stores;
      us;16;loads;[0,8);stores;
      us;17;loads;;stores;[0,8)
      us;18;loads;[0,4);stores;
      <-;section;dot_product_it;;;;7065
    us;13;loads;[0,8);stores;
    us;18;loads;[0,4);stores;[0,4)
      ->;section;dot_product_it;;;;7075
      us;0;loads;[8,16);stores;
      us;12;loads;[8,16);stores;
      us;14;loads;[0,8);stores;
      us;15;loads;[0,8);stores;
      us;16;loads;[0,8);stores;
      us;17;loads;;stores;[0,8)
      us;18;loads;[0,4);stores;
      <-;section;dot_product_it;;;;13613
    us;13;loads;[0,8);stores;
    us;18;loads;[0,4);stores;[0,4)
      ->;section;dot_product_it;;;;13623
      us;0;loads;[16,24);stores;
      us;12;loads;[16,24);stores;
      us;14;loads;[0,8);stores;
      us;15;loads;[0,8);stores;
      us;16;loads;[0,8);stores;
      us;17;loads;;stores;[0,8)
      us;18;loads;[0,4);stores;
      <-;section;dot_product_it;;;;20161
    us;13;loads;[0,8);stores;
    us;18;loads;[0,4);stores;[0,4)
      ->;section;dot_product_it;;;;20171
      us;0;loads;[24,32);stores;
      us;12;loads;[24,32);stores;
      us;14;loads;[0,8);stores;
      us;15;loads;[0,8);stores;
      us;16;loads;[0,8);stores;
      us;17;loads;;stores;[0,8)
      us;18;loads;[0,4);stores;
      <-;section;dot_product_it;;;;26709
    us;13;loads;[0,8);stores;
    us;18;loads;[0,4);stores;[0,4)
      ->;section;dot_product_it;;;;26719
      us;0;loads;[32,40);stores;
      us;12;loads;[32,40);stores;
      us;14;loads;[0,8);stores;
      us;15;loads;[0,8);stores;
      us;16;loads;[0,8);stores;
      us;17;loads;;stores;[0,8)
      us;18;loads;[0,4);stores;
      <-;section;dot_product_it;;;;33257
    us;13;loads;[0,8);stores;
    us;18;loads;[0,4);stores;[0,4)
      ->;section;dot_product_it;;;;33267
      us;0;loads;[40,48);stores;
      us;12;loads;[40,48);stores;
      us;14;loads;[0,8);stores;
      us;15;loads;[0,8);stores;
      us;16;loads;[0,8);stores;
      us;17;loads;;stores;[0,8)
      us;18;loads;[0,4);stores;
      <-;section;dot_product_it;;;;39805
    us;13;loads;[0,8);stores;
    us;18;loads;[0,4);stores;[0,4)
      ->;section;dot_product_it;;;;39815
      us;0;loads;[48,56);stores;
      us;12;loads;[48,56);stores;
      us;14;loads;[0,8);stores;
      us;15;loads;[0,8);stores;
      us;16;loads;[0,8);stores;
      us;17;loads;;stores;[0,8)
      us;18;loads;[0,4);stores;
      <-;section;dot_product_it;;;;46353
    us;13;loads;[0,8);stores;
    us;18;loads;[0,4);stores;[0,4)
      ->;section;dot_product_it;;;;46363
      us;0;loads;[56,64);stores;
      us;12;loads;[56,64);stores;
      us;14;loads;[0,8);stores;
      us;15;loads;[0,8);stores;
      us;16;loads;[0,8);stores;
      us;17;loads;;stores;[0,8)
      us;18;loads;[0,4);stores;
      <-;section;dot_product_it;;;;52901
    us;13;loads;[0,8);stores;
    us;18;loads;[0,4);stores;[0,4)
      ->;section;dot_product_it;;;;52911
      us;0;loads;[64,72);stores;
      us;12;loads;[64,72);stores;
      us;14;loads;[0,8);stores;
      us;15;loads;[0,8);stores;
      us;16;loads;[0,8);stores;
      us;17;loads;;stores;[0,8)
      us;18;loads;[0,4);stores;
      <-;section;dot_product_it;;;;59449
    us;13;loads;[0,8);stores;
    us;18;loads;[0,4);stores;[0,4)
      ->;section;dot_product_it;;;;59459
      us;0;loads;[72,80);stores;
      us;12;loads;[72,80);stores;
      us;14;loads;[0,8);stores;
      us;15;loads;[0,8);stores;
      us;16;loads;[0,8);stores;
      us;17;loads;;stores;[0,8)
      us;18;loads;[0,4);stores;
      <-;section;dot_product_it;;;;65997
    us;13;loads;[0,8);stores;
    us;18;loads;[0,4);stores;[0,4)
      ->;section;dot_product_it;;;;66007
      us;0;loads;[80,88);stores;
      us;12;loads;[80,88);stores;
      us;14;loads;[0,8);stores;
      us;15;loads;[0,8);stores;
      us;16;loads;[0,8);stores;
      us;17;loads;;stores;[0,8)
      us;18;loads;[0,4);stores;
      <-;section;dot_product_it;;;;72545
    us;13;loads;[0,8);stores;
    us;18;loads;[0,4);stores;[0,4)
      ->;section;dot_product_it;;;;72555
      us;0;loads;[88,96);stores;
      us;12;loads;[88,96);stores;
      us;14;loads;[0,8);stores;
      us;15;loads;[0,8);stores;
      us;16;loads;[0,8);stores;
      us;17;loads;;stores;[0,8)
      us;18;loads;[0,4);stores;
      <-;section;dot_product_it;;;;79093
    us;13;loads;[0,8);stores;
    us;18;loads;[0,4);stores;[0,4)
      ->;section;dot_product_it;;;;79103
      us;0;loads;[96,104);stores;
      us;12;loads;[96,104);stores;
      us;14;loads;[0,8);stores;
      us;15;loads;[0,8);stores;
      us;16;loads;[0,8);stores;
      us;17;loads;;stores;[0,8)
      us;18;loads;[0,4);stores;
      <-;section;dot_product_it;;;;85641
    us;13;loads;[0,8);stores;
    us;18;loads;[0,4);stores;[0,4)
      ->;section;dot_product_it;;;;85651
      us;0;loads;[104,112);stores;
      us;12;loads;[104,112);stores;
      us;14;loads;[0,8);stores;
      us;15;loads;[0,8);stores;
      us;16;loads;[0,8);stores;
      us;17;loads;;stores;[0,8)
      us;18;loads;[0,4);stores;
      <-;section;dot_product_it;;;;92189
    us;13;loads;[0,8);stores;
    us;18;loads;[0,4);stores;[0,4)
      ->;section;dot_product_it;;;;92199
      us;0;loads;[112,120);stores;
      us;12;loads;[112,120);stores;
      us;14;loads;[0,8);stores;
      us;15;loads;[0,8);stores;
      us;16;loads;[0,8);stores;
      us;17;loads;;stores;[0,8)
      us;18;loads;[0,4);stores;
      <-;section;dot_product_it;;;;98737
    us;13;loads;[0,8);stores;
    us;18;loads;[0,4);stores;[0,4)
      ->;section;dot_product_it;;;;98747
      us;0;loads;[120,128);stores;
      us;12;loads;[120,128);stores;
      us;14;loads;[0,8);stores;
      us;15;loads;[0,8);stores;
      us;16;loads;[0,8);stores;
      us;17;loads;;stores;[0,8)
      us;18;loads;[0,4);stores;
      <-;section;dot_product_it;;;;105285
    us;13;loads;[0,8);stores;
    us;18;loads;[0,4);stores;[0,4)
    dl;13;[0x7ffd9ba168e8,+8);stack;N;-|
    dl;14;[0x7ffd9ba168e0,+8);stack;A;-|
    dl;15;[0x7ffd9ba168d8,+8);stack;B;-|
    dl;16;[0x7ffd9ba168d0,+8);stack;acc;-|
    dl;17;[0x7ffd9ba168c8,+8);stack;prod;-|
    dl;18;[0x7ffd9ba168c4,+4);stack;i;-|
    <-;section;dot_product;;;;105298
  <-;section;Tareador_Main;;;;105298
dl;3;[0x7ffd9ba169bc,+4);stack;unknown_name;-|
dl;4;[0x7ffd9ba169b8,+4);stack;argc;-|
dl;5;[0x7ffd9ba169b0,+8);stack;argv;-|
dl;6;[0x7ffd9ba169a0,+16);stack;start;-|
dl;7;[0x7ffd9ba16990,+16);stack;stop;-|
dl;8;[0x7ffd9ba16988,+8);stack;elapsed;-|
dl;9;[0x7ffd9ba16980,+8);stack;result;-|
dl;10;[0x7ffd9ba16978,+8);stack;B;-|
dl;11;[0x7ffd9ba16974,+4);stack;i;-|
<-;section;tareador_instrumented_section;;;;105298
