printing dependencies for unit id: (0, 0)
 OUTGOING DEPENDENCIES:
  dep: (0, 0) -> (1, 0);  time 13 -> 0
14:8:20:[0,8)
10:8:21:[0,8)
11:8:22:[0,8)
  dep: (0, 0) -> (19, 0);  time 13 -> 0
14:8:20:[0,8)
10:8:21:[0,8)
11:8:22:[0,8)
  dep: (0, 0) -> (37, 0);  time 13 -> 0
14:8:20:[0,8)
10:8:21:[0,8)
11:8:22:[0,8)
  dep: (0, 0) -> (55, 0);  time 13 -> 0
14:8:20:[0,8)
10:8:21:[0,8)
11:8:22:[0,8)
  dep: (0, 0) -> (73, 0);  time 13 -> 0
14:8:20:[0,8)
10:8:21:[0,8)
11:8:22:[0,8)
  dep: (0, 0) -> (88, 0);  time 13 -> 0
14:8:20:[0,8)
10:8:21:[0,8)
11:8:22:[0,8)
  dep: (0, 0) -> (103, 0);  time 13 -> 0
14:8:20:[0,8)
10:8:21:[0,8)
11:8:22:[0,8)
 INCOMING DEPENDENCIES:
printing dependencies for unit id: (0, 1)
 OUTGOING DEPENDENCIES:
 INCOMING DEPENDENCIES:
  dep: (103, 1) -> (0, 1);  time 0 -> 0
printing dependencies for unit id: (1, 0)
 OUTGOING DEPENDENCIES:
  dep: (1, 0) -> (2, 0);  time 13 -> 0
14:8:23:[0,8)
10:8:24:[0,8)
11:8:25:[0,8)
  dep: (1, 0) -> (3, 0);  time 13 -> 0
14:8:23:[0,8)
10:8:24:[0,8)
11:8:25:[0,8)
  dep: (1, 0) -> (4, 0);  time 13 -> 0
14:8:23:[0,8)
10:8:24:[0,8)
11:8:25:[0,8)
  dep: (1, 0) -> (5, 0);  time 13 -> 0
14:8:23:[0,8)
10:8:24:[0,8)
11:8:25:[0,8)
  dep: (1, 0) -> (6, 0);  time 13 -> 0
14:8:23:[0,8)
10:8:24:[0,8)
11:8:25:[0,8)
  dep: (1, 0) -> (9, 0);  time 13 -> 0
14:8:23:[0,8)
10:8:24:[0,8)
11:8:25:[0,8)
  dep: (1, 0) -> (12, 0);  time 13 -> 0
14:8:23:[0,8)
10:8:24:[0,8)
11:8:25:[0,8)
 INCOMING DEPENDENCIES:
  dep: (0, 0) -> (1, 0);  time 13 -> 0
14:8:20:[0,8)
10:8:21:[0,8)
11:8:22:[0,8)
printing dependencies for unit id: (1, 1)
 OUTGOING DEPENDENCIES:
  dep: (1, 1) -> (73, 0);  time 0 -> 0
12:16384:12:[0,4096)
 INCOMING DEPENDENCIES:
  dep: (12, 1) -> (1, 1);  time 0 -> 0
12:16384:12:[0,4096)
printing dependencies for unit id: (2, 0)
 OUTGOING DEPENDENCIES:
  dep: (2, 0) -> (6, 0);  time 1217120 -> 0
12:16384:12:[0,1024)
 INCOMING DEPENDENCIES:
  dep: (1, 0) -> (2, 0);  time 13 -> 0
14:8:23:[0,8)
10:8:24:[0,8)
11:8:25:[0,8)
printing dependencies for unit id: (3, 0)
 OUTGOING DEPENDENCIES:
  dep: (3, 0) -> (6, 0);  time 1236849 -> 0
12:16384:12:[1024,2048)
 INCOMING DEPENDENCIES:
  dep: (1, 0) -> (3, 0);  time 13 -> 0
14:8:23:[0,8)
10:8:24:[0,8)
11:8:25:[0,8)
printing dependencies for unit id: (4, 0)
 OUTGOING DEPENDENCIES:
  dep: (4, 0) -> (9, 0);  time 1231199 -> 0
12:16384:12:[2048,3072)
 INCOMING DEPENDENCIES:
  dep: (1, 0) -> (4, 0);  time 13 -> 0
14:8:23:[0,8)
10:8:24:[0,8)
11:8:25:[0,8)
printing dependencies for unit id: (5, 0)
 OUTGOING DEPENDENCIES:
  dep: (5, 0) -> (9, 0);  time 1240901 -> 0
12:16384:12:[3072,4096)
 INCOMING DEPENDENCIES:
  dep: (1, 0) -> (5, 0);  time 13 -> 0
14:8:23:[0,8)
10:8:24:[0,8)
11:8:25:[0,8)
printing dependencies for unit id: (6, 0)
 OUTGOING DEPENDENCIES:
  dep: (6, 0) -> (7, 0);  time 21 -> 0
12:16384:12:[0,504)[1024,1548)
14:8:66:[0,8)
15:8:67:[0,8)
16:8:68:[0,8)
17:8:69:[0,8)
18:8:70:[0,8)
19:8:71:[0,8)
  dep: (6, 0) -> (8, 0);  time 21 -> 0
12:16384:12:[256,260)[384,388)[448,452)[480,484)[496,1024)[1536,1540)[1544,2048)
14:8:66:[0,8)
15:8:67:[0,8)
16:8:68:[0,8)
17:8:69:[0,8)
18:8:70:[0,8)
19:8:71:[0,8)
 INCOMING DEPENDENCIES:
  dep: (1, 0) -> (6, 0);  time 13 -> 0
14:8:23:[0,8)
10:8:24:[0,8)
11:8:25:[0,8)
  dep: (2, 0) -> (6, 0);  time 1217120 -> 0
12:16384:12:[0,1024)
  dep: (3, 0) -> (6, 0);  time 1236849 -> 0
12:16384:12:[1024,2048)
printing dependencies for unit id: (6, 1)
 OUTGOING DEPENDENCIES:
  dep: (6, 1) -> (12, 0);  time 0 -> 0
13:16384:13:[0,2048)
 INCOMING DEPENDENCIES:
  dep: (7, 0) -> (6, 1);  time 10332 -> 0
13:16384:13:[0,1024)
  dep: (8, 0) -> (6, 1);  time 11261 -> 0
13:16384:13:[1024,2048)
printing dependencies for unit id: (7, 0)
 OUTGOING DEPENDENCIES:
  dep: (7, 0) -> (6, 1);  time 10332 -> 0
13:16384:13:[0,1024)
 INCOMING DEPENDENCIES:
  dep: (6, 0) -> (7, 0);  time 21 -> 0
12:16384:12:[0,504)[1024,1548)
14:8:66:[0,8)
15:8:67:[0,8)
16:8:68:[0,8)
17:8:69:[0,8)
18:8:70:[0,8)
19:8:71:[0,8)
printing dependencies for unit id: (8, 0)
 OUTGOING DEPENDENCIES:
  dep: (8, 0) -> (6, 1);  time 11261 -> 0
13:16384:13:[1024,2048)
 INCOMING DEPENDENCIES:
  dep: (6, 0) -> (8, 0);  time 21 -> 0
12:16384:12:[256,260)[384,388)[448,452)[480,484)[496,1024)[1536,1540)[1544,2048)
14:8:66:[0,8)
15:8:67:[0,8)
16:8:68:[0,8)
17:8:69:[0,8)
18:8:70:[0,8)
19:8:71:[0,8)
printing dependencies for unit id: (9, 0)
 OUTGOING DEPENDENCIES:
  dep: (9, 0) -> (10, 0);  time 21 -> 0
12:16384:12:[2048,2580)[3072,3568)
14:8:130:[0,8)
15:8:131:[0,8)
16:8:132:[0,8)
17:8:133:[0,8)
18:8:134:[0,8)
19:8:135:[0,8)
  dep: (9, 0) -> (11, 0);  time 21 -> 0
12:16384:12:[2560,2564)[2576,3072)[3328,3332)[3456,3460)[3520,3524)[3552,3556)[3560,4096)
14:8:130:[0,8)
15:8:131:[0,8)
16:8:132:[0,8)
17:8:133:[0,8)
18:8:134:[0,8)
19:8:135:[0,8)
 INCOMING DEPENDENCIES:
  dep: (1, 0) -> (9, 0);  time 13 -> 0
14:8:23:[0,8)
10:8:24:[0,8)
11:8:25:[0,8)
  dep: (4, 0) -> (9, 0);  time 1231199 -> 0
12:16384:12:[2048,3072)
  dep: (5, 0) -> (9, 0);  time 1240901 -> 0
12:16384:12:[3072,4096)
printing dependencies for unit id: (9, 1)
 OUTGOING DEPENDENCIES:
  dep: (9, 1) -> (12, 0);  time 0 -> 0
13:16384:13:[2048,4096)
 INCOMING DEPENDENCIES:
  dep: (10, 0) -> (9, 1);  time 10332 -> 0
13:16384:13:[2048,3072)
  dep: (11, 0) -> (9, 1);  time 11293 -> 0
13:16384:13:[3072,4096)
printing dependencies for unit id: (10, 0)
 OUTGOING DEPENDENCIES:
  dep: (10, 0) -> (9, 1);  time 10332 -> 0
13:16384:13:[2048,3072)
 INCOMING DEPENDENCIES:
  dep: (9, 0) -> (10, 0);  time 21 -> 0
12:16384:12:[2048,2580)[3072,3568)
14:8:130:[0,8)
15:8:131:[0,8)
16:8:132:[0,8)
17:8:133:[0,8)
18:8:134:[0,8)
19:8:135:[0,8)
printing dependencies for unit id: (11, 0)
 OUTGOING DEPENDENCIES:
  dep: (11, 0) -> (9, 1);  time 11293 -> 0
13:16384:13:[3072,4096)
 INCOMING DEPENDENCIES:
  dep: (9, 0) -> (11, 0);  time 21 -> 0
12:16384:12:[2560,2564)[2576,3072)[3328,3332)[3456,3460)[3520,3524)[3552,3556)[3560,4096)
14:8:130:[0,8)
15:8:131:[0,8)
16:8:132:[0,8)
17:8:133:[0,8)
18:8:134:[0,8)
19:8:135:[0,8)
printing dependencies for unit id: (12, 0)
 OUTGOING DEPENDENCIES:
  dep: (12, 0) -> (13, 0);  time 21 -> 0
13:16384:13:[0,1004)[2048,3096)
14:8:194:[0,8)
15:8:195:[0,8)
16:8:196:[0,8)
17:8:197:[0,8)
18:8:198:[0,8)
19:8:199:[0,8)
  dep: (12, 0) -> (16, 0);  time 21 -> 0
13:16384:13:[512,516)[768,772)[896,900)[960,964)[992,996)[1000,2048)[3072,3076)[3088,4096)
14:8:194:[0,8)
15:8:195:[0,8)
16:8:196:[0,8)
17:8:197:[0,8)
18:8:198:[0,8)
19:8:199:[0,8)
 INCOMING DEPENDENCIES:
  dep: (1, 0) -> (12, 0);  time 13 -> 0
14:8:23:[0,8)
10:8:24:[0,8)
11:8:25:[0,8)
  dep: (6, 1) -> (12, 0);  time 0 -> 0
13:16384:13:[0,2048)
  dep: (9, 1) -> (12, 0);  time 0 -> 0
13:16384:13:[2048,4096)
printing dependencies for unit id: (12, 1)
 OUTGOING DEPENDENCIES:
  dep: (12, 1) -> (1, 1);  time 0 -> 0
12:16384:12:[0,4096)
 INCOMING DEPENDENCIES:
  dep: (13, 1) -> (12, 1);  time 0 -> 0
12:16384:12:[0,2048)
  dep: (16, 1) -> (12, 1);  time 0 -> 0
12:16384:12:[2048,4096)
printing dependencies for unit id: (13, 0)
 OUTGOING DEPENDENCIES:
  dep: (13, 0) -> (14, 0);  time 21 -> 0
13:16384:13:[0,512)[2048,2564)
14:8:200:[0,8)
15:8:201:[0,8)
16:8:202:[0,8)
17:8:203:[0,8)
18:8:204:[0,8)
19:8:205:[0,8)
  dep: (13, 0) -> (15, 0);  time 21 -> 0
13:16384:13:[256,260)[384,388)[448,452)[480,484)[496,500)[504,1004)[2560,3096)
14:8:200:[0,8)
15:8:201:[0,8)
16:8:202:[0,8)
17:8:203:[0,8)
18:8:204:[0,8)
19:8:205:[0,8)
 INCOMING DEPENDENCIES:
  dep: (12, 0) -> (13, 0);  time 21 -> 0
13:16384:13:[0,1004)[2048,3096)
14:8:194:[0,8)
15:8:195:[0,8)
16:8:196:[0,8)
17:8:197:[0,8)
18:8:198:[0,8)
19:8:199:[0,8)
printing dependencies for unit id: (13, 1)
 OUTGOING DEPENDENCIES:
  dep: (13, 1) -> (12, 1);  time 0 -> 0
12:16384:12:[0,2048)
 INCOMING DEPENDENCIES:
  dep: (14, 0) -> (13, 1);  time 10332 -> 0
12:16384:12:[0,1024)
  dep: (15, 0) -> (13, 1);  time 11294 -> 0
12:16384:12:[1024,2048)
printing dependencies for unit id: (14, 0)
 OUTGOING DEPENDENCIES:
  dep: (14, 0) -> (13, 1);  time 10332 -> 0
12:16384:12:[0,1024)
 INCOMING DEPENDENCIES:
  dep: (13, 0) -> (14, 0);  time 21 -> 0
13:16384:13:[0,512)[2048,2564)
14:8:200:[0,8)
15:8:201:[0,8)
16:8:202:[0,8)
17:8:203:[0,8)
18:8:204:[0,8)
19:8:205:[0,8)
printing dependencies for unit id: (15, 0)
 OUTGOING DEPENDENCIES:
  dep: (15, 0) -> (13, 1);  time 11294 -> 0
12:16384:12:[1024,2048)
 INCOMING DEPENDENCIES:
  dep: (13, 0) -> (15, 0);  time 21 -> 0
13:16384:13:[256,260)[384,388)[448,452)[480,484)[496,500)[504,1004)[2560,3096)
14:8:200:[0,8)
15:8:201:[0,8)
16:8:202:[0,8)
17:8:203:[0,8)
18:8:204:[0,8)
19:8:205:[0,8)
printing dependencies for unit id: (16, 0)
 OUTGOING DEPENDENCIES:
  dep: (16, 0) -> (17, 0);  time 21 -> 0
13:16384:13:[512,516)[768,772)[896,900)[960,964)[992,996)[1000,1548)[3072,3076)[3088,3576)[3580,3588)
14:8:264:[0,8)
15:8:265:[0,8)
16:8:266:[0,8)
17:8:267:[0,8)
18:8:268:[0,8)
19:8:269:[0,8)
  dep: (16, 0) -> (18, 0);  time 21 -> 0
13:16384:13:[1536,1540)[1544,2048)[3328,3332)[3456,3460)[3520,3524)[3552,3556)[3568,4096)
14:8:264:[0,8)
15:8:265:[0,8)
16:8:266:[0,8)
17:8:267:[0,8)
18:8:268:[0,8)
19:8:269:[0,8)
 INCOMING DEPENDENCIES:
  dep: (12, 0) -> (16, 0);  time 21 -> 0
13:16384:13:[512,516)[768,772)[896,900)[960,964)[992,996)[1000,2048)[3072,3076)[3088,4096)
14:8:194:[0,8)
15:8:195:[0,8)
16:8:196:[0,8)
17:8:197:[0,8)
18:8:198:[0,8)
19:8:199:[0,8)
printing dependencies for unit id: (16, 1)
 OUTGOING DEPENDENCIES:
  dep: (16, 1) -> (12, 1);  time 0 -> 0
12:16384:12:[2048,4096)
 INCOMING DEPENDENCIES:
  dep: (17, 0) -> (16, 1);  time 11425 -> 0
12:16384:12:[2048,3072)
  dep: (18, 0) -> (16, 1);  time 11283 -> 0
12:16384:12:[3072,4096)
printing dependencies for unit id: (17, 0)
 OUTGOING DEPENDENCIES:
  dep: (17, 0) -> (16, 1);  time 11425 -> 0
12:16384:12:[2048,3072)
 INCOMING DEPENDENCIES:
  dep: (16, 0) -> (17, 0);  time 21 -> 0
13:16384:13:[512,516)[768,772)[896,900)[960,964)[992,996)[1000,1548)[3072,3076)[3088,3576)[3580,3588)
14:8:264:[0,8)
15:8:265:[0,8)
16:8:266:[0,8)
17:8:267:[0,8)
18:8:268:[0,8)
19:8:269:[0,8)
printing dependencies for unit id: (18, 0)
 OUTGOING DEPENDENCIES:
  dep: (18, 0) -> (16, 1);  time 11283 -> 0
12:16384:12:[3072,4096)
 INCOMING DEPENDENCIES:
  dep: (16, 0) -> (18, 0);  time 21 -> 0
13:16384:13:[1536,1540)[1544,2048)[3328,3332)[3456,3460)[3520,3524)[3552,3556)[3568,4096)
14:8:264:[0,8)
15:8:265:[0,8)
16:8:266:[0,8)
17:8:267:[0,8)
18:8:268:[0,8)
19:8:269:[0,8)
printing dependencies for unit id: (19, 0)
 OUTGOING DEPENDENCIES:
  dep: (19, 0) -> (20, 0);  time 13 -> 0
14:8:346:[0,8)
10:8:347:[0,8)
11:8:348:[0,8)
  dep: (19, 0) -> (21, 0);  time 13 -> 0
14:8:346:[0,8)
10:8:347:[0,8)
11:8:348:[0,8)
  dep: (19, 0) -> (22, 0);  time 13 -> 0
14:8:346:[0,8)
10:8:347:[0,8)
11:8:348:[0,8)
  dep: (19, 0) -> (23, 0);  time 13 -> 0
14:8:346:[0,8)
10:8:347:[0,8)
11:8:348:[0,8)
  dep: (19, 0) -> (24, 0);  time 13 -> 0
14:8:346:[0,8)
10:8:347:[0,8)
11:8:348:[0,8)
  dep: (19, 0) -> (27, 0);  time 13 -> 0
14:8:346:[0,8)
10:8:347:[0,8)
11:8:348:[0,8)
  dep: (19, 0) -> (30, 0);  time 13 -> 0
14:8:346:[0,8)
10:8:347:[0,8)
11:8:348:[0,8)
 INCOMING DEPENDENCIES:
  dep: (0, 0) -> (19, 0);  time 13 -> 0
14:8:20:[0,8)
10:8:21:[0,8)
11:8:22:[0,8)
printing dependencies for unit id: (19, 1)
 OUTGOING DEPENDENCIES:
  dep: (19, 1) -> (73, 0);  time 0 -> 0
12:16384:12:[4096,8192)
 INCOMING DEPENDENCIES:
  dep: (30, 1) -> (19, 1);  time 0 -> 0
12:16384:12:[4096,8192)
printing dependencies for unit id: (20, 0)
 OUTGOING DEPENDENCIES:
  dep: (20, 0) -> (24, 0);  time 1221895 -> 0
12:16384:12:[4096,5120)
 INCOMING DEPENDENCIES:
  dep: (19, 0) -> (20, 0);  time 13 -> 0
14:8:346:[0,8)
10:8:347:[0,8)
11:8:348:[0,8)
printing dependencies for unit id: (21, 0)
 OUTGOING DEPENDENCIES:
  dep: (21, 0) -> (24, 0);  time 1229624 -> 0
12:16384:12:[5120,6144)
 INCOMING DEPENDENCIES:
  dep: (19, 0) -> (21, 0);  time 13 -> 0
14:8:346:[0,8)
10:8:347:[0,8)
11:8:348:[0,8)
printing dependencies for unit id: (22, 0)
 OUTGOING DEPENDENCIES:
  dep: (22, 0) -> (27, 0);  time 1232299 -> 0
12:16384:12:[6144,7164)
 INCOMING DEPENDENCIES:
  dep: (19, 0) -> (22, 0);  time 13 -> 0
14:8:346:[0,8)
10:8:347:[0,8)
11:8:348:[0,8)
printing dependencies for unit id: (23, 0)
 OUTGOING DEPENDENCIES:
  dep: (23, 0) -> (27, 0);  time 1210726 -> 0
12:16384:12:[7168,8192)
 INCOMING DEPENDENCIES:
  dep: (19, 0) -> (23, 0);  time 13 -> 0
14:8:346:[0,8)
10:8:347:[0,8)
11:8:348:[0,8)
printing dependencies for unit id: (24, 0)
 OUTGOING DEPENDENCIES:
  dep: (24, 0) -> (25, 0);  time 21 -> 0
12:16384:12:[4096,4604)[5120,5640)
14:8:389:[0,8)
15:8:390:[0,8)
16:8:391:[0,8)
17:8:392:[0,8)
18:8:393:[0,8)
19:8:394:[0,8)
  dep: (24, 0) -> (26, 0);  time 21 -> 0
12:16384:12:[4352,4356)[4480,4484)[4544,4548)[4576,4580)[4592,4596)[4600,5120)[5632,6144)
14:8:389:[0,8)
15:8:390:[0,8)
16:8:391:[0,8)
17:8:392:[0,8)
18:8:393:[0,8)
19:8:394:[0,8)
 INCOMING DEPENDENCIES:
  dep: (19, 0) -> (24, 0);  time 13 -> 0
14:8:346:[0,8)
10:8:347:[0,8)
11:8:348:[0,8)
  dep: (20, 0) -> (24, 0);  time 1221895 -> 0
12:16384:12:[4096,5120)
  dep: (21, 0) -> (24, 0);  time 1229624 -> 0
12:16384:12:[5120,6144)
printing dependencies for unit id: (24, 1)
 OUTGOING DEPENDENCIES:
  dep: (24, 1) -> (30, 0);  time 0 -> 0
13:16384:13:[4096,6144)
 INCOMING DEPENDENCIES:
  dep: (25, 0) -> (24, 1);  time 10332 -> 0
13:16384:13:[4096,5120)
  dep: (26, 0) -> (24, 1);  time 11272 -> 0
13:16384:13:[5120,6144)
printing dependencies for unit id: (25, 0)
 OUTGOING DEPENDENCIES:
  dep: (25, 0) -> (24, 1);  time 10332 -> 0
13:16384:13:[4096,5120)
 INCOMING DEPENDENCIES:
  dep: (24, 0) -> (25, 0);  time 21 -> 0
12:16384:12:[4096,4604)[5120,5640)
14:8:389:[0,8)
15:8:390:[0,8)
16:8:391:[0,8)
17:8:392:[0,8)
18:8:393:[0,8)
19:8:394:[0,8)
printing dependencies for unit id: (26, 0)
 OUTGOING DEPENDENCIES:
  dep: (26, 0) -> (24, 1);  time 11272 -> 0
13:16384:13:[5120,6144)
 INCOMING DEPENDENCIES:
  dep: (24, 0) -> (26, 0);  time 21 -> 0
12:16384:12:[4352,4356)[4480,4484)[4544,4548)[4576,4580)[4592,4596)[4600,5120)[5632,6144)
14:8:389:[0,8)
15:8:390:[0,8)
16:8:391:[0,8)
17:8:392:[0,8)
18:8:393:[0,8)
19:8:394:[0,8)
printing dependencies for unit id: (27, 0)
 OUTGOING DEPENDENCIES:
  dep: (27, 0) -> (28, 0);  time 21 -> 0
12:16384:12:[6144,6624)[7168,7716)
14:8:453:[0,8)
15:8:454:[0,8)
16:8:455:[0,8)
17:8:456:[0,8)
18:8:457:[0,8)
19:8:458:[0,8)
  dep: (27, 0) -> (29, 0);  time 21 -> 0
12:16384:12:[6400,6404)[6528,6532)[6592,6596)[6608,6612)[6616,7164)[7680,7684)[7712,8192)
14:8:453:[0,8)
15:8:454:[0,8)
16:8:455:[0,8)
17:8:456:[0,8)
18:8:457:[0,8)
19:8:458:[0,8)
 INCOMING DEPENDENCIES:
  dep: (19, 0) -> (27, 0);  time 13 -> 0
14:8:346:[0,8)
10:8:347:[0,8)
11:8:348:[0,8)
  dep: (22, 0) -> (27, 0);  time 1232299 -> 0
12:16384:12:[6144,7164)
  dep: (23, 0) -> (27, 0);  time 1210726 -> 0
12:16384:12:[7168,8192)
printing dependencies for unit id: (27, 1)
 OUTGOING DEPENDENCIES:
  dep: (27, 1) -> (30, 0);  time 0 -> 0
13:16384:13:[6144,8192)
 INCOMING DEPENDENCIES:
  dep: (28, 0) -> (27, 1);  time 10332 -> 0
13:16384:13:[6144,7168)
  dep: (29, 0) -> (27, 1);  time 11288 -> 0
13:16384:13:[7168,8192)
printing dependencies for unit id: (28, 0)
 OUTGOING DEPENDENCIES:
  dep: (28, 0) -> (27, 1);  time 10332 -> 0
13:16384:13:[6144,7168)
 INCOMING DEPENDENCIES:
  dep: (27, 0) -> (28, 0);  time 21 -> 0
12:16384:12:[6144,6624)[7168,7716)
14:8:453:[0,8)
15:8:454:[0,8)
16:8:455:[0,8)
17:8:456:[0,8)
18:8:457:[0,8)
19:8:458:[0,8)
printing dependencies for unit id: (29, 0)
 OUTGOING DEPENDENCIES:
  dep: (29, 0) -> (27, 1);  time 11288 -> 0
13:16384:13:[7168,8192)
 INCOMING DEPENDENCIES:
  dep: (27, 0) -> (29, 0);  time 21 -> 0
12:16384:12:[6400,6404)[6528,6532)[6592,6596)[6608,6612)[6616,7164)[7680,7684)[7712,8192)
14:8:453:[0,8)
15:8:454:[0,8)
16:8:455:[0,8)
17:8:456:[0,8)
18:8:457:[0,8)
19:8:458:[0,8)
printing dependencies for unit id: (30, 0)
 OUTGOING DEPENDENCIES:
  dep: (30, 0) -> (31, 0);  time 21 -> 0
13:16384:13:[4096,5112)[6144,7180)
14:8:517:[0,8)
15:8:518:[0,8)
16:8:519:[0,8)
17:8:520:[0,8)
18:8:521:[0,8)
19:8:522:[0,8)
  dep: (30, 0) -> (34, 0);  time 21 -> 0
13:16384:13:[4608,4612)[4864,4868)[4992,4996)[5056,5060)[5088,5092)[5104,6144)[7168,7172)[7176,8192)
14:8:517:[0,8)
15:8:518:[0,8)
16:8:519:[0,8)
17:8:520:[0,8)
18:8:521:[0,8)
19:8:522:[0,8)
 INCOMING DEPENDENCIES:
  dep: (19, 0) -> (30, 0);  time 13 -> 0
14:8:346:[0,8)
10:8:347:[0,8)
11:8:348:[0,8)
  dep: (24, 1) -> (30, 0);  time 0 -> 0
13:16384:13:[4096,6144)
  dep: (27, 1) -> (30, 0);  time 0 -> 0
13:16384:13:[6144,8192)
printing dependencies for unit id: (30, 1)
 OUTGOING DEPENDENCIES:
  dep: (30, 1) -> (19, 1);  time 0 -> 0
12:16384:12:[4096,8192)
 INCOMING DEPENDENCIES:
  dep: (31, 1) -> (30, 1);  time 0 -> 0
12:16384:12:[4096,6144)
  dep: (34, 1) -> (30, 1);  time 0 -> 0
12:16384:12:[6144,8192)
printing dependencies for unit id: (31, 0)
 OUTGOING DEPENDENCIES:
  dep: (31, 0) -> (32, 0);  time 21 -> 0
13:16384:13:[4096,4648)[6144,6620)
14:8:523:[0,8)
15:8:524:[0,8)
16:8:525:[0,8)
17:8:526:[0,8)
18:8:527:[0,8)
19:8:528:[0,8)
  dep: (31, 0) -> (33, 0);  time 21 -> 0
13:16384:13:[4608,4612)[4640,5112)[6400,6404)[6528,6532)[6592,6596)[6608,6612)[6616,7180)
14:8:523:[0,8)
15:8:524:[0,8)
16:8:525:[0,8)
17:8:526:[0,8)
18:8:527:[0,8)
19:8:528:[0,8)
 INCOMING DEPENDENCIES:
  dep: (30, 0) -> (31, 0);  time 21 -> 0
13:16384:13:[4096,5112)[6144,7180)
14:8:517:[0,8)
15:8:518:[0,8)
16:8:519:[0,8)
17:8:520:[0,8)
18:8:521:[0,8)
19:8:522:[0,8)
printing dependencies for unit id: (31, 1)
 OUTGOING DEPENDENCIES:
  dep: (31, 1) -> (30, 1);  time 0 -> 0
12:16384:12:[4096,6144)
 INCOMING DEPENDENCIES:
  dep: (32, 0) -> (31, 1);  time 10332 -> 0
12:16384:12:[4096,5120)
  dep: (33, 0) -> (31, 1);  time 11304 -> 0
12:16384:12:[5120,6144)
printing dependencies for unit id: (32, 0)
 OUTGOING DEPENDENCIES:
  dep: (32, 0) -> (31, 1);  time 10332 -> 0
12:16384:12:[4096,5120)
 INCOMING DEPENDENCIES:
  dep: (31, 0) -> (32, 0);  time 21 -> 0
13:16384:13:[4096,4648)[6144,6620)
14:8:523:[0,8)
15:8:524:[0,8)
16:8:525:[0,8)
17:8:526:[0,8)
18:8:527:[0,8)
19:8:528:[0,8)
printing dependencies for unit id: (33, 0)
 OUTGOING DEPENDENCIES:
  dep: (33, 0) -> (31, 1);  time 11304 -> 0
12:16384:12:[5120,6144)
 INCOMING DEPENDENCIES:
  dep: (31, 0) -> (33, 0);  time 21 -> 0
13:16384:13:[4608,4612)[4640,5112)[6400,6404)[6528,6532)[6592,6596)[6608,6612)[6616,7180)
14:8:523:[0,8)
15:8:524:[0,8)
16:8:525:[0,8)
17:8:526:[0,8)
18:8:527:[0,8)
19:8:528:[0,8)
printing dependencies for unit id: (34, 0)
 OUTGOING DEPENDENCIES:
  dep: (34, 0) -> (35, 0);  time 21 -> 0
13:16384:13:[4608,4612)[4864,4868)[4992,4996)[5056,5060)[5088,5092)[5104,5664)[7168,7172)[7176,7652)[7676,7684)
14:8:587:[0,8)
15:8:588:[0,8)
16:8:589:[0,8)
17:8:590:[0,8)
18:8:591:[0,8)
19:8:592:[0,8)
  dep: (34, 0) -> (36, 0);  time 21 -> 0
13:16384:13:[5632,5636)[5664,6144)[7424,7428)[7552,7556)[7616,7620)[7644,8192)
14:8:587:[0,8)
15:8:588:[0,8)
16:8:589:[0,8)
17:8:590:[0,8)
18:8:591:[0,8)
19:8:592:[0,8)
 INCOMING DEPENDENCIES:
  dep: (30, 0) -> (34, 0);  time 21 -> 0
13:16384:13:[4608,4612)[4864,4868)[4992,4996)[5056,5060)[5088,5092)[5104,6144)[7168,7172)[7176,8192)
14:8:517:[0,8)
15:8:518:[0,8)
16:8:519:[0,8)
17:8:520:[0,8)
18:8:521:[0,8)
19:8:522:[0,8)
printing dependencies for unit id: (34, 1)
 OUTGOING DEPENDENCIES:
  dep: (34, 1) -> (30, 1);  time 0 -> 0
12:16384:12:[6144,8192)
 INCOMING DEPENDENCIES:
  dep: (35, 0) -> (34, 1);  time 11425 -> 0
12:16384:12:[6144,7168)
  dep: (36, 0) -> (34, 1);  time 10904 -> 0
12:16384:12:[7168,8192)
printing dependencies for unit id: (35, 0)
 OUTGOING DEPENDENCIES:
  dep: (35, 0) -> (34, 1);  time 11425 -> 0
12:16384:12:[6144,7168)
 INCOMING DEPENDENCIES:
  dep: (34, 0) -> (35, 0);  time 21 -> 0
13:16384:13:[4608,4612)[4864,4868)[4992,4996)[5056,5060)[5088,5092)[5104,5664)[7168,7172)[7176,7652)[7676,7684)
14:8:587:[0,8)
15:8:588:[0,8)
16:8:589:[0,8)
17:8:590:[0,8)
18:8:591:[0,8)
19:8:592:[0,8)
printing dependencies for unit id: (36, 0)
 OUTGOING DEPENDENCIES:
  dep: (36, 0) -> (34, 1);  time 10904 -> 0
12:16384:12:[7168,8192)
 INCOMING DEPENDENCIES:
  dep: (34, 0) -> (36, 0);  time 21 -> 0
13:16384:13:[5632,5636)[5664,6144)[7424,7428)[7552,7556)[7616,7620)[7644,8192)
14:8:587:[0,8)
15:8:588:[0,8)
16:8:589:[0,8)
17:8:590:[0,8)
18:8:591:[0,8)
19:8:592:[0,8)
printing dependencies for unit id: (37, 0)
 OUTGOING DEPENDENCIES:
  dep: (37, 0) -> (38, 0);  time 13 -> 0
14:8:663:[0,8)
10:8:664:[0,8)
11:8:665:[0,8)
  dep: (37, 0) -> (39, 0);  time 13 -> 0
14:8:663:[0,8)
10:8:664:[0,8)
11:8:665:[0,8)
  dep: (37, 0) -> (40, 0);  time 13 -> 0
14:8:663:[0,8)
10:8:664:[0,8)
11:8:665:[0,8)
  dep: (37, 0) -> (41, 0);  time 13 -> 0
14:8:663:[0,8)
10:8:664:[0,8)
11:8:665:[0,8)
  dep: (37, 0) -> (42, 0);  time 13 -> 0
14:8:663:[0,8)
10:8:664:[0,8)
11:8:665:[0,8)
  dep: (37, 0) -> (45, 0);  time 13 -> 0
14:8:663:[0,8)
10:8:664:[0,8)
11:8:665:[0,8)
  dep: (37, 0) -> (48, 0);  time 13 -> 0
14:8:663:[0,8)
10:8:664:[0,8)
11:8:665:[0,8)
 INCOMING DEPENDENCIES:
  dep: (0, 0) -> (37, 0);  time 13 -> 0
14:8:20:[0,8)
10:8:21:[0,8)
11:8:22:[0,8)
printing dependencies for unit id: (37, 1)
 OUTGOING DEPENDENCIES:
  dep: (37, 1) -> (88, 0);  time 0 -> 0
12:16384:12:[8192,12288)
 INCOMING DEPENDENCIES:
  dep: (48, 1) -> (37, 1);  time 0 -> 0
12:16384:12:[8192,12288)
printing dependencies for unit id: (38, 0)
 OUTGOING DEPENDENCIES:
  dep: (38, 0) -> (42, 0);  time 1194070 -> 0
12:16384:12:[8196,9216)
 INCOMING DEPENDENCIES:
  dep: (37, 0) -> (38, 0);  time 13 -> 0
14:8:663:[0,8)
10:8:664:[0,8)
11:8:665:[0,8)
printing dependencies for unit id: (39, 0)
 OUTGOING DEPENDENCIES:
  dep: (39, 0) -> (42, 0);  time 1243874 -> 0
12:16384:12:[9216,10240)
 INCOMING DEPENDENCIES:
  dep: (37, 0) -> (39, 0);  time 13 -> 0
14:8:663:[0,8)
10:8:664:[0,8)
11:8:665:[0,8)
printing dependencies for unit id: (40, 0)
 OUTGOING DEPENDENCIES:
  dep: (40, 0) -> (45, 0);  time 1243899 -> 0
12:16384:12:[10240,11264)
 INCOMING DEPENDENCIES:
  dep: (37, 0) -> (40, 0);  time 13 -> 0
14:8:663:[0,8)
10:8:664:[0,8)
11:8:665:[0,8)
printing dependencies for unit id: (41, 0)
 OUTGOING DEPENDENCIES:
  dep: (41, 0) -> (45, 0);  time 1208426 -> 0
12:16384:12:[11264,12288)
 INCOMING DEPENDENCIES:
  dep: (37, 0) -> (41, 0);  time 13 -> 0
14:8:663:[0,8)
10:8:664:[0,8)
11:8:665:[0,8)
printing dependencies for unit id: (42, 0)
 OUTGOING DEPENDENCIES:
  dep: (42, 0) -> (43, 0);  time 21 -> 0
12:16384:12:[8196,8732)[9216,9704)
14:8:706:[0,8)
15:8:707:[0,8)
16:8:708:[0,8)
17:8:709:[0,8)
18:8:710:[0,8)
19:8:711:[0,8)
  dep: (42, 0) -> (44, 0);  time 21 -> 0
12:16384:12:[8704,8708)[8720,8724)[8728,9216)[9472,9476)[9600,9604)[9664,9668)[9696,10240)
14:8:706:[0,8)
15:8:707:[0,8)
16:8:708:[0,8)
17:8:709:[0,8)
18:8:710:[0,8)
19:8:711:[0,8)
 INCOMING DEPENDENCIES:
  dep: (37, 0) -> (42, 0);  time 13 -> 0
14:8:663:[0,8)
10:8:664:[0,8)
11:8:665:[0,8)
  dep: (38, 0) -> (42, 0);  time 1194070 -> 0
12:16384:12:[8196,9216)
  dep: (39, 0) -> (42, 0);  time 1243874 -> 0
12:16384:12:[9216,10240)
printing dependencies for unit id: (42, 1)
 OUTGOING DEPENDENCIES:
  dep: (42, 1) -> (48, 0);  time 0 -> 0
13:16384:13:[8192,10240)
 INCOMING DEPENDENCIES:
  dep: (43, 0) -> (42, 1);  time 10332 -> 0
13:16384:13:[8192,9216)
  dep: (44, 0) -> (42, 1);  time 11283 -> 0
13:16384:13:[9216,10240)
printing dependencies for unit id: (43, 0)
 OUTGOING DEPENDENCIES:
  dep: (43, 0) -> (42, 1);  time 10332 -> 0
13:16384:13:[8192,9216)
 INCOMING DEPENDENCIES:
  dep: (42, 0) -> (43, 0);  time 21 -> 0
12:16384:12:[8196,8732)[9216,9704)
14:8:706:[0,8)
15:8:707:[0,8)
16:8:708:[0,8)
17:8:709:[0,8)
18:8:710:[0,8)
19:8:711:[0,8)
printing dependencies for unit id: (44, 0)
 OUTGOING DEPENDENCIES:
  dep: (44, 0) -> (42, 1);  time 11283 -> 0
13:16384:13:[9216,10240)
 INCOMING DEPENDENCIES:
  dep: (42, 0) -> (44, 0);  time 21 -> 0
12:16384:12:[8704,8708)[8720,8724)[8728,9216)[9472,9476)[9600,9604)[9664,9668)[9696,10240)
14:8:706:[0,8)
15:8:707:[0,8)
16:8:708:[0,8)
17:8:709:[0,8)
18:8:710:[0,8)
19:8:711:[0,8)
printing dependencies for unit id: (45, 0)
 OUTGOING DEPENDENCIES:
  dep: (45, 0) -> (46, 0);  time 21 -> 0
12:16384:12:[10240,10788)[11264,11744)
14:8:770:[0,8)
15:8:771:[0,8)
16:8:772:[0,8)
17:8:773:[0,8)
18:8:774:[0,8)
19:8:775:[0,8)
  dep: (45, 0) -> (47, 0);  time 21 -> 0
12:16384:12:[10752,10756)[10784,11264)[11520,11524)[11648,11652)[11712,11716)[11740,12288)
14:8:770:[0,8)
15:8:771:[0,8)
16:8:772:[0,8)
17:8:773:[0,8)
18:8:774:[0,8)
19:8:775:[0,8)
 INCOMING DEPENDENCIES:
  dep: (37, 0) -> (45, 0);  time 13 -> 0
14:8:663:[0,8)
10:8:664:[0,8)
11:8:665:[0,8)
  dep: (40, 0) -> (45, 0);  time 1243899 -> 0
12:16384:12:[10240,11264)
  dep: (41, 0) -> (45, 0);  time 1208426 -> 0
12:16384:12:[11264,12288)
printing dependencies for unit id: (45, 1)
 OUTGOING DEPENDENCIES:
  dep: (45, 1) -> (48, 0);  time 0 -> 0
13:16384:13:[10240,12288)
 INCOMING DEPENDENCIES:
  dep: (46, 0) -> (45, 1);  time 10332 -> 0
13:16384:13:[10240,11264)
  dep: (47, 0) -> (45, 1);  time 10904 -> 0
13:16384:13:[11264,12288)
printing dependencies for unit id: (46, 0)
 OUTGOING DEPENDENCIES:
  dep: (46, 0) -> (45, 1);  time 10332 -> 0
13:16384:13:[10240,11264)
 INCOMING DEPENDENCIES:
  dep: (45, 0) -> (46, 0);  time 21 -> 0
12:16384:12:[10240,10788)[11264,11744)
14:8:770:[0,8)
15:8:771:[0,8)
16:8:772:[0,8)
17:8:773:[0,8)
18:8:774:[0,8)
19:8:775:[0,8)
printing dependencies for unit id: (47, 0)
 OUTGOING DEPENDENCIES:
  dep: (47, 0) -> (45, 1);  time 10904 -> 0
13:16384:13:[11264,12288)
 INCOMING DEPENDENCIES:
  dep: (45, 0) -> (47, 0);  time 21 -> 0
12:16384:12:[10752,10756)[10784,11264)[11520,11524)[11648,11652)[11712,11716)[11740,12288)
14:8:770:[0,8)
15:8:771:[0,8)
16:8:772:[0,8)
17:8:773:[0,8)
18:8:774:[0,8)
19:8:775:[0,8)
printing dependencies for unit id: (48, 0)
 OUTGOING DEPENDENCIES:
  dep: (48, 0) -> (49, 0);  time 21 -> 0
13:16384:13:[8192,9240)[10240,11244)
14:8:828:[0,8)
15:8:829:[0,8)
16:8:830:[0,8)
17:8:831:[0,8)
18:8:832:[0,8)
19:8:833:[0,8)
  dep: (48, 0) -> (52, 0);  time 21 -> 0
13:16384:13:[9216,9220)[9232,10240)[10752,10756)[11008,11012)[11136,11140)[11200,11204)[11232,11236)[11240,12288)
14:8:828:[0,8)
15:8:829:[0,8)
16:8:830:[0,8)
17:8:831:[0,8)
18:8:832:[0,8)
19:8:833:[0,8)
 INCOMING DEPENDENCIES:
  dep: (37, 0) -> (48, 0);  time 13 -> 0
14:8:663:[0,8)
10:8:664:[0,8)
11:8:665:[0,8)
  dep: (42, 1) -> (48, 0);  time 0 -> 0
13:16384:13:[8192,10240)
  dep: (45, 1) -> (48, 0);  time 0 -> 0
13:16384:13:[10240,12288)
printing dependencies for unit id: (48, 1)
 OUTGOING DEPENDENCIES:
  dep: (48, 1) -> (37, 1);  time 0 -> 0
12:16384:12:[8192,12288)
 INCOMING DEPENDENCIES:
  dep: (49, 1) -> (48, 1);  time 0 -> 0
12:16384:12:[8192,10240)
  dep: (52, 1) -> (48, 1);  time 0 -> 0
12:16384:12:[10240,12288)
printing dependencies for unit id: (49, 0)
 OUTGOING DEPENDENCIES:
  dep: (49, 0) -> (50, 0);  time 21 -> 0
13:16384:13:[8192,8744)[10240,10716)
14:8:834:[0,8)
15:8:835:[0,8)
16:8:836:[0,8)
17:8:837:[0,8)
18:8:838:[0,8)
19:8:839:[0,8)
  dep: (49, 0) -> (51, 0);  time 21 -> 0
13:16384:13:[8704,8708)[8736,9240)[10496,10500)[10624,10628)[10688,10692)[10704,10708)[10712,11244)
14:8:834:[0,8)
15:8:835:[0,8)
16:8:836:[0,8)
17:8:837:[0,8)
18:8:838:[0,8)
19:8:839:[0,8)
 INCOMING DEPENDENCIES:
  dep: (48, 0) -> (49, 0);  time 21 -> 0
13:16384:13:[8192,9240)[10240,11244)
14:8:828:[0,8)
15:8:829:[0,8)
16:8:830:[0,8)
17:8:831:[0,8)
18:8:832:[0,8)
19:8:833:[0,8)
printing dependencies for unit id: (49, 1)
 OUTGOING DEPENDENCIES:
  dep: (49, 1) -> (48, 1);  time 0 -> 0
12:16384:12:[8192,10240)
 INCOMING DEPENDENCIES:
  dep: (50, 0) -> (49, 1);  time 10332 -> 0
12:16384:12:[8192,9216)
  dep: (51, 0) -> (49, 1);  time 11294 -> 0
12:16384:12:[9216,10240)
printing dependencies for unit id: (50, 0)
 OUTGOING DEPENDENCIES:
  dep: (50, 0) -> (49, 1);  time 10332 -> 0
12:16384:12:[8192,9216)
 INCOMING DEPENDENCIES:
  dep: (49, 0) -> (50, 0);  time 21 -> 0
13:16384:13:[8192,8744)[10240,10716)
14:8:834:[0,8)
15:8:835:[0,8)
16:8:836:[0,8)
17:8:837:[0,8)
18:8:838:[0,8)
19:8:839:[0,8)
printing dependencies for unit id: (51, 0)
 OUTGOING DEPENDENCIES:
  dep: (51, 0) -> (49, 1);  time 11294 -> 0
12:16384:12:[9216,10240)
 INCOMING DEPENDENCIES:
  dep: (49, 0) -> (51, 0);  time 21 -> 0
13:16384:13:[8704,8708)[8736,9240)[10496,10500)[10624,10628)[10688,10692)[10704,10708)[10712,11244)
14:8:834:[0,8)
15:8:835:[0,8)
16:8:836:[0,8)
17:8:837:[0,8)
18:8:838:[0,8)
19:8:839:[0,8)
printing dependencies for unit id: (52, 0)
 OUTGOING DEPENDENCIES:
  dep: (52, 0) -> (53, 0);  time 21 -> 0
13:16384:13:[9216,9220)[9232,9740)[10752,10756)[11008,11012)[11136,11140)[11200,11204)[11232,11236)[11240,11768)
14:8:898:[0,8)
15:8:899:[0,8)
16:8:900:[0,8)
17:8:901:[0,8)
18:8:902:[0,8)
19:8:903:[0,8)
  dep: (52, 0) -> (54, 0);  time 21 -> 0
13:16384:13:[9728,9732)[9736,10240)[11520,11524)[11648,11652)[11712,11716)[11744,11748)[11760,12288)
14:8:898:[0,8)
15:8:899:[0,8)
16:8:900:[0,8)
17:8:901:[0,8)
18:8:902:[0,8)
19:8:903:[0,8)
 INCOMING DEPENDENCIES:
  dep: (48, 0) -> (52, 0);  time 21 -> 0
13:16384:13:[9216,9220)[9232,10240)[10752,10756)[11008,11012)[11136,11140)[11200,11204)[11232,11236)[11240,12288)
14:8:828:[0,8)
15:8:829:[0,8)
16:8:830:[0,8)
17:8:831:[0,8)
18:8:832:[0,8)
19:8:833:[0,8)
printing dependencies for unit id: (52, 1)
 OUTGOING DEPENDENCIES:
  dep: (52, 1) -> (48, 1);  time 0 -> 0
12:16384:12:[10240,12288)
 INCOMING DEPENDENCIES:
  dep: (53, 0) -> (52, 1);  time 11299 -> 0
12:16384:12:[10240,11264)
  dep: (54, 0) -> (52, 1);  time 11256 -> 0
12:16384:12:[11264,12288)
printing dependencies for unit id: (53, 0)
 OUTGOING DEPENDENCIES:
  dep: (53, 0) -> (52, 1);  time 11299 -> 0
12:16384:12:[10240,11264)
 INCOMING DEPENDENCIES:
  dep: (52, 0) -> (53, 0);  time 21 -> 0
13:16384:13:[9216,9220)[9232,9740)[10752,10756)[11008,11012)[11136,11140)[11200,11204)[11232,11236)[11240,11768)
14:8:898:[0,8)
15:8:899:[0,8)
16:8:900:[0,8)
17:8:901:[0,8)
18:8:902:[0,8)
19:8:903:[0,8)
printing dependencies for unit id: (54, 0)
 OUTGOING DEPENDENCIES:
  dep: (54, 0) -> (52, 1);  time 11256 -> 0
12:16384:12:[11264,12288)
 INCOMING DEPENDENCIES:
  dep: (52, 0) -> (54, 0);  time 21 -> 0
13:16384:13:[9728,9732)[9736,10240)[11520,11524)[11648,11652)[11712,11716)[11744,11748)[11760,12288)
14:8:898:[0,8)
15:8:899:[0,8)
16:8:900:[0,8)
17:8:901:[0,8)
18:8:902:[0,8)
19:8:903:[0,8)
printing dependencies for unit id: (55, 0)
 OUTGOING DEPENDENCIES:
  dep: (55, 0) -> (56, 0);  time 13 -> 0
14:8:978:[0,8)
10:8:979:[0,8)
11:8:980:[0,8)
  dep: (55, 0) -> (57, 0);  time 13 -> 0
14:8:978:[0,8)
10:8:979:[0,8)
11:8:980:[0,8)
  dep: (55, 0) -> (58, 0);  time 13 -> 0
14:8:978:[0,8)
10:8:979:[0,8)
11:8:980:[0,8)
  dep: (55, 0) -> (59, 0);  time 13 -> 0
14:8:978:[0,8)
10:8:979:[0,8)
11:8:980:[0,8)
  dep: (55, 0) -> (60, 0);  time 13 -> 0
14:8:978:[0,8)
10:8:979:[0,8)
11:8:980:[0,8)
  dep: (55, 0) -> (63, 0);  time 13 -> 0
14:8:978:[0,8)
10:8:979:[0,8)
11:8:980:[0,8)
  dep: (55, 0) -> (66, 0);  time 13 -> 0
14:8:978:[0,8)
10:8:979:[0,8)
11:8:980:[0,8)
 INCOMING DEPENDENCIES:
  dep: (0, 0) -> (55, 0);  time 13 -> 0
14:8:20:[0,8)
10:8:21:[0,8)
11:8:22:[0,8)
printing dependencies for unit id: (55, 1)
 OUTGOING DEPENDENCIES:
  dep: (55, 1) -> (88, 0);  time 0 -> 0
12:16384:12:[12288,16384)
 INCOMING DEPENDENCIES:
  dep: (66, 1) -> (55, 1);  time 0 -> 0
12:16384:12:[12288,16384)
printing dependencies for unit id: (56, 0)
 OUTGOING DEPENDENCIES:
  dep: (56, 0) -> (60, 0);  time 1215870 -> 0
12:16384:12:[12288,13312)
 INCOMING DEPENDENCIES:
  dep: (55, 0) -> (56, 0);  time 13 -> 0
14:8:978:[0,8)
10:8:979:[0,8)
11:8:980:[0,8)
printing dependencies for unit id: (57, 0)
 OUTGOING DEPENDENCIES:
  dep: (57, 0) -> (60, 0);  time 1224899 -> 0
12:16384:12:[13312,14336)
 INCOMING DEPENDENCIES:
  dep: (55, 0) -> (57, 0);  time 13 -> 0
14:8:978:[0,8)
10:8:979:[0,8)
11:8:980:[0,8)
printing dependencies for unit id: (58, 0)
 OUTGOING DEPENDENCIES:
  dep: (58, 0) -> (63, 0);  time 1239849 -> 0
12:16384:12:[14336,15360)
 INCOMING DEPENDENCIES:
  dep: (55, 0) -> (58, 0);  time 13 -> 0
14:8:978:[0,8)
10:8:979:[0,8)
11:8:980:[0,8)
printing dependencies for unit id: (59, 0)
 OUTGOING DEPENDENCIES:
  dep: (59, 0) -> (63, 0);  time 1232701 -> 0
12:16384:12:[15360,16384)
 INCOMING DEPENDENCIES:
  dep: (55, 0) -> (59, 0);  time 13 -> 0
14:8:978:[0,8)
10:8:979:[0,8)
11:8:980:[0,8)
printing dependencies for unit id: (60, 0)
 OUTGOING DEPENDENCIES:
  dep: (60, 0) -> (61, 0);  time 21 -> 0
12:16384:12:[12288,12776)[13312,13852)
14:8:1021:[0,8)
15:8:1022:[0,8)
16:8:1023:[0,8)
17:8:1024:[0,8)
18:8:1025:[0,8)
19:8:1026:[0,8)
  dep: (60, 0) -> (62, 0);  time 21 -> 0
12:16384:12:[12544,12548)[12672,12676)[12736,12740)[12768,12772)[12776,13312)[13824,13828)[13840,14336)
14:8:1021:[0,8)
15:8:1022:[0,8)
16:8:1023:[0,8)
17:8:1024:[0,8)
18:8:1025:[0,8)
19:8:1026:[0,8)
 INCOMING DEPENDENCIES:
  dep: (55, 0) -> (60, 0);  time 13 -> 0
14:8:978:[0,8)
10:8:979:[0,8)
11:8:980:[0,8)
  dep: (56, 0) -> (60, 0);  time 1215870 -> 0
12:16384:12:[12288,13312)
  dep: (57, 0) -> (60, 0);  time 1224899 -> 0
12:16384:12:[13312,14336)
printing dependencies for unit id: (60, 1)
 OUTGOING DEPENDENCIES:
  dep: (60, 1) -> (66, 0);  time 0 -> 0
13:16384:13:[12288,14336)
 INCOMING DEPENDENCIES:
  dep: (61, 0) -> (60, 1);  time 10332 -> 0
13:16384:13:[12288,13312)
  dep: (62, 0) -> (60, 1);  time 11157 -> 0
13:16384:13:[13312,14336)
printing dependencies for unit id: (61, 0)
 OUTGOING DEPENDENCIES:
  dep: (61, 0) -> (60, 1);  time 10332 -> 0
13:16384:13:[12288,13312)
 INCOMING DEPENDENCIES:
  dep: (60, 0) -> (61, 0);  time 21 -> 0
12:16384:12:[12288,12776)[13312,13852)
14:8:1021:[0,8)
15:8:1022:[0,8)
16:8:1023:[0,8)
17:8:1024:[0,8)
18:8:1025:[0,8)
19:8:1026:[0,8)
printing dependencies for unit id: (62, 0)
 OUTGOING DEPENDENCIES:
  dep: (62, 0) -> (60, 1);  time 11157 -> 0
13:16384:13:[13312,14336)
 INCOMING DEPENDENCIES:
  dep: (60, 0) -> (62, 0);  time 21 -> 0
12:16384:12:[12544,12548)[12672,12676)[12736,12740)[12768,12772)[12776,13312)[13824,13828)[13840,14336)
14:8:1021:[0,8)
15:8:1022:[0,8)
16:8:1023:[0,8)
17:8:1024:[0,8)
18:8:1025:[0,8)
19:8:1026:[0,8)
printing dependencies for unit id: (63, 0)
 OUTGOING DEPENDENCIES:
  dep: (63, 0) -> (64, 0);  time 21 -> 0
12:16384:12:[14336,14856)[15360,15868)
14:8:1083:[0,8)
15:8:1084:[0,8)
16:8:1085:[0,8)
17:8:1086:[0,8)
18:8:1087:[0,8)
19:8:1088:[0,8)
  dep: (63, 0) -> (65, 0);  time 21 -> 0
12:16384:12:[14848,15360)[15616,15620)[15744,15748)[15808,15812)[15840,15844)[15856,15860)[15864,16384)
14:8:1083:[0,8)
15:8:1084:[0,8)
16:8:1085:[0,8)
17:8:1086:[0,8)
18:8:1087:[0,8)
19:8:1088:[0,8)
 INCOMING DEPENDENCIES:
  dep: (55, 0) -> (63, 0);  time 13 -> 0
14:8:978:[0,8)
10:8:979:[0,8)
11:8:980:[0,8)
  dep: (58, 0) -> (63, 0);  time 1239849 -> 0
12:16384:12:[14336,15360)
  dep: (59, 0) -> (63, 0);  time 1232701 -> 0
12:16384:12:[15360,16384)
printing dependencies for unit id: (63, 1)
 OUTGOING DEPENDENCIES:
  dep: (63, 1) -> (66, 0);  time 0 -> 0
13:16384:13:[14336,16384)
 INCOMING DEPENDENCIES:
  dep: (64, 0) -> (63, 1);  time 10332 -> 0
13:16384:13:[14336,15360)
  dep: (65, 0) -> (63, 1);  time 11066 -> 0
13:16384:13:[15360,16384)
printing dependencies for unit id: (64, 0)
 OUTGOING DEPENDENCIES:
  dep: (64, 0) -> (63, 1);  time 10332 -> 0
13:16384:13:[14336,15360)
 INCOMING DEPENDENCIES:
  dep: (63, 0) -> (64, 0);  time 21 -> 0
12:16384:12:[14336,14856)[15360,15868)
14:8:1083:[0,8)
15:8:1084:[0,8)
16:8:1085:[0,8)
17:8:1086:[0,8)
18:8:1087:[0,8)
19:8:1088:[0,8)
printing dependencies for unit id: (65, 0)
 OUTGOING DEPENDENCIES:
  dep: (65, 0) -> (63, 1);  time 11066 -> 0
13:16384:13:[15360,16384)
 INCOMING DEPENDENCIES:
  dep: (63, 0) -> (65, 0);  time 21 -> 0
12:16384:12:[14848,15360)[15616,15620)[15744,15748)[15808,15812)[15840,15844)[15856,15860)[15864,16384)
14:8:1083:[0,8)
15:8:1084:[0,8)
16:8:1085:[0,8)
17:8:1086:[0,8)
18:8:1087:[0,8)
19:8:1088:[0,8)
printing dependencies for unit id: (66, 0)
 OUTGOING DEPENDENCIES:
  dep: (66, 0) -> (67, 0);  time 21 -> 0
13:16384:13:[12288,13332)[14336,15344)
14:8:1145:[0,8)
15:8:1146:[0,8)
16:8:1147:[0,8)
17:8:1148:[0,8)
18:8:1149:[0,8)
19:8:1150:[0,8)
  dep: (66, 0) -> (70, 0);  time 21 -> 0
13:16384:13:[13312,13316)[13328,14336)[14848,14852)[15104,15108)[15232,15236)[15296,15300)[15328,15332)[15336,16384)
14:8:1145:[0,8)
15:8:1146:[0,8)
16:8:1147:[0,8)
17:8:1148:[0,8)
18:8:1149:[0,8)
19:8:1150:[0,8)
 INCOMING DEPENDENCIES:
  dep: (55, 0) -> (66, 0);  time 13 -> 0
14:8:978:[0,8)
10:8:979:[0,8)
11:8:980:[0,8)
  dep: (60, 1) -> (66, 0);  time 0 -> 0
13:16384:13:[12288,14336)
  dep: (63, 1) -> (66, 0);  time 0 -> 0
13:16384:13:[14336,16384)
printing dependencies for unit id: (66, 1)
 OUTGOING DEPENDENCIES:
  dep: (66, 1) -> (55, 1);  time 0 -> 0
12:16384:12:[12288,16384)
 INCOMING DEPENDENCIES:
  dep: (67, 1) -> (66, 1);  time 0 -> 0
12:16384:12:[12288,14336)
  dep: (70, 1) -> (66, 1);  time 0 -> 0
12:16384:12:[14336,16384)
printing dependencies for unit id: (67, 0)
 OUTGOING DEPENDENCIES:
  dep: (67, 0) -> (68, 0);  time 21 -> 0
13:16384:13:[12288,12840)[14336,14812)
14:8:1151:[0,8)
15:8:1152:[0,8)
16:8:1153:[0,8)
17:8:1154:[0,8)
18:8:1155:[0,8)
19:8:1156:[0,8)
  dep: (67, 0) -> (69, 0);  time 21 -> 0
13:16384:13:[12800,12804)[12832,12836)[12840,13332)[14592,14596)[14720,14724)[14784,14788)[14800,15344)
14:8:1151:[0,8)
15:8:1152:[0,8)
16:8:1153:[0,8)
17:8:1154:[0,8)
18:8:1155:[0,8)
19:8:1156:[0,8)
 INCOMING DEPENDENCIES:
  dep: (66, 0) -> (67, 0);  time 21 -> 0
13:16384:13:[12288,13332)[14336,15344)
14:8:1145:[0,8)
15:8:1146:[0,8)
16:8:1147:[0,8)
17:8:1148:[0,8)
18:8:1149:[0,8)
19:8:1150:[0,8)
printing dependencies for unit id: (67, 1)
 OUTGOING DEPENDENCIES:
  dep: (67, 1) -> (66, 1);  time 0 -> 0
12:16384:12:[12288,14336)
 INCOMING DEPENDENCIES:
  dep: (68, 0) -> (67, 1);  time 10332 -> 0
12:16384:12:[12288,13312)
  dep: (69, 0) -> (67, 1);  time 11168 -> 0
12:16384:12:[13312,14336)
printing dependencies for unit id: (68, 0)
 OUTGOING DEPENDENCIES:
  dep: (68, 0) -> (67, 1);  time 10332 -> 0
12:16384:12:[12288,13312)
 INCOMING DEPENDENCIES:
  dep: (67, 0) -> (68, 0);  time 21 -> 0
13:16384:13:[12288,12840)[14336,14812)
14:8:1151:[0,8)
15:8:1152:[0,8)
16:8:1153:[0,8)
17:8:1154:[0,8)
18:8:1155:[0,8)
19:8:1156:[0,8)
printing dependencies for unit id: (69, 0)
 OUTGOING DEPENDENCIES:
  dep: (69, 0) -> (67, 1);  time 11168 -> 0
12:16384:12:[13312,14336)
 INCOMING DEPENDENCIES:
  dep: (67, 0) -> (69, 0);  time 21 -> 0
13:16384:13:[12800,12804)[12832,12836)[12840,13332)[14592,14596)[14720,14724)[14784,14788)[14800,15344)
14:8:1151:[0,8)
15:8:1152:[0,8)
16:8:1153:[0,8)
17:8:1154:[0,8)
18:8:1155:[0,8)
19:8:1156:[0,8)
printing dependencies for unit id: (70, 0)
 OUTGOING DEPENDENCIES:
  dep: (70, 0) -> (71, 0);  time 21 -> 0
13:16384:13:[13312,13316)[13328,13896)[14848,14852)[15104,15108)[15232,15236)[15296,15300)[15328,15332)[15336,15804)
14:8:1213:[0,8)
15:8:1214:[0,8)
16:8:1215:[0,8)
17:8:1216:[0,8)
18:8:1217:[0,8)
19:8:1218:[0,8)
  dep: (70, 0) -> (72, 0);  time 21 -> 0
13:16384:13:[13824,13828)[13888,14336)[15616,15620)[15744,15748)[15776,15780)[15792,15796)[15800,16384)
14:8:1213:[0,8)
15:8:1214:[0,8)
16:8:1215:[0,8)
17:8:1216:[0,8)
18:8:1217:[0,8)
19:8:1218:[0,8)
 INCOMING DEPENDENCIES:
  dep: (66, 0) -> (70, 0);  time 21 -> 0
13:16384:13:[13312,13316)[13328,14336)[14848,14852)[15104,15108)[15232,15236)[15296,15300)[15328,15332)[15336,16384)
14:8:1145:[0,8)
15:8:1146:[0,8)
16:8:1147:[0,8)
17:8:1148:[0,8)
18:8:1149:[0,8)
19:8:1150:[0,8)
printing dependencies for unit id: (70, 1)
 OUTGOING DEPENDENCIES:
  dep: (70, 1) -> (66, 1);  time 0 -> 0
12:16384:12:[14336,16384)
 INCOMING DEPENDENCIES:
  dep: (71, 0) -> (70, 1);  time 11415 -> 0
12:16384:12:[14336,15360)
  dep: (72, 0) -> (70, 1);  time 11283 -> 0
12:16384:12:[15360,16384)
printing dependencies for unit id: (71, 0)
 OUTGOING DEPENDENCIES:
  dep: (71, 0) -> (70, 1);  time 11415 -> 0
12:16384:12:[14336,15360)
 INCOMING DEPENDENCIES:
  dep: (70, 0) -> (71, 0);  time 21 -> 0
13:16384:13:[13312,13316)[13328,13896)[14848,14852)[15104,15108)[15232,15236)[15296,15300)[15328,15332)[15336,15804)
14:8:1213:[0,8)
15:8:1214:[0,8)
16:8:1215:[0,8)
17:8:1216:[0,8)
18:8:1217:[0,8)
19:8:1218:[0,8)
printing dependencies for unit id: (72, 0)
 OUTGOING DEPENDENCIES:
  dep: (72, 0) -> (70, 1);  time 11283 -> 0
12:16384:12:[15360,16384)
 INCOMING DEPENDENCIES:
  dep: (70, 0) -> (72, 0);  time 21 -> 0
13:16384:13:[13824,13828)[13888,14336)[15616,15620)[15744,15748)[15776,15780)[15792,15796)[15800,16384)
14:8:1213:[0,8)
15:8:1214:[0,8)
16:8:1215:[0,8)
17:8:1216:[0,8)
18:8:1217:[0,8)
19:8:1218:[0,8)
printing dependencies for unit id: (73, 0)
 OUTGOING DEPENDENCIES:
  dep: (73, 0) -> (74, 0);  time 21 -> 0
12:16384:12:[0,2096)[2300,2308)[4096,6100)
14:8:1295:[0,8)
15:8:1296:[0,8)
16:8:1297:[0,8)
17:8:1298:[0,8)
18:8:1299:[0,8)
19:8:1300:[0,8)
  dep: (73, 0) -> (81, 0);  time 21 -> 0
12:16384:12:[2048,2052)[2080,2084)[2088,4096)[5120,5124)[5632,5636)[5888,5892)[6016,6020)[6080,6084)[6096,8192)
14:8:1295:[0,8)
15:8:1296:[0,8)
16:8:1297:[0,8)
17:8:1298:[0,8)
18:8:1299:[0,8)
19:8:1300:[0,8)
 INCOMING DEPENDENCIES:
  dep: (0, 0) -> (73, 0);  time 13 -> 0
14:8:20:[0,8)
10:8:21:[0,8)
11:8:22:[0,8)
  dep: (1, 1) -> (73, 0);  time 0 -> 0
12:16384:12:[0,4096)
  dep: (19, 1) -> (73, 0);  time 0 -> 0
12:16384:12:[4096,8192)
printing dependencies for unit id: (73, 1)
 OUTGOING DEPENDENCIES:
  dep: (73, 1) -> (103, 0);  time 0 -> 0
13:16384:13:[0,8192)
 INCOMING DEPENDENCIES:
  dep: (74, 1) -> (73, 1);  time 0 -> 0
13:16384:13:[0,4096)
  dep: (81, 1) -> (73, 1);  time 0 -> 0
13:16384:13:[4096,8192)
printing dependencies for unit id: (74, 0)
 OUTGOING DEPENDENCIES:
  dep: (74, 0) -> (75, 0);  time 21 -> 0
12:16384:12:[0,1048)[4096,5100)
14:8:1301:[0,8)
15:8:1302:[0,8)
16:8:1303:[0,8)
17:8:1304:[0,8)
18:8:1305:[0,8)
19:8:1306:[0,8)
  dep: (74, 0) -> (78, 0);  time 21 -> 0
12:16384:12:[1024,1028)[1040,1044)[1048,2096)[2300,2308)[4608,4612)[4864,4868)[4992,4996)[5056,5060)[5088,6100)
14:8:1301:[0,8)
15:8:1302:[0,8)
16:8:1303:[0,8)
17:8:1304:[0,8)
18:8:1305:[0,8)
19:8:1306:[0,8)
 INCOMING DEPENDENCIES:
  dep: (73, 0) -> (74, 0);  time 21 -> 0
12:16384:12:[0,2096)[2300,2308)[4096,6100)
14:8:1295:[0,8)
15:8:1296:[0,8)
16:8:1297:[0,8)
17:8:1298:[0,8)
18:8:1299:[0,8)
19:8:1300:[0,8)
printing dependencies for unit id: (74, 1)
 OUTGOING DEPENDENCIES:
  dep: (74, 1) -> (73, 1);  time 0 -> 0
13:16384:13:[0,4096)
 INCOMING DEPENDENCIES:
  dep: (75, 1) -> (74, 1);  time 0 -> 0
13:16384:13:[0,2048)
  dep: (78, 1) -> (74, 1);  time 0 -> 0
13:16384:13:[2048,4096)
printing dependencies for unit id: (75, 0)
 OUTGOING DEPENDENCIES:
  dep: (75, 0) -> (76, 0);  time 21 -> 0
12:16384:12:[0,532)[4096,4592)
14:8:1307:[0,8)
15:8:1308:[0,8)
16:8:1309:[0,8)
17:8:1310:[0,8)
18:8:1311:[0,8)
19:8:1312:[0,8)
  dep: (75, 0) -> (77, 0);  time 21 -> 0
12:16384:12:[512,516)[528,1048)[4352,4356)[4480,4484)[4544,4548)[4576,4580)[4584,5100)
14:8:1307:[0,8)
15:8:1308:[0,8)
16:8:1309:[0,8)
17:8:1310:[0,8)
18:8:1311:[0,8)
19:8:1312:[0,8)
 INCOMING DEPENDENCIES:
  dep: (74, 0) -> (75, 0);  time 21 -> 0
12:16384:12:[0,1048)[4096,5100)
14:8:1301:[0,8)
15:8:1302:[0,8)
16:8:1303:[0,8)
17:8:1304:[0,8)
18:8:1305:[0,8)
19:8:1306:[0,8)
printing dependencies for unit id: (75, 1)
 OUTGOING DEPENDENCIES:
  dep: (75, 1) -> (74, 1);  time 0 -> 0
13:16384:13:[0,2048)
 INCOMING DEPENDENCIES:
  dep: (76, 0) -> (75, 1);  time 10332 -> 0
13:16384:13:[0,1024)
  dep: (77, 0) -> (75, 1);  time 11294 -> 0
13:16384:13:[1024,2048)
printing dependencies for unit id: (76, 0)
 OUTGOING DEPENDENCIES:
  dep: (76, 0) -> (75, 1);  time 10332 -> 0
13:16384:13:[0,1024)
 INCOMING DEPENDENCIES:
  dep: (75, 0) -> (76, 0);  time 21 -> 0
12:16384:12:[0,532)[4096,4592)
14:8:1307:[0,8)
15:8:1308:[0,8)
16:8:1309:[0,8)
17:8:1310:[0,8)
18:8:1311:[0,8)
19:8:1312:[0,8)
printing dependencies for unit id: (77, 0)
 OUTGOING DEPENDENCIES:
  dep: (77, 0) -> (75, 1);  time 11294 -> 0
13:16384:13:[1024,2048)
 INCOMING DEPENDENCIES:
  dep: (75, 0) -> (77, 0);  time 21 -> 0
12:16384:12:[512,516)[528,1048)[4352,4356)[4480,4484)[4544,4548)[4576,4580)[4584,5100)
14:8:1307:[0,8)
15:8:1308:[0,8)
16:8:1309:[0,8)
17:8:1310:[0,8)
18:8:1311:[0,8)
19:8:1312:[0,8)
printing dependencies for unit id: (78, 0)
 OUTGOING DEPENDENCIES:
  dep: (78, 0) -> (79, 0);  time 21 -> 0
12:16384:12:[1024,1028)[1040,1044)[1048,1576)[4608,4612)[4864,4868)[4992,4996)[5056,5060)[5088,5596)
14:8:1371:[0,8)
15:8:1372:[0,8)
16:8:1373:[0,8)
17:8:1374:[0,8)
18:8:1375:[0,8)
19:8:1376:[0,8)
  dep: (78, 0) -> (80, 0);  time 21 -> 0
12:16384:12:[1536,1540)[1560,1564)[1568,2096)[2300,2308)[4864,4868)[5248,5252)[5440,5444)[5536,5540)[5584,5588)[5596,6100)
14:8:1371:[0,8)
15:8:1372:[0,8)
16:8:1373:[0,8)
17:8:1374:[0,8)
18:8:1375:[0,8)
19:8:1376:[0,8)
 INCOMING DEPENDENCIES:
  dep: (74, 0) -> (78, 0);  time 21 -> 0
12:16384:12:[1024,1028)[1040,1044)[1048,2096)[2300,2308)[4608,4612)[4864,4868)[4992,4996)[5056,5060)[5088,6100)
14:8:1301:[0,8)
15:8:1302:[0,8)
16:8:1303:[0,8)
17:8:1304:[0,8)
18:8:1305:[0,8)
19:8:1306:[0,8)
printing dependencies for unit id: (78, 1)
 OUTGOING DEPENDENCIES:
  dep: (78, 1) -> (74, 1);  time 0 -> 0
13:16384:13:[2048,4096)
 INCOMING DEPENDENCIES:
  dep: (79, 0) -> (78, 1);  time 11289 -> 0
13:16384:13:[2048,3072)
  dep: (80, 0) -> (78, 1);  time 11302 -> 0
13:16384:13:[3072,4096)
printing dependencies for unit id: (79, 0)
 OUTGOING DEPENDENCIES:
  dep: (79, 0) -> (78, 1);  time 11289 -> 0
13:16384:13:[2048,3072)
 INCOMING DEPENDENCIES:
  dep: (78, 0) -> (79, 0);  time 21 -> 0
12:16384:12:[1024,1028)[1040,1044)[1048,1576)[4608,4612)[4864,4868)[4992,4996)[5056,5060)[5088,5596)
14:8:1371:[0,8)
15:8:1372:[0,8)
16:8:1373:[0,8)
17:8:1374:[0,8)
18:8:1375:[0,8)
19:8:1376:[0,8)
printing dependencies for unit id: (80, 0)
 OUTGOING DEPENDENCIES:
  dep: (80, 0) -> (78, 1);  time 11302 -> 0
13:16384:13:[3072,4096)
 INCOMING DEPENDENCIES:
  dep: (78, 0) -> (80, 0);  time 21 -> 0
12:16384:12:[1536,1540)[1560,1564)[1568,2096)[2300,2308)[4864,4868)[5248,5252)[5440,5444)[5536,5540)[5584,5588)[5596,6100)
14:8:1371:[0,8)
15:8:1372:[0,8)
16:8:1373:[0,8)
17:8:1374:[0,8)
18:8:1375:[0,8)
19:8:1376:[0,8)
printing dependencies for unit id: (81, 0)
 OUTGOING DEPENDENCIES:
  dep: (81, 0) -> (82, 0);  time 21 -> 0
12:16384:12:[2048,2052)[2080,2084)[2088,3076)[3324,3332)[5120,5124)[5632,5636)[5888,5892)[6016,6020)[6080,6084)[6096,7172)
14:8:1451:[0,8)
15:8:1452:[0,8)
16:8:1453:[0,8)
17:8:1454:[0,8)
18:8:1455:[0,8)
19:8:1456:[0,8)
  dep: (81, 0) -> (85, 0);  time 21 -> 0
12:16384:12:[3068,4096)[7168,8192)
14:8:1451:[0,8)
15:8:1452:[0,8)
16:8:1453:[0,8)
17:8:1454:[0,8)
18:8:1455:[0,8)
19:8:1456:[0,8)
 INCOMING DEPENDENCIES:
  dep: (73, 0) -> (81, 0);  time 21 -> 0
12:16384:12:[2048,2052)[2080,2084)[2088,4096)[5120,5124)[5632,5636)[5888,5892)[6016,6020)[6080,6084)[6096,8192)
14:8:1295:[0,8)
15:8:1296:[0,8)
16:8:1297:[0,8)
17:8:1298:[0,8)
18:8:1299:[0,8)
19:8:1300:[0,8)
printing dependencies for unit id: (81, 1)
 OUTGOING DEPENDENCIES:
  dep: (81, 1) -> (73, 1);  time 0 -> 0
13:16384:13:[4096,8192)
 INCOMING DEPENDENCIES:
  dep: (82, 1) -> (81, 1);  time 0 -> 0
13:16384:13:[4096,6144)
  dep: (85, 1) -> (81, 1);  time 0 -> 0
13:16384:13:[6144,8192)
printing dependencies for unit id: (82, 0)
 OUTGOING DEPENDENCIES:
  dep: (82, 0) -> (83, 0);  time 21 -> 0
12:16384:12:[2048,2052)[2080,2084)[2088,2616)[3068,3076)[5120,5124)[5632,5636)[5888,5892)[6016,6020)[6080,6084)[6096,6604)
14:8:1457:[0,8)
15:8:1458:[0,8)
16:8:1459:[0,8)
17:8:1460:[0,8)
18:8:1461:[0,8)
19:8:1462:[0,8)
  dep: (82, 0) -> (84, 0);  time 21 -> 0
12:16384:12:[2560,2564)[2608,3072)[3324,3332)[5888,5892)[6272,6276)[6464,6468)[6560,6564)[6584,6588)[6596,7172)
14:8:1457:[0,8)
15:8:1458:[0,8)
16:8:1459:[0,8)
17:8:1460:[0,8)
18:8:1461:[0,8)
19:8:1462:[0,8)
 INCOMING DEPENDENCIES:
  dep: (81, 0) -> (82, 0);  time 21 -> 0
12:16384:12:[2048,2052)[2080,2084)[2088,3076)[3324,3332)[5120,5124)[5632,5636)[5888,5892)[6016,6020)[6080,6084)[6096,7172)
14:8:1451:[0,8)
15:8:1452:[0,8)
16:8:1453:[0,8)
17:8:1454:[0,8)
18:8:1455:[0,8)
19:8:1456:[0,8)
printing dependencies for unit id: (82, 1)
 OUTGOING DEPENDENCIES:
  dep: (82, 1) -> (81, 1);  time 0 -> 0
13:16384:13:[4096,6144)
 INCOMING DEPENDENCIES:
  dep: (83, 0) -> (82, 1);  time 11539 -> 0
13:16384:13:[4096,5120)
  dep: (84, 0) -> (82, 1);  time 11428 -> 0
13:16384:13:[5120,6144)
printing dependencies for unit id: (83, 0)
 OUTGOING DEPENDENCIES:
  dep: (83, 0) -> (82, 1);  time 11539 -> 0
13:16384:13:[4096,5120)
 INCOMING DEPENDENCIES:
  dep: (82, 0) -> (83, 0);  time 21 -> 0
12:16384:12:[2048,2052)[2080,2084)[2088,2616)[3068,3076)[5120,5124)[5632,5636)[5888,5892)[6016,6020)[6080,6084)[6096,6604)
14:8:1457:[0,8)
15:8:1458:[0,8)
16:8:1459:[0,8)
17:8:1460:[0,8)
18:8:1461:[0,8)
19:8:1462:[0,8)
printing dependencies for unit id: (84, 0)
 OUTGOING DEPENDENCIES:
  dep: (84, 0) -> (82, 1);  time 11428 -> 0
13:16384:13:[5120,6144)
 INCOMING DEPENDENCIES:
  dep: (82, 0) -> (84, 0);  time 21 -> 0
12:16384:12:[2560,2564)[2608,3072)[3324,3332)[5888,5892)[6272,6276)[6464,6468)[6560,6564)[6584,6588)[6596,7172)
14:8:1457:[0,8)
15:8:1458:[0,8)
16:8:1459:[0,8)
17:8:1460:[0,8)
18:8:1461:[0,8)
19:8:1462:[0,8)
printing dependencies for unit id: (85, 0)
 OUTGOING DEPENDENCIES:
  dep: (85, 0) -> (86, 0);  time 21 -> 0
12:16384:12:[3068,3548)[7168,7720)
14:8:1543:[0,8)
15:8:1544:[0,8)
16:8:1545:[0,8)
17:8:1546:[0,8)
18:8:1547:[0,8)
19:8:1548:[0,8)
  dep: (85, 0) -> (87, 0);  time 21 -> 0
12:16384:12:[3328,3332)[3456,3460)[3520,3524)[3536,3540)[3544,4096)[7680,7684)[7712,8192)
14:8:1543:[0,8)
15:8:1544:[0,8)
16:8:1545:[0,8)
17:8:1546:[0,8)
18:8:1547:[0,8)
19:8:1548:[0,8)
 INCOMING DEPENDENCIES:
  dep: (81, 0) -> (85, 0);  time 21 -> 0
12:16384:12:[3068,4096)[7168,8192)
14:8:1451:[0,8)
15:8:1452:[0,8)
16:8:1453:[0,8)
17:8:1454:[0,8)
18:8:1455:[0,8)
19:8:1456:[0,8)
printing dependencies for unit id: (85, 1)
 OUTGOING DEPENDENCIES:
  dep: (85, 1) -> (81, 1);  time 0 -> 0
13:16384:13:[6144,8192)
 INCOMING DEPENDENCIES:
  dep: (86, 0) -> (85, 1);  time 10431 -> 0
13:16384:13:[6144,7168)
  dep: (87, 0) -> (85, 1);  time 11282 -> 0
13:16384:13:[7168,8192)
printing dependencies for unit id: (86, 0)
 OUTGOING DEPENDENCIES:
  dep: (86, 0) -> (85, 1);  time 10431 -> 0
13:16384:13:[6144,7168)
 INCOMING DEPENDENCIES:
  dep: (85, 0) -> (86, 0);  time 21 -> 0
12:16384:12:[3068,3548)[7168,7720)
14:8:1543:[0,8)
15:8:1544:[0,8)
16:8:1545:[0,8)
17:8:1546:[0,8)
18:8:1547:[0,8)
19:8:1548:[0,8)
printing dependencies for unit id: (87, 0)
 OUTGOING DEPENDENCIES:
  dep: (87, 0) -> (85, 1);  time 11282 -> 0
13:16384:13:[7168,8192)
 INCOMING DEPENDENCIES:
  dep: (85, 0) -> (87, 0);  time 21 -> 0
12:16384:12:[3328,3332)[3456,3460)[3520,3524)[3536,3540)[3544,4096)[7680,7684)[7712,8192)
14:8:1543:[0,8)
15:8:1544:[0,8)
16:8:1545:[0,8)
17:8:1546:[0,8)
18:8:1547:[0,8)
19:8:1548:[0,8)
printing dependencies for unit id: (88, 0)
 OUTGOING DEPENDENCIES:
  dep: (88, 0) -> (89, 0);  time 21 -> 0
12:16384:12:[8192,10228)[12288,14352)[14588,14596)
14:8:1609:[0,8)
15:8:1610:[0,8)
16:8:1611:[0,8)
17:8:1612:[0,8)
18:8:1613:[0,8)
19:8:1614:[0,8)
  dep: (88, 0) -> (96, 0);  time 21 -> 0
12:16384:12:[9216,9220)[9728,9732)[9984,9988)[10112,10116)[10176,10180)[10208,10212)[10224,12288)[14080,14084)[14336,14340)[14344,16384)
14:8:1609:[0,8)
15:8:1610:[0,8)
16:8:1611:[0,8)
17:8:1612:[0,8)
18:8:1613:[0,8)
19:8:1614:[0,8)
 INCOMING DEPENDENCIES:
  dep: (0, 0) -> (88, 0);  time 13 -> 0
14:8:20:[0,8)
10:8:21:[0,8)
11:8:22:[0,8)
  dep: (37, 1) -> (88, 0);  time 0 -> 0
12:16384:12:[8192,12288)
  dep: (55, 1) -> (88, 0);  time 0 -> 0
12:16384:12:[12288,16384)
printing dependencies for unit id: (88, 1)
 OUTGOING DEPENDENCIES:
  dep: (88, 1) -> (103, 0);  time 0 -> 0
13:16384:13:[8192,16384)
 INCOMING DEPENDENCIES:
  dep: (89, 1) -> (88, 1);  time 0 -> 0
13:16384:13:[8192,12288)
  dep: (96, 1) -> (88, 1);  time 0 -> 0
13:16384:13:[12288,16384)
printing dependencies for unit id: (89, 0)
 OUTGOING DEPENDENCIES:
  dep: (89, 0) -> (90, 0);  time 21 -> 0
12:16384:12:[8192,9180)[12288,13352)
14:8:1615:[0,8)
15:8:1616:[0,8)
16:8:1617:[0,8)
17:8:1618:[0,8)
18:8:1619:[0,8)
19:8:1620:[0,8)
  dep: (89, 0) -> (93, 0);  time 21 -> 0
12:16384:12:[8704,8708)[8960,8964)[9088,9092)[9152,9156)[9168,10228)[13312,13316)[13344,13348)[13352,14352)[14588,14596)
14:8:1615:[0,8)
15:8:1616:[0,8)
16:8:1617:[0,8)
17:8:1618:[0,8)
18:8:1619:[0,8)
19:8:1620:[0,8)
 INCOMING DEPENDENCIES:
  dep: (88, 0) -> (89, 0);  time 21 -> 0
12:16384:12:[8192,10228)[12288,14352)[14588,14596)
14:8:1609:[0,8)
15:8:1610:[0,8)
16:8:1611:[0,8)
17:8:1612:[0,8)
18:8:1613:[0,8)
19:8:1614:[0,8)
printing dependencies for unit id: (89, 1)
 OUTGOING DEPENDENCIES:
  dep: (89, 1) -> (88, 1);  time 0 -> 0
13:16384:13:[8192,12288)
 INCOMING DEPENDENCIES:
  dep: (90, 1) -> (89, 1);  time 0 -> 0
13:16384:13:[8192,10240)
  dep: (93, 1) -> (89, 1);  time 0 -> 0
13:16384:13:[10240,12288)
printing dependencies for unit id: (90, 0)
 OUTGOING DEPENDENCIES:
  dep: (90, 0) -> (91, 0);  time 21 -> 0
12:16384:12:[8192,8680)[12288,12828)
14:8:1621:[0,8)
15:8:1622:[0,8)
16:8:1623:[0,8)
17:8:1624:[0,8)
18:8:1625:[0,8)
19:8:1626:[0,8)
  dep: (90, 0) -> (92, 0);  time 21 -> 0
12:16384:12:[8448,8452)[8576,8580)[8640,8644)[8672,9180)[12800,12804)[12816,12820)[12824,13352)
14:8:1621:[0,8)
15:8:1622:[0,8)
16:8:1623:[0,8)
17:8:1624:[0,8)
18:8:1625:[0,8)
19:8:1626:[0,8)
 INCOMING DEPENDENCIES:
  dep: (89, 0) -> (90, 0);  time 21 -> 0
12:16384:12:[8192,9180)[12288,13352)
14:8:1615:[0,8)
15:8:1616:[0,8)
16:8:1617:[0,8)
17:8:1618:[0,8)
18:8:1619:[0,8)
19:8:1620:[0,8)
printing dependencies for unit id: (90, 1)
 OUTGOING DEPENDENCIES:
  dep: (90, 1) -> (89, 1);  time 0 -> 0
13:16384:13:[8192,10240)
 INCOMING DEPENDENCIES:
  dep: (91, 0) -> (90, 1);  time 10332 -> 0
13:16384:13:[8192,9216)
  dep: (92, 0) -> (90, 1);  time 11178 -> 0
13:16384:13:[9216,10240)
printing dependencies for unit id: (91, 0)
 OUTGOING DEPENDENCIES:
  dep: (91, 0) -> (90, 1);  time 10332 -> 0
13:16384:13:[8192,9216)
 INCOMING DEPENDENCIES:
  dep: (90, 0) -> (91, 0);  time 21 -> 0
12:16384:12:[8192,8680)[12288,12828)
14:8:1621:[0,8)
15:8:1622:[0,8)
16:8:1623:[0,8)
17:8:1624:[0,8)
18:8:1625:[0,8)
19:8:1626:[0,8)
printing dependencies for unit id: (92, 0)
 OUTGOING DEPENDENCIES:
  dep: (92, 0) -> (90, 1);  time 11178 -> 0
13:16384:13:[9216,10240)
 INCOMING DEPENDENCIES:
  dep: (90, 0) -> (92, 0);  time 21 -> 0
12:16384:12:[8448,8452)[8576,8580)[8640,8644)[8672,9180)[12800,12804)[12816,12820)[12824,13352)
14:8:1621:[0,8)
15:8:1622:[0,8)
16:8:1623:[0,8)
17:8:1624:[0,8)
18:8:1625:[0,8)
19:8:1626:[0,8)
printing dependencies for unit id: (93, 0)
 OUTGOING DEPENDENCIES:
  dep: (93, 0) -> (94, 0);  time 21 -> 0
12:16384:12:[8704,8708)[8960,8964)[9088,9092)[9152,9156)[9168,9688)[13312,13316)[13344,13348)[13352,13868)
14:8:1683:[0,8)
15:8:1684:[0,8)
16:8:1685:[0,8)
17:8:1686:[0,8)
18:8:1687:[0,8)
19:8:1688:[0,8)
  dep: (93, 0) -> (95, 0);  time 21 -> 0
12:16384:12:[8960,8964)[9344,9348)[9536,9540)[9632,9636)[9680,10228)[13824,13828)[13848,13852)[13860,14352)[14588,14596)
14:8:1683:[0,8)
15:8:1684:[0,8)
16:8:1685:[0,8)
17:8:1686:[0,8)
18:8:1687:[0,8)
19:8:1688:[0,8)
 INCOMING DEPENDENCIES:
  dep: (89, 0) -> (93, 0);  time 21 -> 0
12:16384:12:[8704,8708)[8960,8964)[9088,9092)[9152,9156)[9168,10228)[13312,13316)[13344,13348)[13352,14352)[14588,14596)
14:8:1615:[0,8)
15:8:1616:[0,8)
16:8:1617:[0,8)
17:8:1618:[0,8)
18:8:1619:[0,8)
19:8:1620:[0,8)
printing dependencies for unit id: (93, 1)
 OUTGOING DEPENDENCIES:
  dep: (93, 1) -> (89, 1);  time 0 -> 0
13:16384:13:[10240,12288)
 INCOMING DEPENDENCIES:
  dep: (94, 0) -> (93, 1);  time 11299 -> 0
13:16384:13:[10240,11264)
  dep: (95, 0) -> (93, 1);  time 11428 -> 0
13:16384:13:[11264,12288)
printing dependencies for unit id: (94, 0)
 OUTGOING DEPENDENCIES:
  dep: (94, 0) -> (93, 1);  time 11299 -> 0
13:16384:13:[10240,11264)
 INCOMING DEPENDENCIES:
  dep: (93, 0) -> (94, 0);  time 21 -> 0
12:16384:12:[8704,8708)[8960,8964)[9088,9092)[9152,9156)[9168,9688)[13312,13316)[13344,13348)[13352,13868)
14:8:1683:[0,8)
15:8:1684:[0,8)
16:8:1685:[0,8)
17:8:1686:[0,8)
18:8:1687:[0,8)
19:8:1688:[0,8)
printing dependencies for unit id: (95, 0)
 OUTGOING DEPENDENCIES:
  dep: (95, 0) -> (93, 1);  time 11428 -> 0
13:16384:13:[11264,12288)
 INCOMING DEPENDENCIES:
  dep: (93, 0) -> (95, 0);  time 21 -> 0
12:16384:12:[8960,8964)[9344,9348)[9536,9540)[9632,9636)[9680,10228)[13824,13828)[13848,13852)[13860,14352)[14588,14596)
14:8:1683:[0,8)
15:8:1684:[0,8)
16:8:1685:[0,8)
17:8:1686:[0,8)
18:8:1687:[0,8)
19:8:1688:[0,8)
printing dependencies for unit id: (96, 0)
 OUTGOING DEPENDENCIES:
  dep: (96, 0) -> (97, 0);  time 21 -> 0
12:16384:12:[9216,9220)[9728,9732)[9984,9988)[10112,10116)[10176,10180)[10208,10212)[10224,11256)[11516,11524)[14080,14084)[14336,14340)[14344,15372)
14:8:1765:[0,8)
15:8:1766:[0,8)
16:8:1767:[0,8)
17:8:1768:[0,8)
18:8:1769:[0,8)
19:8:1770:[0,8)
  dep: (96, 0) -> (100, 0);  time 21 -> 0
12:16384:12:[10752,10756)[11008,11012)[11136,11140)[11200,11204)[11232,11236)[11248,12288)[15360,15364)[15368,16384)
14:8:1765:[0,8)
15:8:1766:[0,8)
16:8:1767:[0,8)
17:8:1768:[0,8)
18:8:1769:[0,8)
19:8:1770:[0,8)
 INCOMING DEPENDENCIES:
  dep: (88, 0) -> (96, 0);  time 21 -> 0
12:16384:12:[9216,9220)[9728,9732)[9984,9988)[10112,10116)[10176,10180)[10208,10212)[10224,12288)[14080,14084)[14336,14340)[14344,16384)
14:8:1609:[0,8)
15:8:1610:[0,8)
16:8:1611:[0,8)
17:8:1612:[0,8)
18:8:1613:[0,8)
19:8:1614:[0,8)
printing dependencies for unit id: (96, 1)
 OUTGOING DEPENDENCIES:
  dep: (96, 1) -> (88, 1);  time 0 -> 0
13:16384:13:[12288,16384)
 INCOMING DEPENDENCIES:
  dep: (97, 1) -> (96, 1);  time 0 -> 0
13:16384:13:[12288,14336)
  dep: (100, 1) -> (96, 1);  time 0 -> 0
13:16384:13:[14336,16384)
printing dependencies for unit id: (97, 0)
 OUTGOING DEPENDENCIES:
  dep: (97, 0) -> (98, 0);  time 21 -> 0
12:16384:12:[9216,9220)[9728,9732)[9984,9988)[10112,10116)[10176,10180)[10208,10212)[10224,10784)[14336,14340)[14344,14820)[14844,14852)[15356,15364)
14:8:1771:[0,8)
15:8:1772:[0,8)
16:8:1773:[0,8)
17:8:1774:[0,8)
18:8:1775:[0,8)
19:8:1776:[0,8)
  dep: (97, 0) -> (99, 0);  time 21 -> 0
12:16384:12:[10752,10756)[10776,10780)[10784,11256)[11516,11524)[14080,14084)[14464,14468)[14656,14660)[14752,14756)[14800,14804)[14812,15372)
14:8:1771:[0,8)
15:8:1772:[0,8)
16:8:1773:[0,8)
17:8:1774:[0,8)
18:8:1775:[0,8)
19:8:1776:[0,8)
 INCOMING DEPENDENCIES:
  dep: (96, 0) -> (97, 0);  time 21 -> 0
12:16384:12:[9216,9220)[9728,9732)[9984,9988)[10112,10116)[10176,10180)[10208,10212)[10224,11256)[11516,11524)[14080,14084)[14336,14340)[14344,15372)
14:8:1765:[0,8)
15:8:1766:[0,8)
16:8:1767:[0,8)
17:8:1768:[0,8)
18:8:1769:[0,8)
19:8:1770:[0,8)
printing dependencies for unit id: (97, 1)
 OUTGOING DEPENDENCIES:
  dep: (97, 1) -> (96, 1);  time 0 -> 0
13:16384:13:[12288,14336)
 INCOMING DEPENDENCIES:
  dep: (98, 0) -> (97, 1);  time 11539 -> 0
13:16384:13:[12288,13312)
  dep: (99, 0) -> (97, 1);  time 11418 -> 0
13:16384:13:[13312,14336)
printing dependencies for unit id: (98, 0)
 OUTGOING DEPENDENCIES:
  dep: (98, 0) -> (97, 1);  time 11539 -> 0
13:16384:13:[12288,13312)
 INCOMING DEPENDENCIES:
  dep: (97, 0) -> (98, 0);  time 21 -> 0
12:16384:12:[9216,9220)[9728,9732)[9984,9988)[10112,10116)[10176,10180)[10208,10212)[10224,10784)[14336,14340)[14344,14820)[14844,14852)[15356,15364)
14:8:1771:[0,8)
15:8:1772:[0,8)
16:8:1773:[0,8)
17:8:1774:[0,8)
18:8:1775:[0,8)
19:8:1776:[0,8)
printing dependencies for unit id: (99, 0)
 OUTGOING DEPENDENCIES:
  dep: (99, 0) -> (97, 1);  time 11418 -> 0
13:16384:13:[13312,14336)
 INCOMING DEPENDENCIES:
  dep: (97, 0) -> (99, 0);  time 21 -> 0
12:16384:12:[10752,10756)[10776,10780)[10784,11256)[11516,11524)[14080,14084)[14464,14468)[14656,14660)[14752,14756)[14800,14804)[14812,15372)
14:8:1771:[0,8)
15:8:1772:[0,8)
16:8:1773:[0,8)
17:8:1774:[0,8)
18:8:1775:[0,8)
19:8:1776:[0,8)
printing dependencies for unit id: (100, 0)
 OUTGOING DEPENDENCIES:
  dep: (100, 0) -> (101, 0);  time 21 -> 0
12:16384:12:[10752,10756)[11008,11012)[11136,11140)[11200,11204)[11232,11236)[11248,11752)[15360,15364)[15368,15900)
14:8:1857:[0,8)
15:8:1858:[0,8)
16:8:1859:[0,8)
17:8:1860:[0,8)
18:8:1861:[0,8)
19:8:1862:[0,8)
  dep: (100, 0) -> (102, 0);  time 21 -> 0
12:16384:12:[11520,11524)[11648,11652)[11712,11716)[11744,12288)[15872,15876)[15888,15892)[15896,16384)
14:8:1857:[0,8)
15:8:1858:[0,8)
16:8:1859:[0,8)
17:8:1860:[0,8)
18:8:1861:[0,8)
19:8:1862:[0,8)
 INCOMING DEPENDENCIES:
  dep: (96, 0) -> (100, 0);  time 21 -> 0
12:16384:12:[10752,10756)[11008,11012)[11136,11140)[11200,11204)[11232,11236)[11248,12288)[15360,15364)[15368,16384)
14:8:1765:[0,8)
15:8:1766:[0,8)
16:8:1767:[0,8)
17:8:1768:[0,8)
18:8:1769:[0,8)
19:8:1770:[0,8)
printing dependencies for unit id: (100, 1)
 OUTGOING DEPENDENCIES:
  dep: (100, 1) -> (96, 1);  time 0 -> 0
13:16384:13:[14336,16384)
 INCOMING DEPENDENCIES:
  dep: (101, 0) -> (100, 1);  time 11299 -> 0
13:16384:13:[14336,15360)
  dep: (102, 0) -> (100, 1);  time 11278 -> 0
13:16384:13:[15360,16384)
printing dependencies for unit id: (101, 0)
 OUTGOING DEPENDENCIES:
  dep: (101, 0) -> (100, 1);  time 11299 -> 0
13:16384:13:[14336,15360)
 INCOMING DEPENDENCIES:
  dep: (100, 0) -> (101, 0);  time 21 -> 0
12:16384:12:[10752,10756)[11008,11012)[11136,11140)[11200,11204)[11232,11236)[11248,11752)[15360,15364)[15368,15900)
14:8:1857:[0,8)
15:8:1858:[0,8)
16:8:1859:[0,8)
17:8:1860:[0,8)
18:8:1861:[0,8)
19:8:1862:[0,8)
printing dependencies for unit id: (102, 0)
 OUTGOING DEPENDENCIES:
  dep: (102, 0) -> (100, 1);  time 11278 -> 0
13:16384:13:[15360,16384)
 INCOMING DEPENDENCIES:
  dep: (100, 0) -> (102, 0);  time 21 -> 0
12:16384:12:[11520,11524)[11648,11652)[11712,11716)[11744,12288)[15872,15876)[15888,15892)[15896,16384)
14:8:1857:[0,8)
15:8:1858:[0,8)
16:8:1859:[0,8)
17:8:1860:[0,8)
18:8:1861:[0,8)
19:8:1862:[0,8)
printing dependencies for unit id: (103, 0)
 OUTGOING DEPENDENCIES:
  dep: (103, 0) -> (104, 0);  time 21 -> 0
13:16384:13:[0,4160)[4476,4484)[4604,4612)[5372,5380)[8192,12228)
14:8:1937:[0,8)
15:8:1938:[0,8)
16:8:1939:[0,8)
17:8:1940:[0,8)
18:8:1941:[0,8)
19:8:1942:[0,8)
  dep: (103, 0) -> (119, 0);  time 21 -> 0
13:16384:13:[4096,4100)[4156,8192)[10240,10244)[11008,11012)[11264,11268)[11776,11780)[11904,11908)[12032,12036)[12160,12164)[12224,16384)
14:8:1937:[0,8)
15:8:1938:[0,8)
16:8:1939:[0,8)
17:8:1940:[0,8)
18:8:1941:[0,8)
19:8:1942:[0,8)
 INCOMING DEPENDENCIES:
  dep: (0, 0) -> (103, 0);  time 13 -> 0
14:8:20:[0,8)
10:8:21:[0,8)
11:8:22:[0,8)
  dep: (73, 1) -> (103, 0);  time 0 -> 0
13:16384:13:[0,8192)
  dep: (88, 1) -> (103, 0);  time 0 -> 0
13:16384:13:[8192,16384)
printing dependencies for unit id: (103, 1)
 OUTGOING DEPENDENCIES:
  dep: (103, 1) -> (0, 1);  time 0 -> 0
 INCOMING DEPENDENCIES:
  dep: (104, 1) -> (103, 1);  time 0 -> 0
  dep: (119, 1) -> (103, 1);  time 0 -> 0
printing dependencies for unit id: (104, 0)
 OUTGOING DEPENDENCIES:
  dep: (104, 0) -> (105, 0);  time 21 -> 0
13:16384:13:[0,2040)[8192,10252)[10492,10500)
14:8:1943:[0,8)
15:8:1944:[0,8)
16:8:1945:[0,8)
17:8:1946:[0,8)
18:8:1947:[0,8)
19:8:1948:[0,8)
  dep: (104, 0) -> (112, 0);  time 21 -> 0
13:16384:13:[1024,1028)[1280,1284)[1536,1540)[1792,1796)[1920,1924)[1984,1988)[2016,2020)[2032,4160)[4476,4484)[4604,4612)[5372,5380)[9728,9732)[9984,9988)[10240,10244)[10248,12228)
14:8:1943:[0,8)
15:8:1944:[0,8)
16:8:1945:[0,8)
17:8:1946:[0,8)
18:8:1947:[0,8)
19:8:1948:[0,8)
 INCOMING DEPENDENCIES:
  dep: (103, 0) -> (104, 0);  time 21 -> 0
13:16384:13:[0,4160)[4476,4484)[4604,4612)[5372,5380)[8192,12228)
14:8:1937:[0,8)
15:8:1938:[0,8)
16:8:1939:[0,8)
17:8:1940:[0,8)
18:8:1941:[0,8)
19:8:1942:[0,8)
printing dependencies for unit id: (104, 1)
 OUTGOING DEPENDENCIES:
  dep: (104, 1) -> (103, 1);  time 0 -> 0
 INCOMING DEPENDENCIES:
  dep: (105, 1) -> (104, 1);  time 0 -> 0
  dep: (112, 1) -> (104, 1);  time 0 -> 0
printing dependencies for unit id: (105, 0)
 OUTGOING DEPENDENCIES:
  dep: (105, 0) -> (106, 0);  time 21 -> 0
13:16384:13:[0,1008)[8192,9236)
14:8:1949:[0,8)
15:8:1950:[0,8)
16:8:1951:[0,8)
17:8:1952:[0,8)
18:8:1953:[0,8)
19:8:1954:[0,8)
  dep: (105, 0) -> (109, 0);  time 21 -> 0
13:16384:13:[512,516)[768,772)[896,900)[960,964)[992,996)[1004,2040)[9216,9220)[9232,10252)[10492,10500)
14:8:1949:[0,8)
15:8:1950:[0,8)
16:8:1951:[0,8)
17:8:1952:[0,8)
18:8:1953:[0,8)
19:8:1954:[0,8)
 INCOMING DEPENDENCIES:
  dep: (104, 0) -> (105, 0);  time 21 -> 0
13:16384:13:[0,2040)[8192,10252)[10492,10500)
14:8:1943:[0,8)
15:8:1944:[0,8)
16:8:1945:[0,8)
17:8:1946:[0,8)
18:8:1947:[0,8)
19:8:1948:[0,8)
printing dependencies for unit id: (105, 1)
 OUTGOING DEPENDENCIES:
  dep: (105, 1) -> (104, 1);  time 0 -> 0
 INCOMING DEPENDENCIES:
  dep: (106, 1) -> (105, 1);  time 0 -> 0
  dep: (109, 1) -> (105, 1);  time 0 -> 0
printing dependencies for unit id: (106, 0)
 OUTGOING DEPENDENCIES:
  dep: (106, 0) -> (107, 0);  time 21 -> 0
13:16384:13:[0,508)[8192,8712)
14:8:1955:[0,8)
15:8:1956:[0,8)
16:8:1957:[0,8)
17:8:1958:[0,8)
18:8:1959:[0,8)
19:8:1960:[0,8)
  dep: (106, 0) -> (108, 0);  time 21 -> 0
13:16384:13:[256,260)[384,388)[448,452)[480,484)[496,500)[504,1008)[8704,9236)
14:8:1955:[0,8)
15:8:1956:[0,8)
16:8:1957:[0,8)
17:8:1958:[0,8)
18:8:1959:[0,8)
19:8:1960:[0,8)
 INCOMING DEPENDENCIES:
  dep: (105, 0) -> (106, 0);  time 21 -> 0
13:16384:13:[0,1008)[8192,9236)
14:8:1949:[0,8)
15:8:1950:[0,8)
16:8:1951:[0,8)
17:8:1952:[0,8)
18:8:1953:[0,8)
19:8:1954:[0,8)
printing dependencies for unit id: (106, 1)
 OUTGOING DEPENDENCIES:
  dep: (106, 1) -> (105, 1);  time 0 -> 0
 INCOMING DEPENDENCIES:
  dep: (107, 0) -> (106, 1);  time 10332 -> 0
  dep: (108, 0) -> (106, 1);  time 11168 -> 0
printing dependencies for unit id: (107, 0)
 OUTGOING DEPENDENCIES:
  dep: (107, 0) -> (106, 1);  time 10332 -> 0
 INCOMING DEPENDENCIES:
  dep: (106, 0) -> (107, 0);  time 21 -> 0
13:16384:13:[0,508)[8192,8712)
14:8:1955:[0,8)
15:8:1956:[0,8)
16:8:1957:[0,8)
17:8:1958:[0,8)
18:8:1959:[0,8)
19:8:1960:[0,8)
printing dependencies for unit id: (108, 0)
 OUTGOING DEPENDENCIES:
  dep: (108, 0) -> (106, 1);  time 11168 -> 0
 INCOMING DEPENDENCIES:
  dep: (106, 0) -> (108, 0);  time 21 -> 0
13:16384:13:[256,260)[384,388)[448,452)[480,484)[496,500)[504,1008)[8704,9236)
14:8:1955:[0,8)
15:8:1956:[0,8)
16:8:1957:[0,8)
17:8:1958:[0,8)
18:8:1959:[0,8)
19:8:1960:[0,8)
printing dependencies for unit id: (109, 0)
 OUTGOING DEPENDENCIES:
  dep: (109, 0) -> (110, 0);  time 21 -> 0
13:16384:13:[512,516)[768,772)[896,900)[960,964)[992,996)[1004,1528)[9216,9220)[9232,9740)
14:8:2017:[0,8)
15:8:2018:[0,8)
16:8:2019:[0,8)
17:8:2020:[0,8)
18:8:2021:[0,8)
19:8:2022:[0,8)
  dep: (109, 0) -> (111, 0);  time 21 -> 0
13:16384:13:[768,772)[1152,1156)[1344,1348)[1440,1444)[1488,1492)[1512,1516)[1520,2040)[9728,9732)[9740,10252)[10492,10500)
14:8:2017:[0,8)
15:8:2018:[0,8)
16:8:2019:[0,8)
17:8:2020:[0,8)
18:8:2021:[0,8)
19:8:2022:[0,8)
 INCOMING DEPENDENCIES:
  dep: (105, 0) -> (109, 0);  time 21 -> 0
13:16384:13:[512,516)[768,772)[896,900)[960,964)[992,996)[1004,2040)[9216,9220)[9232,10252)[10492,10500)
14:8:1949:[0,8)
15:8:1950:[0,8)
16:8:1951:[0,8)
17:8:1952:[0,8)
18:8:1953:[0,8)
19:8:1954:[0,8)
printing dependencies for unit id: (109, 1)
 OUTGOING DEPENDENCIES:
  dep: (109, 1) -> (105, 1);  time 0 -> 0
 INCOMING DEPENDENCIES:
  dep: (110, 0) -> (109, 1);  time 11175 -> 0
  dep: (111, 0) -> (109, 1);  time 11302 -> 0
printing dependencies for unit id: (110, 0)
 OUTGOING DEPENDENCIES:
  dep: (110, 0) -> (109, 1);  time 11175 -> 0
 INCOMING DEPENDENCIES:
  dep: (109, 0) -> (110, 0);  time 21 -> 0
13:16384:13:[512,516)[768,772)[896,900)[960,964)[992,996)[1004,1528)[9216,9220)[9232,9740)
14:8:2017:[0,8)
15:8:2018:[0,8)
16:8:2019:[0,8)
17:8:2020:[0,8)
18:8:2021:[0,8)
19:8:2022:[0,8)
printing dependencies for unit id: (111, 0)
 OUTGOING DEPENDENCIES:
  dep: (111, 0) -> (109, 1);  time 11302 -> 0
 INCOMING DEPENDENCIES:
  dep: (109, 0) -> (111, 0);  time 21 -> 0
13:16384:13:[768,772)[1152,1156)[1344,1348)[1440,1444)[1488,1492)[1512,1516)[1520,2040)[9728,9732)[9740,10252)[10492,10500)
14:8:2017:[0,8)
15:8:2018:[0,8)
16:8:2019:[0,8)
17:8:2020:[0,8)
18:8:2021:[0,8)
19:8:2022:[0,8)
printing dependencies for unit id: (112, 0)
 OUTGOING DEPENDENCIES:
  dep: (112, 0) -> (113, 0);  time 21 -> 0
13:16384:13:[1024,1028)[1280,1284)[1536,1540)[1792,1796)[1920,1924)[1984,1988)[2016,2020)[2032,3112)[10240,10244)[10248,11228)[11260,11268)[11388,11396)[12028,12036)
14:8:2095:[0,8)
15:8:2096:[0,8)
16:8:2097:[0,8)
17:8:2098:[0,8)
18:8:2099:[0,8)
19:8:2100:[0,8)
  dep: (112, 0) -> (116, 0);  time 21 -> 0
13:16384:13:[3072,3076)[3096,3100)[3108,4160)[4476,4484)[4604,4612)[5372,5380)[9728,9732)[9984,9988)[10496,10500)[10880,10884)[11072,11076)[11168,11172)[11216,11220)[11224,12228)
14:8:2095:[0,8)
15:8:2096:[0,8)
16:8:2097:[0,8)
17:8:2098:[0,8)
18:8:2099:[0,8)
19:8:2100:[0,8)
 INCOMING DEPENDENCIES:
  dep: (104, 0) -> (112, 0);  time 21 -> 0
13:16384:13:[1024,1028)[1280,1284)[1536,1540)[1792,1796)[1920,1924)[1984,1988)[2016,2020)[2032,4160)[4476,4484)[4604,4612)[5372,5380)[9728,9732)[9984,9988)[10240,10244)[10248,12228)
14:8:1943:[0,8)
15:8:1944:[0,8)
16:8:1945:[0,8)
17:8:1946:[0,8)
18:8:1947:[0,8)
19:8:1948:[0,8)
printing dependencies for unit id: (112, 1)
 OUTGOING DEPENDENCIES:
  dep: (112, 1) -> (104, 1);  time 0 -> 0
 INCOMING DEPENDENCIES:
  dep: (113, 1) -> (112, 1);  time 0 -> 0
  dep: (116, 1) -> (112, 1);  time 0 -> 0
printing dependencies for unit id: (113, 0)
 OUTGOING DEPENDENCIES:
  dep: (113, 0) -> (114, 0);  time 21 -> 0
13:16384:13:[1024,1028)[1536,1540)[1792,1796)[1920,1924)[1984,1988)[2016,2020)[2032,2560)[10240,10244)[10248,10756)[11260,11268)
14:8:2101:[0,8)
15:8:2102:[0,8)
16:8:2103:[0,8)
17:8:2104:[0,8)
18:8:2105:[0,8)
19:8:2106:[0,8)
  dep: (113, 0) -> (115, 0);  time 21 -> 0
13:16384:13:[1280,1284)[1920,1924)[2240,2244)[2400,2404)[2480,2484)[2520,2524)[2540,2544)[2548,3112)[10752,11228)[11388,11396)[12028,12036)
14:8:2101:[0,8)
15:8:2102:[0,8)
16:8:2103:[0,8)
17:8:2104:[0,8)
18:8:2105:[0,8)
19:8:2106:[0,8)
 INCOMING DEPENDENCIES:
  dep: (112, 0) -> (113, 0);  time 21 -> 0
13:16384:13:[1024,1028)[1280,1284)[1536,1540)[1792,1796)[1920,1924)[1984,1988)[2016,2020)[2032,3112)[10240,10244)[10248,11228)[11260,11268)[11388,11396)[12028,12036)
14:8:2095:[0,8)
15:8:2096:[0,8)
16:8:2097:[0,8)
17:8:2098:[0,8)
18:8:2099:[0,8)
19:8:2100:[0,8)
printing dependencies for unit id: (113, 1)
 OUTGOING DEPENDENCIES:
  dep: (113, 1) -> (112, 1);  time 0 -> 0
 INCOMING DEPENDENCIES:
  dep: (114, 0) -> (113, 1);  time 11549 -> 0
  dep: (115, 0) -> (113, 1);  time 11668 -> 0
printing dependencies for unit id: (114, 0)
 OUTGOING DEPENDENCIES:
  dep: (114, 0) -> (113, 1);  time 11549 -> 0
 INCOMING DEPENDENCIES:
  dep: (113, 0) -> (114, 0);  time 21 -> 0
13:16384:13:[1024,1028)[1536,1540)[1792,1796)[1920,1924)[1984,1988)[2016,2020)[2032,2560)[10240,10244)[10248,10756)[11260,11268)
14:8:2101:[0,8)
15:8:2102:[0,8)
16:8:2103:[0,8)
17:8:2104:[0,8)
18:8:2105:[0,8)
19:8:2106:[0,8)
printing dependencies for unit id: (115, 0)
 OUTGOING DEPENDENCIES:
  dep: (115, 0) -> (113, 1);  time 11668 -> 0
 INCOMING DEPENDENCIES:
  dep: (113, 0) -> (115, 0);  time 21 -> 0
13:16384:13:[1280,1284)[1920,1924)[2240,2244)[2400,2404)[2480,2484)[2520,2524)[2540,2544)[2548,3112)[10752,11228)[11388,11396)[12028,12036)
14:8:2101:[0,8)
15:8:2102:[0,8)
16:8:2103:[0,8)
17:8:2104:[0,8)
18:8:2105:[0,8)
19:8:2106:[0,8)
printing dependencies for unit id: (116, 0)
 OUTGOING DEPENDENCIES:
  dep: (116, 0) -> (117, 0);  time 21 -> 0
13:16384:13:[3072,3076)[3096,3100)[3108,3652)[3836,3844)[4604,4612)[9728,9732)[10496,10500)[10880,10884)[11072,11076)[11168,11172)[11216,11220)[11224,11712)
14:8:2191:[0,8)
15:8:2192:[0,8)
16:8:2193:[0,8)
17:8:2194:[0,8)
18:8:2195:[0,8)
19:8:2196:[0,8)
  dep: (116, 0) -> (118, 0);  time 21 -> 0
13:16384:13:[3584,3588)[3640,4160)[4476,4484)[5372,5380)[9984,9988)[10880,10884)[11328,11332)[11552,11556)[11664,11668)[11692,11696)[11704,12228)
14:8:2191:[0,8)
15:8:2192:[0,8)
16:8:2193:[0,8)
17:8:2194:[0,8)
18:8:2195:[0,8)
19:8:2196:[0,8)
 INCOMING DEPENDENCIES:
  dep: (112, 0) -> (116, 0);  time 21 -> 0
13:16384:13:[3072,3076)[3096,3100)[3108,4160)[4476,4484)[4604,4612)[5372,5380)[9728,9732)[9984,9988)[10496,10500)[10880,10884)[11072,11076)[11168,11172)[11216,11220)[11224,12228)
14:8:2095:[0,8)
15:8:2096:[0,8)
16:8:2097:[0,8)
17:8:2098:[0,8)
18:8:2099:[0,8)
19:8:2100:[0,8)
printing dependencies for unit id: (116, 1)
 OUTGOING DEPENDENCIES:
  dep: (116, 1) -> (112, 1);  time 0 -> 0
 INCOMING DEPENDENCIES:
  dep: (117, 0) -> (116, 1);  time 11413 -> 0
  dep: (118, 0) -> (116, 1);  time 11678 -> 0
printing dependencies for unit id: (117, 0)
 OUTGOING DEPENDENCIES:
  dep: (117, 0) -> (116, 1);  time 11413 -> 0
 INCOMING DEPENDENCIES:
  dep: (116, 0) -> (117, 0);  time 21 -> 0
13:16384:13:[3072,3076)[3096,3100)[3108,3652)[3836,3844)[4604,4612)[9728,9732)[10496,10500)[10880,10884)[11072,11076)[11168,11172)[11216,11220)[11224,11712)
14:8:2191:[0,8)
15:8:2192:[0,8)
16:8:2193:[0,8)
17:8:2194:[0,8)
18:8:2195:[0,8)
19:8:2196:[0,8)
printing dependencies for unit id: (118, 0)
 OUTGOING DEPENDENCIES:
  dep: (118, 0) -> (116, 1);  time 11678 -> 0
 INCOMING DEPENDENCIES:
  dep: (116, 0) -> (118, 0);  time 21 -> 0
13:16384:13:[3584,3588)[3640,4160)[4476,4484)[5372,5380)[9984,9988)[10880,10884)[11328,11332)[11552,11556)[11664,11668)[11692,11696)[11704,12228)
14:8:2191:[0,8)
15:8:2192:[0,8)
16:8:2193:[0,8)
17:8:2194:[0,8)
18:8:2195:[0,8)
19:8:2196:[0,8)
printing dependencies for unit id: (119, 0)
 OUTGOING DEPENDENCIES:
  dep: (119, 0) -> (120, 0);  time 21 -> 0
13:16384:13:[4096,4100)[4156,6212)[6268,6276)[6396,6404)[6652,6660)[6908,6916)[10240,10244)[11008,11012)[11264,11268)[11776,11780)[11904,11908)[12032,12036)[12160,12164)[12224,14272)
14:8:2279:[0,8)
15:8:2280:[0,8)
16:8:2281:[0,8)
17:8:2282:[0,8)
18:8:2283:[0,8)
19:8:2284:[0,8)
  dep: (119, 0) -> (127, 0);  time 21 -> 0
13:16384:13:[6144,6148)[6208,8192)[13312,13316)[13824,13828)[14080,14084)[14208,14212)[14268,16384)
14:8:2279:[0,8)
15:8:2280:[0,8)
16:8:2281:[0,8)
17:8:2282:[0,8)
18:8:2283:[0,8)
19:8:2284:[0,8)
 INCOMING DEPENDENCIES:
  dep: (103, 0) -> (119, 0);  time 21 -> 0
13:16384:13:[4096,4100)[4156,8192)[10240,10244)[11008,11012)[11264,11268)[11776,11780)[11904,11908)[12032,12036)[12160,12164)[12224,16384)
14:8:1937:[0,8)
15:8:1938:[0,8)
16:8:1939:[0,8)
17:8:1940:[0,8)
18:8:1941:[0,8)
19:8:1942:[0,8)
printing dependencies for unit id: (119, 1)
 OUTGOING DEPENDENCIES:
  dep: (119, 1) -> (103, 1);  time 0 -> 0
 INCOMING DEPENDENCIES:
  dep: (120, 1) -> (119, 1);  time 0 -> 0
  dep: (127, 1) -> (119, 1);  time 0 -> 0
printing dependencies for unit id: (120, 0)
 OUTGOING DEPENDENCIES:
  dep: (120, 0) -> (121, 0);  time 21 -> 0
13:16384:13:[4096,4100)[4156,5200)[5500,5508)[6140,6148)[6396,6404)[10240,10244)[11008,11012)[11264,11268)[11776,11780)[11904,11908)[12032,12036)[12160,12164)[12224,13236)
14:8:2285:[0,8)
15:8:2286:[0,8)
16:8:2287:[0,8)
17:8:2288:[0,8)
18:8:2289:[0,8)
19:8:2290:[0,8)
  dep: (120, 0) -> (124, 0);  time 21 -> 0
13:16384:13:[5120,5124)[5168,5172)[5192,5196)[5200,6212)[6268,6276)[6652,6660)[6908,6916)[11776,11780)[12544,12548)[12928,12932)[13120,13124)[13184,13188)[13216,13220)[13228,14272)
14:8:2285:[0,8)
15:8:2286:[0,8)
16:8:2287:[0,8)
17:8:2288:[0,8)
18:8:2289:[0,8)
19:8:2290:[0,8)
 INCOMING DEPENDENCIES:
  dep: (119, 0) -> (120, 0);  time 21 -> 0
13:16384:13:[4096,4100)[4156,6212)[6268,6276)[6396,6404)[6652,6660)[6908,6916)[10240,10244)[11008,11012)[11264,11268)[11776,11780)[11904,11908)[12032,12036)[12160,12164)[12224,14272)
14:8:2279:[0,8)
15:8:2280:[0,8)
16:8:2281:[0,8)
17:8:2282:[0,8)
18:8:2283:[0,8)
19:8:2284:[0,8)
printing dependencies for unit id: (120, 1)
 OUTGOING DEPENDENCIES:
  dep: (120, 1) -> (119, 1);  time 0 -> 0
 INCOMING DEPENDENCIES:
  dep: (121, 1) -> (120, 1);  time 0 -> 0
  dep: (124, 1) -> (120, 1);  time 0 -> 0
printing dependencies for unit id: (121, 0)
 OUTGOING DEPENDENCIES:
  dep: (121, 0) -> (122, 0);  time 21 -> 0
13:16384:13:[4096,4100)[4156,4676)[5116,5124)[6140,6148)[10240,10244)[11264,11268)[11776,11780)[12032,12036)[12160,12164)[12224,12736)
14:8:2291:[0,8)
15:8:2292:[0,8)
16:8:2293:[0,8)
17:8:2294:[0,8)
18:8:2295:[0,8)
19:8:2296:[0,8)
  dep: (121, 0) -> (123, 0);  time 21 -> 0
13:16384:13:[4608,4612)[4664,4668)[4672,5200)[5500,5508)[6396,6404)[11008,11012)[11904,11908)[12352,12356)[12576,12580)[12688,12692)[12716,12720)[12728,13236)
14:8:2291:[0,8)
15:8:2292:[0,8)
16:8:2293:[0,8)
17:8:2294:[0,8)
18:8:2295:[0,8)
19:8:2296:[0,8)
 INCOMING DEPENDENCIES:
  dep: (120, 0) -> (121, 0);  time 21 -> 0
13:16384:13:[4096,4100)[4156,5200)[5500,5508)[6140,6148)[6396,6404)[10240,10244)[11008,11012)[11264,11268)[11776,11780)[11904,11908)[12032,12036)[12160,12164)[12224,13236)
14:8:2285:[0,8)
15:8:2286:[0,8)
16:8:2287:[0,8)
17:8:2288:[0,8)
18:8:2289:[0,8)
19:8:2290:[0,8)
printing dependencies for unit id: (121, 1)
 OUTGOING DEPENDENCIES:
  dep: (121, 1) -> (120, 1);  time 0 -> 0
 INCOMING DEPENDENCIES:
  dep: (122, 0) -> (121, 1);  time 11175 -> 0
  dep: (123, 0) -> (121, 1);  time 11552 -> 0
printing dependencies for unit id: (122, 0)
 OUTGOING DEPENDENCIES:
  dep: (122, 0) -> (121, 1);  time 11175 -> 0
 INCOMING DEPENDENCIES:
  dep: (121, 0) -> (122, 0);  time 21 -> 0
13:16384:13:[4096,4100)[4156,4676)[5116,5124)[6140,6148)[10240,10244)[11264,11268)[11776,11780)[12032,12036)[12160,12164)[12224,12736)
14:8:2291:[0,8)
15:8:2292:[0,8)
16:8:2293:[0,8)
17:8:2294:[0,8)
18:8:2295:[0,8)
19:8:2296:[0,8)
printing dependencies for unit id: (123, 0)
 OUTGOING DEPENDENCIES:
  dep: (123, 0) -> (121, 1);  time 11552 -> 0
 INCOMING DEPENDENCIES:
  dep: (121, 0) -> (123, 0);  time 21 -> 0
13:16384:13:[4608,4612)[4664,4668)[4672,5200)[5500,5508)[6396,6404)[11008,11012)[11904,11908)[12352,12356)[12576,12580)[12688,12692)[12716,12720)[12728,13236)
14:8:2291:[0,8)
15:8:2292:[0,8)
16:8:2293:[0,8)
17:8:2294:[0,8)
18:8:2295:[0,8)
19:8:2296:[0,8)
printing dependencies for unit id: (124, 0)
 OUTGOING DEPENDENCIES:
  dep: (124, 0) -> (125, 0);  time 21 -> 0
13:16384:13:[5120,5124)[5168,5172)[5192,5196)[5200,5704)[5884,5892)[6652,6660)[11776,11780)[12544,12548)[12928,12932)[13120,13124)[13216,13220)[13228,13756)
14:8:2373:[0,8)
15:8:2374:[0,8)
16:8:2375:[0,8)
17:8:2376:[0,8)
18:8:2377:[0,8)
19:8:2378:[0,8)
  dep: (124, 0) -> (126, 0);  time 21 -> 0
13:16384:13:[5632,5636)[5672,5676)[5692,5696)[5700,6212)[6268,6276)[6908,6916)[12544,12548)[13184,13188)[13504,13508)[13664,13668)[13744,13748)[13752,14272)
14:8:2373:[0,8)
15:8:2374:[0,8)
16:8:2375:[0,8)
17:8:2376:[0,8)
18:8:2377:[0,8)
19:8:2378:[0,8)
 INCOMING DEPENDENCIES:
  dep: (120, 0) -> (124, 0);  time 21 -> 0
13:16384:13:[5120,5124)[5168,5172)[5192,5196)[5200,6212)[6268,6276)[6652,6660)[6908,6916)[11776,11780)[12544,12548)[12928,12932)[13120,13124)[13184,13188)[13216,13220)[13228,14272)
14:8:2285:[0,8)
15:8:2286:[0,8)
16:8:2287:[0,8)
17:8:2288:[0,8)
18:8:2289:[0,8)
19:8:2290:[0,8)
printing dependencies for unit id: (124, 1)
 OUTGOING DEPENDENCIES:
  dep: (124, 1) -> (120, 1);  time 0 -> 0
 INCOMING DEPENDENCIES:
  dep: (125, 0) -> (124, 1);  time 11539 -> 0
  dep: (126, 0) -> (124, 1);  time 11416 -> 0
printing dependencies for unit id: (125, 0)
 OUTGOING DEPENDENCIES:
  dep: (125, 0) -> (124, 1);  time 11539 -> 0
 INCOMING DEPENDENCIES:
  dep: (124, 0) -> (125, 0);  time 21 -> 0
13:16384:13:[5120,5124)[5168,5172)[5192,5196)[5200,5704)[5884,5892)[6652,6660)[11776,11780)[12544,12548)[12928,12932)[13120,13124)[13216,13220)[13228,13756)
14:8:2373:[0,8)
15:8:2374:[0,8)
16:8:2375:[0,8)
17:8:2376:[0,8)
18:8:2377:[0,8)
19:8:2378:[0,8)
printing dependencies for unit id: (126, 0)
 OUTGOING DEPENDENCIES:
  dep: (126, 0) -> (124, 1);  time 11416 -> 0
 INCOMING DEPENDENCIES:
  dep: (124, 0) -> (126, 0);  time 21 -> 0
13:16384:13:[5632,5636)[5672,5676)[5692,5696)[5700,6212)[6268,6276)[6908,6916)[12544,12548)[13184,13188)[13504,13508)[13664,13668)[13744,13748)[13752,14272)
14:8:2373:[0,8)
15:8:2374:[0,8)
16:8:2375:[0,8)
17:8:2376:[0,8)
18:8:2377:[0,8)
19:8:2378:[0,8)
printing dependencies for unit id: (127, 0)
 OUTGOING DEPENDENCIES:
  dep: (127, 0) -> (128, 0);  time 21 -> 0
13:16384:13:[6144,6148)[6208,7188)[7420,7428)[13312,13316)[13824,13828)[14080,14084)[14208,14212)[14268,15344)
14:8:2459:[0,8)
15:8:2460:[0,8)
16:8:2461:[0,8)
17:8:2462:[0,8)
18:8:2463:[0,8)
19:8:2464:[0,8)
  dep: (127, 0) -> (131, 0);  time 21 -> 0
13:16384:13:[7168,7172)[7184,8192)[14848,14852)[15104,15108)[15232,15236)[15296,15300)[15328,15332)[15340,16384)
14:8:2459:[0,8)
15:8:2460:[0,8)
16:8:2461:[0,8)
17:8:2462:[0,8)
18:8:2463:[0,8)
19:8:2464:[0,8)
 INCOMING DEPENDENCIES:
  dep: (119, 0) -> (127, 0);  time 21 -> 0
13:16384:13:[6144,6148)[6208,8192)[13312,13316)[13824,13828)[14080,14084)[14208,14212)[14268,16384)
14:8:2279:[0,8)
15:8:2280:[0,8)
16:8:2281:[0,8)
17:8:2282:[0,8)
18:8:2283:[0,8)
19:8:2284:[0,8)
printing dependencies for unit id: (127, 1)
 OUTGOING DEPENDENCIES:
  dep: (127, 1) -> (119, 1);  time 0 -> 0
 INCOMING DEPENDENCIES:
  dep: (128, 1) -> (127, 1);  time 0 -> 0
  dep: (131, 1) -> (127, 1);  time 0 -> 0
printing dependencies for unit id: (128, 0)
 OUTGOING DEPENDENCIES:
  dep: (128, 0) -> (129, 0);  time 21 -> 0
13:16384:13:[6144,6148)[6208,6708)[7164,7172)[13312,13316)[13824,13828)[14080,14084)[14208,14212)[14268,14800)
14:8:2465:[0,8)
15:8:2466:[0,8)
16:8:2467:[0,8)
17:8:2468:[0,8)
18:8:2469:[0,8)
19:8:2470:[0,8)
  dep: (128, 0) -> (130, 0);  time 21 -> 0
13:16384:13:[6656,6660)[6704,7188)[7420,7428)[14080,14084)[14464,14468)[14656,14660)[14752,14756)[14776,14780)[14788,15344)
14:8:2465:[0,8)
15:8:2466:[0,8)
16:8:2467:[0,8)
17:8:2468:[0,8)
18:8:2469:[0,8)
19:8:2470:[0,8)
 INCOMING DEPENDENCIES:
  dep: (127, 0) -> (128, 0);  time 21 -> 0
13:16384:13:[6144,6148)[6208,7188)[7420,7428)[13312,13316)[13824,13828)[14080,14084)[14208,14212)[14268,15344)
14:8:2459:[0,8)
15:8:2460:[0,8)
16:8:2461:[0,8)
17:8:2462:[0,8)
18:8:2463:[0,8)
19:8:2464:[0,8)
printing dependencies for unit id: (128, 1)
 OUTGOING DEPENDENCIES:
  dep: (128, 1) -> (127, 1);  time 0 -> 0
 INCOMING DEPENDENCIES:
  dep: (129, 0) -> (128, 1);  time 11041 -> 0
  dep: (130, 0) -> (128, 1);  time 11544 -> 0
printing dependencies for unit id: (129, 0)
 OUTGOING DEPENDENCIES:
  dep: (129, 0) -> (128, 1);  time 11041 -> 0
 INCOMING DEPENDENCIES:
  dep: (128, 0) -> (129, 0);  time 21 -> 0
13:16384:13:[6144,6148)[6208,6708)[7164,7172)[13312,13316)[13824,13828)[14080,14084)[14208,14212)[14268,14800)
14:8:2465:[0,8)
15:8:2466:[0,8)
16:8:2467:[0,8)
17:8:2468:[0,8)
18:8:2469:[0,8)
19:8:2470:[0,8)
printing dependencies for unit id: (130, 0)
 OUTGOING DEPENDENCIES:
  dep: (130, 0) -> (128, 1);  time 11544 -> 0
 INCOMING DEPENDENCIES:
  dep: (128, 0) -> (130, 0);  time 21 -> 0
13:16384:13:[6656,6660)[6704,7188)[7420,7428)[14080,14084)[14464,14468)[14656,14660)[14752,14756)[14776,14780)[14788,15344)
14:8:2465:[0,8)
15:8:2466:[0,8)
16:8:2467:[0,8)
17:8:2468:[0,8)
18:8:2469:[0,8)
19:8:2470:[0,8)
printing dependencies for unit id: (131, 0)
 OUTGOING DEPENDENCIES:
  dep: (131, 0) -> (132, 0);  time 21 -> 0
13:16384:13:[7168,7172)[7184,7672)[7676,7684)[14848,14852)[15104,15108)[15232,15236)[15296,15300)[15328,15332)[15340,15884)
14:8:2545:[0,8)
15:8:2546:[0,8)
16:8:2547:[0,8)
17:8:2548:[0,8)
18:8:2549:[0,8)
19:8:2550:[0,8)
  dep: (131, 0) -> (133, 0);  time 21 -> 0
13:16384:13:[7424,7428)[7552,7556)[7616,7620)[7648,7652)[7664,7668)[7672,8192)[15872,16384)
14:8:2545:[0,8)
15:8:2546:[0,8)
16:8:2547:[0,8)
17:8:2548:[0,8)
18:8:2549:[0,8)
19:8:2550:[0,8)
 INCOMING DEPENDENCIES:
  dep: (127, 0) -> (131, 0);  time 21 -> 0
13:16384:13:[7168,7172)[7184,8192)[14848,14852)[15104,15108)[15232,15236)[15296,15300)[15328,15332)[15340,16384)
14:8:2459:[0,8)
15:8:2460:[0,8)
16:8:2461:[0,8)
17:8:2462:[0,8)
18:8:2463:[0,8)
19:8:2464:[0,8)
printing dependencies for unit id: (131, 1)
 OUTGOING DEPENDENCIES:
  dep: (131, 1) -> (127, 1);  time 0 -> 0
 INCOMING DEPENDENCIES:
  dep: (132, 0) -> (131, 1);  time 11165 -> 0
  dep: (133, 0) -> (131, 1);  time 11157 -> 0
printing dependencies for unit id: (132, 0)
 OUTGOING DEPENDENCIES:
  dep: (132, 0) -> (131, 1);  time 11165 -> 0
 INCOMING DEPENDENCIES:
  dep: (131, 0) -> (132, 0);  time 21 -> 0
13:16384:13:[7168,7172)[7184,7672)[7676,7684)[14848,14852)[15104,15108)[15232,15236)[15296,15300)[15328,15332)[15340,15884)
14:8:2545:[0,8)
15:8:2546:[0,8)
16:8:2547:[0,8)
17:8:2548:[0,8)
18:8:2549:[0,8)
19:8:2550:[0,8)
printing dependencies for unit id: (133, 0)
 OUTGOING DEPENDENCIES:
  dep: (133, 0) -> (131, 1);  time 11157 -> 0
 INCOMING DEPENDENCIES:
  dep: (131, 0) -> (133, 0);  time 21 -> 0
13:16384:13:[7424,7428)[7552,7556)[7616,7620)[7648,7652)[7664,7668)[7672,8192)[15872,16384)
14:8:2545:[0,8)
15:8:2546:[0,8)
16:8:2547:[0,8)
17:8:2548:[0,8)
18:8:2549:[0,8)
19:8:2550:[0,8)
