[{'dep_offset': 0,
  'name': 'MAIN_TAREADOR',
  'parent_ending_section': None,
  'parent_starting_section': None,
  'potential_children_tasks': [2, 38, 74, 110, 146, 176, 206],
  'starting_section': 1,
  'task_id': 0,
  'task_sections_cnt': 2,
  'usage_offset': 0},
 {'dep_offset': 794,
  'name': 'multisort_0',
  'parent_ending_section': 267,
  'parent_starting_section': 1,
  'potential_children_tasks': [3, 5, 7, 9, 11, 17, 23],
  'starting_section': 2,
  'task_id': 1,
  'task_sections_cnt': 2,
  'usage_offset': 288},
 {'dep_offset': 1743,
  'name': 'multisort_0',
  'parent_ending_section': 36,
  'parent_starting_section': 2,
  'potential_children_tasks': [],
  'starting_section': 3,
  'task_id': 2,
  'task_sections_cnt': 1,
  'usage_offset': 764},
 {'dep_offset': 1979,
  'name': 'multisort_1',
  'parent_ending_section': 36,
  'parent_starting_section': 2,
  'potential_children_tasks': [],
  'starting_section': 5,
  'task_id': 3,
  'task_sections_cnt': 1,
  'usage_offset': 1116},
 {'dep_offset': 2218,
  'name': 'multisort_2',
  'parent_ending_section': 36,
  'parent_starting_section': 2,
  'potential_children_tasks': [],
  'starting_section': 7,
  'task_id': 4,
  'task_sections_cnt': 1,
  'usage_offset': 1490},
 {'dep_offset': 2457,
  'name': 'multisort_3',
  'parent_ending_section': 36,
  'parent_starting_section': 2,
  'potential_children_tasks': [],
  'starting_section': 9,
  'task_id': 5,
  'task_sections_cnt': 1,
  'usage_offset': 1864},
 {'dep_offset': 2696,
  'name': 'merge_0',
  'parent_ending_section': 36,
  'parent_starting_section': 2,
  'potential_children_tasks': [12, 14],
  'starting_section': 11,
  'task_id': 6,
  'task_sections_cnt': 2,
  'usage_offset': 2238},
 {'dep_offset': 3637,
  'name': 'merge_3',
  'parent_ending_section': 15,
  'parent_starting_section': 11,
  'potential_children_tasks': [],
  'starting_section': 12,
  'task_id': 7,
  'task_sections_cnt': 1,
  'usage_offset': 2929},
 {'dep_offset': 3944,
  'name': 'merge_4',
  'parent_ending_section': 15,
  'parent_starting_section': 11,
  'potential_children_tasks': [],
  'starting_section': 14,
  'task_id': 8,
  'task_sections_cnt': 1,
  'usage_offset': 3583},
 {'dep_offset': 4304,
  'name': 'merge_1',
  'parent_ending_section': 36,
  'parent_starting_section': 2,
  'potential_children_tasks': [18, 20],
  'starting_section': 17,
  'task_id': 9,
  'task_sections_cnt': 2,
  'usage_offset': 4343},
 {'dep_offset': 5283,
  'name': 'merge_3',
  'parent_ending_section': 21,
  'parent_starting_section': 17,
  'potential_children_tasks': [],
  'starting_section': 18,
  'task_id': 10,
  'task_sections_cnt': 1,
  'usage_offset': 5046},
 {'dep_offset': 5606,
  'name': 'merge_4',
  'parent_ending_section': 21,
  'parent_starting_section': 17,
  'potential_children_tasks': [],
  'starting_section': 20,
  'task_id': 11,
  'task_sections_cnt': 1,
  'usage_offset': 5728},
 {'dep_offset': 5984,
  'name': 'merge_2',
  'parent_ending_section': 36,
  'parent_starting_section': 2,
  'potential_children_tasks': [24, 30],
  'starting_section': 23,
  'task_id': 12,
  'task_sections_cnt': 2,
  'usage_offset': 6520},
 {'dep_offset': 6941,
  'name': 'merge_3',
  'parent_ending_section': 35,
  'parent_starting_section': 23,
  'potential_children_tasks': [25, 27],
  'starting_section': 24,
  'task_id': 13,
  'task_sections_cnt': 2,
  'usage_offset': 7226},
 {'dep_offset': 7852,
  'name': 'merge_3',
  'parent_ending_section': 28,
  'parent_starting_section': 24,
  'potential_children_tasks': [],
  'starting_section': 25,
  'task_id': 14,
  'task_sections_cnt': 1,
  'usage_offset': 8163},
 {'dep_offset': 8170,
  'name': 'merge_4',
  'parent_ending_section': 28,
  'parent_starting_section': 24,
  'potential_children_tasks': [],
  'starting_section': 27,
  'task_id': 15,
  'task_sections_cnt': 1,
  'usage_offset': 8849},
 {'dep_offset': 8539,
  'name': 'merge_4',
  'parent_ending_section': 35,
  'parent_starting_section': 23,
  'potential_children_tasks': [31, 33],
  'starting_section': 30,
  'task_id': 16,
  'task_sections_cnt': 2,
  'usage_offset': 9637},
 {'dep_offset': 9597,
  'name': 'merge_3',
  'parent_ending_section': 34,
  'parent_starting_section': 30,
  'potential_children_tasks': [],
  'starting_section': 31,
  'task_id': 17,
  'task_sections_cnt': 1,
  'usage_offset': 10574},
 {'dep_offset': 9989,
  'name': 'merge_4',
  'parent_ending_section': 34,
  'parent_starting_section': 30,
  'potential_children_tasks': [],
  'starting_section': 33,
  'task_id': 18,
  'task_sections_cnt': 1,
  'usage_offset': 11408},
 {'dep_offset': 10369,
  'name': 'multisort_1',
  'parent_ending_section': 267,
  'parent_starting_section': 1,
  'potential_children_tasks': [39, 41, 43, 45, 47, 53, 59],
  'starting_section': 38,
  'task_id': 19,
  'task_sections_cnt': 2,
  'usage_offset': 12218},
 {'dep_offset': 11363,
  'name': 'multisort_0',
  'parent_ending_section': 72,
  'parent_starting_section': 38,
  'potential_children_tasks': [],
  'starting_section': 39,
  'task_id': 20,
  'task_sections_cnt': 1,
  'usage_offset': 12715},
 {'dep_offset': 11610,
  'name': 'multisort_1',
  'parent_ending_section': 72,
  'parent_starting_section': 38,
  'potential_children_tasks': [],
  'starting_section': 41,
  'task_id': 21,
  'task_sections_cnt': 1,
  'usage_offset': 13101},
 {'dep_offset': 11857,
  'name': 'multisort_2',
  'parent_ending_section': 72,
  'parent_starting_section': 38,
  'potential_children_tasks': [],
  'starting_section': 43,
  'task_id': 22,
  'task_sections_cnt': 1,
  'usage_offset': 13487},
 {'dep_offset': 12104,
  'name': 'multisort_3',
  'parent_ending_section': 72,
  'parent_starting_section': 38,
  'potential_children_tasks': [],
  'starting_section': 45,
  'task_id': 23,
  'task_sections_cnt': 1,
  'usage_offset': 13873},
 {'dep_offset': 12351,
  'name': 'merge_0',
  'parent_ending_section': 72,
  'parent_starting_section': 38,
  'potential_children_tasks': [48, 50],
  'starting_section': 47,
  'task_id': 24,
  'task_sections_cnt': 2,
  'usage_offset': 14259},
 {'dep_offset': 13346,
  'name': 'merge_3',
  'parent_ending_section': 51,
  'parent_starting_section': 47,
  'potential_children_tasks': [],
  'starting_section': 48,
  'task_id': 25,
  'task_sections_cnt': 1,
  'usage_offset': 14971},
 {'dep_offset': 13671,
  'name': 'merge_4',
  'parent_ending_section': 51,
  'parent_starting_section': 47,
  'potential_children_tasks': [],
  'starting_section': 50,
  'task_id': 26,
  'task_sections_cnt': 1,
  'usage_offset': 15653},
 {'dep_offset': 14051,
  'name': 'merge_1',
  'parent_ending_section': 72,
  'parent_starting_section': 38,
  'potential_children_tasks': [54, 56],
  'starting_section': 53,
  'task_id': 27,
  'task_sections_cnt': 2,
  'usage_offset': 16445},
 {'dep_offset': 15046,
  'name': 'merge_3',
  'parent_ending_section': 57,
  'parent_starting_section': 53,
  'potential_children_tasks': [],
  'starting_section': 54,
  'task_id': 28,
  'task_sections_cnt': 1,
  'usage_offset': 17157},
 {'dep_offset': 15371,
  'name': 'merge_4',
  'parent_ending_section': 57,
  'parent_starting_section': 53,
  'potential_children_tasks': [],
  'starting_section': 56,
  'task_id': 29,
  'task_sections_cnt': 1,
  'usage_offset': 17839},
 {'dep_offset': 15751,
  'name': 'merge_2',
  'parent_ending_section': 72,
  'parent_starting_section': 38,
  'potential_children_tasks': [60, 66],
  'starting_section': 59,
  'task_id': 30,
  'task_sections_cnt': 2,
  'usage_offset': 18631},
 {'dep_offset': 16737,
  'name': 'merge_3',
  'parent_ending_section': 71,
  'parent_starting_section': 59,
  'potential_children_tasks': [61, 63],
  'starting_section': 60,
  'task_id': 31,
  'task_sections_cnt': 2,
  'usage_offset': 19343},
 {'dep_offset': 17672,
  'name': 'merge_3',
  'parent_ending_section': 64,
  'parent_starting_section': 60,
  'potential_children_tasks': [],
  'starting_section': 61,
  'task_id': 32,
  'task_sections_cnt': 1,
  'usage_offset': 20280},
 {'dep_offset': 17997,
  'name': 'merge_4',
  'parent_ending_section': 64,
  'parent_starting_section': 60,
  'potential_children_tasks': [],
  'starting_section': 63,
  'task_id': 33,
  'task_sections_cnt': 1,
  'usage_offset': 20980},
 {'dep_offset': 18377,
  'name': 'merge_4',
  'parent_ending_section': 71,
  'parent_starting_section': 59,
  'potential_children_tasks': [67, 69],
  'starting_section': 66,
  'task_id': 34,
  'task_sections_cnt': 2,
  'usage_offset': 21790},
 {'dep_offset': 19444,
  'name': 'merge_3',
  'parent_ending_section': 70,
  'parent_starting_section': 66,
  'potential_children_tasks': [],
  'starting_section': 67,
  'task_id': 35,
  'task_sections_cnt': 1,
  'usage_offset': 22727},
 {'dep_offset': 19846,
  'name': 'merge_4',
  'parent_ending_section': 70,
  'parent_starting_section': 66,
  'potential_children_tasks': [],
  'starting_section': 69,
  'task_id': 36,
  'task_sections_cnt': 1,
  'usage_offset': 23581},
 {'dep_offset': 20215,
  'name': 'multisort_2',
  'parent_ending_section': 267,
  'parent_starting_section': 1,
  'potential_children_tasks': [75, 77, 79, 81, 83, 89, 95],
  'starting_section': 74,
  'task_id': 37,
  'task_sections_cnt': 2,
  'usage_offset': 24369},
 {'dep_offset': 21211,
  'name': 'multisort_0',
  'parent_ending_section': 108,
  'parent_starting_section': 74,
  'potential_children_tasks': [],
  'starting_section': 75,
  'task_id': 38,
  'task_sections_cnt': 1,
  'usage_offset': 24873},
 {'dep_offset': 21458,
  'name': 'multisort_1',
  'parent_ending_section': 108,
  'parent_starting_section': 74,
  'potential_children_tasks': [],
  'starting_section': 77,
  'task_id': 39,
  'task_sections_cnt': 1,
  'usage_offset': 25261},
 {'dep_offset': 21706,
  'name': 'multisort_2',
  'parent_ending_section': 108,
  'parent_starting_section': 74,
  'potential_children_tasks': [],
  'starting_section': 79,
  'task_id': 40,
  'task_sections_cnt': 1,
  'usage_offset': 25655},
 {'dep_offset': 21955,
  'name': 'multisort_3',
  'parent_ending_section': 108,
  'parent_starting_section': 74,
  'potential_children_tasks': [],
  'starting_section': 81,
  'task_id': 41,
  'task_sections_cnt': 1,
  'usage_offset': 26053},
 {'dep_offset': 22204,
  'name': 'merge_0',
  'parent_ending_section': 108,
  'parent_starting_section': 74,
  'potential_children_tasks': [84, 86],
  'starting_section': 83,
  'task_id': 42,
  'task_sections_cnt': 2,
  'usage_offset': 26451},
 {'dep_offset': 23203,
  'name': 'merge_3',
  'parent_ending_section': 87,
  'parent_starting_section': 83,
  'potential_children_tasks': [],
  'starting_section': 84,
  'task_id': 43,
  'task_sections_cnt': 1,
  'usage_offset': 27169},
 {'dep_offset': 23528,
  'name': 'merge_4',
  'parent_ending_section': 87,
  'parent_starting_section': 83,
  'potential_children_tasks': [],
  'starting_section': 86,
  'task_id': 44,
  'task_sections_cnt': 1,
  'usage_offset': 27855},
 {'dep_offset': 23910,
  'name': 'merge_1',
  'parent_ending_section': 108,
  'parent_starting_section': 74,
  'potential_children_tasks': [90, 92],
  'starting_section': 89,
  'task_id': 45,
  'task_sections_cnt': 2,
  'usage_offset': 28655},
 {'dep_offset': 24920,
  'name': 'merge_3',
  'parent_ending_section': 93,
  'parent_starting_section': 89,
  'potential_children_tasks': [],
  'starting_section': 90,
  'task_id': 46,
  'task_sections_cnt': 1,
  'usage_offset': 29373},
 {'dep_offset': 25251,
  'name': 'merge_4',
  'parent_ending_section': 93,
  'parent_starting_section': 89,
  'potential_children_tasks': [],
  'starting_section': 92,
  'task_id': 47,
  'task_sections_cnt': 1,
  'usage_offset': 30071},
 {'dep_offset': 25634,
  'name': 'merge_2',
  'parent_ending_section': 108,
  'parent_starting_section': 74,
  'potential_children_tasks': [96, 102],
  'starting_section': 95,
  'task_id': 48,
  'task_sections_cnt': 2,
  'usage_offset': 30873},
 {'dep_offset': 26642,
  'name': 'merge_3',
  'parent_ending_section': 107,
  'parent_starting_section': 95,
  'potential_children_tasks': [97, 99],
  'starting_section': 96,
  'task_id': 49,
  'task_sections_cnt': 2,
  'usage_offset': 31594},
 {'dep_offset': 27593,
  'name': 'merge_3',
  'parent_ending_section': 100,
  'parent_starting_section': 96,
  'potential_children_tasks': [],
  'starting_section': 97,
  'task_id': 50,
  'task_sections_cnt': 1,
  'usage_offset': 32540},
 {'dep_offset': 27920,
  'name': 'merge_4',
  'parent_ending_section': 100,
  'parent_starting_section': 96,
  'potential_children_tasks': [],
  'starting_section': 99,
  'task_id': 51,
  'task_sections_cnt': 1,
  'usage_offset': 33248},
 {'dep_offset': 28311,
  'name': 'merge_4',
  'parent_ending_section': 107,
  'parent_starting_section': 95,
  'potential_children_tasks': [103, 105],
  'starting_section': 102,
  'task_id': 52,
  'task_sections_cnt': 2,
  'usage_offset': 34084},
 {'dep_offset': 29420,
  'name': 'merge_3',
  'parent_ending_section': 106,
  'parent_starting_section': 102,
  'potential_children_tasks': [],
  'starting_section': 103,
  'task_id': 53,
  'task_sections_cnt': 1,
  'usage_offset': 35032},
 {'dep_offset': 29825,
  'name': 'merge_4',
  'parent_ending_section': 106,
  'parent_starting_section': 102,
  'potential_children_tasks': [],
  'starting_section': 105,
  'task_id': 54,
  'task_sections_cnt': 1,
  'usage_offset': 35900},
 {'dep_offset': 30218,
  'name': 'multisort_3',
  'parent_ending_section': 267,
  'parent_starting_section': 1,
  'potential_children_tasks': [111, 113, 115, 117, 119, 125, 131],
  'starting_section': 110,
  'task_id': 55,
  'task_sections_cnt': 2,
  'usage_offset': 36744},
 {'dep_offset': 31216,
  'name': 'multisort_0',
  'parent_ending_section': 144,
  'parent_starting_section': 110,
  'potential_children_tasks': [],
  'starting_section': 111,
  'task_id': 56,
  'task_sections_cnt': 1,
  'usage_offset': 37252},
 {'dep_offset': 31465,
  'name': 'multisort_1',
  'parent_ending_section': 144,
  'parent_starting_section': 110,
  'potential_children_tasks': [],
  'starting_section': 113,
  'task_id': 57,
  'task_sections_cnt': 1,
  'usage_offset': 37654},
 {'dep_offset': 31714,
  'name': 'multisort_2',
  'parent_ending_section': 144,
  'parent_starting_section': 110,
  'potential_children_tasks': [],
  'starting_section': 115,
  'task_id': 58,
  'task_sections_cnt': 1,
  'usage_offset': 38056},
 {'dep_offset': 31963,
  'name': 'multisort_3',
  'parent_ending_section': 144,
  'parent_starting_section': 110,
  'potential_children_tasks': [],
  'starting_section': 117,
  'task_id': 59,
  'task_sections_cnt': 1,
  'usage_offset': 38458},
 {'dep_offset': 32212,
  'name': 'merge_0',
  'parent_ending_section': 144,
  'parent_starting_section': 110,
  'potential_children_tasks': [120, 122],
  'starting_section': 119,
  'task_id': 60,
  'task_sections_cnt': 2,
  'usage_offset': 38860},
 {'dep_offset': 33247,
  'name': 'merge_3',
  'parent_ending_section': 123,
  'parent_starting_section': 119,
  'potential_children_tasks': [],
  'starting_section': 120,
  'task_id': 61,
  'task_sections_cnt': 1,
  'usage_offset': 39595},
 {'dep_offset': 33584,
  'name': 'merge_4',
  'parent_ending_section': 123,
  'parent_starting_section': 119,
  'potential_children_tasks': [],
  'starting_section': 122,
  'task_id': 62,
  'task_sections_cnt': 1,
  'usage_offset': 40309},
 {'dep_offset': 33986,
  'name': 'merge_1',
  'parent_ending_section': 144,
  'parent_starting_section': 110,
  'potential_children_tasks': [126, 128],
  'starting_section': 125,
  'task_id': 63,
  'task_sections_cnt': 2,
  'usage_offset': 41153},
 {'dep_offset': 35021,
  'name': 'merge_3',
  'parent_ending_section': 129,
  'parent_starting_section': 125,
  'potential_children_tasks': [],
  'starting_section': 126,
  'task_id': 64,
  'task_sections_cnt': 1,
  'usage_offset': 41888},
 {'dep_offset': 35358,
  'name': 'merge_4',
  'parent_ending_section': 129,
  'parent_starting_section': 125,
  'potential_children_tasks': [],
  'starting_section': 128,
  'task_id': 65,
  'task_sections_cnt': 1,
  'usage_offset': 42602},
 {'dep_offset': 35760,
  'name': 'merge_2',
  'parent_ending_section': 144,
  'parent_starting_section': 110,
  'potential_children_tasks': [132, 138],
  'starting_section': 131,
  'task_id': 66,
  'task_sections_cnt': 2,
  'usage_offset': 43446},
 {'dep_offset': 36788,
  'name': 'merge_3',
  'parent_ending_section': 143,
  'parent_starting_section': 131,
  'potential_children_tasks': [133, 135],
  'starting_section': 132,
  'task_id': 67,
  'task_sections_cnt': 2,
  'usage_offset': 44181},
 {'dep_offset': 37769,
  'name': 'merge_3',
  'parent_ending_section': 136,
  'parent_starting_section': 132,
  'potential_children_tasks': [],
  'starting_section': 133,
  'task_id': 68,
  'task_sections_cnt': 1,
  'usage_offset': 45153},
 {'dep_offset': 38106,
  'name': 'merge_4',
  'parent_ending_section': 136,
  'parent_starting_section': 132,
  'potential_children_tasks': [],
  'starting_section': 135,
  'task_id': 69,
  'task_sections_cnt': 1,
  'usage_offset': 45885},
 {'dep_offset': 38508,
  'name': 'merge_4',
  'parent_ending_section': 143,
  'parent_starting_section': 131,
  'potential_children_tasks': [139, 141],
  'starting_section': 138,
  'task_id': 70,
  'task_sections_cnt': 2,
  'usage_offset': 46747},
 {'dep_offset': 39645,
  'name': 'merge_3',
  'parent_ending_section': 142,
  'parent_starting_section': 138,
  'potential_children_tasks': [],
  'starting_section': 139,
  'task_id': 71,
  'task_sections_cnt': 1,
  'usage_offset': 47719},
 {'dep_offset': 40060,
  'name': 'merge_4',
  'parent_ending_section': 142,
  'parent_starting_section': 138,
  'potential_children_tasks': [],
  'starting_section': 141,
  'task_id': 72,
  'task_sections_cnt': 1,
  'usage_offset': 48607},
 {'dep_offset': 40462,
  'name': 'merge_0',
  'parent_ending_section': 267,
  'parent_starting_section': 1,
  'potential_children_tasks': [147, 161],
  'starting_section': 146,
  'task_id': 73,
  'task_sections_cnt': 2,
  'usage_offset': 49469},
 {'dep_offset': 41466,
  'name': 'merge_3',
  'parent_ending_section': 174,
  'parent_starting_section': 146,
  'potential_children_tasks': [148, 154],
  'starting_section': 147,
  'task_id': 74,
  'task_sections_cnt': 2,
  'usage_offset': 50177},
 {'dep_offset': 42432,
  'name': 'merge_3',
  'parent_ending_section': 159,
  'parent_starting_section': 147,
  'potential_children_tasks': [149, 151],
  'starting_section': 148,
  'task_id': 75,
  'task_sections_cnt': 2,
  'usage_offset': 51122},
 {'dep_offset': 43369,
  'name': 'merge_3',
  'parent_ending_section': 152,
  'parent_starting_section': 148,
  'potential_children_tasks': [],
  'starting_section': 149,
  'task_id': 76,
  'task_sections_cnt': 1,
  'usage_offset': 52094},
 {'dep_offset': 43693,
  'name': 'merge_4',
  'parent_ending_section': 152,
  'parent_starting_section': 148,
  'potential_children_tasks': [],
  'starting_section': 151,
  'task_id': 77,
  'task_sections_cnt': 1,
  'usage_offset': 52800},
 {'dep_offset': 44076,
  'name': 'merge_4',
  'parent_ending_section': 159,
  'parent_starting_section': 147,
  'potential_children_tasks': [155, 157],
  'starting_section': 154,
  'task_id': 78,
  'task_sections_cnt': 2,
  'usage_offset': 53624},
 {'dep_offset': 45205,
  'name': 'merge_3',
  'parent_ending_section': 158,
  'parent_starting_section': 154,
  'potential_children_tasks': [],
  'starting_section': 155,
  'task_id': 79,
  'task_sections_cnt': 1,
  'usage_offset': 54596},
 {'dep_offset': 45602,
  'name': 'merge_4',
  'parent_ending_section': 158,
  'parent_starting_section': 154,
  'potential_children_tasks': [],
  'starting_section': 157,
  'task_id': 80,
  'task_sections_cnt': 1,
  'usage_offset': 55448},
 {'dep_offset': 46021,
  'name': 'merge_4',
  'parent_ending_section': 174,
  'parent_starting_section': 146,
  'potential_children_tasks': [162, 168],
  'starting_section': 161,
  'task_id': 81,
  'task_sections_cnt': 2,
  'usage_offset': 56344},
 {'dep_offset': 47076,
  'name': 'merge_3',
  'parent_ending_section': 173,
  'parent_starting_section': 161,
  'potential_children_tasks': [163, 165],
  'starting_section': 162,
  'task_id': 82,
  'task_sections_cnt': 2,
  'usage_offset': 57289},
 {'dep_offset': 48227,
  'name': 'merge_3',
  'parent_ending_section': 166,
  'parent_starting_section': 162,
  'potential_children_tasks': [],
  'starting_section': 163,
  'task_id': 83,
  'task_sections_cnt': 1,
  'usage_offset': 58261},
 {'dep_offset': 48646,
  'name': 'merge_4',
  'parent_ending_section': 166,
  'parent_starting_section': 162,
  'potential_children_tasks': [],
  'starting_section': 165,
  'task_id': 84,
  'task_sections_cnt': 1,
  'usage_offset': 59157},
 {'dep_offset': 49054,
  'name': 'merge_4',
  'parent_ending_section': 173,
  'parent_starting_section': 161,
  'potential_children_tasks': [169, 171],
  'starting_section': 168,
  'task_id': 85,
  'task_sections_cnt': 2,
  'usage_offset': 60031},
 {'dep_offset': 50007,
  'name': 'merge_3',
  'parent_ending_section': 172,
  'parent_starting_section': 168,
  'potential_children_tasks': [],
  'starting_section': 169,
  'task_id': 86,
  'task_sections_cnt': 1,
  'usage_offset': 61003},
 {'dep_offset': 50338,
  'name': 'merge_4',
  'parent_ending_section': 172,
  'parent_starting_section': 168,
  'potential_children_tasks': [],
  'starting_section': 171,
  'task_id': 87,
  'task_sections_cnt': 1,
  'usage_offset': 61723},
 {'dep_offset': 50724,
  'name': 'merge_1',
  'parent_ending_section': 267,
  'parent_starting_section': 1,
  'potential_children_tasks': [177, 191],
  'starting_section': 176,
  'task_id': 88,
  'task_sections_cnt': 2,
  'usage_offset': 62553},
 {'dep_offset': 51778,
  'name': 'merge_3',
  'parent_ending_section': 204,
  'parent_starting_section': 176,
  'potential_children_tasks': [178, 184],
  'starting_section': 177,
  'task_id': 89,
  'task_sections_cnt': 2,
  'usage_offset': 63261},
 {'dep_offset': 52776,
  'name': 'merge_3',
  'parent_ending_section': 189,
  'parent_starting_section': 177,
  'potential_children_tasks': [179, 181],
  'starting_section': 178,
  'task_id': 90,
  'task_sections_cnt': 2,
  'usage_offset': 64206},
 {'dep_offset': 53741,
  'name': 'merge_3',
  'parent_ending_section': 182,
  'parent_starting_section': 178,
  'potential_children_tasks': [],
  'starting_section': 179,
  'task_id': 91,
  'task_sections_cnt': 1,
  'usage_offset': 65178},
 {'dep_offset': 54074,
  'name': 'merge_4',
  'parent_ending_section': 182,
  'parent_starting_section': 178,
  'potential_children_tasks': [],
  'starting_section': 181,
  'task_id': 92,
  'task_sections_cnt': 1,
  'usage_offset': 65902},
 {'dep_offset': 54467,
  'name': 'merge_4',
  'parent_ending_section': 189,
  'parent_starting_section': 177,
  'potential_children_tasks': [185, 187],
  'starting_section': 184,
  'task_id': 93,
  'task_sections_cnt': 2,
  'usage_offset': 66746},
 {'dep_offset': 55615,
  'name': 'merge_3',
  'parent_ending_section': 188,
  'parent_starting_section': 184,
  'potential_children_tasks': [],
  'starting_section': 185,
  'task_id': 94,
  'task_sections_cnt': 1,
  'usage_offset': 67718},
 {'dep_offset': 56020,
  'name': 'merge_4',
  'parent_ending_section': 188,
  'parent_starting_section': 184,
  'potential_children_tasks': [],
  'starting_section': 187,
  'task_id': 95,
  'task_sections_cnt': 1,
  'usage_offset': 68586},
 {'dep_offset': 56439,
  'name': 'merge_4',
  'parent_ending_section': 204,
  'parent_starting_section': 176,
  'potential_children_tasks': [192, 198],
  'starting_section': 191,
  'task_id': 96,
  'task_sections_cnt': 2,
  'usage_offset': 69482},
 {'dep_offset': 57636,
  'name': 'merge_3',
  'parent_ending_section': 203,
  'parent_starting_section': 191,
  'potential_children_tasks': [193, 195],
  'starting_section': 192,
  'task_id': 97,
  'task_sections_cnt': 2,
  'usage_offset': 70427},
 {'dep_offset': 58878,
  'name': 'merge_3',
  'parent_ending_section': 196,
  'parent_starting_section': 192,
  'potential_children_tasks': [],
  'starting_section': 193,
  'task_id': 98,
  'task_sections_cnt': 1,
  'usage_offset': 71399},
 {'dep_offset': 59326,
  'name': 'merge_4',
  'parent_ending_section': 196,
  'parent_starting_section': 192,
  'potential_children_tasks': [],
  'starting_section': 195,
  'task_id': 99,
  'task_sections_cnt': 1,
  'usage_offset': 72353},
 {'dep_offset': 59767,
  'name': 'merge_4',
  'parent_ending_section': 203,
  'parent_starting_section': 191,
  'potential_children_tasks': [199, 201],
  'starting_section': 198,
  'task_id': 100,
  'task_sections_cnt': 2,
  'usage_offset': 73293},
 {'dep_offset': 60916,
  'name': 'merge_3',
  'parent_ending_section': 202,
  'parent_starting_section': 198,
  'potential_children_tasks': [],
  'starting_section': 199,
  'task_id': 101,
  'task_sections_cnt': 1,
  'usage_offset': 74268},
 {'dep_offset': 61336,
  'name': 'merge_4',
  'parent_ending_section': 202,
  'parent_starting_section': 198,
  'potential_children_tasks': [],
  'starting_section': 201,
  'task_id': 102,
  'task_sections_cnt': 1,
  'usage_offset': 75158},
 {'dep_offset': 61743,
  'name': 'merge_2',
  'parent_ending_section': 267,
  'parent_starting_section': 1,
  'potential_children_tasks': [207, 237],
  'starting_section': 206,
  'task_id': 103,
  'task_sections_cnt': 2,
  'usage_offset': 76022},
 {'dep_offset': 62745,
  'name': 'merge_3',
  'parent_ending_section': 266,
  'parent_starting_section': 206,
  'potential_children_tasks': [208, 222],
  'starting_section': 207,
  'task_id': 104,
  'task_sections_cnt': 2,
  'usage_offset': 76733},
 {'dep_offset': 63766,
  'name': 'merge_3',
  'parent_ending_section': 235,
  'parent_starting_section': 207,
  'potential_children_tasks': [209, 215],
  'starting_section': 208,
  'task_id': 105,
  'task_sections_cnt': 2,
  'usage_offset': 77681},
 {'dep_offset': 64676,
  'name': 'merge_3',
  'parent_ending_section': 220,
  'parent_starting_section': 208,
  'potential_children_tasks': [210, 212],
  'starting_section': 209,
  'task_id': 106,
  'task_sections_cnt': 2,
  'usage_offset': 78656},
 {'dep_offset': 65553,
  'name': 'merge_3',
  'parent_ending_section': 213,
  'parent_starting_section': 209,
  'potential_children_tasks': [],
  'starting_section': 210,
  'task_id': 107,
  'task_sections_cnt': 1,
  'usage_offset': 79658},
 {'dep_offset': 65861,
  'name': 'merge_4',
  'parent_ending_section': 213,
  'parent_starting_section': 209,
  'potential_children_tasks': [],
  'starting_section': 212,
  'task_id': 108,
  'task_sections_cnt': 1,
  'usage_offset': 80384},
 {'dep_offset': 66217,
  'name': 'merge_4',
  'parent_ending_section': 220,
  'parent_starting_section': 208,
  'potential_children_tasks': [216, 218],
  'starting_section': 215,
  'task_id': 109,
  'task_sections_cnt': 2,
  'usage_offset': 81212},
 {'dep_offset': 67272,
  'name': 'merge_3',
  'parent_ending_section': 219,
  'parent_starting_section': 215,
  'potential_children_tasks': [],
  'starting_section': 216,
  'task_id': 110,
  'task_sections_cnt': 1,
  'usage_offset': 82214},
 {'dep_offset': 67640,
  'name': 'merge_4',
  'parent_ending_section': 219,
  'parent_starting_section': 215,
  'potential_children_tasks': [],
  'starting_section': 218,
  'task_id': 111,
  'task_sections_cnt': 1,
  'usage_offset': 83066},
 {'dep_offset': 68041,
  'name': 'merge_4',
  'parent_ending_section': 235,
  'parent_starting_section': 207,
  'potential_children_tasks': [223, 229],
  'starting_section': 222,
  'task_id': 112,
  'task_sections_cnt': 2,
  'usage_offset': 83984},
 {'dep_offset': 69295,
  'name': 'merge_3',
  'parent_ending_section': 234,
  'parent_starting_section': 222,
  'potential_children_tasks': [224, 226],
  'starting_section': 223,
  'task_id': 113,
  'task_sections_cnt': 2,
  'usage_offset': 84959},
 {'dep_offset': 70465,
  'name': 'merge_3',
  'parent_ending_section': 227,
  'parent_starting_section': 223,
  'potential_children_tasks': [],
  'starting_section': 224,
  'task_id': 114,
  'task_sections_cnt': 1,
  'usage_offset': 85961},
 {'dep_offset': 70871,
  'name': 'merge_4',
  'parent_ending_section': 227,
  'parent_starting_section': 223,
  'potential_children_tasks': [],
  'starting_section': 226,
  'task_id': 115,
  'task_sections_cnt': 1,
  'usage_offset': 86889},
 {'dep_offset': 71288,
  'name': 'merge_4',
  'parent_ending_section': 234,
  'parent_starting_section': 222,
  'potential_children_tasks': [230, 232],
  'starting_section': 229,
  'task_id': 116,
  'task_sections_cnt': 2,
  'usage_offset': 87839},
 {'dep_offset': 72505,
  'name': 'merge_3',
  'parent_ending_section': 233,
  'parent_starting_section': 229,
  'potential_children_tasks': [],
  'starting_section': 230,
  'task_id': 117,
  'task_sections_cnt': 1,
  'usage_offset': 88841},
 {'dep_offset': 72939,
  'name': 'merge_4',
  'parent_ending_section': 233,
  'parent_starting_section': 229,
  'potential_children_tasks': [],
  'starting_section': 232,
  'task_id': 118,
  'task_sections_cnt': 1,
  'usage_offset': 89825},
 {'dep_offset': 73362,
  'name': 'merge_4',
  'parent_ending_section': 266,
  'parent_starting_section': 206,
  'potential_children_tasks': [238, 252],
  'starting_section': 237,
  'task_id': 119,
  'task_sections_cnt': 2,
  'usage_offset': 90787},
 {'dep_offset': 74511,
  'name': 'merge_3',
  'parent_ending_section': 265,
  'parent_starting_section': 237,
  'potential_children_tasks': [239, 245],
  'starting_section': 238,
  'task_id': 120,
  'task_sections_cnt': 2,
  'usage_offset': 91735},
 {'dep_offset': 75774,
  'name': 'merge_3',
  'parent_ending_section': 250,
  'parent_starting_section': 238,
  'potential_children_tasks': [240, 242],
  'starting_section': 239,
  'task_id': 121,
  'task_sections_cnt': 2,
  'usage_offset': 92710},
 {'dep_offset': 76975,
  'name': 'merge_3',
  'parent_ending_section': 243,
  'parent_starting_section': 239,
  'potential_children_tasks': [],
  'starting_section': 240,
  'task_id': 122,
  'task_sections_cnt': 1,
  'usage_offset': 93712},
 {'dep_offset': 77387,
  'name': 'merge_4',
  'parent_ending_section': 243,
  'parent_starting_section': 239,
  'potential_children_tasks': [],
  'starting_section': 242,
  'task_id': 123,
  'task_sections_cnt': 1,
  'usage_offset': 94652},
 {'dep_offset': 77823,
  'name': 'merge_4',
  'parent_ending_section': 250,
  'parent_starting_section': 238,
  'potential_children_tasks': [246, 248],
  'starting_section': 245,
  'task_id': 124,
  'task_sections_cnt': 2,
  'usage_offset': 95642},
 {'dep_offset': 79053,
  'name': 'merge_3',
  'parent_ending_section': 249,
  'parent_starting_section': 245,
  'potential_children_tasks': [],
  'starting_section': 246,
  'task_id': 125,
  'task_sections_cnt': 1,
  'usage_offset': 96644},
 {'dep_offset': 79487,
  'name': 'merge_4',
  'parent_ending_section': 249,
  'parent_starting_section': 245,
  'potential_children_tasks': [],
  'starting_section': 248,
  'task_id': 126,
  'task_sections_cnt': 1,
  'usage_offset': 97632},
 {'dep_offset': 79921,
  'name': 'merge_4',
  'parent_ending_section': 265,
  'parent_starting_section': 237,
  'potential_children_tasks': [253, 259],
  'starting_section': 252,
  'task_id': 127,
  'task_sections_cnt': 2,
  'usage_offset': 98620},
 {'dep_offset': 80972,
  'name': 'merge_3',
  'parent_ending_section': 264,
  'parent_starting_section': 252,
  'potential_children_tasks': [254, 256],
  'starting_section': 253,
  'task_id': 128,
  'task_sections_cnt': 2,
  'usage_offset': 99595},
 {'dep_offset': 82053,
  'name': 'merge_3',
  'parent_ending_section': 257,
  'parent_starting_section': 253,
  'potential_children_tasks': [],
  'starting_section': 254,
  'task_id': 129,
  'task_sections_cnt': 1,
  'usage_offset': 100597},
 {'dep_offset': 82441,
  'name': 'merge_4',
  'parent_ending_section': 257,
  'parent_starting_section': 253,
  'potential_children_tasks': [],
  'starting_section': 256,
  'task_id': 130,
  'task_sections_cnt': 1,
  'usage_offset': 101493},
 {'dep_offset': 82842,
  'name': 'merge_4',
  'parent_ending_section': 264,
  'parent_starting_section': 252,
  'potential_children_tasks': [260, 262],
  'starting_section': 259,
  'task_id': 131,
  'task_sections_cnt': 2,
  'usage_offset': 102415},
 {'dep_offset': 83906,
  'name': 'merge_3',
  'parent_ending_section': 263,
  'parent_starting_section': 259,
  'potential_children_tasks': [],
  'starting_section': 260,
  'task_id': 132,
  'task_sections_cnt': 1,
  'usage_offset': 103417},
 {'dep_offset': 84307,
  'name': 'merge_4',
  'parent_ending_section': 263,
  'parent_starting_section': 259,
  'potential_children_tasks': [],
  'starting_section': 262,
  'task_id': 133,
  'task_sections_cnt': 1,
  'usage_offset': 104339}]
