->;section;tareador_instrumented_section;;;;0
nw;0;[0x6544a0,+8);global;MIN_MERGE_SIZE;multisort-tareador.c;10;-|
nw;1;[0x654490,+8);global;MIN_SORT_SIZE;multisort-tareador.c;9;-|
nw;2;[0x654498,+8);global;N;multisort-tareador.c;8;-|
nw;3;[0x7fff48d23724,+21);stack;argv[0];-|
nw;4;[0x7fff48d23739,+3);stack;argv[1];-|
nw;5;[0x7fff48d2373c,+2);stack;argv[2];-|
nw;6;[0x7fff48d2373e,+2);stack;argv[3];-|
nw;7;[0x7fff48d22b1c,+4);stack;unknown_name;-|
nw;8;[0x7fff48d22b18,+4);stack;argc;-|
nw;9;[0x7fff48d22b10,+8);stack;argv;-|
nw;10;[0x7fff48d22b08,+8);stack;data;-|
nw;11;[0x7fff48d22b00,+8);stack;tmp;-|
nw;12;[0x947200,+16384);heap;uncast(*(data));;main;/scratch/nas/1/par2312/labs/lab4/multisort-tareador.c;114;-|
nw;13;[0x94b210,+16384);heap;uncast(*(tmp));;main;/scratch/nas/1/par2312/labs/lab4/multisort-tareador.c;115;-|
  ->;section;Tareador_Main;;;;0
  nw;20;[0x7fff48d22a88,+8);stack;n;-|
  nw;21;[0x7fff48d22a80,+8);stack;data;-|
  nw;22;[0x7fff48d22a78,+8);stack;tmp;-|
  us;1;loads;[0,8);stores;
  us;2;loads;[0,8);stores;
  us;10;loads;[0,8);stores;
  us;11;loads;[0,8);stores;
  us;20;loads;;stores;[0,8)
  us;21;loads;;stores;[0,8)
  us;22;loads;;stores;[0,8)
    ->;section;multisort_0;;;;13
    nw;23;[0x7fff48d22898,+8);stack;n;-|
    nw;24;[0x7fff48d22890,+8);stack;data;-|
    nw;25;[0x7fff48d22888,+8);stack;tmp;-|
    us;1;loads;[0,8);stores;
    us;20;loads;[0,8);stores;
    us;21;loads;[0,8);stores;
    us;22;loads;[0,8);stores;
    us;23;loads;;stores;[0,8)
    us;24;loads;;stores;[0,8)
    us;25;loads;;stores;[0,8)
      ->;section;multisort_0;;;;26
      us;1;loads;[0,8);stores;
      us;12;loads;[0,1024);stores;[0,1024)
      us;23;loads;[0,8);stores;
      us;24;loads;[0,8);stores;
      us;25;loads;[0,8);stores;
      <-;section;multisort_0;;;;1217146
      ->;section;multisort_1;;;;1217146
      us;1;loads;[0,8);stores;
      us;12;loads;[1024,2048);stores;[1024,2048)
      us;23;loads;[0,8);stores;
      us;24;loads;[0,8);stores;
      us;25;loads;[0,8);stores;
      <-;section;multisort_1;;;;2453995
      ->;section;multisort_2;;;;2453995
      us;1;loads;[0,8);stores;
      us;12;loads;[2048,3072);stores;[2048,3072)
      us;23;loads;[0,8);stores;
      us;24;loads;[0,8);stores;
      us;25;loads;[0,8);stores;
      <-;section;multisort_2;;;;3685194
      ->;section;multisort_3;;;;3685194
      us;1;loads;[0,8);stores;
      us;12;loads;[3072,4096);stores;[3072,4096)
      us;23;loads;[0,8);stores;
      us;24;loads;[0,8);stores;
      us;25;loads;[0,8);stores;
      <-;section;multisort_3;;;;4926095
      ->;section;merge_0;;;;4926095
      nw;66;[0x7fff48d226a8,+8);stack;n;-|
      nw;67;[0x7fff48d226a0,+8);stack;left;-|
      nw;68;[0x7fff48d22698,+8);stack;right;-|
      nw;69;[0x7fff48d22690,+8);stack;result;-|
      nw;70;[0x7fff48d22688,+8);stack;start;-|
      nw;71;[0x7fff48d22680,+8);stack;length;-|
      us;0;loads;[0,8);stores;
      us;23;loads;[0,8);stores;
      us;24;loads;[0,8);stores;
      us;25;loads;[0,8);stores;
      us;66;loads;;stores;[0,8)
      us;67;loads;;stores;[0,8)
      us;68;loads;;stores;[0,8)
      us;69;loads;;stores;[0,8)
      us;70;loads;;stores;[0,8)
      us;71;loads;;stores;[0,8)
        ->;section;merge_3;;;;4926116
        us;0;loads;[0,8);stores;
        us;12;loads;[0,504)[1024,1548);stores;
        us;13;loads;;stores;[0,1024)
        us;66;loads;[0,8);stores;
        us;67;loads;[0,8);stores;
        us;68;loads;[0,8);stores;
        us;69;loads;[0,8);stores;
        us;70;loads;[0,8);stores;
        us;71;loads;[0,8);stores;
        <-;section;merge_3;;;;4936448
        ->;section;merge_4;;;;4936448
        us;0;loads;[0,8);stores;
        us;12;loads;[256,260)[384,388)[448,452)[480,484)[496,1024)[1536,1540)[1544,2048);stores;
        us;13;loads;;stores;[1024,2048)
        us;66;loads;[0,8);stores;
        us;67;loads;[0,8);stores;
        us;68;loads;[0,8);stores;
        us;69;loads;[0,8);stores;
        us;70;loads;[0,8);stores;
        us;71;loads;[0,8);stores;
        <-;section;merge_4;;;;4947709
      dl;66;[0x7fff48d226a8,+8);stack;n;-|
      dl;67;[0x7fff48d226a0,+8);stack;left;-|
      dl;68;[0x7fff48d22698,+8);stack;right;-|
      dl;69;[0x7fff48d22690,+8);stack;result;-|
      dl;70;[0x7fff48d22688,+8);stack;start;-|
      dl;71;[0x7fff48d22680,+8);stack;length;-|
      <-;section;merge_0;;;;4947724
      ->;section;merge_1;;;;4947724
      nw;130;[0x7fff48d226a8,+8);stack;n;-|
      nw;131;[0x7fff48d226a0,+8);stack;left;-|
      nw;132;[0x7fff48d22698,+8);stack;right;-|
      nw;133;[0x7fff48d22690,+8);stack;result;-|
      nw;134;[0x7fff48d22688,+8);stack;start;-|
      nw;135;[0x7fff48d22680,+8);stack;length;-|
      us;0;loads;[0,8);stores;
      us;23;loads;[0,8);stores;
      us;24;loads;[0,8);stores;
      us;25;loads;[0,8);stores;
      us;130;loads;;stores;[0,8)
      us;131;loads;;stores;[0,8)
      us;132;loads;;stores;[0,8)
      us;133;loads;;stores;[0,8)
      us;134;loads;;stores;[0,8)
      us;135;loads;;stores;[0,8)
        ->;section;merge_3;;;;4947745
        us;0;loads;[0,8);stores;
        us;12;loads;[2048,2580)[3072,3568);stores;
        us;13;loads;;stores;[2048,3072)
        us;130;loads;[0,8);stores;
        us;131;loads;[0,8);stores;
        us;132;loads;[0,8);stores;
        us;133;loads;[0,8);stores;
        us;134;loads;[0,8);stores;
        us;135;loads;[0,8);stores;
        <-;section;merge_3;;;;4958077
        ->;section;merge_4;;;;4958077
        us;0;loads;[0,8);stores;
        us;12;loads;[2560,2564)[2576,3072)[3328,3332)[3456,3460)[3520,3524)[3552,3556)[3560,4096);stores;
        us;13;loads;;stores;[3072,4096)
        us;130;loads;[0,8);stores;
        us;131;loads;[0,8);stores;
        us;132;loads;[0,8);stores;
        us;133;loads;[0,8);stores;
        us;134;loads;[0,8);stores;
        us;135;loads;[0,8);stores;
        <-;section;merge_4;;;;4969370
      dl;130;[0x7fff48d226a8,+8);stack;n;-|
      dl;131;[0x7fff48d226a0,+8);stack;left;-|
      dl;132;[0x7fff48d22698,+8);stack;right;-|
      dl;133;[0x7fff48d22690,+8);stack;result;-|
      dl;134;[0x7fff48d22688,+8);stack;start;-|
      dl;135;[0x7fff48d22680,+8);stack;length;-|
      <-;section;merge_1;;;;4969390
      ->;section;merge_2;;;;4969390
      nw;194;[0x7fff48d226a8,+8);stack;n;-|
      nw;195;[0x7fff48d226a0,+8);stack;left;-|
      nw;196;[0x7fff48d22698,+8);stack;right;-|
      nw;197;[0x7fff48d22690,+8);stack;result;-|
      nw;198;[0x7fff48d22688,+8);stack;start;-|
      nw;199;[0x7fff48d22680,+8);stack;length;-|
      us;0;loads;[0,8);stores;
      us;23;loads;[0,8);stores;
      us;24;loads;[0,8);stores;
      us;25;loads;[0,8);stores;
      us;194;loads;;stores;[0,8)
      us;195;loads;;stores;[0,8)
      us;196;loads;;stores;[0,8)
      us;197;loads;;stores;[0,8)
      us;198;loads;;stores;[0,8)
      us;199;loads;;stores;[0,8)
        ->;section;merge_3;;;;4969411
        nw;200;[0x7fff48d22588,+8);stack;n;-|
        nw;201;[0x7fff48d22580,+8);stack;left;-|
        nw;202;[0x7fff48d22578,+8);stack;right;-|
        nw;203;[0x7fff48d22570,+8);stack;result;-|
        nw;204;[0x7fff48d22568,+8);stack;start;-|
        nw;205;[0x7fff48d22560,+8);stack;length;-|
        us;0;loads;[0,8);stores;
        us;194;loads;[0,8);stores;
        us;195;loads;[0,8);stores;
        us;196;loads;[0,8);stores;
        us;197;loads;[0,8);stores;
        us;198;loads;[0,8);stores;
        us;199;loads;[0,8);stores;
        us;200;loads;;stores;[0,8)
        us;201;loads;;stores;[0,8)
        us;202;loads;;stores;[0,8)
        us;203;loads;;stores;[0,8)
        us;204;loads;;stores;[0,8)
        us;205;loads;;stores;[0,8)
          ->;section;merge_3;;;;4969432
          us;0;loads;[0,8);stores;
          us;12;loads;;stores;[0,1024)
          us;13;loads;[0,512)[2048,2564);stores;
          us;200;loads;[0,8);stores;
          us;201;loads;[0,8);stores;
          us;202;loads;[0,8);stores;
          us;203;loads;[0,8);stores;
          us;204;loads;[0,8);stores;
          us;205;loads;[0,8);stores;
          <-;section;merge_3;;;;4979764
          ->;section;merge_4;;;;4979764
          us;0;loads;[0,8);stores;
          us;12;loads;;stores;[1024,2048)
          us;13;loads;[256,260)[384,388)[448,452)[480,484)[496,500)[504,1004)[2560,3096);stores;
          us;200;loads;[0,8);stores;
          us;201;loads;[0,8);stores;
          us;202;loads;[0,8);stores;
          us;203;loads;[0,8);stores;
          us;204;loads;[0,8);stores;
          us;205;loads;[0,8);stores;
          <-;section;merge_4;;;;4991058
        dl;200;[0x7fff48d22588,+8);stack;n;-|
        dl;201;[0x7fff48d22580,+8);stack;left;-|
        dl;202;[0x7fff48d22578,+8);stack;right;-|
        dl;203;[0x7fff48d22570,+8);stack;result;-|
        dl;204;[0x7fff48d22568,+8);stack;start;-|
        dl;205;[0x7fff48d22560,+8);stack;length;-|
        <-;section;merge_3;;;;4991068
        ->;section;merge_4;;;;4991068
        nw;264;[0x7fff48d22588,+8);stack;n;-|
        nw;265;[0x7fff48d22580,+8);stack;left;-|
        nw;266;[0x7fff48d22578,+8);stack;right;-|
        nw;267;[0x7fff48d22570,+8);stack;result;-|
        nw;268;[0x7fff48d22568,+8);stack;start;-|
        nw;269;[0x7fff48d22560,+8);stack;length;-|
        us;0;loads;[0,8);stores;
        us;194;loads;[0,8);stores;
        us;195;loads;[0,8);stores;
        us;196;loads;[0,8);stores;
        us;197;loads;[0,8);stores;
        us;198;loads;[0,8);stores;
        us;199;loads;[0,8);stores;
        us;264;loads;;stores;[0,8)
        us;265;loads;;stores;[0,8)
        us;266;loads;;stores;[0,8)
        us;267;loads;;stores;[0,8)
        us;268;loads;;stores;[0,8)
        us;269;loads;;stores;[0,8)
          ->;section;merge_3;;;;4991089
          us;0;loads;[0,8);stores;
          us;12;loads;;stores;[2048,3072)
          us;13;loads;[512,516)[768,772)[896,900)[960,964)[992,996)[1000,1548)[3072,3076)[3088,3576)[3580,3588);stores;
          us;264;loads;[0,8);stores;
          us;265;loads;[0,8);stores;
          us;266;loads;[0,8);stores;
          us;267;loads;[0,8);stores;
          us;268;loads;[0,8);stores;
          us;269;loads;[0,8);stores;
          <-;section;merge_3;;;;5002514
          ->;section;merge_4;;;;5002514
          us;0;loads;[0,8);stores;
          us;12;loads;;stores;[3072,4096)
          us;13;loads;[1536,1540)[1544,2048)[3328,3332)[3456,3460)[3520,3524)[3552,3556)[3568,4096);stores;
          us;264;loads;[0,8);stores;
          us;265;loads;[0,8);stores;
          us;266;loads;[0,8);stores;
          us;267;loads;[0,8);stores;
          us;268;loads;[0,8);stores;
          us;269;loads;[0,8);stores;
          <-;section;merge_4;;;;5013797
        dl;264;[0x7fff48d22588,+8);stack;n;-|
        dl;265;[0x7fff48d22580,+8);stack;left;-|
        dl;266;[0x7fff48d22578,+8);stack;right;-|
        dl;267;[0x7fff48d22570,+8);stack;result;-|
        dl;268;[0x7fff48d22568,+8);stack;start;-|
        dl;269;[0x7fff48d22560,+8);stack;length;-|
        <-;section;merge_4;;;;5013810
      dl;194;[0x7fff48d226a8,+8);stack;n;-|
      dl;195;[0x7fff48d226a0,+8);stack;left;-|
      dl;196;[0x7fff48d22698,+8);stack;right;-|
      dl;197;[0x7fff48d22690,+8);stack;result;-|
      dl;198;[0x7fff48d22688,+8);stack;start;-|
      dl;199;[0x7fff48d22680,+8);stack;length;-|
      <-;section;merge_2;;;;5013824
    dl;23;[0x7fff48d22898,+8);stack;n;-|
    dl;24;[0x7fff48d22890,+8);stack;data;-|
    dl;25;[0x7fff48d22888,+8);stack;tmp;-|
    <-;section;multisort_0;;;;5013833
    ->;section;multisort_1;;;;5013833
    nw;346;[0x7fff48d22898,+8);stack;n;-|
    nw;347;[0x7fff48d22890,+8);stack;data;-|
    nw;348;[0x7fff48d22888,+8);stack;tmp;-|
    us;1;loads;[0,8);stores;
    us;20;loads;[0,8);stores;
    us;21;loads;[0,8);stores;
    us;22;loads;[0,8);stores;
    us;346;loads;;stores;[0,8)
    us;347;loads;;stores;[0,8)
    us;348;loads;;stores;[0,8)
      ->;section;multisort_0;;;;5013846
      us;1;loads;[0,8);stores;
      us;12;loads;[4096,5120);stores;[4096,5120)
      us;346;loads;[0,8);stores;
      us;347;loads;[0,8);stores;
      us;348;loads;[0,8);stores;
      <-;section;multisort_0;;;;6235741
      ->;section;multisort_1;;;;6235741
      us;1;loads;[0,8);stores;
      us;12;loads;[5120,6144);stores;[5120,6144)
      us;346;loads;[0,8);stores;
      us;347;loads;[0,8);stores;
      us;348;loads;[0,8);stores;
      <-;section;multisort_1;;;;7465365
      ->;section;multisort_2;;;;7465365
      us;1;loads;[0,8);stores;
      us;12;loads;[6144,7168);stores;[6144,7164)
      us;346;loads;[0,8);stores;
      us;347;loads;[0,8);stores;
      us;348;loads;[0,8);stores;
      <-;section;multisort_2;;;;8697664
      ->;section;multisort_3;;;;8697664
      us;1;loads;[0,8);stores;
      us;12;loads;[7168,8192);stores;[7168,8192)
      us;346;loads;[0,8);stores;
      us;347;loads;[0,8);stores;
      us;348;loads;[0,8);stores;
      <-;section;multisort_3;;;;9908390
      ->;section;merge_0;;;;9908390
      nw;389;[0x7fff48d226a8,+8);stack;n;-|
      nw;390;[0x7fff48d226a0,+8);stack;left;-|
      nw;391;[0x7fff48d22698,+8);stack;right;-|
      nw;392;[0x7fff48d22690,+8);stack;result;-|
      nw;393;[0x7fff48d22688,+8);stack;start;-|
      nw;394;[0x7fff48d22680,+8);stack;length;-|
      us;0;loads;[0,8);stores;
      us;346;loads;[0,8);stores;
      us;347;loads;[0,8);stores;
      us;348;loads;[0,8);stores;
      us;389;loads;;stores;[0,8)
      us;390;loads;;stores;[0,8)
      us;391;loads;;stores;[0,8)
      us;392;loads;;stores;[0,8)
      us;393;loads;;stores;[0,8)
      us;394;loads;;stores;[0,8)
        ->;section;merge_3;;;;9908411
        us;0;loads;[0,8);stores;
        us;12;loads;[4096,4604)[5120,5640);stores;
        us;13;loads;;stores;[4096,5120)
        us;389;loads;[0,8);stores;
        us;390;loads;[0,8);stores;
        us;391;loads;[0,8);stores;
        us;392;loads;[0,8);stores;
        us;393;loads;[0,8);stores;
        us;394;loads;[0,8);stores;
        <-;section;merge_3;;;;9918743
        ->;section;merge_4;;;;9918743
        us;0;loads;[0,8);stores;
        us;12;loads;[4352,4356)[4480,4484)[4544,4548)[4576,4580)[4592,4596)[4600,5120)[5632,6144);stores;
        us;13;loads;;stores;[5120,6144)
        us;389;loads;[0,8);stores;
        us;390;loads;[0,8);stores;
        us;391;loads;[0,8);stores;
        us;392;loads;[0,8);stores;
        us;393;loads;[0,8);stores;
        us;394;loads;[0,8);stores;
        <-;section;merge_4;;;;9930015
      dl;389;[0x7fff48d226a8,+8);stack;n;-|
      dl;390;[0x7fff48d226a0,+8);stack;left;-|
      dl;391;[0x7fff48d22698,+8);stack;right;-|
      dl;392;[0x7fff48d22690,+8);stack;result;-|
      dl;393;[0x7fff48d22688,+8);stack;start;-|
      dl;394;[0x7fff48d22680,+8);stack;length;-|
      <-;section;merge_0;;;;9930030
      ->;section;merge_1;;;;9930030
      nw;453;[0x7fff48d226a8,+8);stack;n;-|
      nw;454;[0x7fff48d226a0,+8);stack;left;-|
      nw;455;[0x7fff48d22698,+8);stack;right;-|
      nw;456;[0x7fff48d22690,+8);stack;result;-|
      nw;457;[0x7fff48d22688,+8);stack;start;-|
      nw;458;[0x7fff48d22680,+8);stack;length;-|
      us;0;loads;[0,8);stores;
      us;346;loads;[0,8);stores;
      us;347;loads;[0,8);stores;
      us;348;loads;[0,8);stores;
      us;453;loads;;stores;[0,8)
      us;454;loads;;stores;[0,8)
      us;455;loads;;stores;[0,8)
      us;456;loads;;stores;[0,8)
      us;457;loads;;stores;[0,8)
      us;458;loads;;stores;[0,8)
        ->;section;merge_3;;;;9930051
        us;0;loads;[0,8);stores;
        us;12;loads;[6144,6624)[7168,7716);stores;
        us;13;loads;;stores;[6144,7168)
        us;453;loads;[0,8);stores;
        us;454;loads;[0,8);stores;
        us;455;loads;[0,8);stores;
        us;456;loads;[0,8);stores;
        us;457;loads;[0,8);stores;
        us;458;loads;[0,8);stores;
        <-;section;merge_3;;;;9940383
        ->;section;merge_4;;;;9940383
        us;0;loads;[0,8);stores;
        us;12;loads;[6400,6404)[6528,6532)[6592,6596)[6608,6612)[6616,7168)[7680,7684)[7712,8192);stores;
        us;13;loads;;stores;[7168,8192)
        us;453;loads;[0,8);stores;
        us;454;loads;[0,8);stores;
        us;455;loads;[0,8);stores;
        us;456;loads;[0,8);stores;
        us;457;loads;[0,8);stores;
        us;458;loads;[0,8);stores;
        <-;section;merge_4;;;;9951671
      dl;453;[0x7fff48d226a8,+8);stack;n;-|
      dl;454;[0x7fff48d226a0,+8);stack;left;-|
      dl;455;[0x7fff48d22698,+8);stack;right;-|
      dl;456;[0x7fff48d22690,+8);stack;result;-|
      dl;457;[0x7fff48d22688,+8);stack;start;-|
      dl;458;[0x7fff48d22680,+8);stack;length;-|
      <-;section;merge_1;;;;9951691
      ->;section;merge_2;;;;9951691
      nw;517;[0x7fff48d226a8,+8);stack;n;-|
      nw;518;[0x7fff48d226a0,+8);stack;left;-|
      nw;519;[0x7fff48d22698,+8);stack;right;-|
      nw;520;[0x7fff48d22690,+8);stack;result;-|
      nw;521;[0x7fff48d22688,+8);stack;start;-|
      nw;522;[0x7fff48d22680,+8);stack;length;-|
      us;0;loads;[0,8);stores;
      us;346;loads;[0,8);stores;
      us;347;loads;[0,8);stores;
      us;348;loads;[0,8);stores;
      us;517;loads;;stores;[0,8)
      us;518;loads;;stores;[0,8)
      us;519;loads;;stores;[0,8)
      us;520;loads;;stores;[0,8)
      us;521;loads;;stores;[0,8)
      us;522;loads;;stores;[0,8)
        ->;section;merge_3;;;;9951712
        nw;523;[0x7fff48d22588,+8);stack;n;-|
        nw;524;[0x7fff48d22580,+8);stack;left;-|
        nw;525;[0x7fff48d22578,+8);stack;right;-|
        nw;526;[0x7fff48d22570,+8);stack;result;-|
        nw;527;[0x7fff48d22568,+8);stack;start;-|
        nw;528;[0x7fff48d22560,+8);stack;length;-|
        us;0;loads;[0,8);stores;
        us;517;loads;[0,8);stores;
        us;518;loads;[0,8);stores;
        us;519;loads;[0,8);stores;
        us;520;loads;[0,8);stores;
        us;521;loads;[0,8);stores;
        us;522;loads;[0,8);stores;
        us;523;loads;;stores;[0,8)
        us;524;loads;;stores;[0,8)
        us;525;loads;;stores;[0,8)
        us;526;loads;;stores;[0,8)
        us;527;loads;;stores;[0,8)
        us;528;loads;;stores;[0,8)
          ->;section;merge_3;;;;9951733
          us;0;loads;[0,8);stores;
          us;12;loads;;stores;[4096,5120)
          us;13;loads;[4096,4648)[6144,6620);stores;
          us;523;loads;[0,8);stores;
          us;524;loads;[0,8);stores;
          us;525;loads;[0,8);stores;
          us;526;loads;[0,8);stores;
          us;527;loads;[0,8);stores;
          us;528;loads;[0,8);stores;
          <-;section;merge_3;;;;9962065
          ->;section;merge_4;;;;9962065
          us;0;loads;[0,8);stores;
          us;12;loads;;stores;[5120,6144)
          us;13;loads;[4608,4612)[4640,5112)[6400,6404)[6528,6532)[6592,6596)[6608,6612)[6616,7180);stores;
          us;523;loads;[0,8);stores;
          us;524;loads;[0,8);stores;
          us;525;loads;[0,8);stores;
          us;526;loads;[0,8);stores;
          us;527;loads;[0,8);stores;
          us;528;loads;[0,8);stores;
          <-;section;merge_4;;;;9973369
        dl;523;[0x7fff48d22588,+8);stack;n;-|
        dl;524;[0x7fff48d22580,+8);stack;left;-|
        dl;525;[0x7fff48d22578,+8);stack;right;-|
        dl;526;[0x7fff48d22570,+8);stack;result;-|
        dl;527;[0x7fff48d22568,+8);stack;start;-|
        dl;528;[0x7fff48d22560,+8);stack;length;-|
        <-;section;merge_3;;;;9973379
        ->;section;merge_4;;;;9973379
        nw;587;[0x7fff48d22588,+8);stack;n;-|
        nw;588;[0x7fff48d22580,+8);stack;left;-|
        nw;589;[0x7fff48d22578,+8);stack;right;-|
        nw;590;[0x7fff48d22570,+8);stack;result;-|
        nw;591;[0x7fff48d22568,+8);stack;start;-|
        nw;592;[0x7fff48d22560,+8);stack;length;-|
        us;0;loads;[0,8);stores;
        us;517;loads;[0,8);stores;
        us;518;loads;[0,8);stores;
        us;519;loads;[0,8);stores;
        us;520;loads;[0,8);stores;
        us;521;loads;[0,8);stores;
        us;522;loads;[0,8);stores;
        us;587;loads;;stores;[0,8)
        us;588;loads;;stores;[0,8)
        us;589;loads;;stores;[0,8)
        us;590;loads;;stores;[0,8)
        us;591;loads;;stores;[0,8)
        us;592;loads;;stores;[0,8)
          ->;section;merge_3;;;;9973400
          us;0;loads;[0,8);stores;
          us;12;loads;;stores;[6144,7168)
          us;13;loads;[4608,4612)[4864,4868)[4992,4996)[5056,5060)[5088,5092)[5104,5664)[7168,7172)[7176,7652)[7676,7684);stores;
          us;587;loads;[0,8);stores;
          us;588;loads;[0,8);stores;
          us;589;loads;[0,8);stores;
          us;590;loads;[0,8);stores;
          us;591;loads;[0,8);stores;
          us;592;loads;[0,8);stores;
          <-;section;merge_3;;;;9984825
          ->;section;merge_4;;;;9984825
          us;0;loads;[0,8);stores;
          us;12;loads;;stores;[7168,8192)
          us;13;loads;[5632,5636)[5664,6144)[7424,7428)[7552,7556)[7616,7620)[7644,8192);stores;
          us;587;loads;[0,8);stores;
          us;588;loads;[0,8);stores;
          us;589;loads;[0,8);stores;
          us;590;loads;[0,8);stores;
          us;591;loads;[0,8);stores;
          us;592;loads;[0,8);stores;
          <-;section;merge_4;;;;9995729
        dl;587;[0x7fff48d22588,+8);stack;n;-|
        dl;588;[0x7fff48d22580,+8);stack;left;-|
        dl;589;[0x7fff48d22578,+8);stack;right;-|
        dl;590;[0x7fff48d22570,+8);stack;result;-|
        dl;591;[0x7fff48d22568,+8);stack;start;-|
        dl;592;[0x7fff48d22560,+8);stack;length;-|
        <-;section;merge_4;;;;9995742
      dl;517;[0x7fff48d226a8,+8);stack;n;-|
      dl;518;[0x7fff48d226a0,+8);stack;left;-|
      dl;519;[0x7fff48d22698,+8);stack;right;-|
      dl;520;[0x7fff48d22690,+8);stack;result;-|
      dl;521;[0x7fff48d22688,+8);stack;start;-|
      dl;522;[0x7fff48d22680,+8);stack;length;-|
      <-;section;merge_2;;;;9995756
    dl;346;[0x7fff48d22898,+8);stack;n;-|
    dl;347;[0x7fff48d22890,+8);stack;data;-|
    dl;348;[0x7fff48d22888,+8);stack;tmp;-|
    <-;section;multisort_1;;;;9995769
    ->;section;multisort_2;;;;9995769
    nw;663;[0x7fff48d22898,+8);stack;n;-|
    nw;664;[0x7fff48d22890,+8);stack;data;-|
    nw;665;[0x7fff48d22888,+8);stack;tmp;-|
    us;1;loads;[0,8);stores;
    us;20;loads;[0,8);stores;
    us;21;loads;[0,8);stores;
    us;22;loads;[0,8);stores;
    us;663;loads;;stores;[0,8)
    us;664;loads;;stores;[0,8)
    us;665;loads;;stores;[0,8)
      ->;section;multisort_0;;;;9995782
      us;1;loads;[0,8);stores;
      us;12;loads;[8192,9216);stores;[8196,9216)
      us;663;loads;[0,8);stores;
      us;664;loads;[0,8);stores;
      us;665;loads;[0,8);stores;
      <-;section;multisort_0;;;;11189852
      ->;section;multisort_1;;;;11189852
      us;1;loads;[0,8);stores;
      us;12;loads;[9216,10240);stores;[9216,10240)
      us;663;loads;[0,8);stores;
      us;664;loads;[0,8);stores;
      us;665;loads;[0,8);stores;
      <-;section;multisort_1;;;;12433726
      ->;section;multisort_2;;;;12433726
      us;1;loads;[0,8);stores;
      us;12;loads;[10240,11264);stores;[10240,11264)
      us;663;loads;[0,8);stores;
      us;664;loads;[0,8);stores;
      us;665;loads;[0,8);stores;
      <-;section;multisort_2;;;;13677625
      ->;section;multisort_3;;;;13677625
      us;1;loads;[0,8);stores;
      us;12;loads;[11264,12288);stores;[11264,12288)
      us;663;loads;[0,8);stores;
      us;664;loads;[0,8);stores;
      us;665;loads;[0,8);stores;
      <-;section;multisort_3;;;;14886051
      ->;section;merge_0;;;;14886051
      nw;706;[0x7fff48d226a8,+8);stack;n;-|
      nw;707;[0x7fff48d226a0,+8);stack;left;-|
      nw;708;[0x7fff48d22698,+8);stack;right;-|
      nw;709;[0x7fff48d22690,+8);stack;result;-|
      nw;710;[0x7fff48d22688,+8);stack;start;-|
      nw;711;[0x7fff48d22680,+8);stack;length;-|
      us;0;loads;[0,8);stores;
      us;663;loads;[0,8);stores;
      us;664;loads;[0,8);stores;
      us;665;loads;[0,8);stores;
      us;706;loads;;stores;[0,8)
      us;707;loads;;stores;[0,8)
      us;708;loads;;stores;[0,8)
      us;709;loads;;stores;[0,8)
      us;710;loads;;stores;[0,8)
      us;711;loads;;stores;[0,8)
        ->;section;merge_3;;;;14886072
        us;0;loads;[0,8);stores;
        us;12;loads;[8192,8732)[9216,9704);stores;
        us;13;loads;;stores;[8192,9216)
        us;706;loads;[0,8);stores;
        us;707;loads;[0,8);stores;
        us;708;loads;[0,8);stores;
        us;709;loads;[0,8);stores;
        us;710;loads;[0,8);stores;
        us;711;loads;[0,8);stores;
        <-;section;merge_3;;;;14896404
        ->;section;merge_4;;;;14896404
        us;0;loads;[0,8);stores;
        us;12;loads;[8704,8708)[8720,8724)[8728,9216)[9472,9476)[9600,9604)[9664,9668)[9696,10240);stores;
        us;13;loads;;stores;[9216,10240)
        us;706;loads;[0,8);stores;
        us;707;loads;[0,8);stores;
        us;708;loads;[0,8);stores;
        us;709;loads;[0,8);stores;
        us;710;loads;[0,8);stores;
        us;711;loads;[0,8);stores;
        <-;section;merge_4;;;;14907687
      dl;706;[0x7fff48d226a8,+8);stack;n;-|
      dl;707;[0x7fff48d226a0,+8);stack;left;-|
      dl;708;[0x7fff48d22698,+8);stack;right;-|
      dl;709;[0x7fff48d22690,+8);stack;result;-|
      dl;710;[0x7fff48d22688,+8);stack;start;-|
      dl;711;[0x7fff48d22680,+8);stack;length;-|
      <-;section;merge_0;;;;14907702
      ->;section;merge_1;;;;14907702
      nw;770;[0x7fff48d226a8,+8);stack;n;-|
      nw;771;[0x7fff48d226a0,+8);stack;left;-|
      nw;772;[0x7fff48d22698,+8);stack;right;-|
      nw;773;[0x7fff48d22690,+8);stack;result;-|
      nw;774;[0x7fff48d22688,+8);stack;start;-|
      nw;775;[0x7fff48d22680,+8);stack;length;-|
      us;0;loads;[0,8);stores;
      us;663;loads;[0,8);stores;
      us;664;loads;[0,8);stores;
      us;665;loads;[0,8);stores;
      us;770;loads;;stores;[0,8)
      us;771;loads;;stores;[0,8)
      us;772;loads;;stores;[0,8)
      us;773;loads;;stores;[0,8)
      us;774;loads;;stores;[0,8)
      us;775;loads;;stores;[0,8)
        ->;section;merge_3;;;;14907723
        us;0;loads;[0,8);stores;
        us;12;loads;[10240,10788)[11264,11744);stores;
        us;13;loads;;stores;[10240,11264)
        us;770;loads;[0,8);stores;
        us;771;loads;[0,8);stores;
        us;772;loads;[0,8);stores;
        us;773;loads;[0,8);stores;
        us;774;loads;[0,8);stores;
        us;775;loads;[0,8);stores;
        <-;section;merge_3;;;;14918055
        ->;section;merge_4;;;;14918055
        us;0;loads;[0,8);stores;
        us;12;loads;[10752,10756)[10784,11264)[11520,11524)[11648,11652)[11712,11716)[11740,12288);stores;
        us;13;loads;;stores;[11264,12288)
        us;770;loads;[0,8);stores;
        us;771;loads;[0,8);stores;
        us;772;loads;[0,8);stores;
        us;773;loads;[0,8);stores;
        us;774;loads;[0,8);stores;
        us;775;loads;[0,8);stores;
        <-;section;merge_4;;;;14928959
      dl;770;[0x7fff48d226a8,+8);stack;n;-|
      dl;771;[0x7fff48d226a0,+8);stack;left;-|
      dl;772;[0x7fff48d22698,+8);stack;right;-|
      dl;773;[0x7fff48d22690,+8);stack;result;-|
      dl;774;[0x7fff48d22688,+8);stack;start;-|
      dl;775;[0x7fff48d22680,+8);stack;length;-|
      <-;section;merge_1;;;;14928979
      ->;section;merge_2;;;;14928979
      nw;828;[0x7fff48d226a8,+8);stack;n;-|
      nw;829;[0x7fff48d226a0,+8);stack;left;-|
      nw;830;[0x7fff48d22698,+8);stack;right;-|
      nw;831;[0x7fff48d22690,+8);stack;result;-|
      nw;832;[0x7fff48d22688,+8);stack;start;-|
      nw;833;[0x7fff48d22680,+8);stack;length;-|
      us;0;loads;[0,8);stores;
      us;663;loads;[0,8);stores;
      us;664;loads;[0,8);stores;
      us;665;loads;[0,8);stores;
      us;828;loads;;stores;[0,8)
      us;829;loads;;stores;[0,8)
      us;830;loads;;stores;[0,8)
      us;831;loads;;stores;[0,8)
      us;832;loads;;stores;[0,8)
      us;833;loads;;stores;[0,8)
        ->;section;merge_3;;;;14929000
        nw;834;[0x7fff48d22588,+8);stack;n;-|
        nw;835;[0x7fff48d22580,+8);stack;left;-|
        nw;836;[0x7fff48d22578,+8);stack;right;-|
        nw;837;[0x7fff48d22570,+8);stack;result;-|
        nw;838;[0x7fff48d22568,+8);stack;start;-|
        nw;839;[0x7fff48d22560,+8);stack;length;-|
        us;0;loads;[0,8);stores;
        us;828;loads;[0,8);stores;
        us;829;loads;[0,8);stores;
        us;830;loads;[0,8);stores;
        us;831;loads;[0,8);stores;
        us;832;loads;[0,8);stores;
        us;833;loads;[0,8);stores;
        us;834;loads;;stores;[0,8)
        us;835;loads;;stores;[0,8)
        us;836;loads;;stores;[0,8)
        us;837;loads;;stores;[0,8)
        us;838;loads;;stores;[0,8)
        us;839;loads;;stores;[0,8)
          ->;section;merge_3;;;;14929021
          us;0;loads;[0,8);stores;
          us;12;loads;;stores;[8192,9216)
          us;13;loads;[8192,8744)[10240,10716);stores;
          us;834;loads;[0,8);stores;
          us;835;loads;[0,8);stores;
          us;836;loads;[0,8);stores;
          us;837;loads;[0,8);stores;
          us;838;loads;[0,8);stores;
          us;839;loads;[0,8);stores;
          <-;section;merge_3;;;;14939353
          ->;section;merge_4;;;;14939353
          us;0;loads;[0,8);stores;
          us;12;loads;;stores;[9216,10240)
          us;13;loads;[8704,8708)[8736,9240)[10496,10500)[10624,10628)[10688,10692)[10704,10708)[10712,11244);stores;
          us;834;loads;[0,8);stores;
          us;835;loads;[0,8);stores;
          us;836;loads;[0,8);stores;
          us;837;loads;[0,8);stores;
          us;838;loads;[0,8);stores;
          us;839;loads;[0,8);stores;
          <-;section;merge_4;;;;14950647
        dl;834;[0x7fff48d22588,+8);stack;n;-|
        dl;835;[0x7fff48d22580,+8);stack;left;-|
        dl;836;[0x7fff48d22578,+8);stack;right;-|
        dl;837;[0x7fff48d22570,+8);stack;result;-|
        dl;838;[0x7fff48d22568,+8);stack;start;-|
        dl;839;[0x7fff48d22560,+8);stack;length;-|
        <-;section;merge_3;;;;14950657
        ->;section;merge_4;;;;14950657
        nw;898;[0x7fff48d22588,+8);stack;n;-|
        nw;899;[0x7fff48d22580,+8);stack;left;-|
        nw;900;[0x7fff48d22578,+8);stack;right;-|
        nw;901;[0x7fff48d22570,+8);stack;result;-|
        nw;902;[0x7fff48d22568,+8);stack;start;-|
        nw;903;[0x7fff48d22560,+8);stack;length;-|
        us;0;loads;[0,8);stores;
        us;828;loads;[0,8);stores;
        us;829;loads;[0,8);stores;
        us;830;loads;[0,8);stores;
        us;831;loads;[0,8);stores;
        us;832;loads;[0,8);stores;
        us;833;loads;[0,8);stores;
        us;898;loads;;stores;[0,8)
        us;899;loads;;stores;[0,8)
        us;900;loads;;stores;[0,8)
        us;901;loads;;stores;[0,8)
        us;902;loads;;stores;[0,8)
        us;903;loads;;stores;[0,8)
          ->;section;merge_3;;;;14950678
          us;0;loads;[0,8);stores;
          us;12;loads;;stores;[10240,11264)
          us;13;loads;[9216,9220)[9232,9740)[10752,10756)[11008,11012)[11136,11140)[11200,11204)[11232,11236)[11240,11768);stores;
          us;898;loads;[0,8);stores;
          us;899;loads;[0,8);stores;
          us;900;loads;[0,8);stores;
          us;901;loads;[0,8);stores;
          us;902;loads;[0,8);stores;
          us;903;loads;[0,8);stores;
          <-;section;merge_3;;;;14961977
          ->;section;merge_4;;;;14961977
          us;0;loads;[0,8);stores;
          us;12;loads;;stores;[11264,12288)
          us;13;loads;[9728,9732)[9736,10240)[11520,11524)[11648,11652)[11712,11716)[11744,11748)[11760,12288);stores;
          us;898;loads;[0,8);stores;
          us;899;loads;[0,8);stores;
          us;900;loads;[0,8);stores;
          us;901;loads;[0,8);stores;
          us;902;loads;[0,8);stores;
          us;903;loads;[0,8);stores;
          <-;section;merge_4;;;;14973233
        dl;898;[0x7fff48d22588,+8);stack;n;-|
        dl;899;[0x7fff48d22580,+8);stack;left;-|
        dl;900;[0x7fff48d22578,+8);stack;right;-|
        dl;901;[0x7fff48d22570,+8);stack;result;-|
        dl;902;[0x7fff48d22568,+8);stack;start;-|
        dl;903;[0x7fff48d22560,+8);stack;length;-|
        <-;section;merge_4;;;;14973246
      dl;828;[0x7fff48d226a8,+8);stack;n;-|
      dl;829;[0x7fff48d226a0,+8);stack;left;-|
      dl;830;[0x7fff48d22698,+8);stack;right;-|
      dl;831;[0x7fff48d22690,+8);stack;result;-|
      dl;832;[0x7fff48d22688,+8);stack;start;-|
      dl;833;[0x7fff48d22680,+8);stack;length;-|
      <-;section;merge_2;;;;14973260
    dl;663;[0x7fff48d22898,+8);stack;n;-|
    dl;664;[0x7fff48d22890,+8);stack;data;-|
    dl;665;[0x7fff48d22888,+8);stack;tmp;-|
    <-;section;multisort_2;;;;14973273
    ->;section;multisort_3;;;;14973273
    nw;978;[0x7fff48d22898,+8);stack;n;-|
    nw;979;[0x7fff48d22890,+8);stack;data;-|
    nw;980;[0x7fff48d22888,+8);stack;tmp;-|
    us;1;loads;[0,8);stores;
    us;20;loads;[0,8);stores;
    us;21;loads;[0,8);stores;
    us;22;loads;[0,8);stores;
    us;978;loads;;stores;[0,8)
    us;979;loads;;stores;[0,8)
    us;980;loads;;stores;[0,8)
      ->;section;multisort_0;;;;14973286
      us;1;loads;[0,8);stores;
      us;12;loads;[12288,13312);stores;[12288,13312)
      us;978;loads;[0,8);stores;
      us;979;loads;[0,8);stores;
      us;980;loads;[0,8);stores;
      <-;section;multisort_0;;;;16189156
      ->;section;multisort_1;;;;16189156
      us;1;loads;[0,8);stores;
      us;12;loads;[13312,14336);stores;[13312,14336)
      us;978;loads;[0,8);stores;
      us;979;loads;[0,8);stores;
      us;980;loads;[0,8);stores;
      <-;section;multisort_1;;;;17414055
      ->;section;multisort_2;;;;17414055
      us;1;loads;[0,8);stores;
      us;12;loads;[14336,15360);stores;[14336,15360)
      us;978;loads;[0,8);stores;
      us;979;loads;[0,8);stores;
      us;980;loads;[0,8);stores;
      <-;section;multisort_2;;;;18653904
      ->;section;multisort_3;;;;18653904
      us;1;loads;[0,8);stores;
      us;12;loads;[15360,16384);stores;[15360,16384)
      us;978;loads;[0,8);stores;
      us;979;loads;[0,8);stores;
      us;980;loads;[0,8);stores;
      <-;section;multisort_3;;;;19886605
      ->;section;merge_0;;;;19886605
      nw;1021;[0x7fff48d226a8,+8);stack;n;-|
      nw;1022;[0x7fff48d226a0,+8);stack;left;-|
      nw;1023;[0x7fff48d22698,+8);stack;right;-|
      nw;1024;[0x7fff48d22690,+8);stack;result;-|
      nw;1025;[0x7fff48d22688,+8);stack;start;-|
      nw;1026;[0x7fff48d22680,+8);stack;length;-|
      us;0;loads;[0,8);stores;
      us;978;loads;[0,8);stores;
      us;979;loads;[0,8);stores;
      us;980;loads;[0,8);stores;
      us;1021;loads;;stores;[0,8)
      us;1022;loads;;stores;[0,8)
      us;1023;loads;;stores;[0,8)
      us;1024;loads;;stores;[0,8)
      us;1025;loads;;stores;[0,8)
      us;1026;loads;;stores;[0,8)
        ->;section;merge_3;;;;19886626
        us;0;loads;[0,8);stores;
        us;12;loads;[12288,12776)[13312,13852);stores;
        us;13;loads;;stores;[12288,13312)
        us;1021;loads;[0,8);stores;
        us;1022;loads;[0,8);stores;
        us;1023;loads;[0,8);stores;
        us;1024;loads;[0,8);stores;
        us;1025;loads;[0,8);stores;
        us;1026;loads;[0,8);stores;
        <-;section;merge_3;;;;19896958
        ->;section;merge_4;;;;19896958
        us;0;loads;[0,8);stores;
        us;12;loads;[12544,12548)[12672,12676)[12736,12740)[12768,12772)[12776,13312)[13824,13828)[13840,14336);stores;
        us;13;loads;;stores;[13312,14336)
        us;1021;loads;[0,8);stores;
        us;1022;loads;[0,8);stores;
        us;1023;loads;[0,8);stores;
        us;1024;loads;[0,8);stores;
        us;1025;loads;[0,8);stores;
        us;1026;loads;[0,8);stores;
        <-;section;merge_4;;;;19908115
      dl;1021;[0x7fff48d226a8,+8);stack;n;-|
      dl;1022;[0x7fff48d226a0,+8);stack;left;-|
      dl;1023;[0x7fff48d22698,+8);stack;right;-|
      dl;1024;[0x7fff48d22690,+8);stack;result;-|
      dl;1025;[0x7fff48d22688,+8);stack;start;-|
      dl;1026;[0x7fff48d22680,+8);stack;length;-|
      <-;section;merge_0;;;;19908130
      ->;section;merge_1;;;;19908130
      nw;1083;[0x7fff48d226a8,+8);stack;n;-|
      nw;1084;[0x7fff48d226a0,+8);stack;left;-|
      nw;1085;[0x7fff48d22698,+8);stack;right;-|
      nw;1086;[0x7fff48d22690,+8);stack;result;-|
      nw;1087;[0x7fff48d22688,+8);stack;start;-|
      nw;1088;[0x7fff48d22680,+8);stack;length;-|
      us;0;loads;[0,8);stores;
      us;978;loads;[0,8);stores;
      us;979;loads;[0,8);stores;
      us;980;loads;[0,8);stores;
      us;1083;loads;;stores;[0,8)
      us;1084;loads;;stores;[0,8)
      us;1085;loads;;stores;[0,8)
      us;1086;loads;;stores;[0,8)
      us;1087;loads;;stores;[0,8)
      us;1088;loads;;stores;[0,8)
        ->;section;merge_3;;;;19908151
        us;0;loads;[0,8);stores;
        us;12;loads;[14336,14856)[15360,15868);stores;
        us;13;loads;;stores;[14336,15360)
        us;1083;loads;[0,8);stores;
        us;1084;loads;[0,8);stores;
        us;1085;loads;[0,8);stores;
        us;1086;loads;[0,8);stores;
        us;1087;loads;[0,8);stores;
        us;1088;loads;[0,8);stores;
        <-;section;merge_3;;;;19918483
        ->;section;merge_4;;;;19918483
        us;0;loads;[0,8);stores;
        us;12;loads;[14848,15360)[15616,15620)[15744,15748)[15808,15812)[15840,15844)[15856,15860)[15864,16384);stores;
        us;13;loads;;stores;[15360,16384)
        us;1083;loads;[0,8);stores;
        us;1084;loads;[0,8);stores;
        us;1085;loads;[0,8);stores;
        us;1086;loads;[0,8);stores;
        us;1087;loads;[0,8);stores;
        us;1088;loads;[0,8);stores;
        <-;section;merge_4;;;;19929549
      dl;1083;[0x7fff48d226a8,+8);stack;n;-|
      dl;1084;[0x7fff48d226a0,+8);stack;left;-|
      dl;1085;[0x7fff48d22698,+8);stack;right;-|
      dl;1086;[0x7fff48d22690,+8);stack;result;-|
      dl;1087;[0x7fff48d22688,+8);stack;start;-|
      dl;1088;[0x7fff48d22680,+8);stack;length;-|
      <-;section;merge_1;;;;19929569
      ->;section;merge_2;;;;19929569
      nw;1145;[0x7fff48d226a8,+8);stack;n;-|
      nw;1146;[0x7fff48d226a0,+8);stack;left;-|
      nw;1147;[0x7fff48d22698,+8);stack;right;-|
      nw;1148;[0x7fff48d22690,+8);stack;result;-|
      nw;1149;[0x7fff48d22688,+8);stack;start;-|
      nw;1150;[0x7fff48d22680,+8);stack;length;-|
      us;0;loads;[0,8);stores;
      us;978;loads;[0,8);stores;
      us;979;loads;[0,8);stores;
      us;980;loads;[0,8);stores;
      us;1145;loads;;stores;[0,8)
      us;1146;loads;;stores;[0,8)
      us;1147;loads;;stores;[0,8)
      us;1148;loads;;stores;[0,8)
      us;1149;loads;;stores;[0,8)
      us;1150;loads;;stores;[0,8)
        ->;section;merge_3;;;;19929590
        nw;1151;[0x7fff48d22588,+8);stack;n;-|
        nw;1152;[0x7fff48d22580,+8);stack;left;-|
        nw;1153;[0x7fff48d22578,+8);stack;right;-|
        nw;1154;[0x7fff48d22570,+8);stack;result;-|
        nw;1155;[0x7fff48d22568,+8);stack;start;-|
        nw;1156;[0x7fff48d22560,+8);stack;length;-|
        us;0;loads;[0,8);stores;
        us;1145;loads;[0,8);stores;
        us;1146;loads;[0,8);stores;
        us;1147;loads;[0,8);stores;
        us;1148;loads;[0,8);stores;
        us;1149;loads;[0,8);stores;
        us;1150;loads;[0,8);stores;
        us;1151;loads;;stores;[0,8)
        us;1152;loads;;stores;[0,8)
        us;1153;loads;;stores;[0,8)
        us;1154;loads;;stores;[0,8)
        us;1155;loads;;stores;[0,8)
        us;1156;loads;;stores;[0,8)
          ->;section;merge_3;;;;19929611
          us;0;loads;[0,8);stores;
          us;12;loads;;stores;[12288,13312)
          us;13;loads;[12288,12840)[14336,14812);stores;
          us;1151;loads;[0,8);stores;
          us;1152;loads;[0,8);stores;
          us;1153;loads;[0,8);stores;
          us;1154;loads;[0,8);stores;
          us;1155;loads;[0,8);stores;
          us;1156;loads;[0,8);stores;
          <-;section;merge_3;;;;19939943
          ->;section;merge_4;;;;19939943
          us;0;loads;[0,8);stores;
          us;12;loads;;stores;[13312,14336)
          us;13;loads;[12800,12804)[12832,12836)[12840,13332)[14592,14596)[14720,14724)[14784,14788)[14800,15344);stores;
          us;1151;loads;[0,8);stores;
          us;1152;loads;[0,8);stores;
          us;1153;loads;[0,8);stores;
          us;1154;loads;[0,8);stores;
          us;1155;loads;[0,8);stores;
          us;1156;loads;[0,8);stores;
          <-;section;merge_4;;;;19951111
        dl;1151;[0x7fff48d22588,+8);stack;n;-|
        dl;1152;[0x7fff48d22580,+8);stack;left;-|
        dl;1153;[0x7fff48d22578,+8);stack;right;-|
        dl;1154;[0x7fff48d22570,+8);stack;result;-|
        dl;1155;[0x7fff48d22568,+8);stack;start;-|
        dl;1156;[0x7fff48d22560,+8);stack;length;-|
        <-;section;merge_3;;;;19951121
        ->;section;merge_4;;;;19951121
        nw;1213;[0x7fff48d22588,+8);stack;n;-|
        nw;1214;[0x7fff48d22580,+8);stack;left;-|
        nw;1215;[0x7fff48d22578,+8);stack;right;-|
        nw;1216;[0x7fff48d22570,+8);stack;result;-|
        nw;1217;[0x7fff48d22568,+8);stack;start;-|
        nw;1218;[0x7fff48d22560,+8);stack;length;-|
        us;0;loads;[0,8);stores;
        us;1145;loads;[0,8);stores;
        us;1146;loads;[0,8);stores;
        us;1147;loads;[0,8);stores;
        us;1148;loads;[0,8);stores;
        us;1149;loads;[0,8);stores;
        us;1150;loads;[0,8);stores;
        us;1213;loads;;stores;[0,8)
        us;1214;loads;;stores;[0,8)
        us;1215;loads;;stores;[0,8)
        us;1216;loads;;stores;[0,8)
        us;1217;loads;;stores;[0,8)
        us;1218;loads;;stores;[0,8)
          ->;section;merge_3;;;;19951142
          us;0;loads;[0,8);stores;
          us;12;loads;;stores;[14336,15360)
          us;13;loads;[13312,13316)[13328,13896)[14848,14852)[15104,15108)[15232,15236)[15296,15300)[15328,15332)[15336,15804);stores;
          us;1213;loads;[0,8);stores;
          us;1214;loads;[0,8);stores;
          us;1215;loads;[0,8);stores;
          us;1216;loads;[0,8);stores;
          us;1217;loads;[0,8);stores;
          us;1218;loads;[0,8);stores;
          <-;section;merge_3;;;;19962557
          ->;section;merge_4;;;;19962557
          us;0;loads;[0,8);stores;
          us;12;loads;;stores;[15360,16384)
          us;13;loads;[13824,13828)[13888,14336)[15616,15620)[15744,15748)[15776,15780)[15792,15796)[15800,16384);stores;
          us;1213;loads;[0,8);stores;
          us;1214;loads;[0,8);stores;
          us;1215;loads;[0,8);stores;
          us;1216;loads;[0,8);stores;
          us;1217;loads;[0,8);stores;
          us;1218;loads;[0,8);stores;
          <-;section;merge_4;;;;19973840
        dl;1213;[0x7fff48d22588,+8);stack;n;-|
        dl;1214;[0x7fff48d22580,+8);stack;left;-|
        dl;1215;[0x7fff48d22578,+8);stack;right;-|
        dl;1216;[0x7fff48d22570,+8);stack;result;-|
        dl;1217;[0x7fff48d22568,+8);stack;start;-|
        dl;1218;[0x7fff48d22560,+8);stack;length;-|
        <-;section;merge_4;;;;19973853
      dl;1145;[0x7fff48d226a8,+8);stack;n;-|
      dl;1146;[0x7fff48d226a0,+8);stack;left;-|
      dl;1147;[0x7fff48d22698,+8);stack;right;-|
      dl;1148;[0x7fff48d22690,+8);stack;result;-|
      dl;1149;[0x7fff48d22688,+8);stack;start;-|
      dl;1150;[0x7fff48d22680,+8);stack;length;-|
      <-;section;merge_2;;;;19973867
    dl;978;[0x7fff48d22898,+8);stack;n;-|
    dl;979;[0x7fff48d22890,+8);stack;data;-|
    dl;980;[0x7fff48d22888,+8);stack;tmp;-|
    <-;section;multisort_3;;;;19973882
    ->;section;merge_0;;;;19973882
    nw;1295;[0x7fff48d22898,+8);stack;n;-|
    nw;1296;[0x7fff48d22890,+8);stack;left;-|
    nw;1297;[0x7fff48d22888,+8);stack;right;-|
    nw;1298;[0x7fff48d22880,+8);stack;result;-|
    nw;1299;[0x7fff48d22878,+8);stack;start;-|
    nw;1300;[0x7fff48d22870,+8);stack;length;-|
    us;0;loads;[0,8);stores;
    us;20;loads;[0,8);stores;
    us;21;loads;[0,8);stores;
    us;22;loads;[0,8);stores;
    us;1295;loads;;stores;[0,8)
    us;1296;loads;;stores;[0,8)
    us;1297;loads;;stores;[0,8)
    us;1298;loads;;stores;[0,8)
    us;1299;loads;;stores;[0,8)
    us;1300;loads;;stores;[0,8)
      ->;section;merge_3;;;;19973903
      nw;1301;[0x7fff48d22778,+8);stack;n;-|
      nw;1302;[0x7fff48d22770,+8);stack;left;-|
      nw;1303;[0x7fff48d22768,+8);stack;right;-|
      nw;1304;[0x7fff48d22760,+8);stack;result;-|
      nw;1305;[0x7fff48d22758,+8);stack;start;-|
      nw;1306;[0x7fff48d22750,+8);stack;length;-|
      us;0;loads;[0,8);stores;
      us;1295;loads;[0,8);stores;
      us;1296;loads;[0,8);stores;
      us;1297;loads;[0,8);stores;
      us;1298;loads;[0,8);stores;
      us;1299;loads;[0,8);stores;
      us;1300;loads;[0,8);stores;
      us;1301;loads;;stores;[0,8)
      us;1302;loads;;stores;[0,8)
      us;1303;loads;;stores;[0,8)
      us;1304;loads;;stores;[0,8)
      us;1305;loads;;stores;[0,8)
      us;1306;loads;;stores;[0,8)
        ->;section;merge_3;;;;19973924
        nw;1307;[0x7fff48d22658,+8);stack;n;-|
        nw;1308;[0x7fff48d22650,+8);stack;left;-|
        nw;1309;[0x7fff48d22648,+8);stack;right;-|
        nw;1310;[0x7fff48d22640,+8);stack;result;-|
        nw;1311;[0x7fff48d22638,+8);stack;start;-|
        nw;1312;[0x7fff48d22630,+8);stack;length;-|
        us;0;loads;[0,8);stores;
        us;1301;loads;[0,8);stores;
        us;1302;loads;[0,8);stores;
        us;1303;loads;[0,8);stores;
        us;1304;loads;[0,8);stores;
        us;1305;loads;[0,8);stores;
        us;1306;loads;[0,8);stores;
        us;1307;loads;;stores;[0,8)
        us;1308;loads;;stores;[0,8)
        us;1309;loads;;stores;[0,8)
        us;1310;loads;;stores;[0,8)
        us;1311;loads;;stores;[0,8)
        us;1312;loads;;stores;[0,8)
          ->;section;merge_3;;;;19973945
          us;0;loads;[0,8);stores;
          us;12;loads;[0,532)[4096,4592);stores;
          us;13;loads;;stores;[0,1024)
          us;1307;loads;[0,8);stores;
          us;1308;loads;[0,8);stores;
          us;1309;loads;[0,8);stores;
          us;1310;loads;[0,8);stores;
          us;1311;loads;[0,8);stores;
          us;1312;loads;[0,8);stores;
          <-;section;merge_3;;;;19984277
          ->;section;merge_4;;;;19984277
          us;0;loads;[0,8);stores;
          us;12;loads;[512,516)[528,1048)[4352,4356)[4480,4484)[4544,4548)[4576,4580)[4584,5100);stores;
          us;13;loads;;stores;[1024,2048)
          us;1307;loads;[0,8);stores;
          us;1308;loads;[0,8);stores;
          us;1309;loads;[0,8);stores;
          us;1310;loads;[0,8);stores;
          us;1311;loads;[0,8);stores;
          us;1312;loads;[0,8);stores;
          <-;section;merge_4;;;;19995571
        dl;1307;[0x7fff48d22658,+8);stack;n;-|
        dl;1308;[0x7fff48d22650,+8);stack;left;-|
        dl;1309;[0x7fff48d22648,+8);stack;right;-|
        dl;1310;[0x7fff48d22640,+8);stack;result;-|
        dl;1311;[0x7fff48d22638,+8);stack;start;-|
        dl;1312;[0x7fff48d22630,+8);stack;length;-|
        <-;section;merge_3;;;;19995581
        ->;section;merge_4;;;;19995581
        nw;1371;[0x7fff48d22658,+8);stack;n;-|
        nw;1372;[0x7fff48d22650,+8);stack;left;-|
        nw;1373;[0x7fff48d22648,+8);stack;right;-|
        nw;1374;[0x7fff48d22640,+8);stack;result;-|
        nw;1375;[0x7fff48d22638,+8);stack;start;-|
        nw;1376;[0x7fff48d22630,+8);stack;length;-|
        us;0;loads;[0,8);stores;
        us;1301;loads;[0,8);stores;
        us;1302;loads;[0,8);stores;
        us;1303;loads;[0,8);stores;
        us;1304;loads;[0,8);stores;
        us;1305;loads;[0,8);stores;
        us;1306;loads;[0,8);stores;
        us;1371;loads;;stores;[0,8)
        us;1372;loads;;stores;[0,8)
        us;1373;loads;;stores;[0,8)
        us;1374;loads;;stores;[0,8)
        us;1375;loads;;stores;[0,8)
        us;1376;loads;;stores;[0,8)
          ->;section;merge_3;;;;19995602
          us;0;loads;[0,8);stores;
          us;12;loads;[1024,1028)[1040,1044)[1048,1576)[4608,4612)[4864,4868)[4992,4996)[5056,5060)[5088,5596);stores;
          us;13;loads;;stores;[2048,3072)
          us;1371;loads;[0,8);stores;
          us;1372;loads;[0,8);stores;
          us;1373;loads;[0,8);stores;
          us;1374;loads;[0,8);stores;
          us;1375;loads;[0,8);stores;
          us;1376;loads;[0,8);stores;
          <-;section;merge_3;;;;20006891
          ->;section;merge_4;;;;20006891
          us;0;loads;[0,8);stores;
          us;12;loads;[1536,1540)[1560,1564)[1568,2096)[2300,2308)[4864,4868)[5248,5252)[5440,5444)[5536,5540)[5584,5588)[5596,6100);stores;
          us;13;loads;;stores;[3072,4096)
          us;1371;loads;[0,8);stores;
          us;1372;loads;[0,8);stores;
          us;1373;loads;[0,8);stores;
          us;1374;loads;[0,8);stores;
          us;1375;loads;[0,8);stores;
          us;1376;loads;[0,8);stores;
          <-;section;merge_4;;;;20018193
        dl;1371;[0x7fff48d22658,+8);stack;n;-|
        dl;1372;[0x7fff48d22650,+8);stack;left;-|
        dl;1373;[0x7fff48d22648,+8);stack;right;-|
        dl;1374;[0x7fff48d22640,+8);stack;result;-|
        dl;1375;[0x7fff48d22638,+8);stack;start;-|
        dl;1376;[0x7fff48d22630,+8);stack;length;-|
        <-;section;merge_4;;;;20018206
      dl;1301;[0x7fff48d22778,+8);stack;n;-|
      dl;1302;[0x7fff48d22770,+8);stack;left;-|
      dl;1303;[0x7fff48d22768,+8);stack;right;-|
      dl;1304;[0x7fff48d22760,+8);stack;result;-|
      dl;1305;[0x7fff48d22758,+8);stack;start;-|
      dl;1306;[0x7fff48d22750,+8);stack;length;-|
      <-;section;merge_3;;;;20018216
      ->;section;merge_4;;;;20018216
      nw;1451;[0x7fff48d22778,+8);stack;n;-|
      nw;1452;[0x7fff48d22770,+8);stack;left;-|
      nw;1453;[0x7fff48d22768,+8);stack;right;-|
      nw;1454;[0x7fff48d22760,+8);stack;result;-|
      nw;1455;[0x7fff48d22758,+8);stack;start;-|
      nw;1456;[0x7fff48d22750,+8);stack;length;-|
      us;0;loads;[0,8);stores;
      us;1295;loads;[0,8);stores;
      us;1296;loads;[0,8);stores;
      us;1297;loads;[0,8);stores;
      us;1298;loads;[0,8);stores;
      us;1299;loads;[0,8);stores;
      us;1300;loads;[0,8);stores;
      us;1451;loads;;stores;[0,8)
      us;1452;loads;;stores;[0,8)
      us;1453;loads;;stores;[0,8)
      us;1454;loads;;stores;[0,8)
      us;1455;loads;;stores;[0,8)
      us;1456;loads;;stores;[0,8)
        ->;section;merge_3;;;;20018237
        nw;1457;[0x7fff48d22658,+8);stack;n;-|
        nw;1458;[0x7fff48d22650,+8);stack;left;-|
        nw;1459;[0x7fff48d22648,+8);stack;right;-|
        nw;1460;[0x7fff48d22640,+8);stack;result;-|
        nw;1461;[0x7fff48d22638,+8);stack;start;-|
        nw;1462;[0x7fff48d22630,+8);stack;length;-|
        us;0;loads;[0,8);stores;
        us;1451;loads;[0,8);stores;
        us;1452;loads;[0,8);stores;
        us;1453;loads;[0,8);stores;
        us;1454;loads;[0,8);stores;
        us;1455;loads;[0,8);stores;
        us;1456;loads;[0,8);stores;
        us;1457;loads;;stores;[0,8)
        us;1458;loads;;stores;[0,8)
        us;1459;loads;;stores;[0,8)
        us;1460;loads;;stores;[0,8)
        us;1461;loads;;stores;[0,8)
        us;1462;loads;;stores;[0,8)
          ->;section;merge_3;;;;20018258
          us;0;loads;[0,8);stores;
          us;12;loads;[2048,2052)[2080,2084)[2088,2616)[3068,3076)[5120,5124)[5632,5636)[5888,5892)[6016,6020)[6080,6084)[6096,6604);stores;
          us;13;loads;;stores;[4096,5120)
          us;1457;loads;[0,8);stores;
          us;1458;loads;[0,8);stores;
          us;1459;loads;[0,8);stores;
          us;1460;loads;[0,8);stores;
          us;1461;loads;[0,8);stores;
          us;1462;loads;[0,8);stores;
          <-;section;merge_3;;;;20029797
          ->;section;merge_4;;;;20029797
          us;0;loads;[0,8);stores;
          us;12;loads;[2560,2564)[2608,3072)[3324,3332)[5888,5892)[6272,6276)[6464,6468)[6560,6564)[6584,6588)[6596,7172);stores;
          us;13;loads;;stores;[5120,6144)
          us;1457;loads;[0,8);stores;
          us;1458;loads;[0,8);stores;
          us;1459;loads;[0,8);stores;
          us;1460;loads;[0,8);stores;
          us;1461;loads;[0,8);stores;
          us;1462;loads;[0,8);stores;
          <-;section;merge_4;;;;20041225
        dl;1457;[0x7fff48d22658,+8);stack;n;-|
        dl;1458;[0x7fff48d22650,+8);stack;left;-|
        dl;1459;[0x7fff48d22648,+8);stack;right;-|
        dl;1460;[0x7fff48d22640,+8);stack;result;-|
        dl;1461;[0x7fff48d22638,+8);stack;start;-|
        dl;1462;[0x7fff48d22630,+8);stack;length;-|
        <-;section;merge_3;;;;20041235
        ->;section;merge_4;;;;20041235
        nw;1543;[0x7fff48d22658,+8);stack;n;-|
        nw;1544;[0x7fff48d22650,+8);stack;left;-|
        nw;1545;[0x7fff48d22648,+8);stack;right;-|
        nw;1546;[0x7fff48d22640,+8);stack;result;-|
        nw;1547;[0x7fff48d22638,+8);stack;start;-|
        nw;1548;[0x7fff48d22630,+8);stack;length;-|
        us;0;loads;[0,8);stores;
        us;1451;loads;[0,8);stores;
        us;1452;loads;[0,8);stores;
        us;1453;loads;[0,8);stores;
        us;1454;loads;[0,8);stores;
        us;1455;loads;[0,8);stores;
        us;1456;loads;[0,8);stores;
        us;1543;loads;;stores;[0,8)
        us;1544;loads;;stores;[0,8)
        us;1545;loads;;stores;[0,8)
        us;1546;loads;;stores;[0,8)
        us;1547;loads;;stores;[0,8)
        us;1548;loads;;stores;[0,8)
          ->;section;merge_3;;;;20041256
          us;0;loads;[0,8);stores;
          us;12;loads;[3068,3548)[7168,7720);stores;
          us;13;loads;;stores;[6144,7168)
          us;1543;loads;[0,8);stores;
          us;1544;loads;[0,8);stores;
          us;1545;loads;[0,8);stores;
          us;1546;loads;[0,8);stores;
          us;1547;loads;[0,8);stores;
          us;1548;loads;[0,8);stores;
          <-;section;merge_3;;;;20051687
          ->;section;merge_4;;;;20051687
          us;0;loads;[0,8);stores;
          us;12;loads;[3328,3332)[3456,3460)[3520,3524)[3536,3540)[3544,4096)[7680,7684)[7712,8192);stores;
          us;13;loads;;stores;[7168,8192)
          us;1543;loads;[0,8);stores;
          us;1544;loads;[0,8);stores;
          us;1545;loads;[0,8);stores;
          us;1546;loads;[0,8);stores;
          us;1547;loads;[0,8);stores;
          us;1548;loads;[0,8);stores;
          <-;section;merge_4;;;;20062969
        dl;1543;[0x7fff48d22658,+8);stack;n;-|
        dl;1544;[0x7fff48d22650,+8);stack;left;-|
        dl;1545;[0x7fff48d22648,+8);stack;right;-|
        dl;1546;[0x7fff48d22640,+8);stack;result;-|
        dl;1547;[0x7fff48d22638,+8);stack;start;-|
        dl;1548;[0x7fff48d22630,+8);stack;length;-|
        <-;section;merge_4;;;;20062982
      dl;1451;[0x7fff48d22778,+8);stack;n;-|
      dl;1452;[0x7fff48d22770,+8);stack;left;-|
      dl;1453;[0x7fff48d22768,+8);stack;right;-|
      dl;1454;[0x7fff48d22760,+8);stack;result;-|
      dl;1455;[0x7fff48d22758,+8);stack;start;-|
      dl;1456;[0x7fff48d22750,+8);stack;length;-|
      <-;section;merge_4;;;;20062995
    dl;1295;[0x7fff48d22898,+8);stack;n;-|
    dl;1296;[0x7fff48d22890,+8);stack;left;-|
    dl;1297;[0x7fff48d22888,+8);stack;right;-|
    dl;1298;[0x7fff48d22880,+8);stack;result;-|
    dl;1299;[0x7fff48d22878,+8);stack;start;-|
    dl;1300;[0x7fff48d22870,+8);stack;length;-|
    <-;section;merge_0;;;;20063010
    ->;section;merge_1;;;;20063010
    nw;1609;[0x7fff48d22898,+8);stack;n;-|
    nw;1610;[0x7fff48d22890,+8);stack;left;-|
    nw;1611;[0x7fff48d22888,+8);stack;right;-|
    nw;1612;[0x7fff48d22880,+8);stack;result;-|
    nw;1613;[0x7fff48d22878,+8);stack;start;-|
    nw;1614;[0x7fff48d22870,+8);stack;length;-|
    us;0;loads;[0,8);stores;
    us;20;loads;[0,8);stores;
    us;21;loads;[0,8);stores;
    us;22;loads;[0,8);stores;
    us;1609;loads;;stores;[0,8)
    us;1610;loads;;stores;[0,8)
    us;1611;loads;;stores;[0,8)
    us;1612;loads;;stores;[0,8)
    us;1613;loads;;stores;[0,8)
    us;1614;loads;;stores;[0,8)
      ->;section;merge_3;;;;20063031
      nw;1615;[0x7fff48d22778,+8);stack;n;-|
      nw;1616;[0x7fff48d22770,+8);stack;left;-|
      nw;1617;[0x7fff48d22768,+8);stack;right;-|
      nw;1618;[0x7fff48d22760,+8);stack;result;-|
      nw;1619;[0x7fff48d22758,+8);stack;start;-|
      nw;1620;[0x7fff48d22750,+8);stack;length;-|
      us;0;loads;[0,8);stores;
      us;1609;loads;[0,8);stores;
      us;1610;loads;[0,8);stores;
      us;1611;loads;[0,8);stores;
      us;1612;loads;[0,8);stores;
      us;1613;loads;[0,8);stores;
      us;1614;loads;[0,8);stores;
      us;1615;loads;;stores;[0,8)
      us;1616;loads;;stores;[0,8)
      us;1617;loads;;stores;[0,8)
      us;1618;loads;;stores;[0,8)
      us;1619;loads;;stores;[0,8)
      us;1620;loads;;stores;[0,8)
        ->;section;merge_3;;;;20063052
        nw;1621;[0x7fff48d22658,+8);stack;n;-|
        nw;1622;[0x7fff48d22650,+8);stack;left;-|
        nw;1623;[0x7fff48d22648,+8);stack;right;-|
        nw;1624;[0x7fff48d22640,+8);stack;result;-|
        nw;1625;[0x7fff48d22638,+8);stack;start;-|
        nw;1626;[0x7fff48d22630,+8);stack;length;-|
        us;0;loads;[0,8);stores;
        us;1615;loads;[0,8);stores;
        us;1616;loads;[0,8);stores;
        us;1617;loads;[0,8);stores;
        us;1618;loads;[0,8);stores;
        us;1619;loads;[0,8);stores;
        us;1620;loads;[0,8);stores;
        us;1621;loads;;stores;[0,8)
        us;1622;loads;;stores;[0,8)
        us;1623;loads;;stores;[0,8)
        us;1624;loads;;stores;[0,8)
        us;1625;loads;;stores;[0,8)
        us;1626;loads;;stores;[0,8)
          ->;section;merge_3;;;;20063073
          us;0;loads;[0,8);stores;
          us;12;loads;[8192,8680)[12288,12828);stores;
          us;13;loads;;stores;[8192,9216)
          us;1621;loads;[0,8);stores;
          us;1622;loads;[0,8);stores;
          us;1623;loads;[0,8);stores;
          us;1624;loads;[0,8);stores;
          us;1625;loads;[0,8);stores;
          us;1626;loads;[0,8);stores;
          <-;section;merge_3;;;;20073405
          ->;section;merge_4;;;;20073405
          us;0;loads;[0,8);stores;
          us;12;loads;[8448,8452)[8576,8580)[8640,8644)[8672,9180)[12800,12804)[12816,12820)[12824,13352);stores;
          us;13;loads;;stores;[9216,10240)
          us;1621;loads;[0,8);stores;
          us;1622;loads;[0,8);stores;
          us;1623;loads;[0,8);stores;
          us;1624;loads;[0,8);stores;
          us;1625;loads;[0,8);stores;
          us;1626;loads;[0,8);stores;
          <-;section;merge_4;;;;20084583
        dl;1621;[0x7fff48d22658,+8);stack;n;-|
        dl;1622;[0x7fff48d22650,+8);stack;left;-|
        dl;1623;[0x7fff48d22648,+8);stack;right;-|
        dl;1624;[0x7fff48d22640,+8);stack;result;-|
        dl;1625;[0x7fff48d22638,+8);stack;start;-|
        dl;1626;[0x7fff48d22630,+8);stack;length;-|
        <-;section;merge_3;;;;20084593
        ->;section;merge_4;;;;20084593
        nw;1683;[0x7fff48d22658,+8);stack;n;-|
        nw;1684;[0x7fff48d22650,+8);stack;left;-|
        nw;1685;[0x7fff48d22648,+8);stack;right;-|
        nw;1686;[0x7fff48d22640,+8);stack;result;-|
        nw;1687;[0x7fff48d22638,+8);stack;start;-|
        nw;1688;[0x7fff48d22630,+8);stack;length;-|
        us;0;loads;[0,8);stores;
        us;1615;loads;[0,8);stores;
        us;1616;loads;[0,8);stores;
        us;1617;loads;[0,8);stores;
        us;1618;loads;[0,8);stores;
        us;1619;loads;[0,8);stores;
        us;1620;loads;[0,8);stores;
        us;1683;loads;;stores;[0,8)
        us;1684;loads;;stores;[0,8)
        us;1685;loads;;stores;[0,8)
        us;1686;loads;;stores;[0,8)
        us;1687;loads;;stores;[0,8)
        us;1688;loads;;stores;[0,8)
          ->;section;merge_3;;;;20084614
          us;0;loads;[0,8);stores;
          us;12;loads;[8704,8708)[8960,8964)[9088,9092)[9152,9156)[9168,9688)[13312,13316)[13344,13348)[13352,13868);stores;
          us;13;loads;;stores;[10240,11264)
          us;1683;loads;[0,8);stores;
          us;1684;loads;[0,8);stores;
          us;1685;loads;[0,8);stores;
          us;1686;loads;[0,8);stores;
          us;1687;loads;[0,8);stores;
          us;1688;loads;[0,8);stores;
          <-;section;merge_3;;;;20095913
          ->;section;merge_4;;;;20095913
          us;0;loads;[0,8);stores;
          us;12;loads;[8960,8964)[9344,9348)[9536,9540)[9632,9636)[9680,10228)[13824,13828)[13848,13852)[13860,14352)[14588,14596);stores;
          us;13;loads;;stores;[11264,12288)
          us;1683;loads;[0,8);stores;
          us;1684;loads;[0,8);stores;
          us;1685;loads;[0,8);stores;
          us;1686;loads;[0,8);stores;
          us;1687;loads;[0,8);stores;
          us;1688;loads;[0,8);stores;
          <-;section;merge_4;;;;20107341
        dl;1683;[0x7fff48d22658,+8);stack;n;-|
        dl;1684;[0x7fff48d22650,+8);stack;left;-|
        dl;1685;[0x7fff48d22648,+8);stack;right;-|
        dl;1686;[0x7fff48d22640,+8);stack;result;-|
        dl;1687;[0x7fff48d22638,+8);stack;start;-|
        dl;1688;[0x7fff48d22630,+8);stack;length;-|
        <-;section;merge_4;;;;20107354
      dl;1615;[0x7fff48d22778,+8);stack;n;-|
      dl;1616;[0x7fff48d22770,+8);stack;left;-|
      dl;1617;[0x7fff48d22768,+8);stack;right;-|
      dl;1618;[0x7fff48d22760,+8);stack;result;-|
      dl;1619;[0x7fff48d22758,+8);stack;start;-|
      dl;1620;[0x7fff48d22750,+8);stack;length;-|
      <-;section;merge_3;;;;20107364
      ->;section;merge_4;;;;20107364
      nw;1765;[0x7fff48d22778,+8);stack;n;-|
      nw;1766;[0x7fff48d22770,+8);stack;left;-|
      nw;1767;[0x7fff48d22768,+8);stack;right;-|
      nw;1768;[0x7fff48d22760,+8);stack;result;-|
      nw;1769;[0x7fff48d22758,+8);stack;start;-|
      nw;1770;[0x7fff48d22750,+8);stack;length;-|
      us;0;loads;[0,8);stores;
      us;1609;loads;[0,8);stores;
      us;1610;loads;[0,8);stores;
      us;1611;loads;[0,8);stores;
      us;1612;loads;[0,8);stores;
      us;1613;loads;[0,8);stores;
      us;1614;loads;[0,8);stores;
      us;1765;loads;;stores;[0,8)
      us;1766;loads;;stores;[0,8)
      us;1767;loads;;stores;[0,8)
      us;1768;loads;;stores;[0,8)
      us;1769;loads;;stores;[0,8)
      us;1770;loads;;stores;[0,8)
        ->;section;merge_3;;;;20107385
        nw;1771;[0x7fff48d22658,+8);stack;n;-|
        nw;1772;[0x7fff48d22650,+8);stack;left;-|
        nw;1773;[0x7fff48d22648,+8);stack;right;-|
        nw;1774;[0x7fff48d22640,+8);stack;result;-|
        nw;1775;[0x7fff48d22638,+8);stack;start;-|
        nw;1776;[0x7fff48d22630,+8);stack;length;-|
        us;0;loads;[0,8);stores;
        us;1765;loads;[0,8);stores;
        us;1766;loads;[0,8);stores;
        us;1767;loads;[0,8);stores;
        us;1768;loads;[0,8);stores;
        us;1769;loads;[0,8);stores;
        us;1770;loads;[0,8);stores;
        us;1771;loads;;stores;[0,8)
        us;1772;loads;;stores;[0,8)
        us;1773;loads;;stores;[0,8)
        us;1774;loads;;stores;[0,8)
        us;1775;loads;;stores;[0,8)
        us;1776;loads;;stores;[0,8)
          ->;section;merge_3;;;;20107406
          us;0;loads;[0,8);stores;
          us;12;loads;[9216,9220)[9728,9732)[9984,9988)[10112,10116)[10176,10180)[10208,10212)[10224,10784)[14336,14340)[14344,14820)[14844,14852)[15356,15364);stores;
          us;13;loads;;stores;[12288,13312)
          us;1771;loads;[0,8);stores;
          us;1772;loads;[0,8);stores;
          us;1773;loads;[0,8);stores;
          us;1774;loads;[0,8);stores;
          us;1775;loads;[0,8);stores;
          us;1776;loads;[0,8);stores;
          <-;section;merge_3;;;;20118945
          ->;section;merge_4;;;;20118945
          us;0;loads;[0,8);stores;
          us;12;loads;[10752,10756)[10776,10780)[10784,11256)[11516,11524)[14080,14084)[14464,14468)[14656,14660)[14752,14756)[14800,14804)[14812,15372);stores;
          us;13;loads;;stores;[13312,14336)
          us;1771;loads;[0,8);stores;
          us;1772;loads;[0,8);stores;
          us;1773;loads;[0,8);stores;
          us;1774;loads;[0,8);stores;
          us;1775;loads;[0,8);stores;
          us;1776;loads;[0,8);stores;
          <-;section;merge_4;;;;20130363
        dl;1771;[0x7fff48d22658,+8);stack;n;-|
        dl;1772;[0x7fff48d22650,+8);stack;left;-|
        dl;1773;[0x7fff48d22648,+8);stack;right;-|
        dl;1774;[0x7fff48d22640,+8);stack;result;-|
        dl;1775;[0x7fff48d22638,+8);stack;start;-|
        dl;1776;[0x7fff48d22630,+8);stack;length;-|
        <-;section;merge_3;;;;20130373
        ->;section;merge_4;;;;20130373
        nw;1857;[0x7fff48d22658,+8);stack;n;-|
        nw;1858;[0x7fff48d22650,+8);stack;left;-|
        nw;1859;[0x7fff48d22648,+8);stack;right;-|
        nw;1860;[0x7fff48d22640,+8);stack;result;-|
        nw;1861;[0x7fff48d22638,+8);stack;start;-|
        nw;1862;[0x7fff48d22630,+8);stack;length;-|
        us;0;loads;[0,8);stores;
        us;1765;loads;[0,8);stores;
        us;1766;loads;[0,8);stores;
        us;1767;loads;[0,8);stores;
        us;1768;loads;[0,8);stores;
        us;1769;loads;[0,8);stores;
        us;1770;loads;[0,8);stores;
        us;1857;loads;;stores;[0,8)
        us;1858;loads;;stores;[0,8)
        us;1859;loads;;stores;[0,8)
        us;1860;loads;;stores;[0,8)
        us;1861;loads;;stores;[0,8)
        us;1862;loads;;stores;[0,8)
          ->;section;merge_3;;;;20130394
          us;0;loads;[0,8);stores;
          us;12;loads;[10752,10756)[11008,11012)[11136,11140)[11200,11204)[11232,11236)[11248,11752)[15360,15364)[15368,15900);stores;
          us;13;loads;;stores;[14336,15360)
          us;1857;loads;[0,8);stores;
          us;1858;loads;[0,8);stores;
          us;1859;loads;[0,8);stores;
          us;1860;loads;[0,8);stores;
          us;1861;loads;[0,8);stores;
          us;1862;loads;[0,8);stores;
          <-;section;merge_3;;;;20141693
          ->;section;merge_4;;;;20141693
          us;0;loads;[0,8);stores;
          us;12;loads;[11520,11524)[11648,11652)[11712,11716)[11744,12288)[15872,15876)[15888,15892)[15896,16384);stores;
          us;13;loads;;stores;[15360,16384)
          us;1857;loads;[0,8);stores;
          us;1858;loads;[0,8);stores;
          us;1859;loads;[0,8);stores;
          us;1860;loads;[0,8);stores;
          us;1861;loads;[0,8);stores;
          us;1862;loads;[0,8);stores;
          <-;section;merge_4;;;;20152971
        dl;1857;[0x7fff48d22658,+8);stack;n;-|
        dl;1858;[0x7fff48d22650,+8);stack;left;-|
        dl;1859;[0x7fff48d22648,+8);stack;right;-|
        dl;1860;[0x7fff48d22640,+8);stack;result;-|
        dl;1861;[0x7fff48d22638,+8);stack;start;-|
        dl;1862;[0x7fff48d22630,+8);stack;length;-|
        <-;section;merge_4;;;;20152984
      dl;1765;[0x7fff48d22778,+8);stack;n;-|
      dl;1766;[0x7fff48d22770,+8);stack;left;-|
      dl;1767;[0x7fff48d22768,+8);stack;right;-|
      dl;1768;[0x7fff48d22760,+8);stack;result;-|
      dl;1769;[0x7fff48d22758,+8);stack;start;-|
      dl;1770;[0x7fff48d22750,+8);stack;length;-|
      <-;section;merge_4;;;;20152997
    dl;1609;[0x7fff48d22898,+8);stack;n;-|
    dl;1610;[0x7fff48d22890,+8);stack;left;-|
    dl;1611;[0x7fff48d22888,+8);stack;right;-|
    dl;1612;[0x7fff48d22880,+8);stack;result;-|
    dl;1613;[0x7fff48d22878,+8);stack;start;-|
    dl;1614;[0x7fff48d22870,+8);stack;length;-|
    <-;section;merge_1;;;;20153017
    ->;section;merge_2;;;;20153017
    nw;1937;[0x7fff48d22898,+8);stack;n;-|
    nw;1938;[0x7fff48d22890,+8);stack;left;-|
    nw;1939;[0x7fff48d22888,+8);stack;right;-|
    nw;1940;[0x7fff48d22880,+8);stack;result;-|
    nw;1941;[0x7fff48d22878,+8);stack;start;-|
    nw;1942;[0x7fff48d22870,+8);stack;length;-|
    us;0;loads;[0,8);stores;
    us;20;loads;[0,8);stores;
    us;21;loads;[0,8);stores;
    us;22;loads;[0,8);stores;
    us;1937;loads;;stores;[0,8)
    us;1938;loads;;stores;[0,8)
    us;1939;loads;;stores;[0,8)
    us;1940;loads;;stores;[0,8)
    us;1941;loads;;stores;[0,8)
    us;1942;loads;;stores;[0,8)
      ->;section;merge_3;;;;20153038
      nw;1943;[0x7fff48d22778,+8);stack;n;-|
      nw;1944;[0x7fff48d22770,+8);stack;left;-|
      nw;1945;[0x7fff48d22768,+8);stack;right;-|
      nw;1946;[0x7fff48d22760,+8);stack;result;-|
      nw;1947;[0x7fff48d22758,+8);stack;start;-|
      nw;1948;[0x7fff48d22750,+8);stack;length;-|
      us;0;loads;[0,8);stores;
      us;1937;loads;[0,8);stores;
      us;1938;loads;[0,8);stores;
      us;1939;loads;[0,8);stores;
      us;1940;loads;[0,8);stores;
      us;1941;loads;[0,8);stores;
      us;1942;loads;[0,8);stores;
      us;1943;loads;;stores;[0,8)
      us;1944;loads;;stores;[0,8)
      us;1945;loads;;stores;[0,8)
      us;1946;loads;;stores;[0,8)
      us;1947;loads;;stores;[0,8)
      us;1948;loads;;stores;[0,8)
        ->;section;merge_3;;;;20153059
        nw;1949;[0x7fff48d22658,+8);stack;n;-|
        nw;1950;[0x7fff48d22650,+8);stack;left;-|
        nw;1951;[0x7fff48d22648,+8);stack;right;-|
        nw;1952;[0x7fff48d22640,+8);stack;result;-|
        nw;1953;[0x7fff48d22638,+8);stack;start;-|
        nw;1954;[0x7fff48d22630,+8);stack;length;-|
        us;0;loads;[0,8);stores;
        us;1943;loads;[0,8);stores;
        us;1944;loads;[0,8);stores;
        us;1945;loads;[0,8);stores;
        us;1946;loads;[0,8);stores;
        us;1947;loads;[0,8);stores;
        us;1948;loads;[0,8);stores;
        us;1949;loads;;stores;[0,8)
        us;1950;loads;;stores;[0,8)
        us;1951;loads;;stores;[0,8)
        us;1952;loads;;stores;[0,8)
        us;1953;loads;;stores;[0,8)
        us;1954;loads;;stores;[0,8)
          ->;section;merge_3;;;;20153080
          nw;1955;[0x7fff48d22538,+8);stack;n;-|
          nw;1956;[0x7fff48d22530,+8);stack;left;-|
          nw;1957;[0x7fff48d22528,+8);stack;right;-|
          nw;1958;[0x7fff48d22520,+8);stack;result;-|
          nw;1959;[0x7fff48d22518,+8);stack;start;-|
          nw;1960;[0x7fff48d22510,+8);stack;length;-|
          us;0;loads;[0,8);stores;
          us;1949;loads;[0,8);stores;
          us;1950;loads;[0,8);stores;
          us;1951;loads;[0,8);stores;
          us;1952;loads;[0,8);stores;
          us;1953;loads;[0,8);stores;
          us;1954;loads;[0,8);stores;
          us;1955;loads;;stores;[0,8)
          us;1956;loads;;stores;[0,8)
          us;1957;loads;;stores;[0,8)
          us;1958;loads;;stores;[0,8)
          us;1959;loads;;stores;[0,8)
          us;1960;loads;;stores;[0,8)
            ->;section;merge_3;;;;20153101
            us;0;loads;[0,8);stores;
            us;12;loads;;stores;[0,1024)
            us;13;loads;[0,508)[8192,8712);stores;
            us;1955;loads;[0,8);stores;
            us;1956;loads;[0,8);stores;
            us;1957;loads;[0,8);stores;
            us;1958;loads;[0,8);stores;
            us;1959;loads;[0,8);stores;
            us;1960;loads;[0,8);stores;
            <-;section;merge_3;;;;20163433
            ->;section;merge_4;;;;20163433
            us;0;loads;[0,8);stores;
            us;12;loads;;stores;[1024,2048)
            us;13;loads;[256,260)[384,388)[448,452)[480,484)[496,500)[504,1008)[8704,9236);stores;
            us;1955;loads;[0,8);stores;
            us;1956;loads;[0,8);stores;
            us;1957;loads;[0,8);stores;
            us;1958;loads;[0,8);stores;
            us;1959;loads;[0,8);stores;
            us;1960;loads;[0,8);stores;
            <-;section;merge_4;;;;20174601
          dl;1955;[0x7fff48d22538,+8);stack;n;-|
          dl;1956;[0x7fff48d22530,+8);stack;left;-|
          dl;1957;[0x7fff48d22528,+8);stack;right;-|
          dl;1958;[0x7fff48d22520,+8);stack;result;-|
          dl;1959;[0x7fff48d22518,+8);stack;start;-|
          dl;1960;[0x7fff48d22510,+8);stack;length;-|
          <-;section;merge_3;;;;20174611
          ->;section;merge_4;;;;20174611
          nw;2017;[0x7fff48d22538,+8);stack;n;-|
          nw;2018;[0x7fff48d22530,+8);stack;left;-|
          nw;2019;[0x7fff48d22528,+8);stack;right;-|
          nw;2020;[0x7fff48d22520,+8);stack;result;-|
          nw;2021;[0x7fff48d22518,+8);stack;start;-|
          nw;2022;[0x7fff48d22510,+8);stack;length;-|
          us;0;loads;[0,8);stores;
          us;1949;loads;[0,8);stores;
          us;1950;loads;[0,8);stores;
          us;1951;loads;[0,8);stores;
          us;1952;loads;[0,8);stores;
          us;1953;loads;[0,8);stores;
          us;1954;loads;[0,8);stores;
          us;2017;loads;;stores;[0,8)
          us;2018;loads;;stores;[0,8)
          us;2019;loads;;stores;[0,8)
          us;2020;loads;;stores;[0,8)
          us;2021;loads;;stores;[0,8)
          us;2022;loads;;stores;[0,8)
            ->;section;merge_3;;;;20174632
            us;0;loads;[0,8);stores;
            us;12;loads;;stores;[2048,3072)
            us;13;loads;[512,516)[768,772)[896,900)[960,964)[992,996)[1004,1528)[9216,9220)[9232,9740);stores;
            us;2017;loads;[0,8);stores;
            us;2018;loads;[0,8);stores;
            us;2019;loads;[0,8);stores;
            us;2020;loads;[0,8);stores;
            us;2021;loads;[0,8);stores;
            us;2022;loads;[0,8);stores;
            <-;section;merge_3;;;;20185807
            ->;section;merge_4;;;;20185807
            us;0;loads;[0,8);stores;
            us;12;loads;;stores;[3072,4096)
            us;13;loads;[768,772)[1152,1156)[1344,1348)[1440,1444)[1488,1492)[1512,1516)[1520,2040)[9728,9732)[9740,10252)[10492,10500);stores;
            us;2017;loads;[0,8);stores;
            us;2018;loads;[0,8);stores;
            us;2019;loads;[0,8);stores;
            us;2020;loads;[0,8);stores;
            us;2021;loads;[0,8);stores;
            us;2022;loads;[0,8);stores;
            <-;section;merge_4;;;;20197109
          dl;2017;[0x7fff48d22538,+8);stack;n;-|
          dl;2018;[0x7fff48d22530,+8);stack;left;-|
          dl;2019;[0x7fff48d22528,+8);stack;right;-|
          dl;2020;[0x7fff48d22520,+8);stack;result;-|
          dl;2021;[0x7fff48d22518,+8);stack;start;-|
          dl;2022;[0x7fff48d22510,+8);stack;length;-|
          <-;section;merge_4;;;;20197122
        dl;1949;[0x7fff48d22658,+8);stack;n;-|
        dl;1950;[0x7fff48d22650,+8);stack;left;-|
        dl;1951;[0x7fff48d22648,+8);stack;right;-|
        dl;1952;[0x7fff48d22640,+8);stack;result;-|
        dl;1953;[0x7fff48d22638,+8);stack;start;-|
        dl;1954;[0x7fff48d22630,+8);stack;length;-|
        <-;section;merge_3;;;;20197132
        ->;section;merge_4;;;;20197132
        nw;2095;[0x7fff48d22658,+8);stack;n;-|
        nw;2096;[0x7fff48d22650,+8);stack;left;-|
        nw;2097;[0x7fff48d22648,+8);stack;right;-|
        nw;2098;[0x7fff48d22640,+8);stack;result;-|
        nw;2099;[0x7fff48d22638,+8);stack;start;-|
        nw;2100;[0x7fff48d22630,+8);stack;length;-|
        us;0;loads;[0,8);stores;
        us;1943;loads;[0,8);stores;
        us;1944;loads;[0,8);stores;
        us;1945;loads;[0,8);stores;
        us;1946;loads;[0,8);stores;
        us;1947;loads;[0,8);stores;
        us;1948;loads;[0,8);stores;
        us;2095;loads;;stores;[0,8)
        us;2096;loads;;stores;[0,8)
        us;2097;loads;;stores;[0,8)
        us;2098;loads;;stores;[0,8)
        us;2099;loads;;stores;[0,8)
        us;2100;loads;;stores;[0,8)
          ->;section;merge_3;;;;20197153
          nw;2101;[0x7fff48d22538,+8);stack;n;-|
          nw;2102;[0x7fff48d22530,+8);stack;left;-|
          nw;2103;[0x7fff48d22528,+8);stack;right;-|
          nw;2104;[0x7fff48d22520,+8);stack;result;-|
          nw;2105;[0x7fff48d22518,+8);stack;start;-|
          nw;2106;[0x7fff48d22510,+8);stack;length;-|
          us;0;loads;[0,8);stores;
          us;2095;loads;[0,8);stores;
          us;2096;loads;[0,8);stores;
          us;2097;loads;[0,8);stores;
          us;2098;loads;[0,8);stores;
          us;2099;loads;[0,8);stores;
          us;2100;loads;[0,8);stores;
          us;2101;loads;;stores;[0,8)
          us;2102;loads;;stores;[0,8)
          us;2103;loads;;stores;[0,8)
          us;2104;loads;;stores;[0,8)
          us;2105;loads;;stores;[0,8)
          us;2106;loads;;stores;[0,8)
            ->;section;merge_3;;;;20197174
            us;0;loads;[0,8);stores;
            us;12;loads;;stores;[4096,5120)
            us;13;loads;[1024,1028)[1536,1540)[1792,1796)[1920,1924)[1984,1988)[2016,2020)[2032,2560)[10240,10244)[10248,10756)[11260,11268);stores;
            us;2101;loads;[0,8);stores;
            us;2102;loads;[0,8);stores;
            us;2103;loads;[0,8);stores;
            us;2104;loads;[0,8);stores;
            us;2105;loads;[0,8);stores;
            us;2106;loads;[0,8);stores;
            <-;section;merge_3;;;;20208723
            ->;section;merge_4;;;;20208723
            us;0;loads;[0,8);stores;
            us;12;loads;;stores;[5120,6144)
            us;13;loads;[1280,1284)[1920,1924)[2240,2244)[2400,2404)[2480,2484)[2520,2524)[2540,2544)[2548,3112)[10752,11228)[11388,11396)[12028,12036);stores;
            us;2101;loads;[0,8);stores;
            us;2102;loads;[0,8);stores;
            us;2103;loads;[0,8);stores;
            us;2104;loads;[0,8);stores;
            us;2105;loads;[0,8);stores;
            us;2106;loads;[0,8);stores;
            <-;section;merge_4;;;;20220391
          dl;2101;[0x7fff48d22538,+8);stack;n;-|
          dl;2102;[0x7fff48d22530,+8);stack;left;-|
          dl;2103;[0x7fff48d22528,+8);stack;right;-|
          dl;2104;[0x7fff48d22520,+8);stack;result;-|
          dl;2105;[0x7fff48d22518,+8);stack;start;-|
          dl;2106;[0x7fff48d22510,+8);stack;length;-|
          <-;section;merge_3;;;;20220401
          ->;section;merge_4;;;;20220401
          nw;2191;[0x7fff48d22538,+8);stack;n;-|
          nw;2192;[0x7fff48d22530,+8);stack;left;-|
          nw;2193;[0x7fff48d22528,+8);stack;right;-|
          nw;2194;[0x7fff48d22520,+8);stack;result;-|
          nw;2195;[0x7fff48d22518,+8);stack;start;-|
          nw;2196;[0x7fff48d22510,+8);stack;length;-|
          us;0;loads;[0,8);stores;
          us;2095;loads;[0,8);stores;
          us;2096;loads;[0,8);stores;
          us;2097;loads;[0,8);stores;
          us;2098;loads;[0,8);stores;
          us;2099;loads;[0,8);stores;
          us;2100;loads;[0,8);stores;
          us;2191;loads;;stores;[0,8)
          us;2192;loads;;stores;[0,8)
          us;2193;loads;;stores;[0,8)
          us;2194;loads;;stores;[0,8)
          us;2195;loads;;stores;[0,8)
          us;2196;loads;;stores;[0,8)
            ->;section;merge_3;;;;20220422
            us;0;loads;[0,8);stores;
            us;12;loads;;stores;[6144,7168)
            us;13;loads;[3072,3076)[3096,3100)[3108,3652)[3836,3844)[4604,4612)[9728,9732)[10496,10500)[10880,10884)[11072,11076)[11168,11172)[11216,11220)[11224,11712);stores;
            us;2191;loads;[0,8);stores;
            us;2192;loads;[0,8);stores;
            us;2193;loads;[0,8);stores;
            us;2194;loads;[0,8);stores;
            us;2195;loads;[0,8);stores;
            us;2196;loads;[0,8);stores;
            <-;section;merge_3;;;;20231835
            ->;section;merge_4;;;;20231835
            us;0;loads;[0,8);stores;
            us;12;loads;;stores;[7168,8192)
            us;13;loads;[3584,3588)[3640,4160)[4476,4484)[5372,5380)[9984,9988)[10880,10884)[11328,11332)[11552,11556)[11664,11668)[11692,11696)[11704,12228);stores;
            us;2191;loads;[0,8);stores;
            us;2192;loads;[0,8);stores;
            us;2193;loads;[0,8);stores;
            us;2194;loads;[0,8);stores;
            us;2195;loads;[0,8);stores;
            us;2196;loads;[0,8);stores;
            <-;section;merge_4;;;;20243513
          dl;2191;[0x7fff48d22538,+8);stack;n;-|
          dl;2192;[0x7fff48d22530,+8);stack;left;-|
          dl;2193;[0x7fff48d22528,+8);stack;right;-|
          dl;2194;[0x7fff48d22520,+8);stack;result;-|
          dl;2195;[0x7fff48d22518,+8);stack;start;-|
          dl;2196;[0x7fff48d22510,+8);stack;length;-|
          <-;section;merge_4;;;;20243526
        dl;2095;[0x7fff48d22658,+8);stack;n;-|
        dl;2096;[0x7fff48d22650,+8);stack;left;-|
        dl;2097;[0x7fff48d22648,+8);stack;right;-|
        dl;2098;[0x7fff48d22640,+8);stack;result;-|
        dl;2099;[0x7fff48d22638,+8);stack;start;-|
        dl;2100;[0x7fff48d22630,+8);stack;length;-|
        <-;section;merge_4;;;;20243539
      dl;1943;[0x7fff48d22778,+8);stack;n;-|
      dl;1944;[0x7fff48d22770,+8);stack;left;-|
      dl;1945;[0x7fff48d22768,+8);stack;right;-|
      dl;1946;[0x7fff48d22760,+8);stack;result;-|
      dl;1947;[0x7fff48d22758,+8);stack;start;-|
      dl;1948;[0x7fff48d22750,+8);stack;length;-|
      <-;section;merge_3;;;;20243549
      ->;section;merge_4;;;;20243549
      nw;2279;[0x7fff48d22778,+8);stack;n;-|
      nw;2280;[0x7fff48d22770,+8);stack;left;-|
      nw;2281;[0x7fff48d22768,+8);stack;right;-|
      nw;2282;[0x7fff48d22760,+8);stack;result;-|
      nw;2283;[0x7fff48d22758,+8);stack;start;-|
      nw;2284;[0x7fff48d22750,+8);stack;length;-|
      us;0;loads;[0,8);stores;
      us;1937;loads;[0,8);stores;
      us;1938;loads;[0,8);stores;
      us;1939;loads;[0,8);stores;
      us;1940;loads;[0,8);stores;
      us;1941;loads;[0,8);stores;
      us;1942;loads;[0,8);stores;
      us;2279;loads;;stores;[0,8)
      us;2280;loads;;stores;[0,8)
      us;2281;loads;;stores;[0,8)
      us;2282;loads;;stores;[0,8)
      us;2283;loads;;stores;[0,8)
      us;2284;loads;;stores;[0,8)
        ->;section;merge_3;;;;20243570
        nw;2285;[0x7fff48d22658,+8);stack;n;-|
        nw;2286;[0x7fff48d22650,+8);stack;left;-|
        nw;2287;[0x7fff48d22648,+8);stack;right;-|
        nw;2288;[0x7fff48d22640,+8);stack;result;-|
        nw;2289;[0x7fff48d22638,+8);stack;start;-|
        nw;2290;[0x7fff48d22630,+8);stack;length;-|
        us;0;loads;[0,8);stores;
        us;2279;loads;[0,8);stores;
        us;2280;loads;[0,8);stores;
        us;2281;loads;[0,8);stores;
        us;2282;loads;[0,8);stores;
        us;2283;loads;[0,8);stores;
        us;2284;loads;[0,8);stores;
        us;2285;loads;;stores;[0,8)
        us;2286;loads;;stores;[0,8)
        us;2287;loads;;stores;[0,8)
        us;2288;loads;;stores;[0,8)
        us;2289;loads;;stores;[0,8)
        us;2290;loads;;stores;[0,8)
          ->;section;merge_3;;;;20243591
          nw;2291;[0x7fff48d22538,+8);stack;n;-|
          nw;2292;[0x7fff48d22530,+8);stack;left;-|
          nw;2293;[0x7fff48d22528,+8);stack;right;-|
          nw;2294;[0x7fff48d22520,+8);stack;result;-|
          nw;2295;[0x7fff48d22518,+8);stack;start;-|
          nw;2296;[0x7fff48d22510,+8);stack;length;-|
          us;0;loads;[0,8);stores;
          us;2285;loads;[0,8);stores;
          us;2286;loads;[0,8);stores;
          us;2287;loads;[0,8);stores;
          us;2288;loads;[0,8);stores;
          us;2289;loads;[0,8);stores;
          us;2290;loads;[0,8);stores;
          us;2291;loads;;stores;[0,8)
          us;2292;loads;;stores;[0,8)
          us;2293;loads;;stores;[0,8)
          us;2294;loads;;stores;[0,8)
          us;2295;loads;;stores;[0,8)
          us;2296;loads;;stores;[0,8)
            ->;section;merge_3;;;;20243612
            us;0;loads;[0,8);stores;
            us;12;loads;;stores;[8192,9216)
            us;13;loads;[4096,4100)[4156,4676)[5116,5124)[6140,6148)[10240,10244)[11264,11268)[11776,11780)[12032,12036)[12160,12164)[12224,12736);stores;
            us;2291;loads;[0,8);stores;
            us;2292;loads;[0,8);stores;
            us;2293;loads;[0,8);stores;
            us;2294;loads;[0,8);stores;
            us;2295;loads;[0,8);stores;
            us;2296;loads;[0,8);stores;
            <-;section;merge_3;;;;20254787
            ->;section;merge_4;;;;20254787
            us;0;loads;[0,8);stores;
            us;12;loads;;stores;[9216,10240)
            us;13;loads;[4608,4612)[4664,4668)[4672,5200)[5500,5508)[6396,6404)[11008,11012)[11904,11908)[12352,12356)[12576,12580)[12688,12692)[12716,12720)[12728,13236);stores;
            us;2291;loads;[0,8);stores;
            us;2292;loads;[0,8);stores;
            us;2293;loads;[0,8);stores;
            us;2294;loads;[0,8);stores;
            us;2295;loads;[0,8);stores;
            us;2296;loads;[0,8);stores;
            <-;section;merge_4;;;;20266339
          dl;2291;[0x7fff48d22538,+8);stack;n;-|
          dl;2292;[0x7fff48d22530,+8);stack;left;-|
          dl;2293;[0x7fff48d22528,+8);stack;right;-|
          dl;2294;[0x7fff48d22520,+8);stack;result;-|
          dl;2295;[0x7fff48d22518,+8);stack;start;-|
          dl;2296;[0x7fff48d22510,+8);stack;length;-|
          <-;section;merge_3;;;;20266349
          ->;section;merge_4;;;;20266349
          nw;2373;[0x7fff48d22538,+8);stack;n;-|
          nw;2374;[0x7fff48d22530,+8);stack;left;-|
          nw;2375;[0x7fff48d22528,+8);stack;right;-|
          nw;2376;[0x7fff48d22520,+8);stack;result;-|
          nw;2377;[0x7fff48d22518,+8);stack;start;-|
          nw;2378;[0x7fff48d22510,+8);stack;length;-|
          us;0;loads;[0,8);stores;
          us;2285;loads;[0,8);stores;
          us;2286;loads;[0,8);stores;
          us;2287;loads;[0,8);stores;
          us;2288;loads;[0,8);stores;
          us;2289;loads;[0,8);stores;
          us;2290;loads;[0,8);stores;
          us;2373;loads;;stores;[0,8)
          us;2374;loads;;stores;[0,8)
          us;2375;loads;;stores;[0,8)
          us;2376;loads;;stores;[0,8)
          us;2377;loads;;stores;[0,8)
          us;2378;loads;;stores;[0,8)
            ->;section;merge_3;;;;20266370
            us;0;loads;[0,8);stores;
            us;12;loads;;stores;[10240,11264)
            us;13;loads;[5120,5124)[5168,5172)[5192,5196)[5200,5704)[5884,5892)[6652,6660)[11776,11780)[12544,12548)[12928,12932)[13120,13124)[13216,13220)[13228,13756);stores;
            us;2373;loads;[0,8);stores;
            us;2374;loads;[0,8);stores;
            us;2375;loads;[0,8);stores;
            us;2376;loads;[0,8);stores;
            us;2377;loads;[0,8);stores;
            us;2378;loads;[0,8);stores;
            <-;section;merge_3;;;;20277909
            ->;section;merge_4;;;;20277909
            us;0;loads;[0,8);stores;
            us;12;loads;;stores;[11264,12288)
            us;13;loads;[5632,5636)[5672,5676)[5692,5696)[5700,6212)[6268,6276)[6908,6916)[12544,12548)[13184,13188)[13504,13508)[13664,13668)[13744,13748)[13752,14272);stores;
            us;2373;loads;[0,8);stores;
            us;2374;loads;[0,8);stores;
            us;2375;loads;[0,8);stores;
            us;2376;loads;[0,8);stores;
            us;2377;loads;[0,8);stores;
            us;2378;loads;[0,8);stores;
            <-;section;merge_4;;;;20289325
          dl;2373;[0x7fff48d22538,+8);stack;n;-|
          dl;2374;[0x7fff48d22530,+8);stack;left;-|
          dl;2375;[0x7fff48d22528,+8);stack;right;-|
          dl;2376;[0x7fff48d22520,+8);stack;result;-|
          dl;2377;[0x7fff48d22518,+8);stack;start;-|
          dl;2378;[0x7fff48d22510,+8);stack;length;-|
          <-;section;merge_4;;;;20289338
        dl;2285;[0x7fff48d22658,+8);stack;n;-|
        dl;2286;[0x7fff48d22650,+8);stack;left;-|
        dl;2287;[0x7fff48d22648,+8);stack;right;-|
        dl;2288;[0x7fff48d22640,+8);stack;result;-|
        dl;2289;[0x7fff48d22638,+8);stack;start;-|
        dl;2290;[0x7fff48d22630,+8);stack;length;-|
        <-;section;merge_3;;;;20289348
        ->;section;merge_4;;;;20289348
        nw;2459;[0x7fff48d22658,+8);stack;n;-|
        nw;2460;[0x7fff48d22650,+8);stack;left;-|
        nw;2461;[0x7fff48d22648,+8);stack;right;-|
        nw;2462;[0x7fff48d22640,+8);stack;result;-|
        nw;2463;[0x7fff48d22638,+8);stack;start;-|
        nw;2464;[0x7fff48d22630,+8);stack;length;-|
        us;0;loads;[0,8);stores;
        us;2279;loads;[0,8);stores;
        us;2280;loads;[0,8);stores;
        us;2281;loads;[0,8);stores;
        us;2282;loads;[0,8);stores;
        us;2283;loads;[0,8);stores;
        us;2284;loads;[0,8);stores;
        us;2459;loads;;stores;[0,8)
        us;2460;loads;;stores;[0,8)
        us;2461;loads;;stores;[0,8)
        us;2462;loads;;stores;[0,8)
        us;2463;loads;;stores;[0,8)
        us;2464;loads;;stores;[0,8)
          ->;section;merge_3;;;;20289369
          nw;2465;[0x7fff48d22538,+8);stack;n;-|
          nw;2466;[0x7fff48d22530,+8);stack;left;-|
          nw;2467;[0x7fff48d22528,+8);stack;right;-|
          nw;2468;[0x7fff48d22520,+8);stack;result;-|
          nw;2469;[0x7fff48d22518,+8);stack;start;-|
          nw;2470;[0x7fff48d22510,+8);stack;length;-|
          us;0;loads;[0,8);stores;
          us;2459;loads;[0,8);stores;
          us;2460;loads;[0,8);stores;
          us;2461;loads;[0,8);stores;
          us;2462;loads;[0,8);stores;
          us;2463;loads;[0,8);stores;
          us;2464;loads;[0,8);stores;
          us;2465;loads;;stores;[0,8)
          us;2466;loads;;stores;[0,8)
          us;2467;loads;;stores;[0,8)
          us;2468;loads;;stores;[0,8)
          us;2469;loads;;stores;[0,8)
          us;2470;loads;;stores;[0,8)
            ->;section;merge_3;;;;20289390
            us;0;loads;[0,8);stores;
            us;12;loads;;stores;[12288,13312)
            us;13;loads;[6144,6148)[6208,6708)[7164,7172)[13312,13316)[13824,13828)[14080,14084)[14208,14212)[14268,14800);stores;
            us;2465;loads;[0,8);stores;
            us;2466;loads;[0,8);stores;
            us;2467;loads;[0,8);stores;
            us;2468;loads;[0,8);stores;
            us;2469;loads;[0,8);stores;
            us;2470;loads;[0,8);stores;
            <-;section;merge_3;;;;20300431
            ->;section;merge_4;;;;20300431
            us;0;loads;[0,8);stores;
            us;12;loads;;stores;[13312,14336)
            us;13;loads;[6656,6660)[6704,7188)[7420,7428)[14080,14084)[14464,14468)[14656,14660)[14752,14756)[14776,14780)[14788,15344);stores;
            us;2465;loads;[0,8);stores;
            us;2466;loads;[0,8);stores;
            us;2467;loads;[0,8);stores;
            us;2468;loads;[0,8);stores;
            us;2469;loads;[0,8);stores;
            us;2470;loads;[0,8);stores;
            <-;section;merge_4;;;;20311975
          dl;2465;[0x7fff48d22538,+8);stack;n;-|
          dl;2466;[0x7fff48d22530,+8);stack;left;-|
          dl;2467;[0x7fff48d22528,+8);stack;right;-|
          dl;2468;[0x7fff48d22520,+8);stack;result;-|
          dl;2469;[0x7fff48d22518,+8);stack;start;-|
          dl;2470;[0x7fff48d22510,+8);stack;length;-|
          <-;section;merge_3;;;;20311985
          ->;section;merge_4;;;;20311985
          nw;2545;[0x7fff48d22538,+8);stack;n;-|
          nw;2546;[0x7fff48d22530,+8);stack;left;-|
          nw;2547;[0x7fff48d22528,+8);stack;right;-|
          nw;2548;[0x7fff48d22520,+8);stack;result;-|
          nw;2549;[0x7fff48d22518,+8);stack;start;-|
          nw;2550;[0x7fff48d22510,+8);stack;length;-|
          us;0;loads;[0,8);stores;
          us;2459;loads;[0,8);stores;
          us;2460;loads;[0,8);stores;
          us;2461;loads;[0,8);stores;
          us;2462;loads;[0,8);stores;
          us;2463;loads;[0,8);stores;
          us;2464;loads;[0,8);stores;
          us;2545;loads;;stores;[0,8)
          us;2546;loads;;stores;[0,8)
          us;2547;loads;;stores;[0,8)
          us;2548;loads;;stores;[0,8)
          us;2549;loads;;stores;[0,8)
          us;2550;loads;;stores;[0,8)
            ->;section;merge_3;;;;20312006
            us;0;loads;[0,8);stores;
            us;12;loads;;stores;[14336,15360)
            us;13;loads;[7168,7172)[7184,7672)[7676,7684)[14848,14852)[15104,15108)[15232,15236)[15296,15300)[15328,15332)[15340,15884);stores;
            us;2545;loads;[0,8);stores;
            us;2546;loads;[0,8);stores;
            us;2547;loads;[0,8);stores;
            us;2548;loads;[0,8);stores;
            us;2549;loads;[0,8);stores;
            us;2550;loads;[0,8);stores;
            <-;section;merge_3;;;;20323171
            ->;section;merge_4;;;;20323171
            us;0;loads;[0,8);stores;
            us;12;loads;;stores;[15360,16384)
            us;13;loads;[7424,7428)[7552,7556)[7616,7620)[7648,7652)[7664,7668)[7672,8192)[15872,16384);stores;
            us;2545;loads;[0,8);stores;
            us;2546;loads;[0,8);stores;
            us;2547;loads;[0,8);stores;
            us;2548;loads;[0,8);stores;
            us;2549;loads;[0,8);stores;
            us;2550;loads;[0,8);stores;
            <-;section;merge_4;;;;20334328
          dl;2545;[0x7fff48d22538,+8);stack;n;-|
          dl;2546;[0x7fff48d22530,+8);stack;left;-|
          dl;2547;[0x7fff48d22528,+8);stack;right;-|
          dl;2548;[0x7fff48d22520,+8);stack;result;-|
          dl;2549;[0x7fff48d22518,+8);stack;start;-|
          dl;2550;[0x7fff48d22510,+8);stack;length;-|
          <-;section;merge_4;;;;20334341
        dl;2459;[0x7fff48d22658,+8);stack;n;-|
        dl;2460;[0x7fff48d22650,+8);stack;left;-|
        dl;2461;[0x7fff48d22648,+8);stack;right;-|
        dl;2462;[0x7fff48d22640,+8);stack;result;-|
        dl;2463;[0x7fff48d22638,+8);stack;start;-|
        dl;2464;[0x7fff48d22630,+8);stack;length;-|
        <-;section;merge_4;;;;20334354
      dl;2279;[0x7fff48d22778,+8);stack;n;-|
      dl;2280;[0x7fff48d22770,+8);stack;left;-|
      dl;2281;[0x7fff48d22768,+8);stack;right;-|
      dl;2282;[0x7fff48d22760,+8);stack;result;-|
      dl;2283;[0x7fff48d22758,+8);stack;start;-|
      dl;2284;[0x7fff48d22750,+8);stack;length;-|
      <-;section;merge_4;;;;20334367
    dl;1937;[0x7fff48d22898,+8);stack;n;-|
    dl;1938;[0x7fff48d22890,+8);stack;left;-|
    dl;1939;[0x7fff48d22888,+8);stack;right;-|
    dl;1940;[0x7fff48d22880,+8);stack;result;-|
    dl;1941;[0x7fff48d22878,+8);stack;start;-|
    dl;1942;[0x7fff48d22870,+8);stack;length;-|
    <-;section;merge_2;;;;20334381
  dl;20;[0x7fff48d22a88,+8);stack;n;-|
  dl;21;[0x7fff48d22a80,+8);stack;data;-|
  dl;22;[0x7fff48d22a78,+8);stack;tmp;-|
  <-;section;Tareador_Main;;;;20334421
dl;7;[0x7fff48d22b1c,+4);stack;unknown_name;-|
dl;8;[0x7fff48d22b18,+4);stack;argc;-|
dl;9;[0x7fff48d22b10,+8);stack;argv;-|
dl;10;[0x7fff48d22b08,+8);stack;data;-|
dl;11;[0x7fff48d22b00,+8);stack;tmp;-|
<-;section;tareador_instrumented_section;;;;20334421
