->;section;tareador_instrumented_section;;;;0
nw;0;[0x7ffed93e38bd,+16);stack;argv[0];-|
nw;1;[0x7ffed93e38cd,+10);stack;argv[1];-|
nw;2;[0x7ffed93e240c,+4);stack;unknown_name;-|
nw;3;[0x7ffed93e2408,+4);stack;argc;-|
nw;4;[0x7ffed93e2400,+8);stack;argv;-|
nw;5;[0x7ffed93e23fc,+4);stack;iter;-|
nw;6;[0x7ffed93e23f0,+8);stack;infile;-|
nw;7;[0x7ffed93e23e8,+8);stack;resfile;-|
nw;8;[0x7ffed93e23e0,+8);stack;resfilename;-|
nw;9;[0x7ffed93e23a8,+56);stack;param;-|
nw;10;[0x7ffed93e23a4,+4);stack;np;-|
nw;11;[0x7ffed93e2398,+8);stack;runtime;-|
nw;12;[0x7ffed93e2390,+8);stack;flop;-|
nw;13;[0x7ffed93e2388,+8);stack;residual;-|
nw;21;[0xc34990,+32);heap;uncast(llvm_internal);;main;read_input;/scratch/nas/1/par2312/labs/lab5/misc.c;286;-|
nw;35;[0xc006a0,+288);heap;uncast(llvm_internal);;main;initialize;/scratch/nas/1/par2312/labs/lab5/misc.c;37;-|
nw;36;[0xc38f70,+288);heap;uncast(llvm_internal);;main;initialize;/scratch/nas/1/par2312/labs/lab5/misc.c;38;-|
nw;37;[0xc39160,+288);heap;uncast(llvm_internal);;main;initialize;/scratch/nas/1/par2312/labs/lab5/misc.c;39;-|
  ->;section;Tareador_Main;;;;0
  us;5;loads;;stores;[0,4)
  us;9;loads;[8,12);stores;
  us;11;loads;;stores;[0,8)
    ->;section;relax_gauss;;;;22
    nw;40;[0x00000000,+8);register;__tareadorNamerelax_gauss_retVal;-|
    nw;41;[0x7ffed93e2238,+8);stack;u;-|
    nw;42;[0x7ffed93e2234,+4);stack;sizex;-|
    nw;43;[0x7ffed93e2230,+4);stack;sizey;-|
    nw;44;[0x7ffed93e2228,+8);stack;unew;-|
    nw;45;[0x7ffed93e2220,+8);stack;diff;-|
    nw;46;[0x7ffed93e2218,+8);stack;sum;-|
    nw;47;[0x7ffed93e2214,+4);stack;howmany;-|
    nw;48;[0x7ffed93e2210,+4);stack;blockid;-|
    nw;49;[0x7ffed93e220c,+4);stack;i_start;-|
    nw;50;[0x7ffed93e2208,+4);stack;i_end;-|
    nw;51;[0x7ffed93e2204,+4);stack;i;-|
    nw;52;[0x7ffed93e2200,+4);stack;j;-|
    us;9;loads;[16,24);stores;
    us;10;loads;[0,4);stores;
    us;41;loads;;stores;[0,8)
    us;42;loads;;stores;[0,4)
    us;43;loads;;stores;[0,4)
    us;46;loads;;stores;[0,8)
    us;47;loads;;stores;[0,4)
    us;48;loads;;stores;[0,4)
    us;49;loads;;stores;[0,4)
    us;50;loads;;stores;[0,4)
    us;51;loads;;stores;[0,4)
    us;52;loads;;stores;[0,4)
      ->;section;inner_loop_gauss;;;;119
      us;35;loads;[8,16)[48,72)[104,112);stores;[56,64)
      us;41;loads;[0,8);stores;
      us;43;loads;[0,4);stores;
      us;44;loads;;stores;[0,8)
      us;45;loads;;stores;[0,8)
      us;51;loads;[0,4);stores;
      us;52;loads;[0,4);stores;
      <-;section;inner_loop_gauss;;;;194
    us;43;loads;[0,4);stores;
    us;52;loads;[0,4);stores;[0,4)
      ->;section;inner_loop_gauss;;;;204
      us;35;loads;[16,24)[56,80)[112,120);stores;[64,72)
      us;41;loads;[0,8);stores;
      us;43;loads;[0,4);stores;
      us;44;loads;;stores;[0,8)
      us;45;loads;;stores;[0,8)
      us;51;loads;[0,4);stores;
      us;52;loads;[0,4);stores;
      <-;section;inner_loop_gauss;;;;279
    us;43;loads;[0,4);stores;
    us;52;loads;[0,4);stores;[0,4)
      ->;section;inner_loop_gauss;;;;289
      us;35;loads;[24,32)[64,88)[120,128);stores;[72,80)
      us;41;loads;[0,8);stores;
      us;43;loads;[0,4);stores;
      us;44;loads;;stores;[0,8)
      us;45;loads;;stores;[0,8)
      us;51;loads;[0,4);stores;
      us;52;loads;[0,4);stores;
      <-;section;inner_loop_gauss;;;;364
    us;43;loads;[0,4);stores;
    us;52;loads;[0,4);stores;[0,4)
      ->;section;inner_loop_gauss;;;;374
      us;35;loads;[32,40)[72,96)[128,136);stores;[80,88)
      us;41;loads;[0,8);stores;
      us;43;loads;[0,4);stores;
      us;44;loads;;stores;[0,8)
      us;45;loads;;stores;[0,8)
      us;51;loads;[0,4);stores;
      us;52;loads;[0,4);stores;
      <-;section;inner_loop_gauss;;;;449
    us;42;loads;[0,4);stores;
    us;43;loads;[0,4);stores;
    us;50;loads;[0,4);stores;
    us;51;loads;[0,4);stores;[0,4)
    us;52;loads;[0,4);stores;[0,4)
      ->;section;inner_loop_gauss;;;;483
      us;35;loads;[56,64)[96,120)[152,160);stores;[104,112)
      us;41;loads;[0,8);stores;
      us;43;loads;[0,4);stores;
      us;44;loads;;stores;[0,8)
      us;45;loads;;stores;[0,8)
      us;51;loads;[0,4);stores;
      us;52;loads;[0,4);stores;
      <-;section;inner_loop_gauss;;;;558
    us;43;loads;[0,4);stores;
    us;52;loads;[0,4);stores;[0,4)
      ->;section;inner_loop_gauss;;;;568
      us;35;loads;[64,72)[104,128)[160,168);stores;[112,120)
      us;41;loads;[0,8);stores;
      us;43;loads;[0,4);stores;
      us;44;loads;;stores;[0,8)
      us;45;loads;;stores;[0,8)
      us;51;loads;[0,4);stores;
      us;52;loads;[0,4);stores;
      <-;section;inner_loop_gauss;;;;643
    us;43;loads;[0,4);stores;
    us;52;loads;[0,4);stores;[0,4)
      ->;section;inner_loop_gauss;;;;653
      us;35;loads;[72,80)[112,136)[168,176);stores;[120,128)
      us;41;loads;[0,8);stores;
      us;43;loads;[0,4);stores;
      us;44;loads;;stores;[0,8)
      us;45;loads;;stores;[0,8)
      us;51;loads;[0,4);stores;
      us;52;loads;[0,4);stores;
      <-;section;inner_loop_gauss;;;;728
    us;43;loads;[0,4);stores;
    us;52;loads;[0,4);stores;[0,4)
      ->;section;inner_loop_gauss;;;;738
      us;35;loads;[80,88)[120,144)[176,184);stores;[128,136)
      us;41;loads;[0,8);stores;
      us;43;loads;[0,4);stores;
      us;44;loads;;stores;[0,8)
      us;45;loads;;stores;[0,8)
      us;51;loads;[0,4);stores;
      us;52;loads;[0,4);stores;
      <-;section;inner_loop_gauss;;;;813
    us;42;loads;[0,4);stores;
    us;43;loads;[0,4);stores;
    us;50;loads;[0,4);stores;
    us;51;loads;[0,4);stores;[0,4)
    us;52;loads;[0,4);stores;[0,4)
      ->;section;inner_loop_gauss;;;;847
      us;35;loads;[104,112)[144,168)[200,208);stores;[152,160)
      us;41;loads;[0,8);stores;
      us;43;loads;[0,4);stores;
      us;44;loads;;stores;[0,8)
      us;45;loads;;stores;[0,8)
      us;51;loads;[0,4);stores;
      us;52;loads;[0,4);stores;
      <-;section;inner_loop_gauss;;;;922
    us;43;loads;[0,4);stores;
    us;52;loads;[0,4);stores;[0,4)
      ->;section;inner_loop_gauss;;;;932
      us;35;loads;[112,120)[152,176)[208,216);stores;[160,168)
      us;41;loads;[0,8);stores;
      us;43;loads;[0,4);stores;
      us;44;loads;;stores;[0,8)
      us;45;loads;;stores;[0,8)
      us;51;loads;[0,4);stores;
      us;52;loads;[0,4);stores;
      <-;section;inner_loop_gauss;;;;1007
    us;43;loads;[0,4);stores;
    us;52;loads;[0,4);stores;[0,4)
      ->;section;inner_loop_gauss;;;;1017
      us;35;loads;[120,128)[160,184)[216,224);stores;[168,176)
      us;41;loads;[0,8);stores;
      us;43;loads;[0,4);stores;
      us;44;loads;;stores;[0,8)
      us;45;loads;;stores;[0,8)
      us;51;loads;[0,4);stores;
      us;52;loads;[0,4);stores;
      <-;section;inner_loop_gauss;;;;1092
    us;43;loads;[0,4);stores;
    us;52;loads;[0,4);stores;[0,4)
      ->;section;inner_loop_gauss;;;;1102
      us;35;loads;[128,136)[168,192)[224,232);stores;[176,184)
      us;41;loads;[0,8);stores;
      us;43;loads;[0,4);stores;
      us;44;loads;;stores;[0,8)
      us;45;loads;;stores;[0,8)
      us;51;loads;[0,4);stores;
      us;52;loads;[0,4);stores;
      <-;section;inner_loop_gauss;;;;1177
    us;42;loads;[0,4);stores;
    us;43;loads;[0,4);stores;
    us;50;loads;[0,4);stores;
    us;51;loads;[0,4);stores;[0,4)
    us;52;loads;[0,4);stores;[0,4)
      ->;section;inner_loop_gauss;;;;1211
      us;35;loads;[152,160)[192,216)[248,256);stores;[200,208)
      us;41;loads;[0,8);stores;
      us;43;loads;[0,4);stores;
      us;44;loads;;stores;[0,8)
      us;45;loads;;stores;[0,8)
      us;51;loads;[0,4);stores;
      us;52;loads;[0,4);stores;
      <-;section;inner_loop_gauss;;;;1286
    us;43;loads;[0,4);stores;
    us;52;loads;[0,4);stores;[0,4)
      ->;section;inner_loop_gauss;;;;1296
      us;35;loads;[160,168)[200,224)[256,264);stores;[208,216)
      us;41;loads;[0,8);stores;
      us;43;loads;[0,4);stores;
      us;44;loads;;stores;[0,8)
      us;45;loads;;stores;[0,8)
      us;51;loads;[0,4);stores;
      us;52;loads;[0,4);stores;
      <-;section;inner_loop_gauss;;;;1371
    us;43;loads;[0,4);stores;
    us;52;loads;[0,4);stores;[0,4)
      ->;section;inner_loop_gauss;;;;1381
      us;35;loads;[168,176)[208,232)[264,272);stores;[216,224)
      us;41;loads;[0,8);stores;
      us;43;loads;[0,4);stores;
      us;44;loads;;stores;[0,8)
      us;45;loads;;stores;[0,8)
      us;51;loads;[0,4);stores;
      us;52;loads;[0,4);stores;
      <-;section;inner_loop_gauss;;;;1456
    us;43;loads;[0,4);stores;
    us;52;loads;[0,4);stores;[0,4)
      ->;section;inner_loop_gauss;;;;1466
      us;35;loads;[176,184)[216,240)[272,280);stores;[224,232)
      us;41;loads;[0,8);stores;
      us;43;loads;[0,4);stores;
      us;44;loads;;stores;[0,8)
      us;45;loads;;stores;[0,8)
      us;51;loads;[0,4);stores;
      us;52;loads;[0,4);stores;
      <-;section;inner_loop_gauss;;;;1541
    us;13;loads;;stores;[0,8)
    us;40;loads;;stores;[0,8)
    us;42;loads;[0,4);stores;
    us;43;loads;[0,4);stores;
    us;46;loads;[0,8);stores;
    us;47;loads;[0,4);stores;
    us;48;loads;[0,4);stores;[0,4)
    us;50;loads;[0,4);stores;
    us;51;loads;[0,4);stores;[0,4)
    us;52;loads;[0,4);stores;[0,4)
    dl;41;[0x7ffed93e2238,+8);stack;u;-|
    dl;42;[0x7ffed93e2234,+4);stack;sizex;-|
    dl;43;[0x7ffed93e2230,+4);stack;sizey;-|
    dl;44;[0x7ffed93e2228,+8);stack;unew;-|
    dl;45;[0x7ffed93e2220,+8);stack;diff;-|
    dl;46;[0x7ffed93e2218,+8);stack;sum;-|
    dl;47;[0x7ffed93e2214,+4);stack;howmany;-|
    dl;48;[0x7ffed93e2210,+4);stack;blockid;-|
    dl;49;[0x7ffed93e220c,+4);stack;i_start;-|
    dl;50;[0x7ffed93e2208,+4);stack;i_end;-|
    dl;51;[0x7ffed93e2204,+4);stack;i;-|
    dl;52;[0x7ffed93e2200,+4);stack;j;-|
    dl;40;[0x00000000,+8);register;__tareadorNamerelax_gauss_retVal;-|
    <-;section;relax_gauss;;;;1585
  us;5;loads;[0,4);stores;[0,4)
  us;9;loads;[0,4)[8,12);stores;
  us;13;loads;[0,8);stores;
    ->;section;relax_gauss;;;;1605
    nw;53;[0x00000000,+8);register;__tareadorNamerelax_gauss_retVal;-|
    nw;54;[0x7ffed93e2238,+8);stack;u;-|
    nw;55;[0x7ffed93e2234,+4);stack;sizex;-|
    nw;56;[0x7ffed93e2230,+4);stack;sizey;-|
    nw;57;[0x7ffed93e2228,+8);stack;unew;-|
    nw;58;[0x7ffed93e2220,+8);stack;diff;-|
    nw;59;[0x7ffed93e2218,+8);stack;sum;-|
    nw;60;[0x7ffed93e2214,+4);stack;howmany;-|
    nw;61;[0x7ffed93e2210,+4);stack;blockid;-|
    nw;62;[0x7ffed93e220c,+4);stack;i_start;-|
    nw;63;[0x7ffed93e2208,+4);stack;i_end;-|
    nw;64;[0x7ffed93e2204,+4);stack;i;-|
    nw;65;[0x7ffed93e2200,+4);stack;j;-|
    us;9;loads;[16,24);stores;
    us;10;loads;[0,4);stores;
    us;54;loads;;stores;[0,8)
    us;55;loads;;stores;[0,4)
    us;56;loads;;stores;[0,4)
    us;59;loads;;stores;[0,8)
    us;60;loads;;stores;[0,4)
    us;61;loads;;stores;[0,4)
    us;62;loads;;stores;[0,4)
    us;63;loads;;stores;[0,4)
    us;64;loads;;stores;[0,4)
    us;65;loads;;stores;[0,4)
      ->;section;inner_loop_gauss;;;;1702
      us;35;loads;[8,16)[48,72)[104,112);stores;[56,64)
      us;54;loads;[0,8);stores;
      us;56;loads;[0,4);stores;
      us;57;loads;;stores;[0,8)
      us;58;loads;;stores;[0,8)
      us;64;loads;[0,4);stores;
      us;65;loads;[0,4);stores;
      <-;section;inner_loop_gauss;;;;1777
    us;56;loads;[0,4);stores;
    us;65;loads;[0,4);stores;[0,4)
      ->;section;inner_loop_gauss;;;;1787
      us;35;loads;[16,24)[56,80)[112,120);stores;[64,72)
      us;54;loads;[0,8);stores;
      us;56;loads;[0,4);stores;
      us;57;loads;;stores;[0,8)
      us;58;loads;;stores;[0,8)
      us;64;loads;[0,4);stores;
      us;65;loads;[0,4);stores;
      <-;section;inner_loop_gauss;;;;1862
    us;56;loads;[0,4);stores;
    us;65;loads;[0,4);stores;[0,4)
      ->;section;inner_loop_gauss;;;;1872
      us;35;loads;[24,32)[64,88)[120,128);stores;[72,80)
      us;54;loads;[0,8);stores;
      us;56;loads;[0,4);stores;
      us;57;loads;;stores;[0,8)
      us;58;loads;;stores;[0,8)
      us;64;loads;[0,4);stores;
      us;65;loads;[0,4);stores;
      <-;section;inner_loop_gauss;;;;1947
    us;56;loads;[0,4);stores;
    us;65;loads;[0,4);stores;[0,4)
      ->;section;inner_loop_gauss;;;;1957
      us;35;loads;[32,40)[72,96)[128,136);stores;[80,88)
      us;54;loads;[0,8);stores;
      us;56;loads;[0,4);stores;
      us;57;loads;;stores;[0,8)
      us;58;loads;;stores;[0,8)
      us;64;loads;[0,4);stores;
      us;65;loads;[0,4);stores;
      <-;section;inner_loop_gauss;;;;2032
    us;55;loads;[0,4);stores;
    us;56;loads;[0,4);stores;
    us;63;loads;[0,4);stores;
    us;64;loads;[0,4);stores;[0,4)
    us;65;loads;[0,4);stores;[0,4)
      ->;section;inner_loop_gauss;;;;2066
      us;35;loads;[56,64)[96,120)[152,160);stores;[104,112)
      us;54;loads;[0,8);stores;
      us;56;loads;[0,4);stores;
      us;57;loads;;stores;[0,8)
      us;58;loads;;stores;[0,8)
      us;64;loads;[0,4);stores;
      us;65;loads;[0,4);stores;
      <-;section;inner_loop_gauss;;;;2141
    us;56;loads;[0,4);stores;
    us;65;loads;[0,4);stores;[0,4)
      ->;section;inner_loop_gauss;;;;2151
      us;35;loads;[64,72)[104,128)[160,168);stores;[112,120)
      us;54;loads;[0,8);stores;
      us;56;loads;[0,4);stores;
      us;57;loads;;stores;[0,8)
      us;58;loads;;stores;[0,8)
      us;64;loads;[0,4);stores;
      us;65;loads;[0,4);stores;
      <-;section;inner_loop_gauss;;;;2226
    us;56;loads;[0,4);stores;
    us;65;loads;[0,4);stores;[0,4)
      ->;section;inner_loop_gauss;;;;2236
      us;35;loads;[72,80)[112,136)[168,176);stores;[120,128)
      us;54;loads;[0,8);stores;
      us;56;loads;[0,4);stores;
      us;57;loads;;stores;[0,8)
      us;58;loads;;stores;[0,8)
      us;64;loads;[0,4);stores;
      us;65;loads;[0,4);stores;
      <-;section;inner_loop_gauss;;;;2311
    us;56;loads;[0,4);stores;
    us;65;loads;[0,4);stores;[0,4)
      ->;section;inner_loop_gauss;;;;2321
      us;35;loads;[80,88)[120,144)[176,184);stores;[128,136)
      us;54;loads;[0,8);stores;
      us;56;loads;[0,4);stores;
      us;57;loads;;stores;[0,8)
      us;58;loads;;stores;[0,8)
      us;64;loads;[0,4);stores;
      us;65;loads;[0,4);stores;
      <-;section;inner_loop_gauss;;;;2396
    us;55;loads;[0,4);stores;
    us;56;loads;[0,4);stores;
    us;63;loads;[0,4);stores;
    us;64;loads;[0,4);stores;[0,4)
    us;65;loads;[0,4);stores;[0,4)
      ->;section;inner_loop_gauss;;;;2430
      us;35;loads;[104,112)[144,168)[200,208);stores;[152,160)
      us;54;loads;[0,8);stores;
      us;56;loads;[0,4);stores;
      us;57;loads;;stores;[0,8)
      us;58;loads;;stores;[0,8)
      us;64;loads;[0,4);stores;
      us;65;loads;[0,4);stores;
      <-;section;inner_loop_gauss;;;;2505
    us;56;loads;[0,4);stores;
    us;65;loads;[0,4);stores;[0,4)
      ->;section;inner_loop_gauss;;;;2515
      us;35;loads;[112,120)[152,176)[208,216);stores;[160,168)
      us;54;loads;[0,8);stores;
      us;56;loads;[0,4);stores;
      us;57;loads;;stores;[0,8)
      us;58;loads;;stores;[0,8)
      us;64;loads;[0,4);stores;
      us;65;loads;[0,4);stores;
      <-;section;inner_loop_gauss;;;;2590
    us;56;loads;[0,4);stores;
    us;65;loads;[0,4);stores;[0,4)
      ->;section;inner_loop_gauss;;;;2600
      us;35;loads;[120,128)[160,184)[216,224);stores;[168,176)
      us;54;loads;[0,8);stores;
      us;56;loads;[0,4);stores;
      us;57;loads;;stores;[0,8)
      us;58;loads;;stores;[0,8)
      us;64;loads;[0,4);stores;
      us;65;loads;[0,4);stores;
      <-;section;inner_loop_gauss;;;;2675
    us;56;loads;[0,4);stores;
    us;65;loads;[0,4);stores;[0,4)
      ->;section;inner_loop_gauss;;;;2685
      us;35;loads;[128,136)[168,192)[224,232);stores;[176,184)
      us;54;loads;[0,8);stores;
      us;56;loads;[0,4);stores;
      us;57;loads;;stores;[0,8)
      us;58;loads;;stores;[0,8)
      us;64;loads;[0,4);stores;
      us;65;loads;[0,4);stores;
      <-;section;inner_loop_gauss;;;;2760
    us;55;loads;[0,4);stores;
    us;56;loads;[0,4);stores;
    us;63;loads;[0,4);stores;
    us;64;loads;[0,4);stores;[0,4)
    us;65;loads;[0,4);stores;[0,4)
      ->;section;inner_loop_gauss;;;;2794
      us;35;loads;[152,160)[192,216)[248,256);stores;[200,208)
      us;54;loads;[0,8);stores;
      us;56;loads;[0,4);stores;
      us;57;loads;;stores;[0,8)
      us;58;loads;;stores;[0,8)
      us;64;loads;[0,4);stores;
      us;65;loads;[0,4);stores;
      <-;section;inner_loop_gauss;;;;2869
    us;56;loads;[0,4);stores;
    us;65;loads;[0,4);stores;[0,4)
      ->;section;inner_loop_gauss;;;;2879
      us;35;loads;[160,168)[200,224)[256,264);stores;[208,216)
      us;54;loads;[0,8);stores;
      us;56;loads;[0,4);stores;
      us;57;loads;;stores;[0,8)
      us;58;loads;;stores;[0,8)
      us;64;loads;[0,4);stores;
      us;65;loads;[0,4);stores;
      <-;section;inner_loop_gauss;;;;2954
    us;56;loads;[0,4);stores;
    us;65;loads;[0,4);stores;[0,4)
      ->;section;inner_loop_gauss;;;;2964
      us;35;loads;[168,176)[208,232)[264,272);stores;[216,224)
      us;54;loads;[0,8);stores;
      us;56;loads;[0,4);stores;
      us;57;loads;;stores;[0,8)
      us;58;loads;;stores;[0,8)
      us;64;loads;[0,4);stores;
      us;65;loads;[0,4);stores;
      <-;section;inner_loop_gauss;;;;3039
    us;56;loads;[0,4);stores;
    us;65;loads;[0,4);stores;[0,4)
      ->;section;inner_loop_gauss;;;;3049
      us;35;loads;[176,184)[216,240)[272,280);stores;[224,232)
      us;54;loads;[0,8);stores;
      us;56;loads;[0,4);stores;
      us;57;loads;;stores;[0,8)
      us;58;loads;;stores;[0,8)
      us;64;loads;[0,4);stores;
      us;65;loads;[0,4);stores;
      <-;section;inner_loop_gauss;;;;3124
    us;13;loads;;stores;[0,8)
    us;53;loads;;stores;[0,8)
    us;55;loads;[0,4);stores;
    us;56;loads;[0,4);stores;
    us;59;loads;[0,8);stores;
    us;60;loads;[0,4);stores;
    us;61;loads;[0,4);stores;[0,4)
    us;63;loads;[0,4);stores;
    us;64;loads;[0,4);stores;[0,4)
    us;65;loads;[0,4);stores;[0,4)
    dl;54;[0x7ffed93e2238,+8);stack;u;-|
    dl;55;[0x7ffed93e2234,+4);stack;sizex;-|
    dl;56;[0x7ffed93e2230,+4);stack;sizey;-|
    dl;57;[0x7ffed93e2228,+8);stack;unew;-|
    dl;58;[0x7ffed93e2220,+8);stack;diff;-|
    dl;59;[0x7ffed93e2218,+8);stack;sum;-|
    dl;60;[0x7ffed93e2214,+4);stack;howmany;-|
    dl;61;[0x7ffed93e2210,+4);stack;blockid;-|
    dl;62;[0x7ffed93e220c,+4);stack;i_start;-|
    dl;63;[0x7ffed93e2208,+4);stack;i_end;-|
    dl;64;[0x7ffed93e2204,+4);stack;i;-|
    dl;65;[0x7ffed93e2200,+4);stack;j;-|
    dl;53;[0x00000000,+8);register;__tareadorNamerelax_gauss_retVal;-|
    <-;section;relax_gauss;;;;3168
  us;5;loads;[0,4);stores;[0,4)
  us;9;loads;[0,8);stores;
  us;11;loads;[0,8);stores;[0,8)
  us;12;loads;;stores;[0,8)
  us;13;loads;[0,8);stores;
  <-;section;Tareador_Main;;;;3212
dl;35;[0xc006a0,+288);heap;uncast(llvm_internal);;main;initialize;/scratch/nas/1/par2312/labs/lab5/misc.c;37;-|
dl;36;[0xc38f70,+288);heap;uncast(llvm_internal);;main;initialize;/scratch/nas/1/par2312/labs/lab5/misc.c;38;-|
dl;37;[0xc39160,+288);heap;uncast(llvm_internal);;main;initialize;/scratch/nas/1/par2312/labs/lab5/misc.c;39;-|
dl;2;[0x7ffed93e240c,+4);stack;unknown_name;-|
dl;3;[0x7ffed93e2408,+4);stack;argc;-|
dl;4;[0x7ffed93e2400,+8);stack;argv;-|
dl;5;[0x7ffed93e23fc,+4);stack;iter;-|
dl;6;[0x7ffed93e23f0,+8);stack;infile;-|
dl;7;[0x7ffed93e23e8,+8);stack;resfile;-|
dl;8;[0x7ffed93e23e0,+8);stack;resfilename;-|
dl;9;[0x7ffed93e23a8,+56);stack;param;-|
dl;10;[0x7ffed93e23a4,+4);stack;np;-|
dl;11;[0x7ffed93e2398,+8);stack;runtime;-|
dl;12;[0x7ffed93e2390,+8);stack;flop;-|
dl;13;[0x7ffed93e2388,+8);stack;residual;-|
<-;section;tareador_instrumented_section;;;;3212
