-> Simulator configuration to be read .tareador_gui_intermediate/cut_ODZhOWI3/D_N2UzMWU1//simulations/MN_8cores.cfg
-> Loading default random values
-> Loading scheduler configuration from file scheduling.cfg
   * Scheduling policy selected SS_MPI_CP
   * Machine 0. Policy: SS_MPI_CP
   * Loading default communications configuration
-> Loding initial memory status
-> Loding initial semaphores status
-> Loading default file sytem configuration
..10%..   ..20%..   ..30%..   ..40%..   ..50%..   ..60%..   ..70%..   ..80%..   ..90%..   ..100%..   

10.000000000: END SIMULATION

**** Application 0 (.tareador_gui_intermediate/cut_ODZhOWI3/D_N2UzMWU1/dim.dim) ****

**** Total Statistics ****

Execution time:	0.013536000
Speedup:	0.00 
CPU Time:	0.000016000

 Id.	Computation	%time	Communication
  0	0.000016000	0.12	0.013520000

 Id.	Mess.sent	Bytes sent	Immediate recv	Waiting recv	Bytes recv	Coll.op.	Block time	Comm. time	Wait link time	Wait buses time	I/O time
  0	3.000000e+00	3.000000e+00	0.000000e+00	1.000000e+00	1.000000e+00	0.000000e+00	0.000000000	0.000000000	0.000000000	0.000000000	0.000000000
------------------------------------------------------------------------------------------------------------------------------------------------------------------------------------
Total	3.000000e+00	3.000000e+00	0.000000e+00	1.000000e+00	1.000000e+00	0.000000e+00	0.000000e+00	0.000000e+00	0.000000e+00	0.000000e+00	0.000000e+00	
Average	3.000000e+00	3.000000e+00	0.000000e+00	1.000000e+00	1.000000e+00	0.000000e+00	0.000000e+00	0.000000e+00	0.000000e+00	0.000000e+00	0.000000e+00	
Maximum	3.000000e+00	3.000000e+00	0.000000e+00	1.000000e+00	1.000000e+00	0.000000e+00	0.000000e+00	0.000000e+00	0.000000e+00	0.000000e+00	0.000000e+00	
Minimum	3.000000e+00	3.000000e+00	0.000000e+00	1.000000e+00	1.000000e+00	0.000000e+00	0.000000e+00	0.000000e+00	0.000000e+00	0.000000e+00	0.000000e+00	
Stdev	0.000000e+00	0.000000e+00	0.000000e+00	0.000000e+00	0.000000e+00	0.000000e+00	0.000000e+00	0.000000e+00	0.000000e+00	0.000000e+00	0.000000e+00	

Output Paraver trace ".tareador_gui_intermediate/cut_ODZhOWI3/D_N2UzMWU1//simulations/prv_8cores.prv" generated

