	MAIN_TAREADOR	start_plan_forward	init_complex_grid	init_complex_grid_loop_k	ffts1_planes	ffts1_planes_loop_k	transpose_xy_planes	transpose_xy_planes_loop_k	ffts1_planes_2	transpose_zx_planes	transpose_zx_planes_loop_k	ffts1_planes_3	transpose_zx_planes_2	transpose_xy_planes_2	
THREAD 1.1.1	108000.00	0.00	0.00	0.00	0.00	0.00	0.00	0.00	0.00	0.00	0.00	0.00	0.00	0.00	
THREAD 1.1.2	0.00	14000.00	0.00	0.00	0.00	0.00	0.00	0.00	0.00	0.00	0.00	0.00	0.00	0.00	
THREAD 1.1.3	0.00	0.00	92000.00	0.00	0.00	0.00	0.00	0.00	0.00	0.00	0.00	0.00	0.00	0.00	
THREAD 1.1.4	0.00	0.00	0.00	5435000.00	0.00	0.00	0.00	0.00	0.00	0.00	0.00	0.00	0.00	0.00	
THREAD 1.1.5	0.00	0.00	0.00	5435000.00	0.00	0.00	0.00	0.00	0.00	0.00	0.00	0.00	0.00	0.00	
THREAD 1.1.6	0.00	0.00	0.00	5435000.00	0.00	0.00	0.00	0.00	0.00	0.00	0.00	0.00	0.00	0.00	
THREAD 1.1.7	0.00	0.00	0.00	5435000.00	0.00	0.00	0.00	0.00	0.00	0.00	0.00	0.00	0.00	0.00	
THREAD 1.1.8	0.00	0.00	0.00	5435000.00	0.00	0.00	0.00	0.00	0.00	0.00	0.00	0.00	0.00	0.00	
THREAD 1.1.9	0.00	0.00	0.00	5435000.00	0.00	0.00	0.00	0.00	0.00	0.00	0.00	0.00	0.00	0.00	
THREAD 1.1.10	0.00	0.00	0.00	5435000.00	0.00	0.00	0.00	0.00	0.00	0.00	0.00	0.00	0.00	0.00	
THREAD 1.1.11	0.00	0.00	0.00	5435000.00	0.00	0.00	0.00	0.00	0.00	0.00	0.00	0.00	0.00	0.00	
THREAD 1.1.12	0.00	0.00	0.00	5435000.00	0.00	0.00	0.00	0.00	0.00	0.00	0.00	0.00	0.00	0.00	
THREAD 1.1.13	0.00	0.00	0.00	5435000.00	0.00	0.00	0.00	0.00	0.00	0.00	0.00	0.00	0.00	0.00	
THREAD 1.1.14	0.00	0.00	0.00	0.00	94000.00	0.00	0.00	0.00	0.00	0.00	0.00	0.00	0.00	0.00	
THREAD 1.1.15	0.00	0.00	0.00	0.00	0.00	10305000.00	0.00	0.00	0.00	0.00	0.00	0.00	0.00	0.00	
THREAD 1.1.16	0.00	0.00	0.00	0.00	0.00	10305000.00	0.00	0.00	0.00	0.00	0.00	0.00	0.00	0.00	
THREAD 1.1.17	0.00	0.00	0.00	0.00	0.00	10305000.00	0.00	0.00	0.00	0.00	0.00	0.00	0.00	0.00	
THREAD 1.1.18	0.00	0.00	0.00	0.00	0.00	10305000.00	0.00	0.00	0.00	0.00	0.00	0.00	0.00	0.00	
THREAD 1.1.19	0.00	0.00	0.00	0.00	0.00	10305000.00	0.00	0.00	0.00	0.00	0.00	0.00	0.00	0.00	
THREAD 1.1.20	0.00	0.00	0.00	0.00	0.00	10305000.00	0.00	0.00	0.00	0.00	0.00	0.00	0.00	0.00	
THREAD 1.1.21	0.00	0.00	0.00	0.00	0.00	10305000.00	0.00	0.00	0.00	0.00	0.00	0.00	0.00	0.00	
THREAD 1.1.22	0.00	0.00	0.00	0.00	0.00	10305000.00	0.00	0.00	0.00	0.00	0.00	0.00	0.00	0.00	
THREAD 1.1.23	0.00	0.00	0.00	0.00	0.00	10305000.00	0.00	0.00	0.00	0.00	0.00	0.00	0.00	0.00	
THREAD 1.1.24	0.00	0.00	0.00	0.00	0.00	10305000.00	0.00	0.00	0.00	0.00	0.00	0.00	0.00	0.00	
THREAD 1.1.25	0.00	0.00	0.00	0.00	0.00	0.00	94000.00	0.00	0.00	0.00	0.00	0.00	0.00	0.00	
THREAD 1.1.26	0.00	0.00	0.00	0.00	0.00	0.00	0.00	5735000.00	0.00	0.00	0.00	0.00	0.00	0.00	
THREAD 1.1.27	0.00	0.00	0.00	0.00	0.00	0.00	0.00	5735000.00	0.00	0.00	0.00	0.00	0.00	0.00	
THREAD 1.1.28	0.00	0.00	0.00	0.00	0.00	0.00	0.00	5735000.00	0.00	0.00	0.00	0.00	0.00	0.00	
THREAD 1.1.29	0.00	0.00	0.00	0.00	0.00	0.00	0.00	5735000.00	0.00	0.00	0.00	0.00	0.00	0.00	
THREAD 1.1.30	0.00	0.00	0.00	0.00	0.00	0.00	0.00	5735000.00	0.00	0.00	0.00	0.00	0.00	0.00	
THREAD 1.1.31	0.00	0.00	0.00	0.00	0.00	0.00	0.00	5735000.00	0.00	0.00	0.00	0.00	0.00	0.00	
THREAD 1.1.32	0.00	0.00	0.00	0.00	0.00	0.00	0.00	5735000.00	0.00	0.00	0.00	0.00	0.00	0.00	
THREAD 1.1.33	0.00	0.00	0.00	0.00	0.00	0.00	0.00	5735000.00	0.00	0.00	0.00	0.00	0.00	0.00	
THREAD 1.1.34	0.00	0.00	0.00	0.00	0.00	0.00	0.00	5735000.00	0.00	0.00	0.00	0.00	0.00	0.00	
THREAD 1.1.35	0.00	0.00	0.00	0.00	0.00	0.00	0.00	5735000.00	0.00	0.00	0.00	0.00	0.00	0.00	
THREAD 1.1.36	0.00	0.00	0.00	0.00	0.00	0.00	0.00	0.00	94000.00	0.00	0.00	0.00	0.00	0.00	
THREAD 1.1.37	0.00	0.00	0.00	0.00	0.00	10305000.00	0.00	0.00	0.00	0.00	0.00	0.00	0.00	0.00	
THREAD 1.1.38	0.00	0.00	0.00	0.00	0.00	10305000.00	0.00	0.00	0.00	0.00	0.00	0.00	0.00	0.00	
THREAD 1.1.39	0.00	0.00	0.00	0.00	0.00	10305000.00	0.00	0.00	0.00	0.00	0.00	0.00	0.00	0.00	
THREAD 1.1.40	0.00	0.00	0.00	0.00	0.00	10305000.00	0.00	0.00	0.00	0.00	0.00	0.00	0.00	0.00	
THREAD 1.1.41	0.00	0.00	0.00	0.00	0.00	10305000.00	0.00	0.00	0.00	0.00	0.00	0.00	0.00	0.00	
THREAD 1.1.42	0.00	0.00	0.00	0.00	0.00	10305000.00	0.00	0.00	0.00	0.00	0.00	0.00	0.00	0.00	
THREAD 1.1.43	0.00	0.00	0.00	0.00	0.00	10305000.00	0.00	0.00	0.00	0.00	0.00	0.00	0.00	0.00	
THREAD 1.1.44	0.00	0.00	0.00	0.00	0.00	10305000.00	0.00	0.00	0.00	0.00	0.00	0.00	0.00	0.00	
THREAD 1.1.45	0.00	0.00	0.00	0.00	0.00	10305000.00	0.00	0.00	0.00	0.00	0.00	0.00	0.00	0.00	
THREAD 1.1.46	0.00	0.00	0.00	0.00	0.00	10305000.00	0.00	0.00	0.00	0.00	0.00	0.00	0.00	0.00	
THREAD 1.1.47	0.00	0.00	0.00	0.00	0.00	0.00	0.00	0.00	0.00	94000.00	0.00	0.00	0.00	0.00	
THREAD 1.1.48	0.00	0.00	0.00	0.00	0.00	0.00	0.00	0.00	0.00	0.00	5735000.00	0.00	0.00	0.00	
THREAD 1.1.49	0.00	0.00	0.00	0.00	0.00	0.00	0.00	0.00	0.00	0.00	5735000.00	0.00	0.00	0.00	
THREAD 1.1.50	0.00	0.00	0.00	0.00	0.00	0.00	0.00	0.00	0.00	0.00	5735000.00	0.00	0.00	0.00	
THREAD 1.1.51	0.00	0.00	0.00	0.00	0.00	0.00	0.00	0.00	0.00	0.00	5735000.00	0.00	0.00	0.00	
THREAD 1.1.52	0.00	0.00	0.00	0.00	0.00	0.00	0.00	0.00	0.00	0.00	5735000.00	0.00	0.00	0.00	
THREAD 1.1.53	0.00	0.00	0.00	0.00	0.00	0.00	0.00	0.00	0.00	0.00	5735000.00	0.00	0.00	0.00	
THREAD 1.1.54	0.00	0.00	0.00	0.00	0.00	0.00	0.00	0.00	0.00	0.00	5735000.00	0.00	0.00	0.00	
THREAD 1.1.55	0.00	0.00	0.00	0.00	0.00	0.00	0.00	0.00	0.00	0.00	5735000.00	0.00	0.00	0.00	
THREAD 1.1.56	0.00	0.00	0.00	0.00	0.00	0.00	0.00	0.00	0.00	0.00	5735000.00	0.00	0.00	0.00	
THREAD 1.1.57	0.00	0.00	0.00	0.00	0.00	0.00	0.00	0.00	0.00	0.00	5735000.00	0.00	0.00	0.00	
THREAD 1.1.58	0.00	0.00	0.00	0.00	0.00	0.00	0.00	0.00	0.00	0.00	0.00	94000.00	0.00	0.00	
THREAD 1.1.59	0.00	0.00	0.00	0.00	0.00	10305000.00	0.00	0.00	0.00	0.00	0.00	0.00	0.00	0.00	
THREAD 1.1.60	0.00	0.00	0.00	0.00	0.00	10305000.00	0.00	0.00	0.00	0.00	0.00	0.00	0.00	0.00	
THREAD 1.1.61	0.00	0.00	0.00	0.00	0.00	10305000.00	0.00	0.00	0.00	0.00	0.00	0.00	0.00	0.00	
THREAD 1.1.62	0.00	0.00	0.00	0.00	0.00	10305000.00	0.00	0.00	0.00	0.00	0.00	0.00	0.00	0.00	
THREAD 1.1.63	0.00	0.00	0.00	0.00	0.00	10305000.00	0.00	0.00	0.00	0.00	0.00	0.00	0.00	0.00	
THREAD 1.1.64	0.00	0.00	0.00	0.00	0.00	10305000.00	0.00	0.00	0.00	0.00	0.00	0.00	0.00	0.00	
THREAD 1.1.65	0.00	0.00	0.00	0.00	0.00	10305000.00	0.00	0.00	0.00	0.00	0.00	0.00	0.00	0.00	
THREAD 1.1.66	0.00	0.00	0.00	0.00	0.00	10305000.00	0.00	0.00	0.00	0.00	0.00	0.00	0.00	0.00	
THREAD 1.1.67	0.00	0.00	0.00	0.00	0.00	10305000.00	0.00	0.00	0.00	0.00	0.00	0.00	0.00	0.00	
THREAD 1.1.68	0.00	0.00	0.00	0.00	0.00	10305000.00	0.00	0.00	0.00	0.00	0.00	0.00	0.00	0.00	
THREAD 1.1.69	0.00	0.00	0.00	0.00	0.00	0.00	0.00	0.00	0.00	0.00	0.00	0.00	94000.00	0.00	
THREAD 1.1.70	0.00	0.00	0.00	0.00	0.00	0.00	0.00	0.00	0.00	0.00	5735000.00	0.00	0.00	0.00	
THREAD 1.1.71	0.00	0.00	0.00	0.00	0.00	0.00	0.00	0.00	0.00	0.00	5735000.00	0.00	0.00	0.00	
THREAD 1.1.72	0.00	0.00	0.00	0.00	0.00	0.00	0.00	0.00	0.00	0.00	5735000.00	0.00	0.00	0.00	
THREAD 1.1.73	0.00	0.00	0.00	0.00	0.00	0.00	0.00	0.00	0.00	0.00	5735000.00	0.00	0.00	0.00	
THREAD 1.1.74	0.00	0.00	0.00	0.00	0.00	0.00	0.00	0.00	0.00	0.00	5735000.00	0.00	0.00	0.00	
THREAD 1.1.75	0.00	0.00	0.00	0.00	0.00	0.00	0.00	0.00	0.00	0.00	5735000.00	0.00	0.00	0.00	
THREAD 1.1.76	0.00	0.00	0.00	0.00	0.00	0.00	0.00	0.00	0.00	0.00	5735000.00	0.00	0.00	0.00	
THREAD 1.1.77	0.00	0.00	0.00	0.00	0.00	0.00	0.00	0.00	0.00	0.00	5735000.00	0.00	0.00	0.00	
THREAD 1.1.78	0.00	0.00	0.00	0.00	0.00	0.00	0.00	0.00	0.00	0.00	5735000.00	0.00	0.00	0.00	
THREAD 1.1.79	0.00	0.00	0.00	0.00	0.00	0.00	0.00	0.00	0.00	0.00	5735000.00	0.00	0.00	0.00	
THREAD 1.1.80	0.00	0.00	0.00	0.00	0.00	0.00	0.00	0.00	0.00	0.00	0.00	0.00	0.00	94000.00	
THREAD 1.1.81	0.00	0.00	0.00	0.00	0.00	0.00	0.00	5735000.00	0.00	0.00	0.00	0.00	0.00	0.00	
THREAD 1.1.82	0.00	0.00	0.00	0.00	0.00	0.00	0.00	5735000.00	0.00	0.00	0.00	0.00	0.00	0.00	
THREAD 1.1.83	0.00	0.00	0.00	0.00	0.00	0.00	0.00	5735000.00	0.00	0.00	0.00	0.00	0.00	0.00	
THREAD 1.1.84	0.00	0.00	0.00	0.00	0.00	0.00	0.00	5735000.00	0.00	0.00	0.00	0.00	0.00	0.00	
THREAD 1.1.85	0.00	0.00	0.00	0.00	0.00	0.00	0.00	5735000.00	0.00	0.00	0.00	0.00	0.00	0.00	
THREAD 1.1.86	0.00	0.00	0.00	0.00	0.00	0.00	0.00	5735000.00	0.00	0.00	0.00	0.00	0.00	0.00	
THREAD 1.1.87	0.00	0.00	0.00	0.00	0.00	0.00	0.00	5735000.00	0.00	0.00	0.00	0.00	0.00	0.00	
THREAD 1.1.88	0.00	0.00	0.00	0.00	0.00	0.00	0.00	5735000.00	0.00	0.00	0.00	0.00	0.00	0.00	
THREAD 1.1.89	0.00	0.00	0.00	0.00	0.00	0.00	0.00	5735000.00	0.00	0.00	0.00	0.00	0.00	0.00	
THREAD 1.1.90	0.00	0.00	0.00	0.00	0.00	0.00	0.00	5735000.00	0.00	0.00	0.00	0.00	0.00	0.00	

Total	108000.00	14000.00	92000.00	54350000.00	94000.00	309150000.00	94000.00	114700000.00	94000.00	94000.00	114700000.00	94000.00	94000.00	94000.00	
Average	108000.00	14000.00	92000.00	5435000.00	94000.00	10305000.00	94000.00	5735000.00	94000.00	94000.00	5735000.00	94000.00	94000.00	94000.00	
Maximum	108000.00	14000.00	92000.00	5435000.00	94000.00	10305000.00	94000.00	5735000.00	94000.00	94000.00	5735000.00	94000.00	94000.00	94000.00	
Minimum	108000.00	14000.00	92000.00	5435000.00	94000.00	10305000.00	94000.00	5735000.00	94000.00	94000.00	5735000.00	94000.00	94000.00	94000.00	
Stdev	0.00	0.00	0.00	0.00	0.00	0.00	0.00	0.00	0.00	0.00	0.00	0.00	0.00	0.00	
Avg/Max	1.00	1.00	1.00	1.00	1.00	1.00	1.00	1.00	1.00	1.00	1.00	1.00	1.00	1.00	

